=== SETTING UP BENCH SWITCHES AT 2018-08-29-1700 ===
+opam update --check benches
[WARNING] Running as root is not recommended

<><> Updating package repositories ><><><><><><><><><><><><><><><><><><><><><><>
[benches] synchronised from git+https://github.com/kayceesrk/ocamlbench-repo#multicore
+opam list --no-switch --has-flag compiler --repo=benches --all-versions --short
[WARNING] Running as root is not recommended
++Compilers++
ocaml-variants.4.06.1+multicore
+opam switch list -s
[WARNING] Running as root is not recommended
+opam pin add ocaml-variants 4.06.1+multicore --switch 4.06.1+multicore+bench --yes --no-action
[WARNING] Running as root is not recommended
[NOTE] Pinning unchanged
ocaml-variants is now pinned to version 4.06.1+multicore
+opam switch set-base ocaml-variants --switch 4.06.1+multicore+bench --yes
[WARNING] Running as root is not recommended
+opam pin add ocaml-variants 4.06.1+multicore+cas-promotion --switch 4.06.1+multicore+cas-promotion+bench --yes --no-action
[WARNING] Running as root is not recommended
[NOTE] Pinning unchanged
ocaml-variants is now pinned to version 4.06.1+multicore+cas-promotion
+opam switch set-base ocaml-variants --switch 4.06.1+multicore+cas-promotion+bench --yes
[WARNING] Running as root is not recommended
+opam pin add ocaml-variants 4.06.1+multicore+xchg-writes --switch 4.06.1+multicore+xchg-writes+bench --yes --no-action
[WARNING] Running as root is not recommended
[NOTE] Pinning unchanged
ocaml-variants is now pinned to version 4.06.1+multicore+xchg-writes
+opam switch set-base ocaml-variants --switch 4.06.1+multicore+xchg-writes+bench --yes
[WARNING] Running as root is not recommended
+opam pin add ocaml-variants 4.06.1+trunk --switch 4.06.1+trunk+bench --yes --no-action
[WARNING] Running as root is not recommended
[NOTE] Pinning unchanged
ocaml-variants is now pinned to version 4.06.1+trunk
+opam switch set-base ocaml-variants --switch 4.06.1+trunk+bench --yes
[WARNING] Running as root is not recommended
+opam switch list -s
[WARNING] Running as root is not recommended
+opam remote add multicore https://github.com/ocamllabs/multicore-opam.git#bench --on-switches=4.06.1+multicore+bench,4.06.1+multicore+cas-promotion+bench,4.06.1+multicore+xchg-writes+bench
[WARNING] Running as root is not recommended
[multicore] synchronised from git+https://github.com/ocamllabs/multicore-opam.git#bench
[NOTE] Repository at git+https://github.com/ocamllabs/multicore-opam.git#bench doesn't define its version, assuming it's 1.2.

<><> Upgrading repositories from older opam format ><><><><><><><><><><><><><><>
Upgrading repository "multicore"...
Updated /root/.opam/repo/multicore/packages/camlpdf/camlpdf.2.2.1+multicore/opam

=== UPGRADING operf-macro at 2018-08-29-1700 ===
+opam update --check --switch operf
[WARNING] Running as root is not recommended

<><> Updating package repositories ><><><><><><><><><><><><><><><><><><><><><><>
[benches] no changes from git+https://github.com/kayceesrk/ocamlbench-repo#multicore
[default] no changes from https://opam.ocaml.org/2.0

<><> Synchronising development packages <><><><><><><><><><><><><><><><><><><><>
[nbcodec.1.0] no changes from git://github.com/dbuenzli/nbcodec
[operf-macro.0.2] no changes from git://github.com/OCamlPro/operf-macro#opam2
[frama-c.20170501] no changes from git+https://github.com/kayceesrk/Frama-C-snapshot
[perf.0.1] no changes from git://github.com/kayceesrk/ocaml-perf
+opam upgrade --check --yes operf-macro --switch operf --json /root/logs/operf/2018-08-29-1700/operf.json
[WARNING] Running as root is not recommended

<><> Synchronising pinned packages ><><><><><><><><><><><><><><><><><><><><><><>
[operf-macro.0.2] no changes from git://github.com/OCamlPro/operf-macro#opam2

+opam list --required-by all-bench --short --column name
[WARNING] Running as root is not recommended
++Benches++
almabench-bench
+opam list --no-switch --short --column name *-bench
[WARNING] Running as root is not recommended
++All Benches++

+opam update --check --dev --switch 4.06.1+multicore+bench
[WARNING] Running as root is not recommended

<><> Synchronising development packages <><><><><><><><><><><><><><><><><><><><>
[almabench-bench.1.0] no changes from git+https://github.com/AltGr/ocaml-benchs
[bdd-bench.1.0] no changes from git+https://github.com/AltGr/ocaml-benchs
[frama-c.20170501] no changes from git+https://github.com/kayceesrk/Frama-C-snapshot
[kb-bench.1.0] no changes from git+https://github.com/AltGr/ocaml-benchs
[nbcodec.1.0] no changes from git://github.com/dbuenzli/nbcodec
[lexifi-g2pp-bench.1.0] no changes from git+https://github.com/AltGr/ocaml-benchs
[ocaml-variants.4.06.1+multicore] no changes from git://github.com/ocamllabs/ocaml-multicore
[sequence-bench.1.0] no changes from git+https://github.com/AltGr/ocaml-benchs
+opam update --check --dev --switch 4.06.1+multicore+cas-promotion+bench
[WARNING] Running as root is not recommended

<><> Synchronising development packages <><><><><><><><><><><><><><><><><><><><>
[almabench-bench.1.0] no changes from git+https://github.com/AltGr/ocaml-benchs
[kb-bench.1.0] no changes from git+https://github.com/AltGr/ocaml-benchs
[bdd-bench.1.0] no changes from git+https://github.com/AltGr/ocaml-benchs
[nbcodec.1.0] no changes from git://github.com/dbuenzli/nbcodec
[ocaml-variants.4.06.1+multicore+cas-promotion] no changes from git://github.com/ocamllabs/ocaml-multicore#cas-promotion
[lexifi-g2pp-bench.1.0] no changes from git+https://github.com/AltGr/ocaml-benchs
[sequence-bench.1.0] no changes from git+https://github.com/AltGr/ocaml-benchs
+opam update --check --dev --switch 4.06.1+multicore+xchg-writes+bench
[WARNING] Running as root is not recommended

<><> Synchronising development packages <><><><><><><><><><><><><><><><><><><><>
[bdd-bench.1.0] no changes from git+https://github.com/AltGr/ocaml-benchs
[almabench-bench.1.0] no changes from git+https://github.com/AltGr/ocaml-benchs
[kb-bench.1.0] no changes from git+https://github.com/AltGr/ocaml-benchs
[nbcodec.1.0] no changes from git://github.com/dbuenzli/nbcodec
[ocaml-variants.4.06.1+multicore+xchg-writes] no changes from git://github.com/ocamllabs/ocaml-multicore#xchg-write
[lexifi-g2pp-bench.1.0] no changes from git+https://github.com/AltGr/ocaml-benchs
[sequence-bench.1.0] no changes from git+https://github.com/AltGr/ocaml-benchs
+opam update --check --dev --switch 4.06.1+trunk+bench
[WARNING] Running as root is not recommended

<><> Synchronising development packages <><><><><><><><><><><><><><><><><><><><>
[almabench-bench.1.0] no changes from git+https://github.com/AltGr/ocaml-benchs
[bdd-bench.1.0] no changes from git+https://github.com/AltGr/ocaml-benchs
[frama-c.20170501] no changes from git+https://github.com/kayceesrk/Frama-C-snapshot
[nbcodec.1.0] no changes from git://github.com/dbuenzli/nbcodec
[lexifi-g2pp-bench.1.0] no changes from git+https://github.com/AltGr/ocaml-benchs
[kb-bench.1.0] no changes from git+https://github.com/AltGr/ocaml-benchs
[sequence-bench.1.0] no changes from git+https://github.com/AltGr/ocaml-benchs
[sauvola-bench.1.0] no changes from git+https://github.com/AltGr/ocaml-benchs
[ocaml-variants.4.06.1+trunk] no changes from git://github.com/ocaml/ocaml#81dc8e8

=== UPGRADING SWITCH 4.06.1+multicore+bench ==
+opam remove --yes --switch 4.06.1+multicore+bench
[WARNING] Running as root is not recommended
Nothing to do.
+opam list --base --short --switch 4.06.1+multicore+bench
[WARNING] Running as root is not recommended
+opam upgrade --all almabench-bench async-echo-bench async-rpc-bench bdd-bench chameneos-bench cohttp-bench compcert-bench coq-bench core-micro-bench core-sequence-bench cpdf-bench frama-c-bench js_of_ocaml-bench jsonm-bench kb-bench lexifi-g2pp-bench menhir-bench minilight-bench nbcodec-bench numerical-analysis-bench patdiff-bench sauvola-bench sequence-bench thread-bench valet-bench yojson-bench --best-effort --yes --switch 4.06.1+multicore+bench --json /root/logs/operf/2018-08-29-1700/4.06.1+multicore+bench.json
[WARNING] Running as root is not recommended
async-echo-bench, async-rpc-bench, chameneos-bench, cohttp-bench, compcert-bench, coq-bench, core-micro-bench, core-sequence-bench, frama-c-bench, js_of_ocaml-bench, nbcodec-bench, patdiff-bench, sauvola-bench, thread-bench, valet-bench and yojson-bench are not installed. Install them? [Y/n] y
The following actions will be performed:
  ∗ install   conf-libpcre               1         [required by pcre]
  ∗ install   spawn                      v0.12.0   [required by core]
  ↻ recompile nbcodec                    1.0       [upstream changes]
  ∗ install   yojson-bench               1.0
  ∗ install   camlimages                 5.0.1     [required by sauvola-bench]
  ∗ install   ocaml-migrate-parsetree    1.0.11    [required by core_bench, async, patdiff]
  ∗ install   zarith                     1.7       [required by frama-c]
  ∗ install   lwt                        4.1.0     [required by cohttp-bench, chameneos-bench, thread-bench]                              For the PPX, please install package lwt_ppx
                                                                                                                                          For Lwt_log and Lwt_daemon, please install package lwt_log
  ∗ install   pcre                       7.3.4     [required by patdiff]
  ∗ install   nbcodec-bench              1.0
  ∗ install   sauvola-bench              1.0
  ∗ install   ppxlib                     0.3.0     [required by core]
  ∗ install   frama-c                    20170501* [required by frama-c-bench]                                                            Why3 can be used by the WP plug-in for running additional automatic solvers
                                                                                                                                          Coq can be used with the WP plug-in for proving interactively proof obligations
  ∗ install   variantslib                v0.11.0   [required by core_kernel]
  ∗ install   ppx_typerep_conv           v0.11.1   [required by ppx_jane]
  ∗ install   ppx_sexp_conv              v0.11.2   [required by cohttp]
  ∗ install   ppx_pipebang               v0.11.0   [required by ppx_jane]
  ∗ install   ppx_optional               v0.11.0   [required by ppx_jane]
  ∗ install   ppx_optcomp                v0.11.0   [required by ppx_jane]
  ∗ install   ppx_let                    v0.11.0   [required by ppx_jane]
  ∗ install   ppx_js_style               v0.11.0   [required by ppx_base]
  ∗ install   ppx_inline_test            v0.11.0   [required by core_kernel]
  ∗ install   ppx_here                   v0.11.0   [required by ppx_assert, ppx_jane]
  ∗ install   ppx_enumerate              v0.11.1   [required by ppx_base]
  ∗ install   ppx_compare                v0.11.1   [required by ppx_assert, bin_prot, ppx_base]
  ∗ install   fieldslib                  v0.11.0   [required by cohttp]
  ∗ install   frama-c-bench              1.0
  ∗ install   ppx_variants_conv          v0.11.1   [required by bin_prot, ppx_jane]
  ∗ install   uri                        1.9.7     [required by cohttp]
  ∗ install   ppx_custom_printf          v0.11.0   [required by bin_prot, ppx_jane]
  ∗ install   ppx_bench                  v0.11.0   [required by ppx_jane]
  ∗ install   ppx_sexp_value             v0.11.0   [required by ppx_jane]
  ∗ install   ppx_sexp_message           v0.11.0   [required by core_kernel]
  ∗ install   ppx_fail                   v0.11.0   [required by ppx_jane]
  ∗ install   ppx_hash                   v0.11.1   [required by core_kernel]
  ∗ install   ppx_assert                 v0.11.0   [required by core_kernel, core]
  ∗ install   ppx_fields_conv            v0.11.0   [required by cohttp]
  ∗ install   ppx_base                   v0.11.0   [required by core_kernel, sexp_pretty]
  ∗ install   ppx_expect                 v0.11.0   [required by ppx_jane]
  ∗ install   cohttp                     1.0.0     [required by cohttp-bench]
  ∗ install   bin_prot                   v0.11.0   [required by core_extended]
  ∗ install   sexp_pretty                v0.11.0   [required by expect_test_helpers]
  ∗ install   ppx_bin_prot               v0.11.1   [required by ppx_jane]
  ∗ install   ppx_jane                   v0.11.0   [required by core_bench, async, patdiff]
  ∗ install   splittable_random          v0.11.0   [required by core_kernel]
  ∗ install   core_kernel                v0.11.1   [required by core_extended, patience_diff]
  ∗ install   textutils_kernel           v0.11.0   [required by textutils]
  ∗ install   re2                        v0.11.0   [required by patdiff]
  ∗ install   protocol_version_header    v0.11.0   [required by async_rpc_kernel]
  ∗ install   patience_diff              v0.11.0   [required by patdiff]
  ∗ install   expect_test_helpers_kernel v0.11.0   [required by expect_test_helpers]
  ∗ install   core                       v0.11.2   [required by core-micro-bench, async-echo-bench, async-rpc-bench, core-sequence-bench]
  ∗ install   async_kernel               v0.11.1   [required by async]
  ∗ install   textutils                  v0.11.0   [required by core_bench]
  ∗ install   core-sequence-bench        1.0
  ∗ install   async_unix                 v0.11.0   [required by async]
  ∗ install   async_rpc_kernel           v0.11.0   [required by async_extra]
  ∗ install   core_extended              v0.11.0   [required by core_bench, patdiff]
  ∗ install   async_extra                v0.11.1   [required by async]
  ∗ install   core_bench                 v0.11.0   [required by core-micro-bench]
  ∗ install   async                      v0.11.0   [required by cohttp-bench, async-rpc-bench, async-echo-bench, etc.]
  ∗ install   core-micro-bench           1.0
  ∗ install   thread-bench               1.0
  ∗ install   expect_test_helpers        v0.11.0   [required by patdiff]
  ∗ install   cohttp-bench               1.0
  ∗ install   chameneos-bench            1.0
  ∗ install   async-rpc-bench            1.0
  ∗ install   async-echo-bench           1.0
  ∗ install   patdiff                    v0.11.0   [required by patdiff-bench]
  ∗ install   patdiff-bench              1.0
===== ∗ 69   ↻ 1 =====

<><> Gathering sources ><><><><><><><><><><><><><><><><><><><><><><><><><><><><>
[async.v0.11.0] found in cache
[async_extra.v0.11.1] found in cache
[async_kernel.v0.11.1] found in cache
[async_rpc_kernel.v0.11.0] found in cache
[async_unix.v0.11.0] found in cache
[bin_prot.v0.11.0] found in cache
[camlimages.5.0.1] found in cache
[async-echo-bench.1.0] synchronised from git+https://github.com/AltGr/ocaml-benchs
[cohttp.1.0.0] found in cache
[async-rpc-bench.1.0] synchronised from git+https://github.com/AltGr/ocaml-benchs
[core.v0.11.2] found in cache
[chameneos-bench.1.0] synchronised from git+https://github.com/AltGr/ocaml-benchs
[core_bench.v0.11.0] found in cache
[core_extended.v0.11.0] found in cache
[core_kernel.v0.11.1] found in cache
[expect_test_helpers.v0.11.0] found in cache
[expect_test_helpers_kernel.v0.11.0] found in cache
[fieldslib.v0.11.0] found in cache
[lwt.4.1.0] found in cache
[cohttp-bench.1.0] synchronised from git+https://github.com/AltGr/ocaml-benchs
[ocaml-migrate-parsetree.1.0.11] found in cache
[patdiff.v0.11.0] found in cache
[core-micro-bench.1.0] synchronised from git+https://github.com/AltGr/ocaml-benchs
[patience_diff.v0.11.0] found in cache
[pcre.7.3.4] found in cache
[ppx_assert.v0.11.0] found in cache
[ppx_base.v0.11.0] found in cache
[ppx_bench.v0.11.0] found in cache
[ppx_bin_prot.v0.11.1] found in cache
[ppx_compare.v0.11.1] found in cache
[ppx_custom_printf.v0.11.0] found in cache
[nbcodec.1.0] no changes from git://github.com/dbuenzli/nbcodec
[ppx_enumerate.v0.11.1] found in cache
[ppx_expect.v0.11.0] found in cache
[ppx_fail.v0.11.0] found in cache
[ppx_fields_conv.v0.11.0] found in cache
[ppx_hash.v0.11.1] found in cache
[ppx_here.v0.11.0] found in cache
[ppx_inline_test.v0.11.0] found in cache
[ppx_jane.v0.11.0] found in cache
[ppx_js_style.v0.11.0] found in cache
[ppx_let.v0.11.0] found in cache
[ppx_optcomp.v0.11.0] found in cache
[ppx_optional.v0.11.0] found in cache
[ppx_pipebang.v0.11.0] found in cache
[ppx_sexp_conv.v0.11.2] found in cache
[ppx_sexp_message.v0.11.0] found in cache
[ppx_sexp_value.v0.11.0] found in cache
[ppx_typerep_conv.v0.11.1] found in cache
[ppx_variants_conv.v0.11.1] found in cache
[ppxlib.0.3.0] found in cache
[protocol_version_header.v0.11.0] found in cache
[re2.v0.11.0] found in cache
[sexp_pretty.v0.11.0] found in cache
[spawn.v0.12.0] found in cache
[splittable_random.v0.11.0] found in cache
[textutils.v0.11.0] found in cache
[textutils_kernel.v0.11.0] found in cache
[uri.1.9.7] found in cache
[variantslib.v0.11.0] found in cache
[sauvola-bench.1.0] synchronised from git+https://github.com/AltGr/ocaml-benchs
[zarith.1.7] found in cache
[thread-bench.1.0] synchronised from git+https://github.com/AltGr/ocaml-benchs
[yojson-bench.1.0] synchronised from git+https://github.com/AltGr/ocaml-benchs

<><> Processing actions <><><><><><><><><><><><><><><><><><><><><><><><><><><><>
[ERROR] The compilation of conf-libpcre failed at "/root/.opam/opam-init/hooks/sandbox.sh build pkg-config libpcre".
[ERROR] The compilation of spawn failed at "/root/.opam/opam-init/hooks/sandbox.sh build jbuilder build -p spawn -j 7".
[ERROR] The compilation of yojson-bench failed at "/root/.opam/opam-init/hooks/sandbox.sh build make -C yojson".
⊘ removed   nbcodec.1.0
∗ installed nbcodec.1.0
∗ installed nbcodec-bench.1.0
[ERROR] The compilation of camlimages failed at "/root/.opam/opam-init/hooks/sandbox.sh build jbuilder build -p camlimages -j 7".
[ERROR] The compilation of zarith failed at "/root/.opam/opam-init/hooks/sandbox.sh build make".
[ERROR] The compilation of ocaml-migrate-parsetree failed at "/root/.opam/opam-init/hooks/sandbox.sh build jbuilder build -p ocaml-migrate-parsetree -j 7".
[ERROR] The compilation of lwt failed at "/root/.opam/opam-init/hooks/sandbox.sh build jbuilder build -p lwt -j 7".

#=== ERROR while compiling zarith.1.7 =========================================#
# context              2.0.0 | linux/x86_64 |  | https://opam.ocaml.org/2.0#324066cc
# path                 ~/.opam/4.06.1+multicore+bench/.opam-switch/build/zarith.1.7
# command              ~/.opam/opam-init/hooks/sandbox.sh build make
# exit-code            2
# env-file             ~/.opam/log/zarith-7091-396524.env
# output-file          ~/.opam/log/zarith-7091-396524.out
### output ###
# caml_z.c:1857:14: error: lvalue required as left operand of assignment
# [...]
#               ^
# caml_z.c:1858:14: error: lvalue required as left operand of assignment
#    Field(p,1) = s;
#               ^
# caml_z.c: At top level:
# caml_z.c:2995:3: warning: initialization from incompatible pointer type [-Wincompatible-pointer-types]
#    ml_z_custom_deserialize,
#    ^~~~~~~~~~~~~~~~~~~~~~~
# caml_z.c:2995:3: note: (near initialization for ‘ml_z_custom_ops.deserialize’)
# project.mak:129: recipe for target 'caml_z.o' failed
# make: *** [caml_z.o] Error 2


#=== ERROR while compiling yojson-bench.1.0 ===================================#
# context              2.0.0 | linux/x86_64 |  | git+https://github.com/kayceesrk/ocamlbench-repo#multicore
# path                 ~/.opam/4.06.1+multicore+bench/.opam-switch/build/yojson-bench.1.0
# command              ~/.opam/opam-init/hooks/sandbox.sh build make -C yojson
# exit-code            2
# env-file             ~/.opam/log/yojson-bench-7091-87c889.env
# output-file          ~/.opam/log/yojson-bench-7091-87c889.out
### output ###
# make: Entering directory '/root/.opam/4.06.1+multicore+bench/.opam-switch/build/yojson-bench.1.0/yojson'
# ocamlfind ocamlopt -I `ocamlfind query yojson` -o ydump_bench -package easy-format,biniou -linkpkg yojson.cmx yojson_biniou.cmx ydump.ml
# gcc: error: /root/.opam/4.06.1+multicore+bench/lib/yojson/yojson_biniou.o: No such file or directory
# gcc: error: /root/.opam/4.06.1+multicore+bench/lib/yojson/yojson.o: No such file or directory
# File "caml_startup", line 1:
# Error: Error during linking
# Makefile:6: recipe for target 'all' failed
# make: *** [all] Error 2
# make: Leaving directory '/root/.opam/4.06.1+multicore+bench/.opam-switch/build/yojson-bench.1.0/yojson'


#=== ERROR while compiling spawn.v0.12.0 ======================================#
# context              2.0.0 | linux/x86_64 |  | https://opam.ocaml.org/2.0#324066cc
# path                 ~/.opam/4.06.1+multicore+bench/.opam-switch/build/spawn.v0.12.0
# command              ~/.opam/opam-init/hooks/sandbox.sh build jbuilder build -p spawn -j 7
# exit-code            1
# env-file             ~/.opam/log/spawn-7091-e01753.env
# output-file          ~/.opam/log/spawn-7091-e01753.out
### output ###
# [...]
# (cd _build/default/src && /root/.opam/4.06.1+multicore+bench/bin/ocamlc.opt -g -I /root/.opam/4.06.1+multicore+bench/lib/ocaml/threads -ccopt -g -o spawn_stubs.o spawn_stubs.c)
# spawn_stubs.c: In function ‘spawn_pipe’:
# spawn_stubs.c:88:17: error: lvalue required as left operand of assignment
#    Field(res, 0) = Val_int(fd[0]);
#                  ^
# spawn_stubs.c:89:17: error: lvalue required as left operand of assignment
#    Field(res, 1) = Val_int(fd[1]);
#                  ^
# spawn_stubs.c: In function ‘subprocess_failure’:
# spawn_stubs.c:158:3: warning: ignoring return value of ‘write’, declared with attribute warn_unused_result [-Wunused-result]
#    write(failure_fd, &failure, sizeof(failure));
#    ^~~~~~~~~~~~~~~~~~~~~~~~~~~~~~~~~~~~~~~~~~~~


#=== ERROR while compiling ocaml-migrate-parsetree.1.0.11 =====================#
# context              2.0.0 | linux/x86_64 |  | https://opam.ocaml.org/2.0#324066cc
# path                 ~/.opam/4.06.1+multicore+bench/.opam-switch/build/ocaml-migrate-parsetree.1.0.11
# command              ~/.opam/opam-init/hooks/sandbox.sh build jbuilder build -p ocaml-migrate-parsetree -j 7
# exit-code            1
# env-file             ~/.opam/log/ocaml-migrate-parsetree-7091-aa1d2f.env
# output-file          ~/.opam/log/ocaml-migrate-parsetree-7091-aa1d2f.out
### output ###
#       ocamlc src/.migrate_parsetree.objs/ast_406.{cmi,cmo,cmt} (exit 2)
# (cd _build/default && /root/.opam/4.06.1+multicore+bench/bin/ocamlc.opt -w -40 -open Result -g -bin-annot -I src/.migrate_parsetree.objs -I /root/.opam/4.06.1+multicore+bench/lib/ocaml/compiler-libs -I /root/.opam/4.06.1+multicore+bench/lib/result -no-alias-deps -o src/.migrate_parsetree.objs/ast_406.cmo -c -impl src/ast_406.pp.ml)
# File "src/ast_406.ml", line 237, characters 2-1773:
# Error: This variant or record definition does not match that of type
#          Parsetree.pattern_desc
#        Fields number 17 have different names, Ppat_effect and Ppat_extension.


#=== ERROR while compiling lwt.4.1.0 ==========================================#
# context              2.0.0 | linux/x86_64 |  | https://opam.ocaml.org/2.0#324066cc
# path                 ~/.opam/4.06.1+multicore+bench/.opam-switch/build/lwt.4.1.0
# command              ~/.opam/opam-init/hooks/sandbox.sh build jbuilder build -p lwt -j 7
# exit-code            1
# env-file             ~/.opam/log/lwt-7091-a219e7.env
# output-file          ~/.opam/log/lwt-7091-a219e7.out
### output ###
# unix_tcsetattr_job.c:55:27: error: lvalue required as unary ‘&’ operand
# [...]
# (cd _build/default/src/unix && /root/.opam/4.06.1+multicore+bench/bin/ocamlc.opt -g -I /root/.opam/4.06.1+multicore+bench/lib/bytes -I /root/.opam/4.06.1+multicore+bench/lib/ocaml/threads -I /root/.opam/4.06.1+multicore+bench/lib/result -I ../core -ccopt -I. -o unix_wait4.o unix_wait4.c)
# unix_wait4.c: In function ‘alloc_process_status’:
# unix_wait4.c:48:22: error: lvalue required as left operand of assignment
#          Field(st, 0) = Val_int(WEXITSTATUS(status));
#                       ^
# unix_wait4.c:51:22: error: lvalue required as left operand of assignment
#          Field(st, 0) =
#                       ^
# unix_wait4.c:55:22: error: lvalue required as left operand of assignment
#          Field(st, 0) =
#                       ^


#=== ERROR while compiling conf-libpcre.1 =====================================#
# context              2.0.0 | linux/x86_64 |  | https://opam.ocaml.org/2.0#324066cc
# path                 ~/.opam/4.06.1+multicore+bench/.opam-switch/build/conf-libpcre.1
# command              ~/.opam/opam-init/hooks/sandbox.sh build pkg-config libpcre
# exit-code            1
# env-file             ~/.opam/log/conf-libpcre-7091-b9c9f1.env
# output-file          ~/.opam/log/conf-libpcre-7091-b9c9f1.out


#=== ERROR while compiling camlimages.5.0.1 ===================================#
# context              2.0.0 | linux/x86_64 |  | https://opam.ocaml.org/2.0#324066cc
# path                 ~/.opam/4.06.1+multicore+bench/.opam-switch/build/camlimages.5.0.1
# command              ~/.opam/opam-init/hooks/sandbox.sh build jbuilder build -p camlimages -j 7
# exit-code            1
# env-file             ~/.opam/log/camlimages-7091-83ba5a.env
# output-file          ~/.opam/log/camlimages-7091-83ba5a.out
### output ###
# [...]
# [2016-09] this element comes from the stdlib distributed with OCaml.
# Instead of raising [Not_found], consider using [raise_s] with an informative error
# message.  If code needs to distinguish [Not_found] from other exceptions, please change
# it to handle both [Not_found] and [Not_found_s].  Then, instead of raising [Not_found],
# raise [Not_found_s] with an informative error message.
#     ocamlopt config/ciconfig.exe (exit 2)
# (cd _build/default && /root/.opam/4.06.1+multicore+bench/bin/ocamlopt.opt -w -40 -w -6 -g -o config/ciconfig.exe -I /root/.opam/4.06.1+multicore+bench/lib/base -I /root/.opam/4.06.1+multicore+bench/lib/base/caml -I /root/.opam/4.06.1+multicore+bench/lib/base/shadow_stdlib -I /root/.opam/4.06.1+multicore+bench/lib/configurator -I /root/.opam/4.06.1+multicore+bench/lib/findlib -I /root/.opam/4.[...]
# /root/.opam/4.06.1+multicore+bench/lib/base/libbase_stubs.a(exn_stubs.o): In function `Base_clear_caml_backtrace_pos':
# /root/.opam/4.06.1+multicore+bench/.opam-switch/build/base.v0.11.1/_build/default/src/exn_stubs.c:6: undefined reference to `caml_backtrace_pos'
# collect2: error: ld returned 1 exit status
# File "caml_startup", line 1:
# Error: Error during linking



<><> Error report <><><><><><><><><><><><><><><><><><><><><><><><><><><><><><><>
┌─ The following actions failed
│ λ build camlimages              5.0.1
│ λ build conf-libpcre            1
│ λ build lwt                     4.1.0
│ λ build ocaml-migrate-parsetree 1.0.11
│ λ build spawn                   v0.12.0
│ λ build yojson-bench            1.0
│ λ build zarith                  1.7
└─ 
┌─ The following changes have been performed (the rest was aborted)
│ ↻ recompile nbcodec       1.0
│ ∗ install   nbcodec-bench 1.0
└─ 

The packages you requested declare the following system dependencies. Please make sure they are installed before retrying:
    libpcre3-dev

# Run eval $(opam env) to update the current shell environment

The former state can be restored with:
    /usr/local/bin/opam switch import "/root/.opam/4.06.1+multicore+bench/.opam-switch/backup/state-20180829170023.export"

=== UPGRADING SWITCH 4.06.1+multicore+cas-promotion+bench ==
+opam remove --yes --switch 4.06.1+multicore+cas-promotion+bench
[WARNING] Running as root is not recommended
Nothing to do.
+opam list --base --short --switch 4.06.1+multicore+cas-promotion+bench
[WARNING] Running as root is not recommended
+opam upgrade --all almabench-bench async-echo-bench async-rpc-bench bdd-bench chameneos-bench cohttp-bench compcert-bench coq-bench core-micro-bench core-sequence-bench cpdf-bench frama-c-bench js_of_ocaml-bench jsonm-bench kb-bench lexifi-g2pp-bench menhir-bench minilight-bench nbcodec-bench numerical-analysis-bench patdiff-bench sauvola-bench sequence-bench thread-bench valet-bench yojson-bench --best-effort --yes --switch 4.06.1+multicore+cas-promotion+bench --json /root/logs/operf/2018-08-29-1700/4.06.1+multicore+cas-promotion+bench.json
[WARNING] Running as root is not recommended
async-echo-bench, async-rpc-bench, chameneos-bench, cohttp-bench, compcert-bench, coq-bench, core-micro-bench, core-sequence-bench, frama-c-bench, js_of_ocaml-bench, nbcodec-bench, patdiff-bench, sauvola-bench, thread-bench, valet-bench and yojson-bench are not installed. Install them? [Y/n] y
The following actions will be performed:
  ∗ install   conf-libpcre               1        [required by pcre]
  ∗ install   spawn                      v0.12.0  [required by core]
  ↻ recompile nbcodec                    1.0      [upstream changes]
  ∗ install   yojson-bench               1.0
  ∗ install   conf-gtksourceview         2        [required by frama-c]
  ∗ install   ocaml-migrate-parsetree    1.0.11   [required by core_bench, async, patdiff]
  ∗ install   camlzip                    1.07     [required by alt-ergo]
  ∗ install   zarith                     1.7      [required by frama-c]
  ∗ install   lwt                        4.1.0    [required by cohttp-bench, chameneos-bench, thread-bench]                              For the PPX, please install package lwt_ppx
                                                                                                                                         For Lwt_log and Lwt_daemon, please install package lwt_log
  ∗ install   conf-gnomecanvas           2        [required by frama-c]
  ∗ install   pcre                       7.3.4    [required by patdiff]
  ∗ install   nbcodec-bench              1.0
  ∗ install   ppxlib                     0.3.0    [required by core]
  ∗ install   lablgtk                    2.18.6   [required by frama-c, camlimages]
  ∗ install   variantslib                v0.11.0  [required by core_kernel]
  ∗ install   ppx_typerep_conv           v0.11.1  [required by ppx_jane]
  ∗ install   ppx_sexp_conv              v0.11.2  [required by cohttp]
  ∗ install   ppx_pipebang               v0.11.0  [required by ppx_jane]
  ∗ install   ppx_optional               v0.11.0  [required by ppx_jane]
  ∗ install   ppx_optcomp                v0.11.0  [required by ppx_jane]
  ∗ install   ppx_let                    v0.11.0  [required by ppx_jane]
  ∗ install   ppx_js_style               v0.11.0  [required by ppx_base]
  ∗ install   ppx_inline_test            v0.11.0  [required by core_kernel]
  ∗ install   ppx_here                   v0.11.0  [required by ppx_assert, ppx_jane]
  ∗ install   ppx_enumerate              v0.11.1  [required by ppx_base]
  ∗ install   ppx_compare                v0.11.1  [required by ppx_assert, bin_prot, ppx_base]
  ∗ install   fieldslib                  v0.11.0  [required by cohttp]
  ∗ install   ocamlgraph                 1.8.8    [required by frama-c]
  ∗ install   camlimages                 5.0.1    [required by sauvola-bench]
  ∗ install   alt-ergo                   2.2.0    [required by frama-c]
  ∗ install   ppx_variants_conv          v0.11.1  [required by bin_prot, ppx_jane]
  ∗ install   uri                        1.9.7    [required by cohttp]
  ∗ install   ppx_custom_printf          v0.11.0  [required by bin_prot, ppx_jane]
  ∗ install   ppx_bench                  v0.11.0  [required by ppx_jane]
  ∗ install   ppx_sexp_value             v0.11.0  [required by ppx_jane]
  ∗ install   ppx_sexp_message           v0.11.0  [required by core_kernel]
  ∗ install   ppx_fail                   v0.11.0  [required by ppx_jane]
  ∗ install   ppx_hash                   v0.11.1  [required by core_kernel]
  ∗ install   ppx_assert                 v0.11.0  [required by core_kernel, core]
  ∗ install   ppx_fields_conv            v0.11.0  [required by cohttp]
  ∗ install   sauvola-bench              1.0
  ∗ install   frama-c                    20180502 [required by frama-c-bench]                                                            Why3 can be used by the WP plug-in for running additional automatic solvers
                                                                                                                                         Coq can be used with the WP plug-in for proving interactively proof obligations
                                                                                                                                         Alt-Ergo Graphical Interface can be used by the WP plug-in
  ∗ install   ppx_base                   v0.11.0  [required by core_kernel, sexp_pretty]
  ∗ install   ppx_expect                 v0.11.0  [required by ppx_jane]
  ∗ install   cohttp                     1.0.0    [required by cohttp-bench]
  ∗ install   bin_prot                   v0.11.0  [required by core_extended]
  ∗ install   frama-c-bench              1.0
  ∗ install   sexp_pretty                v0.11.0  [required by expect_test_helpers]
  ∗ install   ppx_bin_prot               v0.11.1  [required by ppx_jane]
  ∗ install   ppx_jane                   v0.11.0  [required by core_bench, async, patdiff]
  ∗ install   splittable_random          v0.11.0  [required by core_kernel]
  ∗ install   core_kernel                v0.11.1  [required by core_extended, patience_diff]
  ∗ install   textutils_kernel           v0.11.0  [required by textutils]
  ∗ install   re2                        v0.11.0  [required by patdiff]
  ∗ install   protocol_version_header    v0.11.0  [required by async_rpc_kernel]
  ∗ install   patience_diff              v0.11.0  [required by patdiff]
  ∗ install   expect_test_helpers_kernel v0.11.0  [required by expect_test_helpers]
  ∗ install   core                       v0.11.2  [required by core-micro-bench, async-echo-bench, async-rpc-bench, core-sequence-bench]
  ∗ install   async_kernel               v0.11.1  [required by async]
  ∗ install   textutils                  v0.11.0  [required by core_bench]
  ∗ install   core-sequence-bench        1.0
  ∗ install   async_unix                 v0.11.0  [required by async]
  ∗ install   async_rpc_kernel           v0.11.0  [required by async_extra]
  ∗ install   core_extended              v0.11.0  [required by core_bench, patdiff]
  ∗ install   async_extra                v0.11.1  [required by async]
  ∗ install   core_bench                 v0.11.0  [required by core-micro-bench]
  ∗ install   async                      v0.11.0  [required by cohttp-bench, async-rpc-bench, async-echo-bench, etc.]
  ∗ install   core-micro-bench           1.0
  ∗ install   thread-bench               1.0
  ∗ install   expect_test_helpers        v0.11.0  [required by patdiff]
  ∗ install   cohttp-bench               1.0
  ∗ install   chameneos-bench            1.0
  ∗ install   async-rpc-bench            1.0
  ∗ install   async-echo-bench           1.0
  ∗ install   patdiff                    v0.11.0  [required by patdiff-bench]
  ∗ install   patdiff-bench              1.0
===== ∗ 75   ↻ 1 =====

<><> Gathering sources ><><><><><><><><><><><><><><><><><><><><><><><><><><><><>
[alt-ergo.2.2.0] found in cache
[async.v0.11.0] found in cache
[async_extra.v0.11.1] found in cache
[async_kernel.v0.11.1] found in cache
[async_rpc_kernel.v0.11.0] found in cache
[async_unix.v0.11.0] found in cache
[bin_prot.v0.11.0] found in cache
[camlimages.5.0.1] found in cache
[camlzip.1.07] found in cache
[async-echo-bench.1.0] synchronised from git+https://github.com/AltGr/ocaml-benchs
[cohttp.1.0.0] found in cache
[async-rpc-bench.1.0] synchronised from git+https://github.com/AltGr/ocaml-benchs
[core.v0.11.2] found in cache
[chameneos-bench.1.0] synchronised from git+https://github.com/AltGr/ocaml-benchs
[core_bench.v0.11.0] found in cache
[core_extended.v0.11.0] found in cache
[core_kernel.v0.11.1] found in cache
[expect_test_helpers.v0.11.0] found in cache
[expect_test_helpers_kernel.v0.11.0] found in cache
[fieldslib.v0.11.0] found in cache
[frama-c.20180502] found in cache
[cohttp-bench.1.0] synchronised from git+https://github.com/AltGr/ocaml-benchs
[lablgtk.2.18.6] found in cache
[core-micro-bench.1.0] synchronised from git+https://github.com/AltGr/ocaml-benchs
[lwt.4.1.0] found in cache
[ocaml-migrate-parsetree.1.0.11] found in cache
[ocamlgraph.1.8.8] found in cache
[patdiff.v0.11.0] found in cache
[patience_diff.v0.11.0] found in cache
[pcre.7.3.4] found in cache
[ppx_assert.v0.11.0] found in cache
[ppx_base.v0.11.0] found in cache
[nbcodec.1.0] no changes from git://github.com/dbuenzli/nbcodec
[ppx_bench.v0.11.0] found in cache
[ppx_bin_prot.v0.11.1] found in cache
[ppx_compare.v0.11.1] found in cache
[ppx_custom_printf.v0.11.0] found in cache
[ppx_enumerate.v0.11.1] found in cache
[ppx_expect.v0.11.0] found in cache
[ppx_fail.v0.11.0] found in cache
[ppx_fields_conv.v0.11.0] found in cache
[ppx_hash.v0.11.1] found in cache
[ppx_here.v0.11.0] found in cache
[ppx_inline_test.v0.11.0] found in cache
[ppx_jane.v0.11.0] found in cache
[ppx_js_style.v0.11.0] found in cache
[ppx_let.v0.11.0] found in cache
[ppx_optcomp.v0.11.0] found in cache
[ppx_optional.v0.11.0] found in cache
[ppx_pipebang.v0.11.0] found in cache
[ppx_sexp_conv.v0.11.2] found in cache
[ppx_sexp_message.v0.11.0] found in cache
[ppx_sexp_value.v0.11.0] found in cache
[ppx_typerep_conv.v0.11.1] found in cache
[ppx_variants_conv.v0.11.1] found in cache
[ppxlib.0.3.0] found in cache
[protocol_version_header.v0.11.0] found in cache
[re2.v0.11.0] found in cache
[sexp_pretty.v0.11.0] found in cache
[spawn.v0.12.0] found in cache
[splittable_random.v0.11.0] found in cache
[textutils.v0.11.0] found in cache
[textutils_kernel.v0.11.0] found in cache
[uri.1.9.7] found in cache
[variantslib.v0.11.0] found in cache
[sauvola-bench.1.0] synchronised from git+https://github.com/AltGr/ocaml-benchs
[zarith.1.7] found in cache
[thread-bench.1.0] synchronised from git+https://github.com/AltGr/ocaml-benchs
[yojson-bench.1.0] synchronised from git+https://github.com/AltGr/ocaml-benchs

<><> Processing actions <><><><><><><><><><><><><><><><><><><><><><><><><><><><>
[ERROR] The compilation of camlzip failed at "/root/.opam/opam-init/hooks/sandbox.sh build make all".
[ERROR] The compilation of conf-gnomecanvas failed at "/root/.opam/opam-init/hooks/sandbox.sh build pkg-config libgnomecanvas-2.0".
[ERROR] The compilation of conf-gtksourceview failed at "/root/.opam/opam-init/hooks/sandbox.sh build pkg-config --short-errors --print-errors gtksourceview-2.0".
[ERROR] The compilation of conf-libpcre failed at "/root/.opam/opam-init/hooks/sandbox.sh build pkg-config libpcre".
[ERROR] The compilation of spawn failed at "/root/.opam/opam-init/hooks/sandbox.sh build jbuilder build -p spawn -j 7".
[ERROR] The compilation of yojson-bench failed at "/root/.opam/opam-init/hooks/sandbox.sh build make -C yojson".
⊘ removed   nbcodec.1.0
∗ installed nbcodec.1.0
∗ installed nbcodec-bench.1.0
[ERROR] The compilation of zarith failed at "/root/.opam/opam-init/hooks/sandbox.sh build make".
[ERROR] The compilation of ocaml-migrate-parsetree failed at "/root/.opam/opam-init/hooks/sandbox.sh build jbuilder build -p ocaml-migrate-parsetree -j 7".
[ERROR] The compilation of lwt failed at "/root/.opam/opam-init/hooks/sandbox.sh build jbuilder build -p lwt -j 7".

#=== ERROR while compiling zarith.1.7 =========================================#
# context              2.0.0 | linux/x86_64 |  | https://opam.ocaml.org/2.0#324066cc
# path                 ~/.opam/4.06.1+multicore+cas-promotion+bench/.opam-switch/build/zarith.1.7
# command              ~/.opam/opam-init/hooks/sandbox.sh build make
# exit-code            2
# env-file             ~/.opam/log/zarith-9463-eee391.env
# output-file          ~/.opam/log/zarith-9463-eee391.out
### output ###
# caml_z.c:1857:14: error: lvalue required as left operand of assignment
# [...]
#               ^
# caml_z.c:1858:14: error: lvalue required as left operand of assignment
#    Field(p,1) = s;
#               ^
# caml_z.c: At top level:
# caml_z.c:2995:3: warning: initialization from incompatible pointer type [-Wincompatible-pointer-types]
#    ml_z_custom_deserialize,
#    ^~~~~~~~~~~~~~~~~~~~~~~
# caml_z.c:2995:3: note: (near initialization for ‘ml_z_custom_ops.deserialize’)
# project.mak:129: recipe for target 'caml_z.o' failed
# make: *** [caml_z.o] Error 2


#=== ERROR while compiling yojson-bench.1.0 ===================================#
# context              2.0.0 | linux/x86_64 |  | git+https://github.com/kayceesrk/ocamlbench-repo#multicore
# path                 ~/.opam/4.06.1+multicore+cas-promotion+bench/.opam-switch/build/yojson-bench.1.0
# command              ~/.opam/opam-init/hooks/sandbox.sh build make -C yojson
# exit-code            2
# env-file             ~/.opam/log/yojson-bench-9463-f7b42c.env
# output-file          ~/.opam/log/yojson-bench-9463-f7b42c.out
### output ###
# make: Entering directory '/root/.opam/4.06.1+multicore+cas-promotion+bench/.opam-switch/build/yojson-bench.1.0/yojson'
# ocamlfind ocamlopt -I `ocamlfind query yojson` -o ydump_bench -package easy-format,biniou -linkpkg yojson.cmx yojson_biniou.cmx ydump.ml
# gcc: error: /root/.opam/4.06.1+multicore+cas-promotion+bench/lib/yojson/yojson_biniou.o: No such file or directory
# gcc: error: /root/.opam/4.06.1+multicore+cas-promotion+bench/lib/yojson/yojson.o: No such file or directory
# File "caml_startup", line 1:
# Error: Error during linking
# Makefile:6: recipe for target 'all' failed
# make: *** [all] Error 2
# make: Leaving directory '/root/.opam/4.06.1+multicore+cas-promotion+bench/.opam-switch/build/yojson-bench.1.0/yojson'


#=== ERROR while compiling spawn.v0.12.0 ======================================#
# context              2.0.0 | linux/x86_64 |  | https://opam.ocaml.org/2.0#324066cc
# path                 ~/.opam/4.06.1+multicore+cas-promotion+bench/.opam-switch/build/spawn.v0.12.0
# command              ~/.opam/opam-init/hooks/sandbox.sh build jbuilder build -p spawn -j 7
# exit-code            1
# env-file             ~/.opam/log/spawn-9463-dc82fa.env
# output-file          ~/.opam/log/spawn-9463-dc82fa.out
### output ###
# [...]
# (cd _build/default/src && /root/.opam/4.06.1+multicore+cas-promotion+bench/bin/ocamlc.opt -g -I /root/.opam/4.06.1+multicore+cas-promotion+bench/lib/ocaml/threads -ccopt -g -o spawn_stubs.o spawn_stubs.c)
# spawn_stubs.c: In function ‘spawn_pipe’:
# spawn_stubs.c:88:17: error: lvalue required as left operand of assignment
#    Field(res, 0) = Val_int(fd[0]);
#                  ^
# spawn_stubs.c:89:17: error: lvalue required as left operand of assignment
#    Field(res, 1) = Val_int(fd[1]);
#                  ^
# spawn_stubs.c: In function ‘subprocess_failure’:
# spawn_stubs.c:158:3: warning: ignoring return value of ‘write’, declared with attribute warn_unused_result [-Wunused-result]
#    write(failure_fd, &failure, sizeof(failure));
#    ^~~~~~~~~~~~~~~~~~~~~~~~~~~~~~~~~~~~~~~~~~~~


#=== ERROR while compiling ocaml-migrate-parsetree.1.0.11 =====================#
# context              2.0.0 | linux/x86_64 |  | https://opam.ocaml.org/2.0#324066cc
# path                 ~/.opam/4.06.1+multicore+cas-promotion+bench/.opam-switch/build/ocaml-migrate-parsetree.1.0.11
# command              ~/.opam/opam-init/hooks/sandbox.sh build jbuilder build -p ocaml-migrate-parsetree -j 7
# exit-code            1
# env-file             ~/.opam/log/ocaml-migrate-parsetree-9463-0da7aa.env
# output-file          ~/.opam/log/ocaml-migrate-parsetree-9463-0da7aa.out
### output ###
#       ocamlc src/.migrate_parsetree.objs/ast_406.{cmi,cmo,cmt} (exit 2)
# (cd _build/default && /root/.opam/4.06.1+multicore+cas-promotion+bench/bin/ocamlc.opt -w -40 -open Result -g -bin-annot -I src/.migrate_parsetree.objs -I /root/.opam/4.06.1+multicore+cas-promotion+bench/lib/ocaml/compiler-libs -I /root/.opam/4.06.1+multicore+cas-promotion+bench/lib/result -no-alias-deps -o src/.migrate_parsetree.objs/ast_406.cmo -c -impl src/ast_406.pp.ml)
# File "src/ast_406.ml", line 237, characters 2-1773:
# Error: This variant or record definition does not match that of type
#          Parsetree.pattern_desc
#        Fields number 17 have different names, Ppat_effect and Ppat_extension.


#=== ERROR while compiling lwt.4.1.0 ==========================================#
# context              2.0.0 | linux/x86_64 |  | https://opam.ocaml.org/2.0#324066cc
# path                 ~/.opam/4.06.1+multicore+cas-promotion+bench/.opam-switch/build/lwt.4.1.0
# command              ~/.opam/opam-init/hooks/sandbox.sh build jbuilder build -p lwt -j 7
# exit-code            1
# env-file             ~/.opam/log/lwt-9463-b406db.env
# output-file          ~/.opam/log/lwt-9463-b406db.out
### output ###
# unix_tcgetattr_job.c:37:43: error: lvalue required as unary ‘&’ operand
# [...]
# (cd _build/default/src/unix && /root/.opam/4.06.1+multicore+cas-promotion+bench/bin/ocamlc.opt -g -I /root/.opam/4.06.1+multicore+cas-promotion+bench/lib/bytes -I /root/.opam/4.06.1+multicore+cas-promotion+bench/lib/ocaml/threads -I /root/.opam/4.06.1+multicore+cas-promotion+bench/lib/result -I ../core -ccopt -I. -o unix_wait4.o unix_wait4.c)
# unix_wait4.c: In function ‘alloc_process_status’:
# unix_wait4.c:48:22: error: lvalue required as left operand of assignment
#          Field(st, 0) = Val_int(WEXITSTATUS(status));
#                       ^
# unix_wait4.c:51:22: error: lvalue required as left operand of assignment
#          Field(st, 0) =
#                       ^
# unix_wait4.c:55:22: error: lvalue required as left operand of assignment
#          Field(st, 0) =
#                       ^


#=== ERROR while compiling conf-libpcre.1 =====================================#
# context              2.0.0 | linux/x86_64 |  | https://opam.ocaml.org/2.0#324066cc
# path                 ~/.opam/4.06.1+multicore+cas-promotion+bench/.opam-switch/build/conf-libpcre.1
# command              ~/.opam/opam-init/hooks/sandbox.sh build pkg-config libpcre
# exit-code            1
# env-file             ~/.opam/log/conf-libpcre-9463-e49558.env
# output-file          ~/.opam/log/conf-libpcre-9463-e49558.out


#=== ERROR while compiling conf-gtksourceview.2 ===============================#
# context              2.0.0 | linux/x86_64 |  | https://opam.ocaml.org/2.0#324066cc
# path                 ~/.opam/4.06.1+multicore+cas-promotion+bench/.opam-switch/build/conf-gtksourceview.2
# command              ~/.opam/opam-init/hooks/sandbox.sh build pkg-config --short-errors --print-errors gtksourceview-2.0
# exit-code            1
# env-file             ~/.opam/log/conf-gtksourceview-9463-c16d40.env
# output-file          ~/.opam/log/conf-gtksourceview-9463-c16d40.out
### output ###
# No package 'gtksourceview-2.0' found


#=== ERROR while compiling conf-gnomecanvas.2 =================================#
# context              2.0.0 | linux/x86_64 |  | https://opam.ocaml.org/2.0#324066cc
# path                 ~/.opam/4.06.1+multicore+cas-promotion+bench/.opam-switch/build/conf-gnomecanvas.2
# command              ~/.opam/opam-init/hooks/sandbox.sh build pkg-config libgnomecanvas-2.0
# exit-code            1
# env-file             ~/.opam/log/conf-gnomecanvas-9463-a219e7.env
# output-file          ~/.opam/log/conf-gnomecanvas-9463-a219e7.out


#=== ERROR while compiling camlzip.1.07 =======================================#
# context              2.0.0 | linux/x86_64 |  | https://opam.ocaml.org/2.0#324066cc
# path                 ~/.opam/4.06.1+multicore+cas-promotion+bench/.opam-switch/build/camlzip.1.07
# command              ~/.opam/opam-init/hooks/sandbox.sh build make all
# exit-code            2
# env-file             ~/.opam/log/camlzip-9463-322141.env
# output-file          ~/.opam/log/camlzip-9463-322141.out
### output ###
# [...]
# zlibstubs.c: In function ‘camlzip_inflate’:
# zlibstubs.c:163:17: error: lvalue required as left operand of assignment
#    Field(res, 0) = Val_bool(retcode == Z_STREAM_END);
#                  ^
# zlibstubs.c:164:17: error: lvalue required as left operand of assignment
#    Field(res, 1) = Val_int(used_in);
#                  ^
# zlibstubs.c:165:17: error: lvalue required as left operand of assignment
#    Field(res, 2) = Val_int(used_out);
#                  ^
# Makefile:67: recipe for target 'zlibstubs.o' failed
# make: *** [zlibstubs.o] Error 2



<><> Error report <><><><><><><><><><><><><><><><><><><><><><><><><><><><><><><>
┌─ The following actions failed
│ λ build camlzip                 1.07
│ λ build conf-gnomecanvas        2
│ λ build conf-gtksourceview      2
│ λ build conf-libpcre            1
│ λ build lwt                     4.1.0
│ λ build ocaml-migrate-parsetree 1.0.11
│ λ build spawn                   v0.12.0
│ λ build yojson-bench            1.0
│ λ build zarith                  1.7
└─ 
┌─ The following changes have been performed (the rest was aborted)
│ ↻ recompile nbcodec       1.0
│ ∗ install   nbcodec-bench 1.0
└─ 

The packages you requested declare the following system dependencies. Please make sure they are installed before retrying:
    libgnomecanvas2-dev libgtksourceview2.0-dev libpcre3-dev zlib1g-dev


The former state can be restored with:
    /usr/local/bin/opam switch import "/root/.opam/4.06.1+multicore+cas-promotion+bench/.opam-switch/backup/state-20180829170037.export"

=== UPGRADING SWITCH 4.06.1+multicore+xchg-writes+bench ==
+opam remove --yes --switch 4.06.1+multicore+xchg-writes+bench
[WARNING] Running as root is not recommended
Nothing to do.
+opam list --base --short --switch 4.06.1+multicore+xchg-writes+bench
[WARNING] Running as root is not recommended
+opam upgrade --all almabench-bench async-echo-bench async-rpc-bench bdd-bench chameneos-bench cohttp-bench compcert-bench coq-bench core-micro-bench core-sequence-bench cpdf-bench frama-c-bench js_of_ocaml-bench jsonm-bench kb-bench lexifi-g2pp-bench menhir-bench minilight-bench nbcodec-bench numerical-analysis-bench patdiff-bench sauvola-bench sequence-bench thread-bench valet-bench yojson-bench --best-effort --yes --switch 4.06.1+multicore+xchg-writes+bench --json /root/logs/operf/2018-08-29-1700/4.06.1+multicore+xchg-writes+bench.json
[WARNING] Running as root is not recommended
async-echo-bench, async-rpc-bench, chameneos-bench, cohttp-bench, compcert-bench, coq-bench, core-micro-bench, core-sequence-bench, frama-c-bench, js_of_ocaml-bench, nbcodec-bench, patdiff-bench, sauvola-bench, thread-bench, valet-bench and yojson-bench are not installed. Install them? [Y/n] y
The following actions will be performed:
  ∗ install   conf-libpcre               1        [required by pcre]
  ∗ install   spawn                      v0.12.0  [required by core]
  ↻ recompile nbcodec                    1.0      [upstream changes]
  ∗ install   yojson-bench               1.0
  ∗ install   conf-gtksourceview         2        [required by frama-c]
  ∗ install   ocaml-migrate-parsetree    1.0.11   [required by core_bench, async, patdiff]
  ∗ install   camlzip                    1.07     [required by alt-ergo]
  ∗ install   zarith                     1.7      [required by frama-c]
  ∗ install   lwt                        4.1.0    [required by cohttp-bench, chameneos-bench, thread-bench]                              For the PPX, please install package lwt_ppx
                                                                                                                                         For Lwt_log and Lwt_daemon, please install package lwt_log
  ∗ install   conf-gnomecanvas           2        [required by frama-c]
  ∗ install   pcre                       7.3.4    [required by patdiff]
  ∗ install   nbcodec-bench              1.0
  ∗ install   ppxlib                     0.3.0    [required by core]
  ∗ install   lablgtk                    2.18.6   [required by frama-c, camlimages]
  ∗ install   variantslib                v0.11.0  [required by core_kernel]
  ∗ install   ppx_typerep_conv           v0.11.1  [required by ppx_jane]
  ∗ install   ppx_sexp_conv              v0.11.2  [required by cohttp]
  ∗ install   ppx_pipebang               v0.11.0  [required by ppx_jane]
  ∗ install   ppx_optional               v0.11.0  [required by ppx_jane]
  ∗ install   ppx_optcomp                v0.11.0  [required by ppx_jane]
  ∗ install   ppx_let                    v0.11.0  [required by ppx_jane]
  ∗ install   ppx_js_style               v0.11.0  [required by ppx_base]
  ∗ install   ppx_inline_test            v0.11.0  [required by core_kernel]
  ∗ install   ppx_here                   v0.11.0  [required by ppx_assert, ppx_jane]
  ∗ install   ppx_enumerate              v0.11.1  [required by ppx_base]
  ∗ install   ppx_compare                v0.11.1  [required by ppx_assert, bin_prot, ppx_base]
  ∗ install   fieldslib                  v0.11.0  [required by cohttp]
  ∗ install   ocamlgraph                 1.8.8    [required by frama-c]
  ∗ install   camlimages                 5.0.1    [required by sauvola-bench]
  ∗ install   alt-ergo                   2.2.0    [required by frama-c]
  ∗ install   ppx_variants_conv          v0.11.1  [required by bin_prot, ppx_jane]
  ∗ install   uri                        1.9.7    [required by cohttp]
  ∗ install   ppx_custom_printf          v0.11.0  [required by bin_prot, ppx_jane]
  ∗ install   ppx_bench                  v0.11.0  [required by ppx_jane]
  ∗ install   ppx_sexp_value             v0.11.0  [required by ppx_jane]
  ∗ install   ppx_sexp_message           v0.11.0  [required by core_kernel]
  ∗ install   ppx_fail                   v0.11.0  [required by ppx_jane]
  ∗ install   ppx_hash                   v0.11.1  [required by core_kernel]
  ∗ install   ppx_assert                 v0.11.0  [required by core_kernel, core]
  ∗ install   ppx_fields_conv            v0.11.0  [required by cohttp]
  ∗ install   sauvola-bench              1.0
  ∗ install   frama-c                    20180502 [required by frama-c-bench]                                                            Why3 can be used by the WP plug-in for running additional automatic solvers
                                                                                                                                         Coq can be used with the WP plug-in for proving interactively proof obligations
                                                                                                                                         Alt-Ergo Graphical Interface can be used by the WP plug-in
  ∗ install   ppx_base                   v0.11.0  [required by core_kernel, sexp_pretty]
  ∗ install   ppx_expect                 v0.11.0  [required by ppx_jane]
  ∗ install   cohttp                     1.0.0    [required by cohttp-bench]
  ∗ install   bin_prot                   v0.11.0  [required by core_extended]
  ∗ install   frama-c-bench              1.0
  ∗ install   sexp_pretty                v0.11.0  [required by expect_test_helpers]
  ∗ install   ppx_bin_prot               v0.11.1  [required by ppx_jane]
  ∗ install   ppx_jane                   v0.11.0  [required by core_bench, async, patdiff]
  ∗ install   splittable_random          v0.11.0  [required by core_kernel]
  ∗ install   core_kernel                v0.11.1  [required by core_extended, patience_diff]
  ∗ install   textutils_kernel           v0.11.0  [required by textutils]
  ∗ install   re2                        v0.11.0  [required by patdiff]
  ∗ install   protocol_version_header    v0.11.0  [required by async_rpc_kernel]
  ∗ install   patience_diff              v0.11.0  [required by patdiff]
  ∗ install   expect_test_helpers_kernel v0.11.0  [required by expect_test_helpers]
  ∗ install   core                       v0.11.2  [required by core-micro-bench, async-echo-bench, async-rpc-bench, core-sequence-bench]
  ∗ install   async_kernel               v0.11.1  [required by async]
  ∗ install   textutils                  v0.11.0  [required by core_bench]
  ∗ install   core-sequence-bench        1.0
  ∗ install   async_unix                 v0.11.0  [required by async]
  ∗ install   async_rpc_kernel           v0.11.0  [required by async_extra]
  ∗ install   core_extended              v0.11.0  [required by core_bench, patdiff]
  ∗ install   async_extra                v0.11.1  [required by async]
  ∗ install   core_bench                 v0.11.0  [required by core-micro-bench]
  ∗ install   async                      v0.11.0  [required by cohttp-bench, async-rpc-bench, async-echo-bench, etc.]
  ∗ install   core-micro-bench           1.0
  ∗ install   thread-bench               1.0
  ∗ install   expect_test_helpers        v0.11.0  [required by patdiff]
  ∗ install   cohttp-bench               1.0
  ∗ install   chameneos-bench            1.0
  ∗ install   async-rpc-bench            1.0
  ∗ install   async-echo-bench           1.0
  ∗ install   patdiff                    v0.11.0  [required by patdiff-bench]
  ∗ install   patdiff-bench              1.0
===== ∗ 75   ↻ 1 =====

<><> Gathering sources ><><><><><><><><><><><><><><><><><><><><><><><><><><><><>
[alt-ergo.2.2.0] found in cache
[async.v0.11.0] found in cache
[async_extra.v0.11.1] found in cache
[async_kernel.v0.11.1] found in cache
[async_rpc_kernel.v0.11.0] found in cache
[async_unix.v0.11.0] found in cache
[bin_prot.v0.11.0] found in cache
[camlimages.5.0.1] found in cache
[camlzip.1.07] found in cache
[async-echo-bench.1.0] synchronised from git+https://github.com/AltGr/ocaml-benchs
[cohttp.1.0.0] found in cache
[async-rpc-bench.1.0] synchronised from git+https://github.com/AltGr/ocaml-benchs
[core.v0.11.2] found in cache
[chameneos-bench.1.0] synchronised from git+https://github.com/AltGr/ocaml-benchs
[core_bench.v0.11.0] found in cache
[core_extended.v0.11.0] found in cache
[core_kernel.v0.11.1] found in cache
[expect_test_helpers.v0.11.0] found in cache
[expect_test_helpers_kernel.v0.11.0] found in cache
[fieldslib.v0.11.0] found in cache
[cohttp-bench.1.0] synchronised from git+https://github.com/AltGr/ocaml-benchs
[frama-c.20180502] found in cache
[lablgtk.2.18.6] found in cache
[lwt.4.1.0] found in cache
[core-micro-bench.1.0] synchronised from git+https://github.com/AltGr/ocaml-benchs
[ocaml-migrate-parsetree.1.0.11] found in cache
[ocamlgraph.1.8.8] found in cache
[patdiff.v0.11.0] found in cache
[patience_diff.v0.11.0] found in cache
[pcre.7.3.4] found in cache
[ppx_assert.v0.11.0] found in cache
[ppx_base.v0.11.0] found in cache
[nbcodec.1.0] no changes from git://github.com/dbuenzli/nbcodec
[ppx_bench.v0.11.0] found in cache
[ppx_bin_prot.v0.11.1] found in cache
[ppx_compare.v0.11.1] found in cache
[ppx_custom_printf.v0.11.0] found in cache
[ppx_enumerate.v0.11.1] found in cache
[ppx_expect.v0.11.0] found in cache
[ppx_fail.v0.11.0] found in cache
[ppx_fields_conv.v0.11.0] found in cache
[ppx_hash.v0.11.1] found in cache
[ppx_here.v0.11.0] found in cache
[ppx_inline_test.v0.11.0] found in cache
[ppx_jane.v0.11.0] found in cache
[ppx_js_style.v0.11.0] found in cache
[ppx_let.v0.11.0] found in cache
[ppx_optcomp.v0.11.0] found in cache
[ppx_optional.v0.11.0] found in cache
[ppx_pipebang.v0.11.0] found in cache
[ppx_sexp_conv.v0.11.2] found in cache
[ppx_sexp_message.v0.11.0] found in cache
[ppx_sexp_value.v0.11.0] found in cache
[ppx_typerep_conv.v0.11.1] found in cache
[ppx_variants_conv.v0.11.1] found in cache
[ppxlib.0.3.0] found in cache
[protocol_version_header.v0.11.0] found in cache
[re2.v0.11.0] found in cache
[sexp_pretty.v0.11.0] found in cache
[spawn.v0.12.0] found in cache
[splittable_random.v0.11.0] found in cache
[textutils.v0.11.0] found in cache
[textutils_kernel.v0.11.0] found in cache
[uri.1.9.7] found in cache
[variantslib.v0.11.0] found in cache
[sauvola-bench.1.0] synchronised from git+https://github.com/AltGr/ocaml-benchs
[zarith.1.7] found in cache
[thread-bench.1.0] synchronised from git+https://github.com/AltGr/ocaml-benchs
[yojson-bench.1.0] synchronised from git+https://github.com/AltGr/ocaml-benchs

<><> Processing actions <><><><><><><><><><><><><><><><><><><><><><><><><><><><>
[ERROR] The compilation of camlzip failed at "/root/.opam/opam-init/hooks/sandbox.sh build make all".
[ERROR] The compilation of conf-gnomecanvas failed at "/root/.opam/opam-init/hooks/sandbox.sh build pkg-config libgnomecanvas-2.0".
[ERROR] The compilation of conf-gtksourceview failed at "/root/.opam/opam-init/hooks/sandbox.sh build pkg-config --short-errors --print-errors gtksourceview-2.0".
[ERROR] The compilation of conf-libpcre failed at "/root/.opam/opam-init/hooks/sandbox.sh build pkg-config libpcre".
[ERROR] The compilation of yojson-bench failed at "/root/.opam/opam-init/hooks/sandbox.sh build make -C yojson".
[ERROR] The compilation of spawn failed at "/root/.opam/opam-init/hooks/sandbox.sh build jbuilder build -p spawn -j 7".
⊘ removed   nbcodec.1.0
∗ installed nbcodec.1.0
∗ installed nbcodec-bench.1.0
[ERROR] The compilation of zarith failed at "/root/.opam/opam-init/hooks/sandbox.sh build make".
[ERROR] The compilation of ocaml-migrate-parsetree failed at "/root/.opam/opam-init/hooks/sandbox.sh build jbuilder build -p ocaml-migrate-parsetree -j 7".
[ERROR] The compilation of lwt failed at "/root/.opam/opam-init/hooks/sandbox.sh build jbuilder build -p lwt -j 7".

#=== ERROR while compiling zarith.1.7 =========================================#
# context              2.0.0 | linux/x86_64 |  | https://opam.ocaml.org/2.0#324066cc
# path                 ~/.opam/4.06.1+multicore+xchg-writes+bench/.opam-switch/build/zarith.1.7
# command              ~/.opam/opam-init/hooks/sandbox.sh build make
# exit-code            2
# env-file             ~/.opam/log/zarith-11684-eee391.env
# output-file          ~/.opam/log/zarith-11684-eee391.out
### output ###
# caml_z.c:1857:14: error: lvalue required as left operand of assignment
# [...]
#               ^
# caml_z.c:1858:14: error: lvalue required as left operand of assignment
#    Field(p,1) = s;
#               ^
# caml_z.c: At top level:
# caml_z.c:2995:3: warning: initialization from incompatible pointer type [-Wincompatible-pointer-types]
#    ml_z_custom_deserialize,
#    ^~~~~~~~~~~~~~~~~~~~~~~
# caml_z.c:2995:3: note: (near initialization for ‘ml_z_custom_ops.deserialize’)
# project.mak:129: recipe for target 'caml_z.o' failed
# make: *** [caml_z.o] Error 2


#=== ERROR while compiling yojson-bench.1.0 ===================================#
# context              2.0.0 | linux/x86_64 |  | git+https://github.com/kayceesrk/ocamlbench-repo#multicore
# path                 ~/.opam/4.06.1+multicore+xchg-writes+bench/.opam-switch/build/yojson-bench.1.0
# command              ~/.opam/opam-init/hooks/sandbox.sh build make -C yojson
# exit-code            2
# env-file             ~/.opam/log/yojson-bench-11684-f7b42c.env
# output-file          ~/.opam/log/yojson-bench-11684-f7b42c.out
### output ###
# make: Entering directory '/root/.opam/4.06.1+multicore+xchg-writes+bench/.opam-switch/build/yojson-bench.1.0/yojson'
# ocamlfind ocamlopt -I `ocamlfind query yojson` -o ydump_bench -package easy-format,biniou -linkpkg yojson.cmx yojson_biniou.cmx ydump.ml
# gcc: error: /root/.opam/4.06.1+multicore+xchg-writes+bench/lib/yojson/yojson_biniou.o: No such file or directory
# gcc: error: /root/.opam/4.06.1+multicore+xchg-writes+bench/lib/yojson/yojson.o: No such file or directory
# File "caml_startup", line 1:
# Error: Error during linking
# Makefile:6: recipe for target 'all' failed
# make: *** [all] Error 2
# make: Leaving directory '/root/.opam/4.06.1+multicore+xchg-writes+bench/.opam-switch/build/yojson-bench.1.0/yojson'


#=== ERROR while compiling spawn.v0.12.0 ======================================#
# context              2.0.0 | linux/x86_64 |  | https://opam.ocaml.org/2.0#324066cc
# path                 ~/.opam/4.06.1+multicore+xchg-writes+bench/.opam-switch/build/spawn.v0.12.0
# command              ~/.opam/opam-init/hooks/sandbox.sh build jbuilder build -p spawn -j 7
# exit-code            1
# env-file             ~/.opam/log/spawn-11684-dc82fa.env
# output-file          ~/.opam/log/spawn-11684-dc82fa.out
### output ###
# [...]
# (cd _build/default/src && /root/.opam/4.06.1+multicore+xchg-writes+bench/bin/ocamlc.opt -g -I /root/.opam/4.06.1+multicore+xchg-writes+bench/lib/ocaml/threads -ccopt -g -o spawn_stubs.o spawn_stubs.c)
# spawn_stubs.c: In function ‘spawn_pipe’:
# spawn_stubs.c:88:17: error: lvalue required as left operand of assignment
#    Field(res, 0) = Val_int(fd[0]);
#                  ^
# spawn_stubs.c:89:17: error: lvalue required as left operand of assignment
#    Field(res, 1) = Val_int(fd[1]);
#                  ^
# spawn_stubs.c: In function ‘subprocess_failure’:
# spawn_stubs.c:158:3: warning: ignoring return value of ‘write’, declared with attribute warn_unused_result [-Wunused-result]
#    write(failure_fd, &failure, sizeof(failure));
#    ^~~~~~~~~~~~~~~~~~~~~~~~~~~~~~~~~~~~~~~~~~~~


#=== ERROR while compiling ocaml-migrate-parsetree.1.0.11 =====================#
# context              2.0.0 | linux/x86_64 |  | https://opam.ocaml.org/2.0#324066cc
# path                 ~/.opam/4.06.1+multicore+xchg-writes+bench/.opam-switch/build/ocaml-migrate-parsetree.1.0.11
# command              ~/.opam/opam-init/hooks/sandbox.sh build jbuilder build -p ocaml-migrate-parsetree -j 7
# exit-code            1
# env-file             ~/.opam/log/ocaml-migrate-parsetree-11684-0da7aa.env
# output-file          ~/.opam/log/ocaml-migrate-parsetree-11684-0da7aa.out
### output ###
#       ocamlc src/.migrate_parsetree.objs/ast_406.{cmi,cmo,cmt} (exit 2)
# (cd _build/default && /root/.opam/4.06.1+multicore+xchg-writes+bench/bin/ocamlc.opt -w -40 -open Result -g -bin-annot -I src/.migrate_parsetree.objs -I /root/.opam/4.06.1+multicore+xchg-writes+bench/lib/ocaml/compiler-libs -I /root/.opam/4.06.1+multicore+xchg-writes+bench/lib/result -no-alias-deps -o src/.migrate_parsetree.objs/ast_406.cmo -c -impl src/ast_406.pp.ml)
# File "src/ast_406.ml", line 237, characters 2-1773:
# Error: This variant or record definition does not match that of type
#          Parsetree.pattern_desc
#        Fields number 17 have different names, Ppat_effect and Ppat_extension.


#=== ERROR while compiling lwt.4.1.0 ==========================================#
# context              2.0.0 | linux/x86_64 |  | https://opam.ocaml.org/2.0#324066cc
# path                 ~/.opam/4.06.1+multicore+xchg-writes+bench/.opam-switch/build/lwt.4.1.0
# command              ~/.opam/opam-init/hooks/sandbox.sh build jbuilder build -p lwt -j 7
# exit-code            1
# env-file             ~/.opam/log/lwt-11684-b406db.env
# output-file          ~/.opam/log/lwt-11684-b406db.out
### output ###
# unix_tcgetattr_job.c:37:43: error: lvalue required as unary ‘&’ operand
# [...]
# (cd _build/default/src/unix && /root/.opam/4.06.1+multicore+xchg-writes+bench/bin/ocamlc.opt -g -I /root/.opam/4.06.1+multicore+xchg-writes+bench/lib/bytes -I /root/.opam/4.06.1+multicore+xchg-writes+bench/lib/ocaml/threads -I /root/.opam/4.06.1+multicore+xchg-writes+bench/lib/result -I ../core -ccopt -I. -o unix_wait4.o unix_wait4.c)
# unix_wait4.c: In function ‘alloc_process_status’:
# unix_wait4.c:48:22: error: lvalue required as left operand of assignment
#          Field(st, 0) = Val_int(WEXITSTATUS(status));
#                       ^
# unix_wait4.c:51:22: error: lvalue required as left operand of assignment
#          Field(st, 0) =
#                       ^
# unix_wait4.c:55:22: error: lvalue required as left operand of assignment
#          Field(st, 0) =
#                       ^


#=== ERROR while compiling conf-libpcre.1 =====================================#
# context              2.0.0 | linux/x86_64 |  | https://opam.ocaml.org/2.0#324066cc
# path                 ~/.opam/4.06.1+multicore+xchg-writes+bench/.opam-switch/build/conf-libpcre.1
# command              ~/.opam/opam-init/hooks/sandbox.sh build pkg-config libpcre
# exit-code            1
# env-file             ~/.opam/log/conf-libpcre-11684-e49558.env
# output-file          ~/.opam/log/conf-libpcre-11684-e49558.out


#=== ERROR while compiling conf-gtksourceview.2 ===============================#
# context              2.0.0 | linux/x86_64 |  | https://opam.ocaml.org/2.0#324066cc
# path                 ~/.opam/4.06.1+multicore+xchg-writes+bench/.opam-switch/build/conf-gtksourceview.2
# command              ~/.opam/opam-init/hooks/sandbox.sh build pkg-config --short-errors --print-errors gtksourceview-2.0
# exit-code            1
# env-file             ~/.opam/log/conf-gtksourceview-11684-c16d40.env
# output-file          ~/.opam/log/conf-gtksourceview-11684-c16d40.out
### output ###
# No package 'gtksourceview-2.0' found


#=== ERROR while compiling conf-gnomecanvas.2 =================================#
# context              2.0.0 | linux/x86_64 |  | https://opam.ocaml.org/2.0#324066cc
# path                 ~/.opam/4.06.1+multicore+xchg-writes+bench/.opam-switch/build/conf-gnomecanvas.2
# command              ~/.opam/opam-init/hooks/sandbox.sh build pkg-config libgnomecanvas-2.0
# exit-code            1
# env-file             ~/.opam/log/conf-gnomecanvas-11684-a219e7.env
# output-file          ~/.opam/log/conf-gnomecanvas-11684-a219e7.out


#=== ERROR while compiling camlzip.1.07 =======================================#
# context              2.0.0 | linux/x86_64 |  | https://opam.ocaml.org/2.0#324066cc
# path                 ~/.opam/4.06.1+multicore+xchg-writes+bench/.opam-switch/build/camlzip.1.07
# command              ~/.opam/opam-init/hooks/sandbox.sh build make all
# exit-code            2
# env-file             ~/.opam/log/camlzip-11684-322141.env
# output-file          ~/.opam/log/camlzip-11684-322141.out
### output ###
# [...]
# zlibstubs.c: In function ‘camlzip_inflate’:
# zlibstubs.c:163:17: error: lvalue required as left operand of assignment
#    Field(res, 0) = Val_bool(retcode == Z_STREAM_END);
#                  ^
# zlibstubs.c:164:17: error: lvalue required as left operand of assignment
#    Field(res, 1) = Val_int(used_in);
#                  ^
# zlibstubs.c:165:17: error: lvalue required as left operand of assignment
#    Field(res, 2) = Val_int(used_out);
#                  ^
# Makefile:67: recipe for target 'zlibstubs.o' failed
# make: *** [zlibstubs.o] Error 2



<><> Error report <><><><><><><><><><><><><><><><><><><><><><><><><><><><><><><>
┌─ The following actions failed
│ λ build camlzip                 1.07
│ λ build conf-gnomecanvas        2
│ λ build conf-gtksourceview      2
│ λ build conf-libpcre            1
│ λ build lwt                     4.1.0
│ λ build ocaml-migrate-parsetree 1.0.11
│ λ build spawn                   v0.12.0
│ λ build yojson-bench            1.0
│ λ build zarith                  1.7
└─ 
┌─ The following changes have been performed (the rest was aborted)
│ ↻ recompile nbcodec       1.0
│ ∗ install   nbcodec-bench 1.0
└─ 

The packages you requested declare the following system dependencies. Please make sure they are installed before retrying:
    libgnomecanvas2-dev libgtksourceview2.0-dev libpcre3-dev zlib1g-dev


The former state can be restored with:
    /usr/local/bin/opam switch import "/root/.opam/4.06.1+multicore+xchg-writes+bench/.opam-switch/backup/state-20180829170051.export"

=== UPGRADING SWITCH 4.06.1+trunk+bench ==
+opam remove --yes --switch 4.06.1+trunk+bench
[WARNING] Running as root is not recommended
Nothing to do.
+opam list --base --short --switch 4.06.1+trunk+bench
[WARNING] Running as root is not recommended
+opam upgrade --all almabench-bench async-echo-bench async-rpc-bench bdd-bench chameneos-bench cohttp-bench compcert-bench coq-bench core-micro-bench core-sequence-bench cpdf-bench frama-c-bench js_of_ocaml-bench jsonm-bench kb-bench lexifi-g2pp-bench menhir-bench minilight-bench nbcodec-bench numerical-analysis-bench patdiff-bench sauvola-bench sequence-bench thread-bench valet-bench yojson-bench --best-effort --yes --switch 4.06.1+trunk+bench --json /root/logs/operf/2018-08-29-1700/4.06.1+trunk+bench.json
[WARNING] Running as root is not recommended
async-echo-bench, async-rpc-bench, chameneos-bench, cohttp-bench, compcert-bench, coq-bench, core-micro-bench, js_of_ocaml-bench, patdiff-bench, thread-bench, valet-bench and yojson-bench are not installed. Install them? [Y/n] y
The following actions will be performed:
  ∗ install   async-rpc-bench  1.0
  ∗ install   yojson-bench     1.0
  ∗ install   async-echo-bench 1.0
  ∗ install   thread-bench     1.0
  ∗ install   conf-libpcre     1       [required by pcre]
  ∗ install   chameneos-bench  1.0
  ∗ install   core-micro-bench 1.0
  ∗ install   cohttp-bench     1.0
  ↻ recompile nbcodec          1.0     [upstream changes]
  ∗ install   pcre             7.3.4   [required by patdiff]
  ↻ recompile nbcodec-bench    1.0
  ∗ install   patdiff          v0.11.0 [required by patdiff-bench]
  ∗ install   patdiff-bench    1.0
===== ∗ 11   ↻ 2 =====

<><> Gathering sources ><><><><><><><><><><><><><><><><><><><><><><><><><><><><>
[async-echo-bench.1.0] synchronised from git+https://github.com/AltGr/ocaml-benchs
[async-rpc-bench.1.0] synchronised from git+https://github.com/AltGr/ocaml-benchs
[chameneos-bench.1.0] synchronised from git+https://github.com/AltGr/ocaml-benchs
[nbcodec.1.0] no changes from git://github.com/dbuenzli/nbcodec
[patdiff.v0.11.0] found in cache
[pcre.7.3.4] found in cache
[cohttp-bench.1.0] synchronised from git+https://github.com/AltGr/ocaml-benchs
[core-micro-bench.1.0] synchronised from git+https://github.com/AltGr/ocaml-benchs
[thread-bench.1.0] synchronised from git+https://github.com/AltGr/ocaml-benchs
[yojson-bench.1.0] synchronised from git+https://github.com/AltGr/ocaml-benchs

<><> Processing actions <><><><><><><><><><><><><><><><><><><><><><><><><><><><>
[ERROR] The compilation of async-echo-bench failed at "/root/.opam/opam-init/hooks/sandbox.sh build make -C async_echo".
[ERROR] The compilation of async-rpc-bench failed at "/root/.opam/opam-init/hooks/sandbox.sh build make -C async_rpc".
[ERROR] The compilation of cohttp-bench failed at "/root/.opam/opam-init/hooks/sandbox.sh build make -C cohttp".
[ERROR] The compilation of conf-libpcre failed at "/root/.opam/opam-init/hooks/sandbox.sh build pkg-config libpcre".
[ERROR] The compilation of core-micro-bench failed at "/root/.opam/opam-init/hooks/sandbox.sh build make -C core_micro".
[ERROR] The compilation of chameneos-bench failed at "/root/.opam/opam-init/hooks/sandbox.sh build make -C chameneos-redux".
⊘ removed   nbcodec-bench.1.0
⊘ removed   nbcodec.1.0
∗ installed nbcodec.1.0
∗ installed nbcodec-bench.1.0
[ERROR] The compilation of thread-bench failed at "/root/.opam/opam-init/hooks/sandbox.sh build make -C thread".
[ERROR] The compilation of yojson-bench failed at "/root/.opam/opam-init/hooks/sandbox.sh build make -C yojson".

#=== ERROR while compiling yojson-bench.1.0 ===================================#
# context              2.0.0 | linux/x86_64 |  | git+https://github.com/kayceesrk/ocamlbench-repo#multicore
# path                 ~/.opam/4.06.1+trunk+bench/.opam-switch/build/yojson-bench.1.0
# command              ~/.opam/opam-init/hooks/sandbox.sh build make -C yojson
# exit-code            2
# env-file             ~/.opam/log/yojson-bench-13913-0526e6.env
# output-file          ~/.opam/log/yojson-bench-13913-0526e6.out
### output ###
# make: Entering directory '/root/.opam/4.06.1+trunk+bench/.opam-switch/build/yojson-bench.1.0/yojson'
# ocamlfind ocamlopt -I `ocamlfind query yojson` -o ydump_bench -package easy-format,biniou -linkpkg yojson.cmx yojson_biniou.cmx ydump.ml
# gcc: error: /root/.opam/4.06.1+trunk+bench/lib/yojson/yojson_biniou.o: No such file or directory
# gcc: error: /root/.opam/4.06.1+trunk+bench/lib/yojson/yojson.o: No such file or directory
# File "caml_startup", line 1:
# Error: Error during linking
# Makefile:6: recipe for target 'all' failed
# make: *** [all] Error 2
# make: Leaving directory '/root/.opam/4.06.1+trunk+bench/.opam-switch/build/yojson-bench.1.0/yojson'


#=== ERROR while compiling thread-bench.1.0 ===================================#
# context              2.0.0 | linux/x86_64 |  | git+https://github.com/kayceesrk/ocamlbench-repo#multicore
# path                 ~/.opam/4.06.1+trunk+bench/.opam-switch/build/thread-bench.1.0
# command              ~/.opam/opam-init/hooks/sandbox.sh build make -C thread
# exit-code            2
# env-file             ~/.opam/log/thread-bench-13913-24581f.env
# output-file          ~/.opam/log/thread-bench-13913-24581f.out
### output ###
# [...]
# ocamlfind: [WARNING] Package `threads': Linking problems may arise because of the missing -thread or -vmthread switch
# ocamlfind ocamlopt -package lwt.unix -linkpkg -o thread_ring_lwt_stream thread_ring_lwt_stream.ml
# ocamlfind: [WARNING] Package `threads': Linking problems may arise because of the missing -thread or -vmthread switch
# ocamlfind ocamlopt -thread -package async -linkpkg -o thread_sleep_async thread_sleep_async.ml
# File "thread_sleep_async.ml", line 1, characters 5-13:
# Warning 3: deprecated: module Core.Std
# [since 2017-02] Use Core. The Std sub-module is no longer needed
# File "thread_sleep_async.ml", line 2, characters 5-14:
# Error: Unbound module Async.Std
# Makefile:10: recipe for target 'thread_sleep_async' failed
# make: *** [thread_sleep_async] Error 2
# make: Leaving directory '/root/.opam/4.06.1+trunk+bench/.opam-switch/build/thread-bench.1.0/thread'


#=== ERROR while compiling core-micro-bench.1.0 ===============================#
# context              2.0.0 | linux/x86_64 |  | git+https://github.com/kayceesrk/ocamlbench-repo#multicore
# path                 ~/.opam/4.06.1+trunk+bench/.opam-switch/build/core-micro-bench.1.0
# command              ~/.opam/opam-init/hooks/sandbox.sh build make -C core_micro
# exit-code            2
# env-file             ~/.opam/log/core-micro-bench-13913-91a4d7.env
# output-file          ~/.opam/log/core-micro-bench-13913-91a4d7.out
### output ###
# [...]
# ocamlfind ocamldep -package str -package core -package core_bench.inline_benchmarks -modules runner.ml > runner.ml.depends
# ocamlfind ocamlc -c -thread -package str -package core -package core_bench.inline_benchmarks -o runner.cmo runner.ml
# + ocamlfind ocamlc -c -thread -package str -package core -package core_bench.inline_benchmarks -o runner.cmo runner.ml
# File "runner.ml", line 1, characters 5-13:
# Warning 3: deprecated: module Core.Std
# [since 2017-02] Use Core. The Std sub-module is no longer needed
# File "runner.ml", line 3, characters 15-55:
# Error: Unbound module Pa_bench_lib
# Command exited with code 2.
# Makefile:4: recipe for target 'all' failed
# make: *** [all] Error 10
# make: Leaving directory '/root/.opam/4.06.1+trunk+bench/.opam-switch/build/core-micro-bench.1.0/core_micro'


#=== ERROR while compiling conf-libpcre.1 =====================================#
# context              2.0.0 | linux/x86_64 |  | https://opam.ocaml.org/2.0#324066cc
# path                 ~/.opam/4.06.1+trunk+bench/.opam-switch/build/conf-libpcre.1
# command              ~/.opam/opam-init/hooks/sandbox.sh build pkg-config libpcre
# exit-code            1
# env-file             ~/.opam/log/conf-libpcre-13913-e01822.env
# output-file          ~/.opam/log/conf-libpcre-13913-e01822.out


#=== ERROR while compiling cohttp-bench.1.0 ===================================#
# context              2.0.0 | linux/x86_64 |  | git+https://github.com/kayceesrk/ocamlbench-repo#multicore
# path                 ~/.opam/4.06.1+trunk+bench/.opam-switch/build/cohttp-bench.1.0
# command              ~/.opam/opam-init/hooks/sandbox.sh build make -C cohttp
# exit-code            2
# env-file             ~/.opam/log/cohttp-bench-13913-f53971.env
# output-file          ~/.opam/log/cohttp-bench-13913-f53971.out
### output ###
# make: Entering directory '/root/.opam/4.06.1+trunk+bench/.opam-switch/build/cohttp-bench.1.0/cohttp'
# ocamlbuild -use-ocamlfind cohttp_lwt_bench.native cohttp_async_bench.native
# ocamlfind ocamldep -package lwt.unix -package cohttp.lwt -modules cohttp_lwt_bench.ml > cohttp_lwt_bench.ml.depends
# + ocamlfind ocamldep -package lwt.unix -package cohttp.lwt -modules cohttp_lwt_bench.ml > cohttp_lwt_bench.ml.depends
# ocamlfind: Package `cohttp-lwt-unix' not found - required by `cohttp.lwt'
# Command exited with code 2.
# Makefile:6: recipe for target 'all' failed
# make: *** [all] Error 10
# make: Leaving directory '/root/.opam/4.06.1+trunk+bench/.opam-switch/build/cohttp-bench.1.0/cohttp'


#=== ERROR while compiling chameneos-bench.1.0 ================================#
# context              2.0.0 | linux/x86_64 |  | git+https://github.com/kayceesrk/ocamlbench-repo#multicore
# path                 ~/.opam/4.06.1+trunk+bench/.opam-switch/build/chameneos-bench.1.0
# command              ~/.opam/opam-init/hooks/sandbox.sh build make -C chameneos-redux
# exit-code            2
# env-file             ~/.opam/log/chameneos-bench-13913-835ba5.env
# output-file          ~/.opam/log/chameneos-bench-13913-835ba5.out
### output ###
# [...]
# ocamlopt -bin-annot -thread unix.cmxa threads.cmxa chameneos_redux_evtchn.ml -o chameneos_redux_evtchn
# ocamlfind ocamlopt -bin-annot -package lwt.unix -linkpkg chameneos_redux_lwt.ml -o chameneos_redux_lwt
# ocamlfind: [WARNING] Package `threads': Linking problems may arise because of the missing -thread or -vmthread switch
# ocamlfind ocamlopt -bin-annot  -thread -package async -linkpkg chameneos_redux_async.ml -o chameneos_redux_async
# File "chameneos_redux_async.ml", line 7, characters 5-13:
# Warning 3: deprecated: module Core.Std
# [since 2017-02] Use Core. The Std sub-module is no longer needed
# File "chameneos_redux_async.ml", line 8, characters 5-14:
# Error: Unbound module Async.Std
# Makefile:9: recipe for target 'chameneos_redux_async' failed
# make: *** [chameneos_redux_async] Error 2
# make: Leaving directory '/root/.opam/4.06.1+trunk+bench/.opam-switch/build/chameneos-bench.1.0/chameneos-redux'


#=== ERROR while compiling async-rpc-bench.1.0 ================================#
# context              2.0.0 | linux/x86_64 |  | git+https://github.com/kayceesrk/ocamlbench-repo#multicore
# path                 ~/.opam/4.06.1+trunk+bench/.opam-switch/build/async-rpc-bench.1.0
# command              ~/.opam/opam-init/hooks/sandbox.sh build make -C async_rpc
# exit-code            2
# env-file             ~/.opam/log/async-rpc-bench-13913-74f651.env
# output-file          ~/.opam/log/async-rpc-bench-13913-74f651.out
### output ###
# make: Entering directory '/root/.opam/4.06.1+trunk+bench/.opam-switch/build/async-rpc-bench.1.0/async_rpc'
# ocamlfind ocamlopt -thread -syntax camlp4o -package async -package bin_prot.syntax -package core -c rpc_common.ml
# ocamlfind: Package `bin_prot.syntax' not found
# Makefile:12: recipe for target 'rpc_common.cmx' failed
# make: *** [rpc_common.cmx] Error 2
# make: Leaving directory '/root/.opam/4.06.1+trunk+bench/.opam-switch/build/async-rpc-bench.1.0/async_rpc'


#=== ERROR while compiling async-echo-bench.1.0 ===============================#
# context              2.0.0 | linux/x86_64 |  | git+https://github.com/kayceesrk/ocamlbench-repo#multicore
# path                 ~/.opam/4.06.1+trunk+bench/.opam-switch/build/async-echo-bench.1.0
# command              ~/.opam/opam-init/hooks/sandbox.sh build make -C async_echo
# exit-code            2
# env-file             ~/.opam/log/async-echo-bench-13913-2e72e2.env
# output-file          ~/.opam/log/async-echo-bench-13913-2e72e2.out
### output ###
# make: Entering directory '/root/.opam/4.06.1+trunk+bench/.opam-switch/build/async-echo-bench.1.0/async_echo'
# ocamlfind ocamlopt -thread -syntax camlp4o -package async -package bin_prot.syntax -package core -c echo_common.ml
# ocamlfind: Package `bin_prot.syntax' not found
# Makefile:20: recipe for target 'echo_common.cmx' failed
# make: *** [echo_common.cmx] Error 2
# make: Leaving directory '/root/.opam/4.06.1+trunk+bench/.opam-switch/build/async-echo-bench.1.0/async_echo'



<><> Error report <><><><><><><><><><><><><><><><><><><><><><><><><><><><><><><>
┌─ The following actions failed
│ λ build async-echo-bench 1.0
│ λ build async-rpc-bench  1.0
│ λ build chameneos-bench  1.0
│ λ build cohttp-bench     1.0
│ λ build conf-libpcre     1
│ λ build core-micro-bench 1.0
│ λ build thread-bench     1.0
│ λ build yojson-bench     1.0
└─ 
┌─ The following changes have been performed (the rest was aborted)
│ ↻ recompile nbcodec       1.0
│ ↻ recompile nbcodec-bench 1.0
└─ 

The packages you requested declare the following system dependencies. Please make sure they are installed before retrying:
    libpcre3-dev


===== OPAM UPGRADE DONE in 70s =====

+opam config env --switch operf
[WARNING] Running as root is not recommended
[NOTE] To make opam select the switch operf in the current shell, add --set-switch or set OPAMSWITCH
+opam show ocaml-variants --switch 4.06.1+multicore+bench --field source-hash
[WARNING] Running as root is not recommended
+opam config env --switch 4.06.1+multicore+bench
[WARNING] Running as root is not recommended
+opam pin --switch 4.06.1+multicore+bench
[WARNING] Running as root is not recommended
+opam show ocaml-variants --switch 4.06.1+multicore+cas-promotion+bench --field source-hash
[WARNING] Running as root is not recommended
+opam config env --switch 4.06.1+multicore+cas-promotion+bench
[WARNING] Running as root is not recommended
[NOTE] To make opam select the switch 4.06.1+multicore+cas-promotion+bench in the current shell, add --set-switch or set OPAMSWITCH
+opam pin --switch 4.06.1+multicore+cas-promotion+bench
[WARNING] Running as root is not recommended
+opam show ocaml-variants --switch 4.06.1+multicore+xchg-writes+bench --field source-hash
[WARNING] Running as root is not recommended
+opam config env --switch 4.06.1+multicore+xchg-writes+bench
[WARNING] Running as root is not recommended
[NOTE] To make opam select the switch 4.06.1+multicore+xchg-writes+bench in the current shell, add --set-switch or set OPAMSWITCH
+opam pin --switch 4.06.1+multicore+xchg-writes+bench
[WARNING] Running as root is not recommended
+opam show ocaml-variants --switch 4.06.1+trunk+bench --field source-hash
[WARNING] Running as root is not recommended
+opam config env --switch 4.06.1+trunk+bench
[WARNING] Running as root is not recommended
[NOTE] To make opam select the switch 4.06.1+trunk+bench in the current shell, add --set-switch or set OPAMSWITCH
+opam pin --switch 4.06.1+trunk+bench
[WARNING] Running as root is not recommended
wall: cannot get tty name: Inappropriate ioctl for device

=== BENCH START ===
[WARNING] Running as root is not recommended
[WARNING] Running as root is not recommended
[WARNING] Running as root is not recommended
Running benchmarks installed in 4.06.1+multicore+bench...
Running benchmark sequence (compiled with OCaml 4.06.1+multicore+bench)... 6 times.
Running benchmark sequence-cps (compiled with OCaml 4.06.1+multicore+bench)... 5 times.
Running benchmark cpdf-reformat (compiled with OCaml 4.06.1+multicore+bench)... 3 times.
Running benchmark cpdf-squeeze (compiled with OCaml 4.06.1+multicore+bench)... 3 times.
Running benchmark cpdf-merge (compiled with OCaml 4.06.1+multicore+bench)... 4 times.
Running benchmark cpdf-transform (compiled with OCaml 4.06.1+multicore+bench)... 3 times.
Running benchmark almabench (compiled with OCaml 4.06.1+multicore+bench)... 4 times.
[WARNING] Running as root is not recommended
Command return code 1:
  diff -q /root/.opam/4.06.1+multicore+bench/share/almabench-bench/almabench-bench.output /root/.cache/operf/macro/almabench/4.06.1+multicore+bench.output 
Running benchmark kb (compiled with OCaml 4.06.1+multicore+bench)... 9 times.
Running benchmark kb-no-exc (compiled with OCaml 4.06.1+multicore+bench)... 13 times.
Running benchmark bdd (compiled with OCaml 4.06.1+multicore+bench)... 20 times.
Running benchmark numal-k-means (compiled with OCaml 4.06.1+multicore+bench)... 19 times.
Running benchmark numal-simple_access (compiled with OCaml 4.06.1+multicore+bench)... 2 times.
Running benchmark numal-naive-multilayer (compiled with OCaml 4.06.1+multicore+bench)... 4 times.
Running benchmark numal-qr-decomposition (compiled with OCaml 4.06.1+multicore+bench)... 4 times.
Running benchmark numal-rnd_access (compiled with OCaml 4.06.1+multicore+bench)... 2 times.
Running benchmark numal-fft (compiled with OCaml 4.06.1+multicore+bench)... 3 times.
Running benchmark numal-durand-kerner-aberth (compiled with OCaml 4.06.1+multicore+bench)... 48 times.
Running benchmark numal-lu-decomposition (compiled with OCaml 4.06.1+multicore+bench)... 7 times.
Running benchmark numal-levinson-durbin (compiled with OCaml 4.06.1+multicore+bench)... 3 times.
Running benchmark minilight (compiled with OCaml 4.06.1+multicore+bench)... 3 times.
[WARNING] Running as root is not recommended
Running benchmark menhir-standard (compiled with OCaml 4.06.1+multicore+bench)... 278 times.
[WARNING] Running as root is not recommended
Command return code 1:
  diff -q /root/.opam/4.06.1+multicore+bench/share/menhir-bench/yacc-output.ml /root/.opam/4.06.1+multicore+bench/share/menhir-bench/yacc-parser.ml 
Running benchmark menhir-sql (compiled with OCaml 4.06.1+multicore+bench)... 4 times.
Running benchmark menhir-fancy (compiled with OCaml 4.06.1+multicore+bench)... 216 times.
[WARNING] Running as root is not recommended
Command return code 1:
  diff -q /root/.opam/4.06.1+multicore+bench/share/menhir-bench/fancy-output.ml /root/.opam/4.06.1+multicore+bench/share/menhir-bench/fancy-parser.ml 
Running benchmark jsontrip-sample (compiled with OCaml 4.06.1+multicore+bench)... 211 times.
Running benchmark setrip-smallbuf (compiled with OCaml 4.06.1+multicore+bench)... 6 times.
Running benchmark setrip (compiled with OCaml 4.06.1+multicore+bench)... 6 times.
Running benchmark lexifi-g2pp (compiled with OCaml 4.06.1+multicore+bench)... 3 times.
[WARNING] Running as root is not recommended
[WARNING] Running as root is not recommended
[WARNING] Running as root is not recommended
[WARNING] Running as root is not recommended
Running benchmarks installed in 4.06.1+multicore+cas-promotion+bench...
Running benchmark sequence (compiled with OCaml 4.06.1+multicore+cas-promotion+bench)... 6 times.
Running benchmark sequence-cps (compiled with OCaml 4.06.1+multicore+cas-promotion+bench)... 4 times.
Running benchmark cpdf-reformat (compiled with OCaml 4.06.1+multicore+cas-promotion+bench)... 3 times.
Running benchmark cpdf-squeeze (compiled with OCaml 4.06.1+multicore+cas-promotion+bench)... 3 times.
Running benchmark cpdf-merge (compiled with OCaml 4.06.1+multicore+cas-promotion+bench)... 3 times.
Running benchmark cpdf-transform (compiled with OCaml 4.06.1+multicore+cas-promotion+bench)... 3 times.
Running benchmark almabench (compiled with OCaml 4.06.1+multicore+cas-promotion+bench)... 10 times.
[WARNING] Running as root is not recommended
Command return code 1:
  diff -q /root/.opam/4.06.1+multicore+cas-promotion+bench/share/almabench-bench/almabench-bench.output /root/.cache/operf/macro/almabench/4.06.1+multicore+bench.output 
Running benchmark kb (compiled with OCaml 4.06.1+multicore+cas-promotion+bench)... 9 times.
Running benchmark kb-no-exc (compiled with OCaml 4.06.1+multicore+cas-promotion+bench)... 13 times.
Running benchmark bdd (compiled with OCaml 4.06.1+multicore+cas-promotion+bench)... 20 times.
Running benchmark numal-k-means (compiled with OCaml 4.06.1+multicore+cas-promotion+bench)... 19 times.
Running benchmark numal-simple_access (compiled with OCaml 4.06.1+multicore+cas-promotion+bench)... 3 times.
Running benchmark numal-naive-multilayer (compiled with OCaml 4.06.1+multicore+cas-promotion+bench)... 3 times.
Running benchmark numal-qr-decomposition (compiled with OCaml 4.06.1+multicore+cas-promotion+bench)... 4 times.
Running benchmark numal-rnd_access (compiled with OCaml 4.06.1+multicore+cas-promotion+bench)... 2 times.
Running benchmark numal-fft (compiled with OCaml 4.06.1+multicore+cas-promotion+bench)... 3 times.
Running benchmark numal-durand-kerner-aberth (compiled with OCaml 4.06.1+multicore+cas-promotion+bench)... 47 times.
Running benchmark numal-lu-decomposition (compiled with OCaml 4.06.1+multicore+cas-promotion+bench)... 6 times.
Running benchmark numal-levinson-durbin (compiled with OCaml 4.06.1+multicore+cas-promotion+bench)... 3 times.
Running benchmark minilight (compiled with OCaml 4.06.1+multicore+cas-promotion+bench)... 2 times.
[WARNING] Running as root is not recommended
Running benchmark menhir-standard (compiled with OCaml 4.06.1+multicore+cas-promotion+bench)... 277 times.
[WARNING] Running as root is not recommended
Command return code 1:
  diff -q /root/.opam/4.06.1+multicore+cas-promotion+bench/share/menhir-bench/yacc-output.ml /root/.opam/4.06.1+multicore+cas-promotion+bench/share/menhir-bench/yacc-parser.ml 
Running benchmark menhir-sql (compiled with OCaml 4.06.1+multicore+cas-promotion+bench)... 4 times.
Running benchmark menhir-fancy (compiled with OCaml 4.06.1+multicore+cas-promotion+bench)... 213 times.
[WARNING] Running as root is not recommended
Command return code 1:
  diff -q /root/.opam/4.06.1+multicore+cas-promotion+bench/share/menhir-bench/fancy-output.ml /root/.opam/4.06.1+multicore+cas-promotion+bench/share/menhir-bench/fancy-parser.ml 
Running benchmark jsontrip-sample (compiled with OCaml 4.06.1+multicore+cas-promotion+bench)... 210 times.
Running benchmark setrip-smallbuf (compiled with OCaml 4.06.1+multicore+cas-promotion+bench)... 6 times.
Running benchmark setrip (compiled with OCaml 4.06.1+multicore+cas-promotion+bench)... 6 times.
Running benchmark lexifi-g2pp (compiled with OCaml 4.06.1+multicore+cas-promotion+bench)... 2 times.
[WARNING] Running as root is not recommended
[WARNING] Running as root is not recommended
[WARNING] Running as root is not recommended
[WARNING] Running as root is not recommended
Running benchmarks installed in 4.06.1+multicore+xchg-writes+bench...
Running benchmark sequence (compiled with OCaml 4.06.1+multicore+xchg-writes+bench)... 6 times.
Running benchmark sequence-cps (compiled with OCaml 4.06.1+multicore+xchg-writes+bench)... 3 times.
Running benchmark cpdf-reformat (compiled with OCaml 4.06.1+multicore+xchg-writes+bench)... 3 times.
Running benchmark cpdf-squeeze (compiled with OCaml 4.06.1+multicore+xchg-writes+bench)... 3 times.
Running benchmark cpdf-merge (compiled with OCaml 4.06.1+multicore+xchg-writes+bench)... 3 times.
Running benchmark cpdf-transform (compiled with OCaml 4.06.1+multicore+xchg-writes+bench)... 3 times.
Running benchmark almabench (compiled with OCaml 4.06.1+multicore+xchg-writes+bench)... 3 times.
[WARNING] Running as root is not recommended
Command return code 1:
  diff -q /root/.opam/4.06.1+multicore+xchg-writes+bench/share/almabench-bench/almabench-bench.output /root/.cache/operf/macro/almabench/4.06.1+multicore+bench.output 
Running benchmark kb (compiled with OCaml 4.06.1+multicore+xchg-writes+bench)... 9 times.
Running benchmark kb-no-exc (compiled with OCaml 4.06.1+multicore+xchg-writes+bench)... 13 times.
Running benchmark bdd (compiled with OCaml 4.06.1+multicore+xchg-writes+bench)... 20 times.
Running benchmark numal-k-means (compiled with OCaml 4.06.1+multicore+xchg-writes+bench)... 19 times.
Running benchmark numal-simple_access (compiled with OCaml 4.06.1+multicore+xchg-writes+bench)... 2 times.
Running benchmark numal-naive-multilayer (compiled with OCaml 4.06.1+multicore+xchg-writes+bench)... 3 times.
Running benchmark numal-qr-decomposition (compiled with OCaml 4.06.1+multicore+xchg-writes+bench)... 4 times.
Running benchmark numal-rnd_access (compiled with OCaml 4.06.1+multicore+xchg-writes+bench)... 2 times.
Running benchmark numal-fft (compiled with OCaml 4.06.1+multicore+xchg-writes+bench)... 3 times.
Running benchmark numal-durand-kerner-aberth (compiled with OCaml 4.06.1+multicore+xchg-writes+bench)... 47 times.
Running benchmark numal-lu-decomposition (compiled with OCaml 4.06.1+multicore+xchg-writes+bench)... 6 times.
Running benchmark numal-levinson-durbin (compiled with OCaml 4.06.1+multicore+xchg-writes+bench)... 3 times.
Running benchmark minilight (compiled with OCaml 4.06.1+multicore+xchg-writes+bench)... 3 times.
[WARNING] Running as root is not recommended
Running benchmark menhir-standard (compiled with OCaml 4.06.1+multicore+xchg-writes+bench)... 270 times.
[WARNING] Running as root is not recommended
Command return code 1:
  diff -q /root/.opam/4.06.1+multicore+xchg-writes+bench/share/menhir-bench/yacc-output.ml /root/.opam/4.06.1+multicore+xchg-writes+bench/share/menhir-bench/yacc-parser.ml 
Running benchmark menhir-sql (compiled with OCaml 4.06.1+multicore+xchg-writes+bench)... 4 times.
Running benchmark menhir-fancy (compiled with OCaml 4.06.1+multicore+xchg-writes+bench)... 207 times.
[WARNING] Running as root is not recommended
Command return code 1:
  diff -q /root/.opam/4.06.1+multicore+xchg-writes+bench/share/menhir-bench/fancy-output.ml /root/.opam/4.06.1+multicore+xchg-writes+bench/share/menhir-bench/fancy-parser.ml 
Running benchmark jsontrip-sample (compiled with OCaml 4.06.1+multicore+xchg-writes+bench)... 186 times.
Running benchmark setrip-smallbuf (compiled with OCaml 4.06.1+multicore+xchg-writes+bench)... 5 times.
Running benchmark setrip (compiled with OCaml 4.06.1+multicore+xchg-writes+bench)... 4 times.
Running benchmark lexifi-g2pp (compiled with OCaml 4.06.1+multicore+xchg-writes+bench)... 2 times.
[WARNING] Running as root is not recommended
[WARNING] Running as root is not recommended
[WARNING] Running as root is not recommended
[WARNING] Running as root is not recommended
Running benchmarks installed in 4.06.1+trunk+bench...
Running benchmark sequence (compiled with OCaml 4.06.1+trunk+bench)... 6 times.
Running benchmark sequence-cps (compiled with OCaml 4.06.1+trunk+bench)... 6 times.
Skipping core-sequence-cps (No binary at path "/root/.opam/4.06.1+trunk+bench/bin/sequence-cps-bench")
Skipping core-sequence (No binary at path "/root/.opam/4.06.1+trunk+bench/bin/sequence-bench")
Running benchmark cpdf-reformat (compiled with OCaml 4.06.1+trunk+bench)... 3 times.
Running benchmark cpdf-squeeze (compiled with OCaml 4.06.1+trunk+bench)... 2 times.
Running benchmark cpdf-merge (compiled with OCaml 4.06.1+trunk+bench)... 3 times.
Running benchmark cpdf-transform (compiled with OCaml 4.06.1+trunk+bench)... 3 times.
Running benchmark almabench (compiled with OCaml 4.06.1+trunk+bench)... 3 times.
[WARNING] Running as root is not recommended
Command return code 1:
  diff -q /root/.opam/4.06.1+trunk+bench/share/almabench-bench/almabench-bench.output /root/.cache/operf/macro/almabench/4.06.1+multicore+bench.output 
Running benchmark kb (compiled with OCaml 4.06.1+trunk+bench)... 11 times.
Running benchmark kb-no-exc (compiled with OCaml 4.06.1+trunk+bench)... 15 times.
Running benchmark bdd (compiled with OCaml 4.06.1+trunk+bench)... 22 times.
Running benchmark numal-k-means (compiled with OCaml 4.06.1+trunk+bench)... 53 times.
Running benchmark numal-simple_access (compiled with OCaml 4.06.1+trunk+bench)... 3 times.
Running benchmark numal-naive-multilayer (compiled with OCaml 4.06.1+trunk+bench)... 3 times.
Running benchmark numal-qr-decomposition (compiled with OCaml 4.06.1+trunk+bench)... 4 times.
Running benchmark numal-rnd_access (compiled with OCaml 4.06.1+trunk+bench)... 2 times.
Running benchmark numal-fft (compiled with OCaml 4.06.1+trunk+bench)... 3 times.
Running benchmark numal-durand-kerner-aberth (compiled with OCaml 4.06.1+trunk+bench)... 53 times.
Running benchmark numal-lu-decomposition (compiled with OCaml 4.06.1+trunk+bench)... 7 times.
Running benchmark numal-levinson-durbin (compiled with OCaml 4.06.1+trunk+bench)... 3 times.
Running benchmark sauvola-contrast (compiled with OCaml 4.06.1+trunk+bench)... Running benchmark minilight (compiled with OCaml 4.06.1+trunk+bench)... 3 times.
[WARNING] Running as root is not recommended
Running benchmark frama-c-deflate (compiled with OCaml 4.06.1+trunk+bench)... 3 times.
Running benchmark frama-c-idct (compiled with OCaml 4.06.1+trunk+bench)... Running benchmark menhir-standard (compiled with OCaml 4.06.1+trunk+bench)... 515 times.
[WARNING] Running as root is not recommended
Command return code 1:
  diff -q /root/.opam/4.06.1+trunk+bench/share/menhir-bench/yacc-output.ml /root/.opam/4.06.1+trunk+bench/share/menhir-bench/yacc-parser.ml 
Running benchmark menhir-sql (compiled with OCaml 4.06.1+trunk+bench)... 3 times.
Running benchmark menhir-fancy (compiled with OCaml 4.06.1+trunk+bench)... 382 times.
[WARNING] Running as root is not recommended
Command return code 1:
  diff -q /root/.opam/4.06.1+trunk+bench/share/menhir-bench/fancy-output.ml /root/.opam/4.06.1+trunk+bench/share/menhir-bench/fancy-parser.ml 
Running benchmark jsontrip-sample (compiled with OCaml 4.06.1+trunk+bench)... 277 times.
Running benchmark setrip-smallbuf (compiled with OCaml 4.06.1+trunk+bench)... 6 times.
Running benchmark setrip (compiled with OCaml 4.06.1+trunk+bench)... 6 times.
Running benchmark lexifi-g2pp (compiled with OCaml 4.06.1+trunk+bench)... 2 times.
[WARNING] Running as root is not recommended
+opam config exec --switch operf -- operf-macro summarize -b csv
[WARNING] Running as root is not recommended
+opam config exec --switch operf -- operf-macro summarize -b csv --no-normalize -t time_real --switch 4.06.1+multicore+bench
[WARNING] Running as root is not recommended
+opam config exec --switch operf -- operf-macro summarize -b csv --no-normalize -t time_real --switch 4.06.1+multicore+cas-promotion+bench
[WARNING] Running as root is not recommended
+opam config exec --switch operf -- operf-macro summarize -b csv --no-normalize -t time_real --switch 4.06.1+multicore+xchg-writes+bench
[WARNING] Running as root is not recommended
+opam config exec --switch operf -- operf-macro summarize -b csv --no-normalize -t time_real --switch 4.06.1+trunk+bench
[WARNING] Running as root is not recommended
