=== SETTING UP BENCH SWITCHES AT 2019-02-04-0900 ===
+opam update --check benches
[WARNING] Running as root is not recommended

<><> Updating package repositories ><><><><><><><><><><><><><><><><><><><><><><>
[benches] no changes from git+https://github.com/kayceesrk/ocamlbench-repo#multicore
+opam list --no-switch --has-flag compiler --repo=benches --all-versions --short
[WARNING] Running as root is not recommended
++Compilers++
ocaml-variants.4.06.1+multicore
+opam switch list -s
[WARNING] Running as root is not recommended
+opam pin add ocaml-variants 4.06.1+multicore --switch 4.06.1+multicore+bench --yes --no-action
[WARNING] Running as root is not recommended
[NOTE] Pinning unchanged
ocaml-variants is now pinned to version 4.06.1+multicore
+opam switch set-base ocaml-variants --switch 4.06.1+multicore+bench --yes
[WARNING] Running as root is not recommended
+opam pin add ocaml-variants 4.06.1+multicore-lazy --switch 4.06.1+multicore-lazy+bench --yes --no-action
[WARNING] Running as root is not recommended
[NOTE] Pinning unchanged
ocaml-variants is now pinned to version 4.06.1+multicore-lazy
+opam switch set-base ocaml-variants --switch 4.06.1+multicore-lazy+bench --yes
[WARNING] Running as root is not recommended
+opam pin add ocaml-variants 4.06.1+trunk --switch 4.06.1+trunk+bench --yes --no-action
[WARNING] Running as root is not recommended
[NOTE] Pinning unchanged
ocaml-variants is now pinned to version 4.06.1+trunk
+opam switch set-base ocaml-variants --switch 4.06.1+trunk+bench --yes
[WARNING] Running as root is not recommended
+opam pin add ocaml-variants 4.08.0+optim_local_tailcalls --switch 4.08.0+optim_local_tailcalls+bench --yes --no-action
[WARNING] Running as root is not recommended
[NOTE] Pinning unchanged
ocaml-variants is now pinned to version 4.08.0+optim_local_tailcalls
+opam switch set-base ocaml-variants --switch 4.08.0+optim_local_tailcalls+bench --yes
[WARNING] Running as root is not recommended
+opam pin add ocaml-variants 4.08.0+optim_local_tailcalls+flambda --switch 4.08.0+optim_local_tailcalls+flambda+bench --yes --no-action
[WARNING] Running as root is not recommended
[NOTE] Pinning unchanged
ocaml-variants is now pinned to version 4.08.0+optim_local_tailcalls+flambda
+opam switch set-base ocaml-variants --switch 4.08.0+optim_local_tailcalls+flambda+bench --yes
[WARNING] Running as root is not recommended
+opam pin add ocaml-variants 4.08.0+trunk --switch 4.08.0+trunk+bench --yes --no-action
[WARNING] Running as root is not recommended
[NOTE] Pinning unchanged
ocaml-variants is now pinned to version 4.08.0+trunk
+opam switch set-base ocaml-variants --switch 4.08.0+trunk+bench --yes
[WARNING] Running as root is not recommended
+opam pin add ocaml-variants 4.08.0+trunk+flambda --switch 4.08.0+trunk+flambda+bench --yes --no-action
[WARNING] Running as root is not recommended
[NOTE] Pinning unchanged
ocaml-variants is now pinned to version 4.08.0+trunk+flambda
+opam switch set-base ocaml-variants --switch 4.08.0+trunk+flambda+bench --yes
[WARNING] Running as root is not recommended
+opam switch list -s
[WARNING] Running as root is not recommended
+opam remote add multicore https://github.com/ocamllabs/multicore-opam.git#bench --on-switches=4.06.1+multicore+bench,4.06.1+multicore-lazy+bench
[WARNING] Running as root is not recommended
[multicore] synchronised from git+https://github.com/ocamllabs/multicore-opam.git#bench
[NOTE] Repository at git+https://github.com/ocamllabs/multicore-opam.git#bench doesn't define its version, assuming it's 1.2.

<><> Upgrading repositories from older opam format ><><><><><><><><><><><><><><>
Upgrading repository "multicore"...
Updated /root/.opam/repo/multicore/packages/camlpdf/camlpdf.2.2.1+multicore/opam

=== UPGRADING operf-macro at 2019-02-04-0900 ===
+opam update --check --switch operf
[WARNING] Running as root is not recommended

<><> Updating package repositories ><><><><><><><><><><><><><><><><><><><><><><>
[benches] no changes from git+https://github.com/kayceesrk/ocamlbench-repo#multicore
[default] no changes from https://opam.ocaml.org/

<><> Synchronising development packages <><><><><><><><><><><><><><><><><><><><>
[nbcodec.1.0] no changes from git://github.com/dbuenzli/nbcodec
[operf-macro.0.2] no changes from git://github.com/kayceesrk/operf-macro#opam2
[perf.0.1] no changes from git://github.com/kayceesrk/ocaml-perf
[frama-c.20170501] no changes from git+https://github.com/kayceesrk/Frama-C-snapshot
+opam upgrade --check --yes operf-macro --switch operf --json /root/logs/operf/2019-02-04-0900/operf.json
[WARNING] Running as root is not recommended

<><> Synchronising pinned packages ><><><><><><><><><><><><><><><><><><><><><><>
[operf-macro.0.2] no changes from git://github.com/kayceesrk/operf-macro#opam2

+opam list --required-by all-bench --short --column name
[WARNING] Running as root is not recommended
++Benches++
almabench-bench
+opam list --no-switch --short --column name *-bench
[WARNING] Running as root is not recommended
++All Benches++

+opam update --check --dev --switch 4.06.1+multicore+bench
[WARNING] Running as root is not recommended

<><> Synchronising development packages <><><><><><><><><><><><><><><><><><><><>
[kb-bench.1.0] no changes from git+https://github.com/AltGr/ocaml-benchs
[bdd-bench.1.0] no changes from git+https://github.com/AltGr/ocaml-benchs
[almabench-bench.1.0] no changes from git+https://github.com/AltGr/ocaml-benchs
[nbcodec.1.0] no changes from git://github.com/dbuenzli/nbcodec
[ocaml-variants.4.06.1+multicore] no changes from git://github.com/ocamllabs/ocaml-multicore
[lexifi-g2pp-bench.1.0] no changes from git+https://github.com/AltGr/ocaml-benchs
[sequence-bench.1.0] no changes from git+https://github.com/AltGr/ocaml-benchs
+opam update --check --dev --switch 4.06.1+multicore-lazy+bench
[WARNING] Running as root is not recommended

<><> Synchronising development packages <><><><><><><><><><><><><><><><><><><><>
[bdd-bench.1.0] no changes from git+https://github.com/AltGr/ocaml-benchs
[almabench-bench.1.0] no changes from git+https://github.com/AltGr/ocaml-benchs
[kb-bench.1.0] no changes from git+https://github.com/AltGr/ocaml-benchs
[nbcodec.1.0] no changes from git://github.com/dbuenzli/nbcodec
[lexifi-g2pp-bench.1.0] no changes from git+https://github.com/AltGr/ocaml-benchs
[ocaml-variants.4.06.1+multicore-lazy] no changes from git://github.com/ocamllabs/ocaml-multicore#multicore-lazy
[sequence-bench.1.0] no changes from git+https://github.com/AltGr/ocaml-benchs
+opam update --check --dev --switch 4.06.1+trunk+bench
[WARNING] Running as root is not recommended

<><> Synchronising development packages <><><><><><><><><><><><><><><><><><><><>
[almabench-bench.1.0] no changes from git+https://github.com/AltGr/ocaml-benchs
[bdd-bench.1.0] no changes from git+https://github.com/AltGr/ocaml-benchs
[kb-bench.1.0] no changes from git+https://github.com/AltGr/ocaml-benchs
[nbcodec.1.0] no changes from git://github.com/dbuenzli/nbcodec
[lexifi-g2pp-bench.1.0] no changes from git+https://github.com/AltGr/ocaml-benchs
[sequence-bench.1.0] no changes from git+https://github.com/AltGr/ocaml-benchs
[ocaml-variants.4.06.1+trunk] no changes from git://github.com/ocaml/ocaml#81dc8e8
+opam update --check --dev --switch 4.08.0+optim_local_tailcalls+bench
[WARNING] Running as root is not recommended

<><> Synchronising development packages <><><><><><><><><><><><><><><><><><><><>
[kb-bench.1.0] no changes from git+https://github.com/AltGr/ocaml-benchs
[almabench-bench.1.0] no changes from git+https://github.com/AltGr/ocaml-benchs
[bdd-bench.1.0] no changes from git+https://github.com/AltGr/ocaml-benchs
[sequence-bench.1.0] no changes from git+https://github.com/AltGr/ocaml-benchs
[lexifi-g2pp-bench.1.0] no changes from git+https://github.com/AltGr/ocaml-benchs
[ocaml-variants.4.08.0+optim_local_tailcalls] no changes from git://github.com/alainfrisch/ocaml#optim_local_tailcalls
+opam update --check --dev --switch 4.08.0+optim_local_tailcalls+flambda+bench
[WARNING] Running as root is not recommended

<><> Synchronising development packages <><><><><><><><><><><><><><><><><><><><>
[kb-bench.1.0] no changes from git+https://github.com/AltGr/ocaml-benchs
[bdd-bench.1.0] no changes from git+https://github.com/AltGr/ocaml-benchs
[almabench-bench.1.0] no changes from git+https://github.com/AltGr/ocaml-benchs
[lexifi-g2pp-bench.1.0] no changes from git+https://github.com/AltGr/ocaml-benchs
[sequence-bench.1.0] no changes from git+https://github.com/AltGr/ocaml-benchs
[ocaml-variants.4.08.0+optim_local_tailcalls+flambda] no changes from git://github.com/alainfrisch/ocaml#optim_local_tailcalls
+opam update --check --dev --switch 4.08.0+trunk+bench
[WARNING] Running as root is not recommended

<><> Synchronising development packages <><><><><><><><><><><><><><><><><><><><>
[kb-bench.1.0] no changes from git+https://github.com/AltGr/ocaml-benchs
[almabench-bench.1.0] no changes from git+https://github.com/AltGr/ocaml-benchs
[bdd-bench.1.0] no changes from git+https://github.com/AltGr/ocaml-benchs
[lexifi-g2pp-bench.1.0] no changes from git+https://github.com/AltGr/ocaml-benchs
[sequence-bench.1.0] no changes from git+https://github.com/AltGr/ocaml-benchs
[ocaml-variants.4.08.0+trunk] no changes from git://github.com/ocaml/ocaml#trunk
+opam update --check --dev --switch 4.08.0+trunk+flambda+bench
[WARNING] Running as root is not recommended

<><> Synchronising development packages <><><><><><><><><><><><><><><><><><><><>
[kb-bench.1.0] no changes from git+https://github.com/AltGr/ocaml-benchs
[bdd-bench.1.0] no changes from git+https://github.com/AltGr/ocaml-benchs
[almabench-bench.1.0] no changes from git+https://github.com/AltGr/ocaml-benchs
[lexifi-g2pp-bench.1.0] no changes from git+https://github.com/AltGr/ocaml-benchs
[sequence-bench.1.0] no changes from git+https://github.com/AltGr/ocaml-benchs
[ocaml-variants.4.08.0+trunk+flambda] no changes from git://github.com/ocaml/ocaml#trunk

=== UPGRADING SWITCH 4.06.1+multicore+bench ==
+opam remove --yes --switch 4.06.1+multicore+bench
[WARNING] Running as root is not recommended
Nothing to do.
+opam list --base --short --switch 4.06.1+multicore+bench
[WARNING] Running as root is not recommended
+opam pin add dune 1.2.1 --yes --switch 4.06.1+multicore+bench
[WARNING] Running as root is not recommended
[NOTE] Pinning unchanged
dune is now pinned to version 1.2.1

The following actions will be performed:
  ↗ upgrade   ocplib-endian 0.8 to 1.0
  ↗ upgrade   react         1.2.0 to 1.2.1
  ↗ upgrade   uuidm         0.9.5 to 0.9.6
  ↘ downgrade camlpdf       2.2.1+multicore to 1.7.1
  ↘ downgrade cpdf          2.2.1 to 1.7             [uses camlpdf]
  ↻ recompile cpdf-bench    1.0                      [uses cpdf]
===== ↻ 1   ↗ 3   ↘ 2 =====

<><> Gathering sources ><><><><><><><><><><><><><><><><><><><><><><><><><><><><>
[camlpdf.1.7.1] found in cache
[cpdf.1.7] found in cache
[ocplib-endian.1.0] found in cache
[react.1.2.1] found in cache
[uuidm.0.9.6] found in cache

<><> Processing actions <><><><><><><><><><><><><><><><><><><><><><><><><><><><>
⊘ removed   uuidm.0.9.5
∗ installed uuidm.0.9.6
[ERROR] The compilation of camlpdf failed at "/root/.opam/opam-init/hooks/sandbox.sh build make".
⊘ removed   react.1.2.0
∗ installed react.1.2.1
⊘ removed   ocplib-endian.0.8
∗ installed ocplib-endian.1.0

#=== ERROR while compiling camlpdf.1.7.1 ======================================#
# context              2.0.0 | linux/x86_64 |  | https://opam.ocaml.org/#83021a6f
# path                 ~/.opam/4.06.1+multicore+bench/.opam-switch/build/camlpdf.1.7.1
# command              ~/.opam/opam-init/hooks/sandbox.sh build make
# exit-code            2
# env-file             ~/.opam/log/camlpdf-29081-b76d46.env
# output-file          ~/.opam/log/camlpdf-29081-b76d46.out
### output ###
# miniz.c:2440:28: warning: always_inline function might not be inlinable [-Wattributes]
# [...]
# miniz.c:2432:28: warning: always_inline function might not be inlinable [-Wattributes]
#  static MZ_FORCEINLINE void tdefl_record_literal(tdefl_compressor *d, mz_uint8 lit)
#                             ^~~~~~~~~~~~~~~~~~~~
# miniz.c:2230:28: warning: always_inline function might not be inlinable [-Wattributes]
#  static MZ_FORCEINLINE void tdefl_find_match(tdefl_compressor *d, mz_uint lookahead_pos, mz_uint max_dist, mz_uint max_match_len, mz_uint *pMatch_dist, mz_uint *pMatch_len)
#                             ^~~~~~~~~~~~~~~~
# OCamlMakefile:1132: recipe for target 'flatestubs.o' failed
# make[1]: *** [flatestubs.o] Error 2
# make[1]: Leaving directory '/root/.opam/4.06.1+multicore+bench/.opam-switch/build/camlpdf.1.7.1'
# OCamlMakefile:801: recipe for target 'native-code-library' failed
# make: *** [native-code-library] Error 2



<><> Error report <><><><><><><><><><><><><><><><><><><><><><><><><><><><><><><>
┌─ The following actions failed
│ λ build camlpdf 1.7.1
└─ 
┌─ The following changes have been performed (the rest was aborted)
│ ↗ upgrade ocplib-endian 0.8 to 1.0
│ ↗ upgrade react         1.2.0 to 1.2.1
│ ↗ upgrade uuidm         0.9.5 to 0.9.6
└─ 
[NOTE] Pinning command successful, but your installed packages may be out of sync.

The former state can be restored with:
    /usr/local/bin/opam switch import "/root/.opam/4.06.1+multicore+bench/.opam-switch/backup/state-20190204090040.export"
+opam upgrade --ignore-constraints-on=ocaml almabench-bench async-echo-bench async-rpc-bench bdd-bench chameneos-bench cohttp-bench compcert-bench coq-bench core-micro-bench core-sequence-bench cpdf-bench frama-c-bench js_of_ocaml-bench jsonm-bench kb-bench lexifi-g2pp-bench menhir-bench minilight-bench nbcodec-bench numerical-analysis-bench patdiff-bench sauvola-bench sequence-bench thread-bench valet-bench yojson-bench --best-effort --yes --switch 4.06.1+multicore+bench --json /root/logs/operf/2019-02-04-0900/4.06.1+multicore+bench.json --skip-updates
[WARNING] Running as root is not recommended
async-echo-bench, async-rpc-bench, chameneos-bench, cohttp-bench, compcert-bench, coq-bench, core-micro-bench, core-sequence-bench, frama-c-bench, js_of_ocaml-bench, patdiff-bench, sauvola-bench, thread-bench, valet-bench and yojson-bench are not installed. Install them? [Y/n] y
The following actions will be performed:
  ∗ install   ocaml-migrate-parsetree    1.1.0          [required by core_bench, async, lwt, patdiff]
  ↘ downgrade react                      1.2.1 to 1.2.0 [required by valet-bench]
  ∗ install   camlp4                     4.07+1         [required by frama-c, lwt, coq, js_of_ocaml]
  ↘ downgrade ocplib-endian              1.0 to 0.8     [required by valet-bench]
  ↘ downgrade uuidm                      0.9.6 to 0.9.5 [required by valet-bench]
  ∗ install   spawn                      v0.12.0        [required by core]
  ∗ install   yojson-bench               1.0
  ∗ install   pcre                       7.3.4          [required by patdiff]
  ∗ install   conf-gtksourceview         2              [required by frama-c]
  ∗ install   conf-gnomecanvas           2              [required by frama-c]
  ∗ install   ppxlib                     0.5.0          [required by core]
  ∗ install   ppx_tools_versioned        5.2.1          [required by lwt]
  ∗ install   coq                        8.4.6~camlp4   [required by coq-bench]
  ∗ install   lablgtk                    2.18.7         [required by frama-c, camlimages]
  ∗ install   variantslib                v0.11.0        [required by core_kernel]
  ∗ install   ppx_typerep_conv           v0.11.1        [required by ppx_jane]
  ∗ install   ppx_sexp_conv              v0.11.2        [required by cohttp]
  ∗ install   ppx_pipebang               v0.11.0        [required by ppx_jane]
  ∗ install   ppx_optional               v0.11.0        [required by ppx_jane]
  ∗ install   ppx_optcomp                v0.11.0        [required by ppx_jane]
  ∗ install   ppx_let                    v0.11.0        [required by ppx_jane]
  ∗ install   ppx_js_style               v0.11.0        [required by ppx_base]
  ∗ install   ppx_inline_test            v0.11.0        [required by core_kernel]
  ∗ install   ppx_here                   v0.11.0        [required by ppx_assert, ppx_jane]
  ∗ install   ppx_enumerate              v0.11.1        [required by ppx_base]
  ∗ install   ppx_compare                v0.11.1        [required by ppx_assert, bin_prot, ppx_base]
  ∗ install   fieldslib                  v0.11.0        [required by cohttp]
  ∗ install   lwt                        3.3.0          [required by thread-bench, chameneos-bench, cohttp-bench, valet-bench]                 For the PPX, please install package lwt_ppx
                                                                                                                                               For the Camlp4 syntax, please install package lwt_camlp4
                                                                                                                                               For Lwt_log and Lwt_daemon, please install package lwt_log
  ∗ install   coq-bench                  1.0
  ∗ install   ocamlgraph                 1.8.8          [required by frama-c]
  ∗ install   camlimages                 5.0.1          [required by sauvola-bench]
  ∗ install   ppx_variants_conv          v0.11.1        [required by bin_prot, ppx_jane]
  ∗ install   uri                        2.2.0          [required by cohttp]
  ∗ install   ppx_custom_printf          v0.11.0        [required by bin_prot, ppx_jane]
  ∗ install   ppx_bench                  v0.11.0        [required by ppx_jane]
  ∗ install   ppx_sexp_value             v0.11.0        [required by ppx_jane]
  ∗ install   ppx_sexp_message           v0.11.0        [required by core_kernel]
  ∗ install   ppx_fail                   v0.11.0        [required by ppx_jane]
  ∗ install   ppx_hash                   v0.11.1        [required by core_kernel]
  ∗ install   ppx_assert                 v0.11.0        [required by core_kernel, core]
  ∗ install   ppx_fields_conv            v0.11.0        [required by cohttp]
  ∗ install   js_of_ocaml                2.5            [required by js_of_ocaml-bench]
  ∗ install   frama-c                    9.1            [required by frama-c-bench]
  ∗ install   sauvola-bench              1.0
  ∗ install   ppx_base                   v0.11.0        [required by core_kernel, sexp_pretty]
  ∗ install   ppx_expect                 v0.11.1        [required by ppx_jane]
  ∗ install   cohttp                     1.2.0          [required by cohttp-bench]
  ∗ install   bin_prot                   v0.11.0        [required by core_extended]
  ∗ install   js_of_ocaml-bench          1.0
  ∗ install   frama-c-bench              1.0
  ∗ install   sexp_pretty                v0.11.0        [required by expect_test_helpers]
  ∗ install   ppx_bin_prot               v0.11.1        [required by ppx_jane]
  ∗ install   ppx_jane                   v0.11.0        [required by core_bench, async, patdiff]
  ∗ install   splittable_random          v0.11.0        [required by core_kernel]
  ∗ install   core_kernel                v0.11.1        [required by core_extended, patience_diff]
  ∗ install   textutils_kernel           v0.11.0        [required by textutils]
  ∗ install   re2                        v0.11.0        [required by patdiff]
  ∗ install   protocol_version_header    v0.11.0        [required by async_rpc_kernel]
  ∗ install   patience_diff              v0.11.0        [required by patdiff]
  ∗ install   expect_test_helpers_kernel v0.11.0        [required by expect_test_helpers]
  ∗ install   core                       v0.11.3        [required by core-micro-bench, async-echo-bench, async-rpc-bench, core-sequence-bench]
  ∗ install   async_kernel               v0.11.1        [required by async]
  ∗ install   textutils                  v0.11.0        [required by core_bench]
  ∗ install   core-sequence-bench        1.0
  ∗ install   async_unix                 v0.11.0        [required by async]
  ∗ install   async_rpc_kernel           v0.11.0        [required by async_extra]
  ∗ install   core_extended              v0.11.0        [required by core_bench, patdiff]
  ∗ install   async_extra                v0.11.1        [required by async]
  ∗ install   core_bench                 v0.11.0        [required by core-micro-bench]
  ∗ install   async                      v0.11.0        [required by thread-bench, chameneos-bench, async-echo-bench, etc.]
  ∗ install   core-micro-bench           1.0
  ∗ install   valet-bench                1.0
  ∗ install   thread-bench               1.0
  ∗ install   expect_test_helpers        v0.11.0        [required by patdiff]
  ∗ install   cohttp-bench               1.0
  ∗ install   chameneos-bench            1.0
  ∗ install   async-rpc-bench            1.0
  ∗ install   async-echo-bench           1.0
  ∗ install   patdiff                    v0.11.0        [required by patdiff-bench]
  ∗ install   patdiff-bench              1.0
===== ∗ 77   ↘ 3 =====

<><> Gathering sources ><><><><><><><><><><><><><><><><><><><><><><><><><><><><>
[async.v0.11.0] found in cache
[async_extra.v0.11.1] found in cache
[async_kernel.v0.11.1] found in cache
[async_rpc_kernel.v0.11.0] found in cache
[async_unix.v0.11.0] found in cache
[bin_prot.v0.11.0] found in cache
[camlimages.5.0.1] found in cache
[camlp4.4.07+1] found in cache
[async-echo-bench.1.0] synchronised from git+https://github.com/AltGr/ocaml-benchs
[cohttp.1.2.0] found in cache
[async-rpc-bench.1.0] synchronised from git+https://github.com/AltGr/ocaml-benchs
[coq.8.4.6~camlp4] found in cache
[core.v0.11.3] found in cache
[chameneos-bench.1.0] synchronised from git+https://github.com/AltGr/ocaml-benchs
[core_bench.v0.11.0] found in cache
[core_extended.v0.11.0] found in cache
[core_kernel.v0.11.1] found in cache
[expect_test_helpers.v0.11.0] found in cache
[expect_test_helpers_kernel.v0.11.0] found in cache
[fieldslib.v0.11.0] found in cache
[frama-c.9.1] found in cache
[cohttp-bench.1.0] synchronised from git+https://github.com/AltGr/ocaml-benchs
[js_of_ocaml.2.5] found in cache
[lablgtk.2.18.7] found in cache
[lwt.3.3.0] found in cache
[ocaml-migrate-parsetree.1.1.0] found in cache
[ocamlgraph.1.8.8] found in cache
[ocplib-endian.0.8] found in cache
[patdiff.v0.11.0] found in cache
[patience_diff.v0.11.0] found in cache
[core-micro-bench.1.0] synchronised from git+https://github.com/AltGr/ocaml-benchs
[pcre.7.3.4] found in cache
[ppx_assert.v0.11.0] found in cache
[ppx_base.v0.11.0] found in cache
[ppx_bench.v0.11.0] found in cache
[ppx_bin_prot.v0.11.1] found in cache
[ppx_compare.v0.11.1] found in cache
[ppx_custom_printf.v0.11.0] found in cache
[ppx_enumerate.v0.11.1] found in cache
[ppx_expect.v0.11.1] found in cache
[ppx_fail.v0.11.0] found in cache
[ppx_fields_conv.v0.11.0] found in cache
[ppx_hash.v0.11.1] found in cache
[ppx_here.v0.11.0] found in cache
[ppx_inline_test.v0.11.0] found in cache
[ppx_jane.v0.11.0] found in cache
[ppx_js_style.v0.11.0] found in cache
[ppx_let.v0.11.0] found in cache
[ppx_optcomp.v0.11.0] found in cache
[ppx_optional.v0.11.0] found in cache
[ppx_pipebang.v0.11.0] found in cache
[ppx_sexp_conv.v0.11.2] found in cache
[ppx_sexp_message.v0.11.0] found in cache
[ppx_sexp_value.v0.11.0] found in cache
[ppx_tools_versioned.5.2.1] found in cache
[ppx_typerep_conv.v0.11.1] found in cache
[ppx_variants_conv.v0.11.1] found in cache
[ppxlib.0.5.0] found in cache
[protocol_version_header.v0.11.0] found in cache
[re2.v0.11.0] found in cache
[react.1.2.0] found in cache
[sexp_pretty.v0.11.0] found in cache
[spawn.v0.12.0] found in cache
[splittable_random.v0.11.0] found in cache
[textutils.v0.11.0] found in cache
[textutils_kernel.v0.11.0] found in cache
[uri.2.2.0] found in cache
[uuidm.0.9.5] found in cache
[sauvola-bench.1.0] synchronised from git+https://github.com/AltGr/ocaml-benchs
[variantslib.v0.11.0] found in cache
[thread-bench.1.0] synchronised from git+https://github.com/AltGr/ocaml-benchs
[valet-bench.1.0] synchronised from git+https://github.com/AltGr/ocaml-benchs
[yojson-bench.1.0] synchronised from git+https://github.com/AltGr/ocaml-benchs

<><> Processing actions <><><><><><><><><><><><><><><><><><><><><><><><><><><><>
[ERROR] The compilation of camlp4 failed at "/root/.opam/opam-init/hooks/sandbox.sh build ./configure --bindir=/root/.opam/4.06.1+multicore+bench/bin --libdir=/root/.opam/4.06.1+multicore+bench/lib/ocaml --pkgdir=/root/.opam/4.06.1+multicore+bench/lib".
[ERROR] The compilation of conf-gnomecanvas failed at "/root/.opam/opam-init/hooks/sandbox.sh build pkg-config libgnomecanvas-2.0".
[ERROR] The compilation of conf-gtksourceview failed at "/root/.opam/opam-init/hooks/sandbox.sh build pkg-config --short-errors --print-errors gtksourceview-2.0".
[ERROR] The compilation of spawn failed at "/root/.opam/opam-init/hooks/sandbox.sh build jbuilder build -p spawn -j 7".
[ERROR] The compilation of yojson-bench failed at "/root/.opam/opam-init/hooks/sandbox.sh build make -C yojson".
[ERROR] The compilation of pcre failed at "/root/.opam/opam-init/hooks/sandbox.sh build jbuilder build -p pcre -j 7".
[ERROR] The compilation of ocaml-migrate-parsetree failed at "/root/.opam/opam-init/hooks/sandbox.sh build jbuilder build -p ocaml-migrate-parsetree -j 7".
⊘ removed   react.1.2.1
∗ installed react.1.2.0
⊘ removed   ocplib-endian.1.0
∗ installed ocplib-endian.0.8
⊘ removed   uuidm.0.9.6
∗ installed uuidm.0.9.5

#=== ERROR while compiling yojson-bench.1.0 ===================================#
# context              2.0.0 | linux/x86_64 |  | git+https://github.com/kayceesrk/ocamlbench-repo#multicore
# path                 ~/.opam/4.06.1+multicore+bench/.opam-switch/build/yojson-bench.1.0
# command              ~/.opam/opam-init/hooks/sandbox.sh build make -C yojson
# exit-code            2
# env-file             ~/.opam/log/yojson-bench-29936-29d576.env
# output-file          ~/.opam/log/yojson-bench-29936-29d576.out
### output ###
# make: Entering directory '/root/.opam/4.06.1+multicore+bench/.opam-switch/build/yojson-bench.1.0/yojson'
# ocamlfind ocamlopt -I `ocamlfind query yojson` -o ydump_bench -package easy-format,biniou -linkpkg yojson.cmx yojson_biniou.cmx ydump.ml
# gcc: error: /root/.opam/4.06.1+multicore+bench/lib/yojson/yojson_biniou.o: No such file or directory
# gcc: error: /root/.opam/4.06.1+multicore+bench/lib/yojson/yojson.o: No such file or directory
# File "caml_startup", line 1:
# Error: Error during linking
# Makefile:6: recipe for target 'all' failed
# make: *** [all] Error 2
# make: Leaving directory '/root/.opam/4.06.1+multicore+bench/.opam-switch/build/yojson-bench.1.0/yojson'


#=== ERROR while compiling spawn.v0.12.0 ======================================#
# context              2.0.0 | linux/x86_64 |  | https://opam.ocaml.org/#83021a6f
# path                 ~/.opam/4.06.1+multicore+bench/.opam-switch/build/spawn.v0.12.0
# command              ~/.opam/opam-init/hooks/sandbox.sh build jbuilder build -p spawn -j 7
# exit-code            1
# env-file             ~/.opam/log/spawn-29936-02fbc4.env
# output-file          ~/.opam/log/spawn-29936-02fbc4.out
### output ###
# [...]
# (cd _build/default/src && /root/.opam/4.06.1+multicore+bench/bin/ocamlc.opt -g -I /root/.opam/4.06.1+multicore+bench/lib/ocaml/threads -ccopt -g -o spawn_stubs.o spawn_stubs.c)
# spawn_stubs.c: In function ‘spawn_pipe’:
# spawn_stubs.c:88:17: error: lvalue required as left operand of assignment
#    Field(res, 0) = Val_int(fd[0]);
#                  ^
# spawn_stubs.c:89:17: error: lvalue required as left operand of assignment
#    Field(res, 1) = Val_int(fd[1]);
#                  ^
# spawn_stubs.c: In function ‘subprocess_failure’:
# spawn_stubs.c:158:3: warning: ignoring return value of ‘write’, declared with attribute warn_unused_result [-Wunused-result]
#    write(failure_fd, &failure, sizeof(failure));
#    ^~~~~~~~~~~~~~~~~~~~~~~~~~~~~~~~~~~~~~~~~~~~


#=== ERROR while compiling pcre.7.3.4 =========================================#
# context              2.0.0 | linux/x86_64 |  | https://opam.ocaml.org/#83021a6f
# path                 ~/.opam/4.06.1+multicore+bench/.opam-switch/build/pcre.7.3.4
# command              ~/.opam/opam-init/hooks/sandbox.sh build jbuilder build -p pcre -j 7
# exit-code            1
# env-file             ~/.opam/log/pcre-29936-8edb65.env
# output-file          ~/.opam/log/pcre-29936-8edb65.out
### output ###
#     ocamlopt src/config/discover.exe (exit 2)
# (cd _build/default && /root/.opam/4.06.1+multicore+bench/bin/ocamlopt.opt -w -40 -w -9 -strict-sequence -principal -short-paths -g -o src/config/discover.exe -I /root/.opam/4.06.1+multicore+bench/lib/base -I /root/.opam/4.06.1+multicore+bench/lib/base/caml -I /root/.opam/4.06.1+multicore+bench/lib/base/shadow_stdlib -I /root/.opam/4.06.1+multicore+bench/lib/configurator -I /root/.opam/4.06.1+[...]
# /root/.opam/4.06.1+multicore+bench/lib/base/libbase_stubs.a(exn_stubs.o): In function `Base_clear_caml_backtrace_pos':
# /root/.opam/4.06.1+multicore+bench/.opam-switch/build/base.v0.11.1/_build/default/src/exn_stubs.c:6: undefined reference to `caml_backtrace_pos'
# collect2: error: ld returned 1 exit status
# File "caml_startup", line 1:
# Error: Error during linking


#=== ERROR while compiling ocaml-migrate-parsetree.1.1.0 ======================#
# context              2.0.0 | linux/x86_64 |  | https://opam.ocaml.org/#83021a6f
# path                 ~/.opam/4.06.1+multicore+bench/.opam-switch/build/ocaml-migrate-parsetree.1.1.0
# command              ~/.opam/opam-init/hooks/sandbox.sh build jbuilder build -p ocaml-migrate-parsetree -j 7
# exit-code            1
# env-file             ~/.opam/log/ocaml-migrate-parsetree-29936-ebead7.env
# output-file          ~/.opam/log/ocaml-migrate-parsetree-29936-ebead7.out
### output ###
#       ocamlc src/.migrate_parsetree.objs/ast_406.{cmi,cmo,cmt} (exit 2)
# (cd _build/default && /root/.opam/4.06.1+multicore+bench/bin/ocamlc.opt -w -40 -open Result -g -bin-annot -I src/.migrate_parsetree.objs -I src/.migrate_parsetree.objs/.private -I /root/.opam/4.06.1+multicore+bench/lib/ocaml/compiler-libs -I /root/.opam/4.06.1+multicore+bench/lib/result -no-alias-deps -o src/.migrate_parsetree.objs/ast_406.cmo -c -impl src/ast_406.pp.ml)
# File "src/ast_406.ml", line 237, characters 2-1773:
# Error: This variant or record definition does not match that of type
#          Parsetree.pattern_desc
#        Fields number 17 have different names, Ppat_effect and Ppat_extension.


#=== ERROR while compiling conf-gtksourceview.2 ===============================#
# context              2.0.0 | linux/x86_64 |  | https://opam.ocaml.org/#83021a6f
# path                 ~/.opam/4.06.1+multicore+bench/.opam-switch/build/conf-gtksourceview.2
# command              ~/.opam/opam-init/hooks/sandbox.sh build pkg-config --short-errors --print-errors gtksourceview-2.0
# exit-code            1
# env-file             ~/.opam/log/conf-gtksourceview-29936-b406db.env
# output-file          ~/.opam/log/conf-gtksourceview-29936-b406db.out
### output ###
# No package 'gtksourceview-2.0' found


#=== ERROR while compiling conf-gnomecanvas.2 =================================#
# context              2.0.0 | linux/x86_64 |  | https://opam.ocaml.org/#83021a6f
# path                 ~/.opam/4.06.1+multicore+bench/.opam-switch/build/conf-gnomecanvas.2
# command              ~/.opam/opam-init/hooks/sandbox.sh build pkg-config libgnomecanvas-2.0
# exit-code            1
# env-file             ~/.opam/log/conf-gnomecanvas-29936-4b2cf1.env
# output-file          ~/.opam/log/conf-gnomecanvas-29936-4b2cf1.out


#=== ERROR while compiling camlp4.4.07+1 ======================================#
# context              2.0.0 | linux/x86_64 |  | https://opam.ocaml.org/#83021a6f
# path                 ~/.opam/4.06.1+multicore+bench/.opam-switch/build/camlp4.4.07+1
# command              ~/.opam/opam-init/hooks/sandbox.sh build ./configure --bindir=/root/.opam/4.06.1+multicore+bench/bin --libdir=/root/.opam/4.06.1+multicore+bench/lib/ocaml --pkgdir=/root/.opam/4.06.1+multicore+bench/lib
# exit-code            2
# env-file             ~/.opam/log/camlp4-29936-51cb9c.env
# output-file          ~/.opam/log/camlp4-29936-51cb9c.out
### output ###
# This version of Camlp4 is for OCaml 4.07 but you are using OCaml 4.06.1+multicore-dev0.



<><> Error report <><><><><><><><><><><><><><><><><><><><><><><><><><><><><><><>
┌─ The following actions failed
│ λ build camlp4                  4.07+1
│ λ build conf-gnomecanvas        2
│ λ build conf-gtksourceview      2
│ λ build ocaml-migrate-parsetree 1.1.0
│ λ build pcre                    7.3.4
│ λ build spawn                   v0.12.0
│ λ build yojson-bench            1.0
└─ 
┌─ The following changes have been performed (the rest was aborted)
│ ↘ downgrade ocplib-endian 1.0 to 0.8
│ ↘ downgrade react         1.2.1 to 1.2.0
│ ↘ downgrade uuidm         0.9.6 to 0.9.5
└─ 

The packages you requested declare the following system dependencies. Please make sure they are installed before retrying:
    libgnomecanvas2-dev libgtksourceview2.0-dev


The former state can be restored with:
    /usr/local/bin/opam switch import "/root/.opam/4.06.1+multicore+bench/.opam-switch/backup/state-20190204090046.export"

=== UPGRADING SWITCH 4.06.1+multicore-lazy+bench ==
+opam remove --yes --switch 4.06.1+multicore-lazy+bench
[WARNING] Running as root is not recommended
Nothing to do.
+opam list --base --short --switch 4.06.1+multicore-lazy+bench
[WARNING] Running as root is not recommended
+opam pin add dune 1.2.1 --yes --switch 4.06.1+multicore-lazy+bench
[WARNING] Running as root is not recommended
[NOTE] Pinning unchanged
dune is now pinned to version 1.2.1

The following actions will be performed:
  ↗ upgrade   ocplib-endian 0.8 to 1.0
  ↗ upgrade   react         1.2.0 to 1.2.1
  ↗ upgrade   uuidm         0.9.5 to 0.9.6
  ↘ downgrade camlpdf       2.2.1+multicore to 1.7.1
  ↘ downgrade cpdf          2.2.1 to 1.7             [uses camlpdf]
  ↻ recompile cpdf-bench    1.0                      [uses cpdf]
===== ↻ 1   ↗ 3   ↘ 2 =====

<><> Gathering sources ><><><><><><><><><><><><><><><><><><><><><><><><><><><><>
[camlpdf.1.7.1] found in cache
[cpdf.1.7] found in cache
[ocplib-endian.1.0] found in cache
[react.1.2.1] found in cache
[uuidm.0.9.6] found in cache

<><> Processing actions <><><><><><><><><><><><><><><><><><><><><><><><><><><><>
⊘ removed   uuidm.0.9.5
∗ installed uuidm.0.9.6
[ERROR] The compilation of camlpdf failed at "/root/.opam/opam-init/hooks/sandbox.sh build make".
⊘ removed   react.1.2.0
∗ installed react.1.2.1
⊘ removed   ocplib-endian.0.8
∗ installed ocplib-endian.1.0

#=== ERROR while compiling camlpdf.1.7.1 ======================================#
# context              2.0.0 | linux/x86_64 |  | https://opam.ocaml.org/#83021a6f
# path                 ~/.opam/4.06.1+multicore-lazy+bench/.opam-switch/build/camlpdf.1.7.1
# command              ~/.opam/opam-init/hooks/sandbox.sh build make
# exit-code            2
# env-file             ~/.opam/log/camlpdf-31475-b76d46.env
# output-file          ~/.opam/log/camlpdf-31475-b76d46.out
### output ###
# miniz.c:2440:28: warning: always_inline function might not be inlinable [-Wattributes]
# [...]
# miniz.c:2432:28: warning: always_inline function might not be inlinable [-Wattributes]
#  static MZ_FORCEINLINE void tdefl_record_literal(tdefl_compressor *d, mz_uint8 lit)
#                             ^~~~~~~~~~~~~~~~~~~~
# miniz.c:2230:28: warning: always_inline function might not be inlinable [-Wattributes]
#  static MZ_FORCEINLINE void tdefl_find_match(tdefl_compressor *d, mz_uint lookahead_pos, mz_uint max_dist, mz_uint max_match_len, mz_uint *pMatch_dist, mz_uint *pMatch_len)
#                             ^~~~~~~~~~~~~~~~
# OCamlMakefile:1132: recipe for target 'flatestubs.o' failed
# make[1]: *** [flatestubs.o] Error 2
# make[1]: Leaving directory '/root/.opam/4.06.1+multicore-lazy+bench/.opam-switch/build/camlpdf.1.7.1'
# OCamlMakefile:801: recipe for target 'native-code-library' failed
# make: *** [native-code-library] Error 2



<><> Error report <><><><><><><><><><><><><><><><><><><><><><><><><><><><><><><>
┌─ The following actions failed
│ λ build camlpdf 1.7.1
└─ 
┌─ The following changes have been performed (the rest was aborted)
│ ↗ upgrade ocplib-endian 0.8 to 1.0
│ ↗ upgrade react         1.2.0 to 1.2.1
│ ↗ upgrade uuidm         0.9.5 to 0.9.6
└─ 
[NOTE] Pinning command successful, but your installed packages may be out of sync.

The former state can be restored with:
    /usr/local/bin/opam switch import "/root/.opam/4.06.1+multicore-lazy+bench/.opam-switch/backup/state-20190204090115.export"
+opam upgrade --ignore-constraints-on=ocaml almabench-bench async-echo-bench async-rpc-bench bdd-bench chameneos-bench cohttp-bench compcert-bench coq-bench core-micro-bench core-sequence-bench cpdf-bench frama-c-bench js_of_ocaml-bench jsonm-bench kb-bench lexifi-g2pp-bench menhir-bench minilight-bench nbcodec-bench numerical-analysis-bench patdiff-bench sauvola-bench sequence-bench thread-bench valet-bench yojson-bench --best-effort --yes --switch 4.06.1+multicore-lazy+bench --json /root/logs/operf/2019-02-04-0900/4.06.1+multicore-lazy+bench.json --skip-updates
[WARNING] Running as root is not recommended
async-echo-bench, async-rpc-bench, chameneos-bench, cohttp-bench, compcert-bench, coq-bench, core-micro-bench, core-sequence-bench, frama-c-bench, js_of_ocaml-bench, patdiff-bench, sauvola-bench, thread-bench, valet-bench and yojson-bench are not installed. Install them? [Y/n] y
The following actions will be performed:
  ∗ install   ocaml-migrate-parsetree    1.1.0          [required by core_bench, async, lwt, patdiff]
  ↘ downgrade react                      1.2.1 to 1.2.0 [required by valet-bench]
  ∗ install   camlp4                     4.07+1         [required by frama-c, lwt, coq, js_of_ocaml]
  ↘ downgrade ocplib-endian              1.0 to 0.8     [required by valet-bench]
  ↘ downgrade uuidm                      0.9.6 to 0.9.5 [required by valet-bench]
  ∗ install   spawn                      v0.12.0        [required by core]
  ∗ install   yojson-bench               1.0
  ∗ install   pcre                       7.3.4          [required by patdiff]
  ∗ install   conf-gtksourceview         2              [required by frama-c]
  ∗ install   conf-gnomecanvas           2              [required by frama-c]
  ∗ install   ppxlib                     0.5.0          [required by core]
  ∗ install   ppx_tools_versioned        5.2.1          [required by lwt]
  ∗ install   coq                        8.4.6~camlp4   [required by coq-bench]
  ∗ install   lablgtk                    2.18.7         [required by frama-c, camlimages]
  ∗ install   variantslib                v0.11.0        [required by core_kernel]
  ∗ install   ppx_typerep_conv           v0.11.1        [required by ppx_jane]
  ∗ install   ppx_sexp_conv              v0.11.2        [required by cohttp]
  ∗ install   ppx_pipebang               v0.11.0        [required by ppx_jane]
  ∗ install   ppx_optional               v0.11.0        [required by ppx_jane]
  ∗ install   ppx_optcomp                v0.11.0        [required by ppx_jane]
  ∗ install   ppx_let                    v0.11.0        [required by ppx_jane]
  ∗ install   ppx_js_style               v0.11.0        [required by ppx_base]
  ∗ install   ppx_inline_test            v0.11.0        [required by core_kernel]
  ∗ install   ppx_here                   v0.11.0        [required by ppx_assert, ppx_jane]
  ∗ install   ppx_enumerate              v0.11.1        [required by ppx_base]
  ∗ install   ppx_compare                v0.11.1        [required by ppx_assert, bin_prot, ppx_base]
  ∗ install   fieldslib                  v0.11.0        [required by cohttp]
  ∗ install   lwt                        3.3.0          [required by thread-bench, chameneos-bench, cohttp-bench, valet-bench]                 For the PPX, please install package lwt_ppx
                                                                                                                                               For the Camlp4 syntax, please install package lwt_camlp4
                                                                                                                                               For Lwt_log and Lwt_daemon, please install package lwt_log
  ∗ install   coq-bench                  1.0
  ∗ install   ocamlgraph                 1.8.8          [required by frama-c]
  ∗ install   camlimages                 5.0.1          [required by sauvola-bench]
  ∗ install   ppx_variants_conv          v0.11.1        [required by bin_prot, ppx_jane]
  ∗ install   uri                        2.2.0          [required by cohttp]
  ∗ install   ppx_custom_printf          v0.11.0        [required by bin_prot, ppx_jane]
  ∗ install   ppx_bench                  v0.11.0        [required by ppx_jane]
  ∗ install   ppx_sexp_value             v0.11.0        [required by ppx_jane]
  ∗ install   ppx_sexp_message           v0.11.0        [required by core_kernel]
  ∗ install   ppx_fail                   v0.11.0        [required by ppx_jane]
  ∗ install   ppx_hash                   v0.11.1        [required by core_kernel]
  ∗ install   ppx_assert                 v0.11.0        [required by core_kernel, core]
  ∗ install   ppx_fields_conv            v0.11.0        [required by cohttp]
  ∗ install   js_of_ocaml                2.5            [required by js_of_ocaml-bench]
  ∗ install   frama-c                    9.1            [required by frama-c-bench]
  ∗ install   sauvola-bench              1.0
  ∗ install   ppx_base                   v0.11.0        [required by core_kernel, sexp_pretty]
  ∗ install   ppx_expect                 v0.11.1        [required by ppx_jane]
  ∗ install   cohttp                     1.2.0          [required by cohttp-bench]
  ∗ install   bin_prot                   v0.11.0        [required by core_extended]
  ∗ install   js_of_ocaml-bench          1.0
  ∗ install   frama-c-bench              1.0
  ∗ install   sexp_pretty                v0.11.0        [required by expect_test_helpers]
  ∗ install   ppx_bin_prot               v0.11.1        [required by ppx_jane]
  ∗ install   ppx_jane                   v0.11.0        [required by core_bench, async, patdiff]
  ∗ install   splittable_random          v0.11.0        [required by core_kernel]
  ∗ install   core_kernel                v0.11.1        [required by core_extended, patience_diff]
  ∗ install   textutils_kernel           v0.11.0        [required by textutils]
  ∗ install   re2                        v0.11.0        [required by patdiff]
  ∗ install   protocol_version_header    v0.11.0        [required by async_rpc_kernel]
  ∗ install   patience_diff              v0.11.0        [required by patdiff]
  ∗ install   expect_test_helpers_kernel v0.11.0        [required by expect_test_helpers]
  ∗ install   core                       v0.11.3        [required by core-micro-bench, async-echo-bench, async-rpc-bench, core-sequence-bench]
  ∗ install   async_kernel               v0.11.1        [required by async]
  ∗ install   textutils                  v0.11.0        [required by core_bench]
  ∗ install   core-sequence-bench        1.0
  ∗ install   async_unix                 v0.11.0        [required by async]
  ∗ install   async_rpc_kernel           v0.11.0        [required by async_extra]
  ∗ install   core_extended              v0.11.0        [required by core_bench, patdiff]
  ∗ install   async_extra                v0.11.1        [required by async]
  ∗ install   core_bench                 v0.11.0        [required by core-micro-bench]
  ∗ install   async                      v0.11.0        [required by thread-bench, chameneos-bench, async-echo-bench, etc.]
  ∗ install   core-micro-bench           1.0
  ∗ install   valet-bench                1.0
  ∗ install   thread-bench               1.0
  ∗ install   expect_test_helpers        v0.11.0        [required by patdiff]
  ∗ install   cohttp-bench               1.0
  ∗ install   chameneos-bench            1.0
  ∗ install   async-rpc-bench            1.0
  ∗ install   async-echo-bench           1.0
  ∗ install   patdiff                    v0.11.0        [required by patdiff-bench]
  ∗ install   patdiff-bench              1.0
===== ∗ 77   ↘ 3 =====

<><> Gathering sources ><><><><><><><><><><><><><><><><><><><><><><><><><><><><>
[async.v0.11.0] found in cache
[async_extra.v0.11.1] found in cache
[async_kernel.v0.11.1] found in cache
[async_rpc_kernel.v0.11.0] found in cache
[async_unix.v0.11.0] found in cache
[bin_prot.v0.11.0] found in cache
[camlimages.5.0.1] found in cache
[camlp4.4.07+1] found in cache
[async-echo-bench.1.0] synchronised from git+https://github.com/AltGr/ocaml-benchs
[cohttp.1.2.0] found in cache
[async-rpc-bench.1.0] synchronised from git+https://github.com/AltGr/ocaml-benchs
[coq.8.4.6~camlp4] found in cache
[core.v0.11.3] found in cache
[chameneos-bench.1.0] synchronised from git+https://github.com/AltGr/ocaml-benchs
[core_bench.v0.11.0] found in cache
[core_extended.v0.11.0] found in cache
[cohttp-bench.1.0] synchronised from git+https://github.com/AltGr/ocaml-benchs
[core_kernel.v0.11.1] found in cache
[expect_test_helpers.v0.11.0] found in cache
[expect_test_helpers_kernel.v0.11.0] found in cache
[fieldslib.v0.11.0] found in cache
[frama-c.9.1] found in cache
[js_of_ocaml.2.5] found in cache
[lablgtk.2.18.7] found in cache
[lwt.3.3.0] found in cache
[ocaml-migrate-parsetree.1.1.0] found in cache
[ocamlgraph.1.8.8] found in cache
[ocplib-endian.0.8] found in cache
[patdiff.v0.11.0] found in cache
[core-micro-bench.1.0] synchronised from git+https://github.com/AltGr/ocaml-benchs
[patience_diff.v0.11.0] found in cache
[pcre.7.3.4] found in cache
[ppx_assert.v0.11.0] found in cache
[ppx_base.v0.11.0] found in cache
[ppx_bench.v0.11.0] found in cache
[ppx_bin_prot.v0.11.1] found in cache
[ppx_compare.v0.11.1] found in cache
[ppx_custom_printf.v0.11.0] found in cache
[ppx_enumerate.v0.11.1] found in cache
[ppx_expect.v0.11.1] found in cache
[ppx_fail.v0.11.0] found in cache
[ppx_fields_conv.v0.11.0] found in cache
[ppx_hash.v0.11.1] found in cache
[ppx_here.v0.11.0] found in cache
[ppx_inline_test.v0.11.0] found in cache
[ppx_jane.v0.11.0] found in cache
[ppx_js_style.v0.11.0] found in cache
[ppx_let.v0.11.0] found in cache
[ppx_optcomp.v0.11.0] found in cache
[ppx_optional.v0.11.0] found in cache
[ppx_pipebang.v0.11.0] found in cache
[ppx_sexp_conv.v0.11.2] found in cache
[ppx_sexp_message.v0.11.0] found in cache
[ppx_sexp_value.v0.11.0] found in cache
[ppx_tools_versioned.5.2.1] found in cache
[ppx_typerep_conv.v0.11.1] found in cache
[ppx_variants_conv.v0.11.1] found in cache
[ppxlib.0.5.0] found in cache
[protocol_version_header.v0.11.0] found in cache
[re2.v0.11.0] found in cache
[react.1.2.0] found in cache
[sexp_pretty.v0.11.0] found in cache
[spawn.v0.12.0] found in cache
[splittable_random.v0.11.0] found in cache
[textutils.v0.11.0] found in cache
[textutils_kernel.v0.11.0] found in cache
[uri.2.2.0] found in cache
[uuidm.0.9.5] found in cache
[sauvola-bench.1.0] synchronised from git+https://github.com/AltGr/ocaml-benchs
[variantslib.v0.11.0] found in cache
[thread-bench.1.0] synchronised from git+https://github.com/AltGr/ocaml-benchs
[valet-bench.1.0] synchronised from git+https://github.com/AltGr/ocaml-benchs
[yojson-bench.1.0] synchronised from git+https://github.com/AltGr/ocaml-benchs

<><> Processing actions <><><><><><><><><><><><><><><><><><><><><><><><><><><><>
[ERROR] The compilation of camlp4 failed at "/root/.opam/opam-init/hooks/sandbox.sh build ./configure --bindir=/root/.opam/4.06.1+multicore-lazy+bench/bin --libdir=/root/.opam/4.06.1+multicore-lazy+bench/lib/ocaml --pkgdir=/root/.opam/4.06.1+multicore-lazy+bench/lib".
[ERROR] The compilation of conf-gnomecanvas failed at "/root/.opam/opam-init/hooks/sandbox.sh build pkg-config libgnomecanvas-2.0".
[ERROR] The compilation of conf-gtksourceview failed at "/root/.opam/opam-init/hooks/sandbox.sh build pkg-config --short-errors --print-errors gtksourceview-2.0".
[ERROR] The compilation of spawn failed at "/root/.opam/opam-init/hooks/sandbox.sh build jbuilder build -p spawn -j 7".
[ERROR] The compilation of pcre failed at "/root/.opam/opam-init/hooks/sandbox.sh build jbuilder build -p pcre -j 7".
[ERROR] The compilation of yojson-bench failed at "/root/.opam/opam-init/hooks/sandbox.sh build make -C yojson".
⊘ removed   react.1.2.1
∗ installed react.1.2.0
[ERROR] The compilation of ocaml-migrate-parsetree failed at "/root/.opam/opam-init/hooks/sandbox.sh build jbuilder build -p ocaml-migrate-parsetree -j 7".
⊘ removed   ocplib-endian.1.0
⊘ removed   uuidm.0.9.6
∗ installed ocplib-endian.0.8
∗ installed uuidm.0.9.5

#=== ERROR while compiling yojson-bench.1.0 ===================================#
# context              2.0.0 | linux/x86_64 |  | git+https://github.com/kayceesrk/ocamlbench-repo#multicore
# path                 ~/.opam/4.06.1+multicore-lazy+bench/.opam-switch/build/yojson-bench.1.0
# command              ~/.opam/opam-init/hooks/sandbox.sh build make -C yojson
# exit-code            2
# env-file             ~/.opam/log/yojson-bench-32333-29d576.env
# output-file          ~/.opam/log/yojson-bench-32333-29d576.out
### output ###
# make: Entering directory '/root/.opam/4.06.1+multicore-lazy+bench/.opam-switch/build/yojson-bench.1.0/yojson'
# ocamlfind ocamlopt -I `ocamlfind query yojson` -o ydump_bench -package easy-format,biniou -linkpkg yojson.cmx yojson_biniou.cmx ydump.ml
# gcc: error: /root/.opam/4.06.1+multicore-lazy+bench/lib/yojson/yojson_biniou.o: No such file or directory
# gcc: error: /root/.opam/4.06.1+multicore-lazy+bench/lib/yojson/yojson.o: No such file or directory
# File "caml_startup", line 1:
# Error: Error during linking
# Makefile:6: recipe for target 'all' failed
# make: *** [all] Error 2
# make: Leaving directory '/root/.opam/4.06.1+multicore-lazy+bench/.opam-switch/build/yojson-bench.1.0/yojson'


#=== ERROR while compiling spawn.v0.12.0 ======================================#
# context              2.0.0 | linux/x86_64 |  | https://opam.ocaml.org/#83021a6f
# path                 ~/.opam/4.06.1+multicore-lazy+bench/.opam-switch/build/spawn.v0.12.0
# command              ~/.opam/opam-init/hooks/sandbox.sh build jbuilder build -p spawn -j 7
# exit-code            1
# env-file             ~/.opam/log/spawn-32333-02fbc4.env
# output-file          ~/.opam/log/spawn-32333-02fbc4.out
### output ###
# [...]
# (cd _build/default/src && /root/.opam/4.06.1+multicore-lazy+bench/bin/ocamlc.opt -g -I /root/.opam/4.06.1+multicore-lazy+bench/lib/ocaml/threads -ccopt -g -o spawn_stubs.o spawn_stubs.c)
# spawn_stubs.c: In function ‘spawn_pipe’:
# spawn_stubs.c:88:17: error: lvalue required as left operand of assignment
#    Field(res, 0) = Val_int(fd[0]);
#                  ^
# spawn_stubs.c:89:17: error: lvalue required as left operand of assignment
#    Field(res, 1) = Val_int(fd[1]);
#                  ^
# spawn_stubs.c: In function ‘subprocess_failure’:
# spawn_stubs.c:158:3: warning: ignoring return value of ‘write’, declared with attribute warn_unused_result [-Wunused-result]
#    write(failure_fd, &failure, sizeof(failure));
#    ^~~~~~~~~~~~~~~~~~~~~~~~~~~~~~~~~~~~~~~~~~~~


#=== ERROR while compiling pcre.7.3.4 =========================================#
# context              2.0.0 | linux/x86_64 |  | https://opam.ocaml.org/#83021a6f
# path                 ~/.opam/4.06.1+multicore-lazy+bench/.opam-switch/build/pcre.7.3.4
# command              ~/.opam/opam-init/hooks/sandbox.sh build jbuilder build -p pcre -j 7
# exit-code            1
# env-file             ~/.opam/log/pcre-32333-8edb65.env
# output-file          ~/.opam/log/pcre-32333-8edb65.out
### output ###
#     ocamlopt src/config/discover.exe (exit 2)
# (cd _build/default && /root/.opam/4.06.1+multicore-lazy+bench/bin/ocamlopt.opt -w -40 -w -9 -strict-sequence -principal -short-paths -g -o src/config/discover.exe -I /root/.opam/4.06.1+multicore-lazy+bench/lib/base -I /root/.opam/4.06.1+multicore-lazy+bench/lib/base/caml -I /root/.opam/4.06.1+multicore-lazy+bench/lib/base/shadow_stdlib -I /root/.opam/4.06.1+multicore-lazy+bench/lib/configurat[...]
# /root/.opam/4.06.1+multicore-lazy+bench/lib/base/libbase_stubs.a(exn_stubs.o): In function `Base_clear_caml_backtrace_pos':
# /root/.opam/4.06.1+multicore-lazy+bench/.opam-switch/build/base.v0.11.1/_build/default/src/exn_stubs.c:6: undefined reference to `caml_backtrace_pos'
# collect2: error: ld returned 1 exit status
# File "caml_startup", line 1:
# Error: Error during linking


#=== ERROR while compiling ocaml-migrate-parsetree.1.1.0 ======================#
# context              2.0.0 | linux/x86_64 |  | https://opam.ocaml.org/#83021a6f
# path                 ~/.opam/4.06.1+multicore-lazy+bench/.opam-switch/build/ocaml-migrate-parsetree.1.1.0
# command              ~/.opam/opam-init/hooks/sandbox.sh build jbuilder build -p ocaml-migrate-parsetree -j 7
# exit-code            1
# env-file             ~/.opam/log/ocaml-migrate-parsetree-32333-ebead7.env
# output-file          ~/.opam/log/ocaml-migrate-parsetree-32333-ebead7.out
### output ###
#       ocamlc src/.migrate_parsetree.objs/ast_406.{cmi,cmo,cmt} (exit 2)
# (cd _build/default && /root/.opam/4.06.1+multicore-lazy+bench/bin/ocamlc.opt -w -40 -open Result -g -bin-annot -I src/.migrate_parsetree.objs -I src/.migrate_parsetree.objs/.private -I /root/.opam/4.06.1+multicore-lazy+bench/lib/ocaml/compiler-libs -I /root/.opam/4.06.1+multicore-lazy+bench/lib/result -no-alias-deps -o src/.migrate_parsetree.objs/ast_406.cmo -c -impl src/ast_406.pp.ml)
# File "src/ast_406.ml", line 237, characters 2-1773:
# Error: This variant or record definition does not match that of type
#          Parsetree.pattern_desc
#        Fields number 17 have different names, Ppat_effect and Ppat_extension.


#=== ERROR while compiling conf-gtksourceview.2 ===============================#
# context              2.0.0 | linux/x86_64 |  | https://opam.ocaml.org/#83021a6f
# path                 ~/.opam/4.06.1+multicore-lazy+bench/.opam-switch/build/conf-gtksourceview.2
# command              ~/.opam/opam-init/hooks/sandbox.sh build pkg-config --short-errors --print-errors gtksourceview-2.0
# exit-code            1
# env-file             ~/.opam/log/conf-gtksourceview-32333-b406db.env
# output-file          ~/.opam/log/conf-gtksourceview-32333-b406db.out
### output ###
# No package 'gtksourceview-2.0' found


#=== ERROR while compiling conf-gnomecanvas.2 =================================#
# context              2.0.0 | linux/x86_64 |  | https://opam.ocaml.org/#83021a6f
# path                 ~/.opam/4.06.1+multicore-lazy+bench/.opam-switch/build/conf-gnomecanvas.2
# command              ~/.opam/opam-init/hooks/sandbox.sh build pkg-config libgnomecanvas-2.0
# exit-code            1
# env-file             ~/.opam/log/conf-gnomecanvas-32333-4b2cf1.env
# output-file          ~/.opam/log/conf-gnomecanvas-32333-4b2cf1.out


#=== ERROR while compiling camlp4.4.07+1 ======================================#
# context              2.0.0 | linux/x86_64 |  | https://opam.ocaml.org/#83021a6f
# path                 ~/.opam/4.06.1+multicore-lazy+bench/.opam-switch/build/camlp4.4.07+1
# command              ~/.opam/opam-init/hooks/sandbox.sh build ./configure --bindir=/root/.opam/4.06.1+multicore-lazy+bench/bin --libdir=/root/.opam/4.06.1+multicore-lazy+bench/lib/ocaml --pkgdir=/root/.opam/4.06.1+multicore-lazy+bench/lib
# exit-code            2
# env-file             ~/.opam/log/camlp4-32333-51cb9c.env
# output-file          ~/.opam/log/camlp4-32333-51cb9c.out
### output ###
# This version of Camlp4 is for OCaml 4.07 but you are using OCaml 4.06.1+multicore-dev0.



<><> Error report <><><><><><><><><><><><><><><><><><><><><><><><><><><><><><><>
┌─ The following actions failed
│ λ build camlp4                  4.07+1
│ λ build conf-gnomecanvas        2
│ λ build conf-gtksourceview      2
│ λ build ocaml-migrate-parsetree 1.1.0
│ λ build pcre                    7.3.4
│ λ build spawn                   v0.12.0
│ λ build yojson-bench            1.0
└─ 
┌─ The following changes have been performed (the rest was aborted)
│ ↘ downgrade ocplib-endian 1.0 to 0.8
│ ↘ downgrade react         1.2.1 to 1.2.0
│ ↘ downgrade uuidm         0.9.6 to 0.9.5
└─ 

The packages you requested declare the following system dependencies. Please make sure they are installed before retrying:
    libgnomecanvas2-dev libgtksourceview2.0-dev


The former state can be restored with:
    /usr/local/bin/opam switch import "/root/.opam/4.06.1+multicore-lazy+bench/.opam-switch/backup/state-20190204090121.export"

=== UPGRADING SWITCH 4.06.1+trunk+bench ==
+opam remove --yes --switch 4.06.1+trunk+bench
[WARNING] Running as root is not recommended
Nothing to do.
+opam list --base --short --switch 4.06.1+trunk+bench
[WARNING] Running as root is not recommended
+opam pin add dune 1.2.1 --yes --switch 4.06.1+trunk+bench
[WARNING] Running as root is not recommended
[NOTE] Pinning unchanged
dune is now pinned to version 1.2.1

The following actions will be performed:
  ↗ upgrade   ocplib-endian 0.8 to 1.0
  ↘ downgrade camlpdf       2.2.1 to 1.7.1
  ↗ upgrade   react         1.2.0 to 1.2.1
  ↗ upgrade   uuidm         0.9.5 to 0.9.6
  ↘ downgrade cpdf          2.2.1 to 1.7   [uses camlpdf]
  ↻ recompile cpdf-bench    1.0            [uses cpdf]
===== ↻ 1   ↗ 3   ↘ 2 =====

<><> Gathering sources ><><><><><><><><><><><><><><><><><><><><><><><><><><><><>
[camlpdf.1.7.1] found in cache
[cpdf.1.7] found in cache
[ocplib-endian.1.0] found in cache
[react.1.2.1] found in cache
[uuidm.0.9.6] found in cache

<><> Processing actions <><><><><><><><><><><><><><><><><><><><><><><><><><><><>
[ERROR] The compilation of camlpdf failed at "/root/.opam/opam-init/hooks/sandbox.sh build make".
⊘ removed   uuidm.0.9.5
∗ installed uuidm.0.9.6
⊘ removed   react.1.2.0
∗ installed react.1.2.1
⊘ removed   ocplib-endian.0.8
∗ installed ocplib-endian.1.0

#=== ERROR while compiling camlpdf.1.7.1 ======================================#
# context              2.0.0 | linux/x86_64 |  | https://opam.ocaml.org/#83021a6f
# path                 ~/.opam/4.06.1+trunk+bench/.opam-switch/build/camlpdf.1.7.1
# command              ~/.opam/opam-init/hooks/sandbox.sh build make
# exit-code            2
# env-file             ~/.opam/log/camlpdf-1447-b76d46.env
# output-file          ~/.opam/log/camlpdf-1447-b76d46.out
### output ###
# miniz.c:2440:28: warning: always_inline function might not be inlinable [-Wattributes]
# [...]
# miniz.c:2432:28: warning: always_inline function might not be inlinable [-Wattributes]
#  static MZ_FORCEINLINE void tdefl_record_literal(tdefl_compressor *d, mz_uint8 lit)
#                             ^~~~~~~~~~~~~~~~~~~~
# miniz.c:2230:28: warning: always_inline function might not be inlinable [-Wattributes]
#  static MZ_FORCEINLINE void tdefl_find_match(tdefl_compressor *d, mz_uint lookahead_pos, mz_uint max_dist, mz_uint max_match_len, mz_uint *pMatch_dist, mz_uint *pMatch_len)
#                             ^~~~~~~~~~~~~~~~
# OCamlMakefile:1132: recipe for target 'flatestubs.o' failed
# make[1]: *** [flatestubs.o] Error 2
# make[1]: Leaving directory '/root/.opam/4.06.1+trunk+bench/.opam-switch/build/camlpdf.1.7.1'
# OCamlMakefile:801: recipe for target 'native-code-library' failed
# make: *** [native-code-library] Error 2



<><> Error report <><><><><><><><><><><><><><><><><><><><><><><><><><><><><><><>
┌─ The following actions failed
│ λ build camlpdf 1.7.1
└─ 
┌─ The following changes have been performed (the rest was aborted)
│ ↗ upgrade ocplib-endian 0.8 to 1.0
│ ↗ upgrade react         1.2.0 to 1.2.1
│ ↗ upgrade uuidm         0.9.5 to 0.9.6
└─ 
[NOTE] Pinning command successful, but your installed packages may be out of sync.

The former state can be restored with:
    /usr/local/bin/opam switch import "/root/.opam/4.06.1+trunk+bench/.opam-switch/backup/state-20190204090150.export"
+opam upgrade --ignore-constraints-on=ocaml almabench-bench async-echo-bench async-rpc-bench bdd-bench chameneos-bench cohttp-bench compcert-bench coq-bench core-micro-bench core-sequence-bench cpdf-bench frama-c-bench js_of_ocaml-bench jsonm-bench kb-bench lexifi-g2pp-bench menhir-bench minilight-bench nbcodec-bench numerical-analysis-bench patdiff-bench sauvola-bench sequence-bench thread-bench valet-bench yojson-bench --best-effort --yes --switch 4.06.1+trunk+bench --json /root/logs/operf/2019-02-04-0900/4.06.1+trunk+bench.json --skip-updates
[WARNING] Running as root is not recommended
async-echo-bench, async-rpc-bench, chameneos-bench, cohttp-bench, compcert-bench, coq-bench, core-micro-bench, frama-c-bench, js_of_ocaml-bench, sauvola-bench, thread-bench, valet-bench and yojson-bench are not installed. Install them? [Y/n] y
The following actions will be performed:
  ∗ install   async-echo-bench   1.0
  ∗ install   conf-gtksourceview 2              [required by frama-c]
  ↘ downgrade react              1.2.1 to 1.2.0 [required by valet-bench]
  ∗ install   async-rpc-bench    1.0
  ∗ install   camlp4             4.07+1         [required by frama-c, lwt, coq, js_of_ocaml]
  ∗ install   yojson-bench       1.0
  ↘ downgrade ocplib-endian      1.0 to 0.8     [required by valet-bench]
  ∗ install   core-micro-bench   1.0
  ↘ downgrade uuidm              0.9.6 to 0.9.5 [required by valet-bench]
  ∗ install   conf-gnomecanvas   2              [required by frama-c]
  ∗ install   lwt                3.3.0          [required by thread-bench, chameneos-bench, cohttp-bench, valet-bench] For the PPX, please install package lwt_ppx
                                                                                                                       For the Camlp4 syntax, please install package lwt_camlp4
                                                                                                                       For Lwt_log and Lwt_daemon, please install package lwt_log
  ∗ install   coq                8.4.6~camlp4   [required by coq-bench]
  ∗ install   lablgtk            2.18.7         [required by frama-c, camlimages]
  ∗ install   valet-bench        1.0
  ∗ install   thread-bench       1.0
  ∗ install   js_of_ocaml        2.5            [required by js_of_ocaml-bench]
  ∗ install   cohttp-bench       1.0
  ∗ install   chameneos-bench    1.0
  ∗ install   coq-bench          1.0
  ∗ install   ocamlgraph         1.8.8          [required by frama-c]
  ∗ install   camlimages         5.0.1          [required by sauvola-bench]
  ∗ install   js_of_ocaml-bench  1.0
  ∗ install   frama-c            9.1            [required by frama-c-bench]
  ∗ install   sauvola-bench      1.0
  ∗ install   frama-c-bench      1.0
===== ∗ 22   ↘ 3 =====

<><> Gathering sources ><><><><><><><><><><><><><><><><><><><><><><><><><><><><>
[camlimages.5.0.1] found in cache
[camlp4.4.07+1] found in cache
[async-rpc-bench.1.0] synchronised from git+https://github.com/AltGr/ocaml-benchs
[async-echo-bench.1.0] synchronised from git+https://github.com/AltGr/ocaml-benchs
[coq.8.4.6~camlp4] found in cache
[chameneos-bench.1.0] synchronised from git+https://github.com/AltGr/ocaml-benchs
[frama-c.9.1] found in cache
[js_of_ocaml.2.5] found in cache
[lablgtk.2.18.7] found in cache
[lwt.3.3.0] found in cache
[ocamlgraph.1.8.8] found in cache
[ocplib-endian.0.8] found in cache
[react.1.2.0] found in cache
[cohttp-bench.1.0] synchronised from git+https://github.com/AltGr/ocaml-benchs
[core-micro-bench.1.0] synchronised from git+https://github.com/AltGr/ocaml-benchs
[uuidm.0.9.5] found in cache
[thread-bench.1.0] synchronised from git+https://github.com/AltGr/ocaml-benchs
[sauvola-bench.1.0] synchronised from git+https://github.com/AltGr/ocaml-benchs
[valet-bench.1.0] synchronised from git+https://github.com/AltGr/ocaml-benchs
[yojson-bench.1.0] synchronised from git+https://github.com/AltGr/ocaml-benchs

<><> Processing actions <><><><><><><><><><><><><><><><><><><><><><><><><><><><>
[ERROR] The compilation of async-echo-bench failed at "/root/.opam/opam-init/hooks/sandbox.sh build make -C async_echo".
[ERROR] The compilation of async-rpc-bench failed at "/root/.opam/opam-init/hooks/sandbox.sh build make -C async_rpc".
[ERROR] The compilation of camlp4 failed at "/root/.opam/opam-init/hooks/sandbox.sh build ./configure --bindir=/root/.opam/4.06.1+trunk+bench/bin --libdir=/root/.opam/4.06.1+trunk+bench/lib/ocaml --pkgdir=/root/.opam/4.06.1+trunk+bench/lib".
[ERROR] The compilation of conf-gnomecanvas failed at "/root/.opam/opam-init/hooks/sandbox.sh build pkg-config libgnomecanvas-2.0".
[ERROR] The compilation of conf-gtksourceview failed at "/root/.opam/opam-init/hooks/sandbox.sh build pkg-config --short-errors --print-errors gtksourceview-2.0".
[ERROR] The compilation of core-micro-bench failed at "/root/.opam/opam-init/hooks/sandbox.sh build make -C core_micro".
[ERROR] The compilation of yojson-bench failed at "/root/.opam/opam-init/hooks/sandbox.sh build make -C yojson".
⊘ removed   react.1.2.1
∗ installed react.1.2.0
⊘ removed   ocplib-endian.1.0
∗ installed ocplib-endian.0.8
⊘ removed   uuidm.0.9.6
∗ installed uuidm.0.9.5

#=== ERROR while compiling yojson-bench.1.0 ===================================#
# context              2.0.0 | linux/x86_64 |  | git+https://github.com/kayceesrk/ocamlbench-repo#multicore
# path                 ~/.opam/4.06.1+trunk+bench/.opam-switch/build/yojson-bench.1.0
# command              ~/.opam/opam-init/hooks/sandbox.sh build make -C yojson
# exit-code            2
# env-file             ~/.opam/log/yojson-bench-2302-ea5034.env
# output-file          ~/.opam/log/yojson-bench-2302-ea5034.out
### output ###
# make: Entering directory '/root/.opam/4.06.1+trunk+bench/.opam-switch/build/yojson-bench.1.0/yojson'
# ocamlfind ocamlopt -I `ocamlfind query yojson` -o ydump_bench -package easy-format,biniou -linkpkg yojson.cmx yojson_biniou.cmx ydump.ml
# gcc: error: /root/.opam/4.06.1+trunk+bench/lib/yojson/yojson_biniou.o: No such file or directory
# gcc: error: /root/.opam/4.06.1+trunk+bench/lib/yojson/yojson.o: No such file or directory
# File "caml_startup", line 1:
# Error: Error during linking
# Makefile:6: recipe for target 'all' failed
# make: *** [all] Error 2
# make: Leaving directory '/root/.opam/4.06.1+trunk+bench/.opam-switch/build/yojson-bench.1.0/yojson'


#=== ERROR while compiling core-micro-bench.1.0 ===============================#
# context              2.0.0 | linux/x86_64 |  | git+https://github.com/kayceesrk/ocamlbench-repo#multicore
# path                 ~/.opam/4.06.1+trunk+bench/.opam-switch/build/core-micro-bench.1.0
# command              ~/.opam/opam-init/hooks/sandbox.sh build make -C core_micro
# exit-code            2
# env-file             ~/.opam/log/core-micro-bench-2302-98d1f9.env
# output-file          ~/.opam/log/core-micro-bench-2302-98d1f9.out
### output ###
# [...]
# ocamlfind ocamldep -package str -package core -package core_bench.inline_benchmarks -modules runner.ml > runner.ml.depends
# ocamlfind ocamlc -c -thread -package str -package core -package core_bench.inline_benchmarks -o runner.cmo runner.ml
# + ocamlfind ocamlc -c -thread -package str -package core -package core_bench.inline_benchmarks -o runner.cmo runner.ml
# File "runner.ml", line 1, characters 5-13:
# Warning 3: deprecated: module Core.Std
# [since 2017-02] Use Core. The Std sub-module is no longer needed
# File "runner.ml", line 3, characters 15-55:
# Error: Unbound module Pa_bench_lib
# Command exited with code 2.
# Makefile:4: recipe for target 'all' failed
# make: *** [all] Error 10
# make: Leaving directory '/root/.opam/4.06.1+trunk+bench/.opam-switch/build/core-micro-bench.1.0/core_micro'


#=== ERROR while compiling conf-gtksourceview.2 ===============================#
# context              2.0.0 | linux/x86_64 |  | https://opam.ocaml.org/#83021a6f
# path                 ~/.opam/4.06.1+trunk+bench/.opam-switch/build/conf-gtksourceview.2
# command              ~/.opam/opam-init/hooks/sandbox.sh build pkg-config --short-errors --print-errors gtksourceview-2.0
# exit-code            1
# env-file             ~/.opam/log/conf-gtksourceview-2302-a08ad8.env
# output-file          ~/.opam/log/conf-gtksourceview-2302-a08ad8.out
### output ###
# No package 'gtksourceview-2.0' found


#=== ERROR while compiling conf-gnomecanvas.2 =================================#
# context              2.0.0 | linux/x86_64 |  | https://opam.ocaml.org/#83021a6f
# path                 ~/.opam/4.06.1+trunk+bench/.opam-switch/build/conf-gnomecanvas.2
# command              ~/.opam/opam-init/hooks/sandbox.sh build pkg-config libgnomecanvas-2.0
# exit-code            1
# env-file             ~/.opam/log/conf-gnomecanvas-2302-27656f.env
# output-file          ~/.opam/log/conf-gnomecanvas-2302-27656f.out


#=== ERROR while compiling camlp4.4.07+1 ======================================#
# context              2.0.0 | linux/x86_64 |  | https://opam.ocaml.org/#83021a6f
# path                 ~/.opam/4.06.1+trunk+bench/.opam-switch/build/camlp4.4.07+1
# command              ~/.opam/opam-init/hooks/sandbox.sh build ./configure --bindir=/root/.opam/4.06.1+trunk+bench/bin --libdir=/root/.opam/4.06.1+trunk+bench/lib/ocaml --pkgdir=/root/.opam/4.06.1+trunk+bench/lib
# exit-code            2
# env-file             ~/.opam/log/camlp4-2302-0d0df3.env
# output-file          ~/.opam/log/camlp4-2302-0d0df3.out
### output ###
# This version of Camlp4 is for OCaml 4.07 but you are using OCaml 4.06.1.


#=== ERROR while compiling async-rpc-bench.1.0 ================================#
# context              2.0.0 | linux/x86_64 |  | git+https://github.com/kayceesrk/ocamlbench-repo#multicore
# path                 ~/.opam/4.06.1+trunk+bench/.opam-switch/build/async-rpc-bench.1.0
# command              ~/.opam/opam-init/hooks/sandbox.sh build make -C async_rpc
# exit-code            2
# env-file             ~/.opam/log/async-rpc-bench-2302-7230b3.env
# output-file          ~/.opam/log/async-rpc-bench-2302-7230b3.out
### output ###
# make: Entering directory '/root/.opam/4.06.1+trunk+bench/.opam-switch/build/async-rpc-bench.1.0/async_rpc'
# ocamlfind ocamlopt -thread -syntax camlp4o -package async -package bin_prot.syntax -package core -c rpc_common.ml
# ocamlfind: Package `bin_prot.syntax' not found
# Makefile:12: recipe for target 'rpc_common.cmx' failed
# make: *** [rpc_common.cmx] Error 2
# make: Leaving directory '/root/.opam/4.06.1+trunk+bench/.opam-switch/build/async-rpc-bench.1.0/async_rpc'


#=== ERROR while compiling async-echo-bench.1.0 ===============================#
# context              2.0.0 | linux/x86_64 |  | git+https://github.com/kayceesrk/ocamlbench-repo#multicore
# path                 ~/.opam/4.06.1+trunk+bench/.opam-switch/build/async-echo-bench.1.0
# command              ~/.opam/opam-init/hooks/sandbox.sh build make -C async_echo
# exit-code            2
# env-file             ~/.opam/log/async-echo-bench-2302-39e0b1.env
# output-file          ~/.opam/log/async-echo-bench-2302-39e0b1.out
### output ###
# make: Entering directory '/root/.opam/4.06.1+trunk+bench/.opam-switch/build/async-echo-bench.1.0/async_echo'
# ocamlfind ocamlopt -thread -syntax camlp4o -package async -package bin_prot.syntax -package core -c echo_common.ml
# ocamlfind: Package `bin_prot.syntax' not found
# Makefile:20: recipe for target 'echo_common.cmx' failed
# make: *** [echo_common.cmx] Error 2
# make: Leaving directory '/root/.opam/4.06.1+trunk+bench/.opam-switch/build/async-echo-bench.1.0/async_echo'



<><> Error report <><><><><><><><><><><><><><><><><><><><><><><><><><><><><><><>
┌─ The following actions failed
│ λ build async-echo-bench   1.0
│ λ build async-rpc-bench    1.0
│ λ build camlp4             4.07+1
│ λ build conf-gnomecanvas   2
│ λ build conf-gtksourceview 2
│ λ build core-micro-bench   1.0
│ λ build yojson-bench       1.0
└─ 
┌─ The following changes have been performed (the rest was aborted)
│ ↘ downgrade ocplib-endian 1.0 to 0.8
│ ↘ downgrade react         1.2.1 to 1.2.0
│ ↘ downgrade uuidm         0.9.6 to 0.9.5
└─ 

The packages you requested declare the following system dependencies. Please make sure they are installed before retrying:
    libgnomecanvas2-dev libgtksourceview2.0-dev


The former state can be restored with:
    /usr/local/bin/opam switch import "/root/.opam/4.06.1+trunk+bench/.opam-switch/backup/state-20190204090155.export"

=== UPGRADING SWITCH 4.08.0+optim_local_tailcalls+bench ==
+opam remove --yes --switch 4.08.0+optim_local_tailcalls+bench
[WARNING] Running as root is not recommended
Nothing to do.
+opam list --base --short --switch 4.08.0+optim_local_tailcalls+bench
[WARNING] Running as root is not recommended
+opam pin add dune 1.2.1 --yes --switch 4.08.0+optim_local_tailcalls+bench
[WARNING] Running as root is not recommended
[NOTE] Pinning unchanged
dune is now pinned to version 1.2.1

The following actions will be performed:
  ↘ downgrade camlpdf    2.2.1 to 1.7.1
  ∗ install   dune       1.2.1*
  ↘ downgrade cpdf       2.2.1 to 1.7   [uses camlpdf]
  ↻ recompile cpdf-bench 1.0            [uses cpdf]
===== ∗ 1   ↻ 1   ↘ 2 =====

<><> Gathering sources ><><><><><><><><><><><><><><><><><><><><><><><><><><><><>
[camlpdf.1.7.1] found in cache
[cpdf.1.7] found in cache

<><> Processing actions <><><><><><><><><><><><><><><><><><><><><><><><><><><><>
[ERROR] The compilation of camlpdf failed at "/root/.opam/opam-init/hooks/sandbox.sh build make".
[ERROR] The compilation of dune failed at "/root/.opam/opam-init/hooks/sandbox.sh build ocaml bootstrap.ml".

#=== ERROR while compiling dune.1.2.1 =========================================#
# context              2.0.0 | linux/x86_64 |  | pinned(https://github.com/ocaml/dune/releases/download/1.2.1/dune-1.2.1.tbz)
# path                 ~/.opam/4.08.0+optim_local_tailcalls+bench/.opam-switch/build/dune.1.2.1
# command              ~/.opam/opam-init/hooks/sandbox.sh build ocaml bootstrap.ml
# exit-code            2
# env-file             ~/.opam/log/dune-3175-d8a4ae.env
# output-file          ~/.opam/log/dune-3175-d8a4ae.out
### output ###
# Use Stdlib instead.
# [...]
# If you need to stay compatible with OCaml < 4.07, you can use the 
# stdlib-shims library: https://github.com/ocaml/stdlib-shims
# File "src/stdune/caml/result.mli", line 6, characters 7-17:
# Alert deprecated: module Stdlib.Pervasives
# Use Stdlib instead.
# 
# If you need to stay compatible with OCaml < 4.07, you can use the 
# stdlib-shims library: https://github.com/ocaml/stdlib-shims
# File "src/stdune/list.ml", line 3, characters 0-18:
# Error: Multiple definition of the type name t.
#        Names must be unique in a given structure or signature.


#=== ERROR while compiling camlpdf.1.7.1 ======================================#
# context              2.0.0 | linux/x86_64 |  | https://opam.ocaml.org/#83021a6f
# path                 ~/.opam/4.08.0+optim_local_tailcalls+bench/.opam-switch/build/camlpdf.1.7.1
# command              ~/.opam/opam-init/hooks/sandbox.sh build make
# exit-code            2
# env-file             ~/.opam/log/camlpdf-3175-c61e7b.env
# output-file          ~/.opam/log/camlpdf-3175-c61e7b.out
### output ###
# miniz.c:2440:28: warning: always_inline function might not be inlinable [-Wattributes]
# [...]
# miniz.c:2432:28: warning: always_inline function might not be inlinable [-Wattributes]
#  static MZ_FORCEINLINE void tdefl_record_literal(tdefl_compressor *d, mz_uint8 lit)
#                             ^~~~~~~~~~~~~~~~~~~~
# miniz.c:2230:28: warning: always_inline function might not be inlinable [-Wattributes]
#  static MZ_FORCEINLINE void tdefl_find_match(tdefl_compressor *d, mz_uint lookahead_pos, mz_uint max_dist, mz_uint max_match_len, mz_uint *pMatch_dist, mz_uint *pMatch_len)
#                             ^~~~~~~~~~~~~~~~
# OCamlMakefile:1132: recipe for target 'flatestubs.o' failed
# make[1]: *** [flatestubs.o] Error 2
# make[1]: Leaving directory '/root/.opam/4.08.0+optim_local_tailcalls+bench/.opam-switch/build/camlpdf.1.7.1'
# OCamlMakefile:801: recipe for target 'native-code-library' failed
# make: *** [native-code-library] Error 2



<><> Error report <><><><><><><><><><><><><><><><><><><><><><><><><><><><><><><>
┌─ The following actions failed
│ λ build camlpdf 1.7.1
│ λ build dune    1.2.1
└─ 
╶─ No changes have been performed
[NOTE] Pinning command successful, but your installed packages may be out of sync.
+opam upgrade --ignore-constraints-on=ocaml almabench-bench async-echo-bench async-rpc-bench bdd-bench chameneos-bench cohttp-bench compcert-bench coq-bench core-micro-bench core-sequence-bench cpdf-bench frama-c-bench js_of_ocaml-bench jsonm-bench kb-bench lexifi-g2pp-bench menhir-bench minilight-bench nbcodec-bench numerical-analysis-bench patdiff-bench sauvola-bench sequence-bench thread-bench valet-bench yojson-bench --best-effort --yes --switch 4.08.0+optim_local_tailcalls+bench --json /root/logs/operf/2019-02-04-0900/4.08.0+optim_local_tailcalls+bench.json --skip-updates
[WARNING] Running as root is not recommended
async-echo-bench, async-rpc-bench, chameneos-bench, cohttp-bench, compcert-bench, coq-bench, core-micro-bench, core-sequence-bench, frama-c-bench, js_of_ocaml-bench, jsonm-bench, menhir-bench, nbcodec-bench, patdiff-bench, sauvola-bench, thread-bench, valet-bench and yojson-bench are not installed. Install them? [Y/n] y
The following actions will be performed:
  ∗ install cmdliner                   1.0.3        [required by js_of_ocaml]
  ∗ install ocamlbuild                 0.12.0       [required by react, nbcodec, coq, etc.]
  ∗ install conf-gtksourceview         2            [required by frama-c]
  ∗ install conf-gnomecanvas           2            [required by frama-c]
  ∗ install dune                       1.2.1*       [required by cohttp, yojson]
  ∗ install uuidm                      0.9.5        [required by valet-bench]
  ∗ install uchar                      0.0.2        [required by jsonm]
  ∗ install react                      1.2.0        [required by valet-bench]
  ∗ install nbcodec                    1.0          [required by nbcodec-bench]
  ∗ install menhir                     20181113     [required by menhir-bench]
  ∗ install camlp4                     4.07+1       [required by frama-c, lwt, coq, js_of_ocaml]
  ∗ install lablgtk                    2.18.7       [required by frama-c, camlimages]
  ∗ install jbuilder                   transition   [required by patdiff, lwt, async, etc.]
  ∗ install base64                     2.3.0        [required by cohttp]
  ∗ install nbcodec-bench              1.0
  ∗ install menhir-bench               1.0
  ∗ install coq                        8.4.6~camlp4 [required by coq-bench]
  ∗ install ocamlgraph                 1.8.8        [required by frama-c]
  ∗ install stringext                  1.5.0        [required by cohttp]
  ∗ install spawn                      v0.12.0      [required by core]
  ∗ install sexplib0                   v0.11.0      [required by cohttp]
  ∗ install result                     1.3          [required by lwt]
  ∗ install re                         1.8.0        [required by cohttp, core_bench]
  ∗ install ppx_derivers               1.0          [required by ppxlib]
  ∗ install octavius                   1.2.0        [required by ppx_js_style]
  ∗ install ocaml-compiler-libs        v0.11.0      [required by ppxlib]
  ∗ install jane-street-headers        v0.11.0      [required by core_kernel]
  ∗ install easy-format                1.3.1        [required by yojson]
  ∗ install cppo                       1.6.5        [required by ocplib-endian, lwt, camlimages, yojson]
  ∗ install coq-bench                  1.0
  ∗ install frama-c                    9.1          [required by frama-c-bench]
  ∗ install parsexp                    v0.11.0      [required by sexplib]
  ∗ install base                       v0.11.1      [required by pcre]
  ∗ install topkg                      1.0.0        [required by jsonm]
  ∗ install ocaml-migrate-parsetree    1.1.0        [required by core_bench, async, lwt, patdiff]
  ∗ install biniou                     1.2.0        [required by yojson]
  ∗ install ocplib-endian              0.8          [required by valet-bench]
  ∗ install frama-c-bench              1.0
  ∗ install sexplib                    v0.11.0      [required by patdiff]
  ∗ install typerep                    v0.11.0      [required by core_kernel]
  ∗ install stdio                      v0.11.0      [required by pcre]
  ∗ install uutf                       1.0.1        [required by jsonm]
  ∗ install ppx_tools_versioned        5.2.1        [required by lwt]
  ∗ install yojson                     1.6.0        [required by yojson-bench]
  ∗ install ppxlib                     0.5.0        [required by core]
  ∗ install configurator               v0.11.0      [required by camlimages]
  ∗ install jsonm                      1.0.1        [required by jsonm-bench]
  ∗ install lwt                        3.3.0        [required by thread-bench, chameneos-bench, cohttp-bench, valet-bench]                 For the PPX, please install package lwt_ppx
                                                                                                                                           For the Camlp4 syntax, please install package lwt_camlp4
                                                                                                                                           For Lwt_log and Lwt_daemon, please install package lwt_log
  ∗ install yojson-bench               1.0
  ∗ install variantslib                v0.11.0      [required by core_kernel]
  ∗ install ppx_typerep_conv           v0.11.1      [required by ppx_jane]
  ∗ install ppx_sexp_conv              v0.11.2      [required by cohttp]
  ∗ install ppx_pipebang               v0.11.0      [required by ppx_jane]
  ∗ install ppx_optional               v0.11.0      [required by ppx_jane]
  ∗ install ppx_optcomp                v0.11.0      [required by ppx_jane]
  ∗ install ppx_let                    v0.11.0      [required by ppx_jane]
  ∗ install ppx_js_style               v0.11.0      [required by ppx_base]
  ∗ install ppx_inline_test            v0.11.0      [required by core_kernel]
  ∗ install ppx_here                   v0.11.0      [required by ppx_assert, ppx_jane]
  ∗ install ppx_enumerate              v0.11.1      [required by ppx_base]
  ∗ install ppx_compare                v0.11.1      [required by ppx_assert, bin_prot, ppx_base]
  ∗ install fieldslib                  v0.11.0      [required by cohttp]
  ∗ install pcre                       7.3.4        [required by patdiff]
  ∗ install camlimages                 5.0.1        [required by sauvola-bench]
  ∗ install jsonm-bench                1.0
  ∗ install js_of_ocaml                2.5          [required by js_of_ocaml-bench]
  ∗ install ppx_variants_conv          v0.11.1      [required by bin_prot, ppx_jane]
  ∗ install uri                        2.2.0        [required by cohttp]
  ∗ install ppx_custom_printf          v0.11.0      [required by bin_prot, ppx_jane]
  ∗ install ppx_bench                  v0.11.0      [required by ppx_jane]
  ∗ install ppx_sexp_value             v0.11.0      [required by ppx_jane]
  ∗ install ppx_sexp_message           v0.11.0      [required by core_kernel]
  ∗ install ppx_fail                   v0.11.0      [required by ppx_jane]
  ∗ install ppx_hash                   v0.11.1      [required by core_kernel]
  ∗ install ppx_assert                 v0.11.0      [required by core_kernel, core]
  ∗ install ppx_fields_conv            v0.11.0      [required by cohttp]
  ∗ install sauvola-bench              1.0
  ∗ install js_of_ocaml-bench          1.0
  ∗ install ppx_base                   v0.11.0      [required by core_kernel, sexp_pretty]
  ∗ install ppx_expect                 v0.11.1      [required by ppx_jane]
  ∗ install cohttp                     1.2.0        [required by cohttp-bench]
  ∗ install bin_prot                   v0.11.0      [required by core_extended]
  ∗ install sexp_pretty                v0.11.0      [required by expect_test_helpers]
  ∗ install ppx_bin_prot               v0.11.1      [required by ppx_jane]
  ∗ install ppx_jane                   v0.11.0      [required by core_bench, async, patdiff]
  ∗ install splittable_random          v0.11.0      [required by core_kernel]
  ∗ install core_kernel                v0.11.1      [required by core_extended, patience_diff]
  ∗ install textutils_kernel           v0.11.0      [required by textutils]
  ∗ install re2                        v0.11.0      [required by patdiff]
  ∗ install protocol_version_header    v0.11.0      [required by async_rpc_kernel]
  ∗ install patience_diff              v0.11.0      [required by patdiff]
  ∗ install expect_test_helpers_kernel v0.11.0      [required by expect_test_helpers]
  ∗ install core                       v0.11.3      [required by core-micro-bench, async-echo-bench, async-rpc-bench, core-sequence-bench]
  ∗ install async_kernel               v0.11.1      [required by async]
  ∗ install textutils                  v0.11.0      [required by core_bench]
  ∗ install core-sequence-bench        1.0
  ∗ install async_unix                 v0.11.0      [required by async]
  ∗ install async_rpc_kernel           v0.11.0      [required by async_extra]
  ∗ install core_extended              v0.11.0      [required by core_bench, patdiff]
  ∗ install async_extra                v0.11.1      [required by async]
  ∗ install core_bench                 v0.11.0      [required by core-micro-bench]
  ∗ install async                      v0.11.0      [required by thread-bench, chameneos-bench, async-echo-bench, etc.]
  ∗ install core-micro-bench           1.0
  ∗ install valet-bench                1.0
  ∗ install thread-bench               1.0
  ∗ install expect_test_helpers        v0.11.0      [required by patdiff]
  ∗ install cohttp-bench               1.0
  ∗ install chameneos-bench            1.0
  ∗ install async-rpc-bench            1.0
  ∗ install async-echo-bench           1.0
  ∗ install patdiff                    v0.11.0      [required by patdiff-bench]
  ∗ install patdiff-bench              1.0
===== ∗ 112 =====

<><> Gathering sources ><><><><><><><><><><><><><><><><><><><><><><><><><><><><>
[async.v0.11.0] found in cache
[async_extra.v0.11.1] found in cache
[async_kernel.v0.11.1] found in cache
[async_rpc_kernel.v0.11.0] found in cache
[async_unix.v0.11.0] found in cache
[base.v0.11.1] found in cache
[base64.2.3.0] found in cache
[bin_prot.v0.11.0] found in cache
[biniou.1.2.0] found in cache
[camlimages.5.0.1] found in cache
[camlp4.4.07+1] found in cache
[async-echo-bench.1.0] synchronised from git+https://github.com/AltGr/ocaml-benchs
[cmdliner.1.0.3] found in cache
[async-rpc-bench.1.0] synchronised from git+https://github.com/AltGr/ocaml-benchs
[cohttp.1.2.0] found in cache
[configurator.v0.11.0] found in cache
[coq.8.4.6~camlp4] found in cache
[core.v0.11.3] found in cache
[chameneos-bench.1.0] synchronised from git+https://github.com/AltGr/ocaml-benchs
[core_bench.v0.11.0] found in cache
[cohttp-bench.1.0] synchronised from git+https://github.com/AltGr/ocaml-benchs
[core_extended.v0.11.0] found in cache
[core_kernel.v0.11.1] found in cache
[cppo.1.6.5] found in cache
[easy-format.1.3.1] found in cache
[expect_test_helpers.v0.11.0] found in cache
[expect_test_helpers_kernel.v0.11.0] found in cache
[fieldslib.v0.11.0] found in cache
[frama-c.9.1] found in cache
[jane-street-headers.v0.11.0] found in cache
[core-micro-bench.1.0] synchronised from git+https://github.com/AltGr/ocaml-benchs
[js_of_ocaml.2.5] found in cache
[jsonm.1.0.1] found in cache
[lablgtk.2.18.7] found in cache
[lwt.3.3.0] found in cache
[menhir.20181113] found in cache
[ocaml-compiler-libs.v0.11.0] found in cache
[ocaml-migrate-parsetree.1.1.0] found in cache
[ocamlbuild.0.12.0] found in cache
[ocamlgraph.1.8.8] found in cache
[ocplib-endian.0.8] found in cache
[octavius.1.2.0] found in cache
[parsexp.v0.11.0] found in cache
[patdiff.v0.11.0] found in cache
[patience_diff.v0.11.0] found in cache
[pcre.7.3.4] found in cache
[ppx_assert.v0.11.0] found in cache
[ppx_base.v0.11.0] found in cache
[ppx_bench.v0.11.0] found in cache
[ppx_bin_prot.v0.11.1] found in cache
[ppx_compare.v0.11.1] found in cache
[ppx_custom_printf.v0.11.0] found in cache
[ppx_derivers.1.0] found in cache
[ppx_enumerate.v0.11.1] found in cache
[ppx_expect.v0.11.1] found in cache
[ppx_fail.v0.11.0] found in cache
[ppx_fields_conv.v0.11.0] found in cache
[ppx_hash.v0.11.1] found in cache
[ppx_here.v0.11.0] found in cache
[ppx_inline_test.v0.11.0] found in cache
[ppx_jane.v0.11.0] found in cache
[ppx_js_style.v0.11.0] found in cache
[ppx_let.v0.11.0] found in cache
[ppx_optcomp.v0.11.0] found in cache
[ppx_optional.v0.11.0] found in cache
[ppx_pipebang.v0.11.0] found in cache
[ppx_sexp_conv.v0.11.2] found in cache
[ppx_sexp_message.v0.11.0] found in cache
[ppx_sexp_value.v0.11.0] found in cache
[ppx_tools_versioned.5.2.1] found in cache
[ppx_typerep_conv.v0.11.1] found in cache
[ppx_variants_conv.v0.11.1] found in cache
[ppxlib.0.5.0] found in cache
[protocol_version_header.v0.11.0] found in cache
[re.1.8.0] found in cache
[re2.v0.11.0] found in cache
[react.1.2.0] found in cache
[result.1.3] found in cache
[sexp_pretty.v0.11.0] found in cache
[sexplib.v0.11.0] found in cache
[sexplib0.v0.11.0] found in cache
[spawn.v0.12.0] found in cache
[splittable_random.v0.11.0] found in cache
[stdio.v0.11.0] found in cache
[stringext.1.5.0] found in cache
[textutils.v0.11.0] found in cache
[textutils_kernel.v0.11.0] found in cache
[sauvola-bench.1.0] synchronised from git+https://github.com/AltGr/ocaml-benchs
[topkg.1.0.0] found in cache
[typerep.v0.11.0] found in cache
[uchar.0.0.2] found in cache
[uri.2.2.0] found in cache
[uuidm.0.9.5] found in cache
[uutf.1.0.1] found in cache
[thread-bench.1.0] synchronised from git+https://github.com/AltGr/ocaml-benchs
[variantslib.v0.11.0] found in cache
[yojson.1.6.0] found in cache
[yojson-bench.1.0] synchronised from git+https://github.com/AltGr/ocaml-benchs
[valet-bench.1.0] synchronised from git+https://github.com/AltGr/ocaml-benchs
[nbcodec.1.0] synchronised from git://github.com/dbuenzli/nbcodec

<><> Processing actions <><><><><><><><><><><><><><><><><><><><><><><><><><><><>
[ERROR] The compilation of conf-gnomecanvas failed at "/root/.opam/opam-init/hooks/sandbox.sh build pkg-config libgnomecanvas-2.0".
[ERROR] The compilation of conf-gtksourceview failed at "/root/.opam/opam-init/hooks/sandbox.sh build pkg-config --short-errors --print-errors gtksourceview-2.0".
[ERROR] The compilation of cmdliner failed at "/root/.opam/opam-init/hooks/sandbox.sh build make all PREFIX=/root/.opam/4.08.0+optim_local_tailcalls+bench".
[ERROR] The compilation of dune failed at "/root/.opam/opam-init/hooks/sandbox.sh build ocaml bootstrap.ml".
[ERROR] The compilation of ocamlbuild failed at "/root/.opam/opam-init/hooks/sandbox.sh build make check-if-preinstalled all opam-install".

#=== ERROR while compiling ocamlbuild.0.12.0 ==================================#
# context              2.0.0 | linux/x86_64 |  | https://opam.ocaml.org/#83021a6f
# path                 ~/.opam/4.08.0+optim_local_tailcalls+bench/.opam-switch/build/ocamlbuild.0.12.0
# command              ~/.opam/opam-init/hooks/sandbox.sh build make check-if-preinstalled all opam-install
# exit-code            2
# env-file             ~/.opam/log/ocamlbuild-3621-e3d79a.env
# output-file          ~/.opam/log/ocamlbuild-3621-e3d79a.out
### output ###
# [...]
# File "src/solver.ml", line 43, characters 31-32:
# 43 |   if is_logging 4 then dprintf 4 "==%a> %a" pp_repeat (depth, "==") Resource.print target;
#                                     ^
# Error: This expression has type int but an expression was expected of type
#          ('a -> 'b -> 'c -> 'd -> 'e -> 'f, Format.formatter, unit,
#           Format.formatter -> unit)
#          format4 =
#            ('a -> 'b -> 'c -> 'd -> 'e -> 'f, Format.formatter, unit, 
#             unit, unit, Format.formatter -> unit)
#            CamlinternalFormatBasics.format6
# Makefile:422: recipe for target 'src/solver.cmo' failed
# make: *** [src/solver.cmo] Error 2


#=== ERROR while compiling dune.1.2.1 =========================================#
# context              2.0.0 | linux/x86_64 |  | pinned(https://github.com/ocaml/dune/releases/download/1.2.1/dune-1.2.1.tbz)
# path                 ~/.opam/4.08.0+optim_local_tailcalls+bench/.opam-switch/build/dune.1.2.1
# command              ~/.opam/opam-init/hooks/sandbox.sh build ocaml bootstrap.ml
# exit-code            2
# env-file             ~/.opam/log/dune-3621-c4933c.env
# output-file          ~/.opam/log/dune-3621-c4933c.out
### output ###
# Use Stdlib instead.
# [...]
# If you need to stay compatible with OCaml < 4.07, you can use the 
# stdlib-shims library: https://github.com/ocaml/stdlib-shims
# File "src/stdune/caml/result.mli", line 6, characters 7-17:
# Alert deprecated: module Stdlib.Pervasives
# Use Stdlib instead.
# 
# If you need to stay compatible with OCaml < 4.07, you can use the 
# stdlib-shims library: https://github.com/ocaml/stdlib-shims
# File "src/stdune/list.ml", line 3, characters 0-18:
# Error: Multiple definition of the type name t.
#        Names must be unique in a given structure or signature.


#=== ERROR while compiling conf-gtksourceview.2 ===============================#
# context              2.0.0 | linux/x86_64 |  | https://opam.ocaml.org/#83021a6f
# path                 ~/.opam/4.08.0+optim_local_tailcalls+bench/.opam-switch/build/conf-gtksourceview.2
# command              ~/.opam/opam-init/hooks/sandbox.sh build pkg-config --short-errors --print-errors gtksourceview-2.0
# exit-code            1
# env-file             ~/.opam/log/conf-gtksourceview-3621-44572d.env
# output-file          ~/.opam/log/conf-gtksourceview-3621-44572d.out
### output ###
# No package 'gtksourceview-2.0' found


#=== ERROR while compiling conf-gnomecanvas.2 =================================#
# context              2.0.0 | linux/x86_64 |  | https://opam.ocaml.org/#83021a6f
# path                 ~/.opam/4.08.0+optim_local_tailcalls+bench/.opam-switch/build/conf-gnomecanvas.2
# command              ~/.opam/opam-init/hooks/sandbox.sh build pkg-config libgnomecanvas-2.0
# exit-code            1
# env-file             ~/.opam/log/conf-gnomecanvas-3621-b2c72e.env
# output-file          ~/.opam/log/conf-gnomecanvas-3621-b2c72e.out


#=== ERROR while compiling cmdliner.1.0.3 =====================================#
# context              2.0.0 | linux/x86_64 |  | https://opam.ocaml.org/#83021a6f
# path                 ~/.opam/4.08.0+optim_local_tailcalls+bench/.opam-switch/build/cmdliner.1.0.3
# command              ~/.opam/opam-init/hooks/sandbox.sh build make all PREFIX=/root/.opam/4.08.0+optim_local_tailcalls+bench
# exit-code            2
# env-file             ~/.opam/log/cmdliner-3621-80dce8.env
# output-file          ~/.opam/log/cmdliner-3621-80dce8.out
### output ###
# Error: This expression has type
# [...]
#           | `Exn of exn * Printexc.raw_backtrace
#           | `Help of Cmdliner_manpage.format * string option
#           | `Parse of string
#           | `Std_help of Manpage.format
#           | `Std_version ])
#          Pervasives.result
#        but an expression was expected of type
#          ('b, [> `Std_help of 'c ]) Stdlib.result
# exited with 2: 'ocamlc.opt' '-g' '-bin-annot' '-safe-string' '-w' '-3' 'cmdliner_suggest.mli' 'cmdliner_suggest.ml' 'cmdliner_trie.mli' 'cmdliner_manpage.mli' 'cmdliner_trie.ml' 'cmdliner_base.mli' 'cmdliner_info.mli' 'cmdliner_base.ml' 'cmdliner.mli' 'cmdliner_cline.mli' 'cmdliner_docgen.mli' 'cmdliner_term.mli' 'cmdliner_manpage.ml' 'cmdliner_arg.mli' 'cmdliner_info.ml' 'cmdliner_msg.mli' '[...]
# Makefile:44: recipe for target 'build-byte' failed
# make: *** [build-byte] Error 1



<><> Error report <><><><><><><><><><><><><><><><><><><><><><><><><><><><><><><>
┌─ The following actions failed
│ λ build cmdliner           1.0.3
│ λ build conf-gnomecanvas   2
│ λ build conf-gtksourceview 2
│ λ build dune               1.2.1
│ λ build ocamlbuild         0.12.0
└─ 
╶─ No changes have been performed

The packages you requested declare the following system dependencies. Please make sure they are installed before retrying:
    libgnomecanvas2-dev libgtksourceview2.0-dev


=== UPGRADING SWITCH 4.08.0+optim_local_tailcalls+flambda+bench ==
+opam remove --yes --switch 4.08.0+optim_local_tailcalls+flambda+bench
[WARNING] Running as root is not recommended
Nothing to do.
+opam list --base --short --switch 4.08.0+optim_local_tailcalls+flambda+bench
[WARNING] Running as root is not recommended
+opam pin add dune 1.2.1 --yes --switch 4.08.0+optim_local_tailcalls+flambda+bench
[WARNING] Running as root is not recommended
[NOTE] Pinning unchanged
dune is now pinned to version 1.2.1

The following actions will be performed:
  ↘ downgrade camlpdf    2.2.1 to 1.7.1
  ∗ install   dune       1.2.1*
  ↘ downgrade cpdf       2.2.1 to 1.7   [uses camlpdf]
  ↻ recompile cpdf-bench 1.0            [uses cpdf]
===== ∗ 1   ↻ 1   ↘ 2 =====

<><> Gathering sources ><><><><><><><><><><><><><><><><><><><><><><><><><><><><>
[camlpdf.1.7.1] found in cache
[cpdf.1.7] found in cache

<><> Processing actions <><><><><><><><><><><><><><><><><><><><><><><><><><><><>
[ERROR] The compilation of camlpdf failed at "/root/.opam/opam-init/hooks/sandbox.sh build make".
[ERROR] The compilation of dune failed at "/root/.opam/opam-init/hooks/sandbox.sh build ocaml bootstrap.ml".

#=== ERROR while compiling dune.1.2.1 =========================================#
# context              2.0.0 | linux/x86_64 |  | pinned(https://github.com/ocaml/dune/releases/download/1.2.1/dune-1.2.1.tbz)
# path                 ~/.opam/4.08.0+optim_local_tailcalls+flambda+bench/.opam-switch/build/dune.1.2.1
# command              ~/.opam/opam-init/hooks/sandbox.sh build ocaml bootstrap.ml
# exit-code            2
# env-file             ~/.opam/log/dune-4816-d8a4ae.env
# output-file          ~/.opam/log/dune-4816-d8a4ae.out
### output ###
# Use Stdlib instead.
# [...]
# If you need to stay compatible with OCaml < 4.07, you can use the 
# stdlib-shims library: https://github.com/ocaml/stdlib-shims
# File "src/stdune/caml/result.mli", line 6, characters 7-17:
# Alert deprecated: module Stdlib.Pervasives
# Use Stdlib instead.
# 
# If you need to stay compatible with OCaml < 4.07, you can use the 
# stdlib-shims library: https://github.com/ocaml/stdlib-shims
# File "src/stdune/list.ml", line 3, characters 0-18:
# Error: Multiple definition of the type name t.
#        Names must be unique in a given structure or signature.


#=== ERROR while compiling camlpdf.1.7.1 ======================================#
# context              2.0.0 | linux/x86_64 |  | https://opam.ocaml.org/#83021a6f
# path                 ~/.opam/4.08.0+optim_local_tailcalls+flambda+bench/.opam-switch/build/camlpdf.1.7.1
# command              ~/.opam/opam-init/hooks/sandbox.sh build make
# exit-code            2
# env-file             ~/.opam/log/camlpdf-4816-c61e7b.env
# output-file          ~/.opam/log/camlpdf-4816-c61e7b.out
### output ###
# miniz.c:2440:28: warning: always_inline function might not be inlinable [-Wattributes]
# [...]
# miniz.c:2432:28: warning: always_inline function might not be inlinable [-Wattributes]
#  static MZ_FORCEINLINE void tdefl_record_literal(tdefl_compressor *d, mz_uint8 lit)
#                             ^~~~~~~~~~~~~~~~~~~~
# miniz.c:2230:28: warning: always_inline function might not be inlinable [-Wattributes]
#  static MZ_FORCEINLINE void tdefl_find_match(tdefl_compressor *d, mz_uint lookahead_pos, mz_uint max_dist, mz_uint max_match_len, mz_uint *pMatch_dist, mz_uint *pMatch_len)
#                             ^~~~~~~~~~~~~~~~
# OCamlMakefile:1132: recipe for target 'flatestubs.o' failed
# make[1]: *** [flatestubs.o] Error 2
# make[1]: Leaving directory '/root/.opam/4.08.0+optim_local_tailcalls+flambda+bench/.opam-switch/build/camlpdf.1.7.1'
# OCamlMakefile:801: recipe for target 'native-code-library' failed
# make: *** [native-code-library] Error 2



<><> Error report <><><><><><><><><><><><><><><><><><><><><><><><><><><><><><><>
┌─ The following actions failed
│ λ build camlpdf 1.7.1
│ λ build dune    1.2.1
└─ 
╶─ No changes have been performed
[NOTE] Pinning command successful, but your installed packages may be out of sync.
+opam upgrade --ignore-constraints-on=ocaml almabench-bench async-echo-bench async-rpc-bench bdd-bench chameneos-bench cohttp-bench compcert-bench coq-bench core-micro-bench core-sequence-bench cpdf-bench frama-c-bench js_of_ocaml-bench jsonm-bench kb-bench lexifi-g2pp-bench menhir-bench minilight-bench nbcodec-bench numerical-analysis-bench patdiff-bench sauvola-bench sequence-bench thread-bench valet-bench yojson-bench --best-effort --yes --switch 4.08.0+optim_local_tailcalls+flambda+bench --json /root/logs/operf/2019-02-04-0900/4.08.0+optim_local_tailcalls+flambda+bench.json --skip-updates
[WARNING] Running as root is not recommended
async-echo-bench, async-rpc-bench, chameneos-bench, cohttp-bench, compcert-bench, coq-bench, core-micro-bench, core-sequence-bench, frama-c-bench, js_of_ocaml-bench, jsonm-bench, menhir-bench, nbcodec-bench, patdiff-bench, sauvola-bench, thread-bench, valet-bench and yojson-bench are not installed. Install them? [Y/n] y
The following actions will be performed:
  ∗ install cmdliner                   1.0.3        [required by js_of_ocaml]
  ∗ install ocamlbuild                 0.12.0       [required by react, nbcodec, coq, etc.]
  ∗ install conf-gtksourceview         2            [required by frama-c]
  ∗ install conf-gnomecanvas           2            [required by frama-c]
  ∗ install dune                       1.2.1*       [required by cohttp, yojson]
  ∗ install uuidm                      0.9.5        [required by valet-bench]
  ∗ install uchar                      0.0.2        [required by jsonm]
  ∗ install react                      1.2.0        [required by valet-bench]
  ∗ install nbcodec                    1.0          [required by nbcodec-bench]
  ∗ install menhir                     20181113     [required by menhir-bench]
  ∗ install camlp4                     4.07+1       [required by frama-c, lwt, coq, js_of_ocaml]
  ∗ install lablgtk                    2.18.7       [required by frama-c, camlimages]
  ∗ install jbuilder                   transition   [required by patdiff, lwt, async, etc.]
  ∗ install base64                     2.3.0        [required by cohttp]
  ∗ install nbcodec-bench              1.0
  ∗ install menhir-bench               1.0
  ∗ install coq                        8.4.6~camlp4 [required by coq-bench]
  ∗ install ocamlgraph                 1.8.8        [required by frama-c]
  ∗ install stringext                  1.5.0        [required by cohttp]
  ∗ install spawn                      v0.12.0      [required by core]
  ∗ install sexplib0                   v0.11.0      [required by cohttp]
  ∗ install result                     1.3          [required by lwt]
  ∗ install re                         1.8.0        [required by cohttp, core_bench]
  ∗ install ppx_derivers               1.0          [required by ppxlib]
  ∗ install octavius                   1.2.0        [required by ppx_js_style]
  ∗ install ocaml-compiler-libs        v0.11.0      [required by ppxlib]
  ∗ install jane-street-headers        v0.11.0      [required by core_kernel]
  ∗ install easy-format                1.3.1        [required by yojson]
  ∗ install cppo                       1.6.5        [required by ocplib-endian, lwt, camlimages, yojson]
  ∗ install coq-bench                  1.0
  ∗ install frama-c                    9.1          [required by frama-c-bench]
  ∗ install parsexp                    v0.11.0      [required by sexplib]
  ∗ install base                       v0.11.1      [required by pcre]
  ∗ install topkg                      1.0.0        [required by jsonm]
  ∗ install ocaml-migrate-parsetree    1.1.0        [required by core_bench, async, lwt, patdiff]
  ∗ install biniou                     1.2.0        [required by yojson]
  ∗ install ocplib-endian              0.8          [required by valet-bench]
  ∗ install frama-c-bench              1.0
  ∗ install sexplib                    v0.11.0      [required by patdiff]
  ∗ install typerep                    v0.11.0      [required by core_kernel]
  ∗ install stdio                      v0.11.0      [required by pcre]
  ∗ install uutf                       1.0.1        [required by jsonm]
  ∗ install ppx_tools_versioned        5.2.1        [required by lwt]
  ∗ install yojson                     1.6.0        [required by yojson-bench]
  ∗ install ppxlib                     0.5.0        [required by core]
  ∗ install configurator               v0.11.0      [required by camlimages]
  ∗ install jsonm                      1.0.1        [required by jsonm-bench]
  ∗ install lwt                        3.3.0        [required by thread-bench, chameneos-bench, cohttp-bench, valet-bench]                 For the PPX, please install package lwt_ppx
                                                                                                                                           For the Camlp4 syntax, please install package lwt_camlp4
                                                                                                                                           For Lwt_log and Lwt_daemon, please install package lwt_log
  ∗ install yojson-bench               1.0
  ∗ install variantslib                v0.11.0      [required by core_kernel]
  ∗ install ppx_typerep_conv           v0.11.1      [required by ppx_jane]
  ∗ install ppx_sexp_conv              v0.11.2      [required by cohttp]
  ∗ install ppx_pipebang               v0.11.0      [required by ppx_jane]
  ∗ install ppx_optional               v0.11.0      [required by ppx_jane]
  ∗ install ppx_optcomp                v0.11.0      [required by ppx_jane]
  ∗ install ppx_let                    v0.11.0      [required by ppx_jane]
  ∗ install ppx_js_style               v0.11.0      [required by ppx_base]
  ∗ install ppx_inline_test            v0.11.0      [required by core_kernel]
  ∗ install ppx_here                   v0.11.0      [required by ppx_assert, ppx_jane]
  ∗ install ppx_enumerate              v0.11.1      [required by ppx_base]
  ∗ install ppx_compare                v0.11.1      [required by ppx_assert, bin_prot, ppx_base]
  ∗ install fieldslib                  v0.11.0      [required by cohttp]
  ∗ install pcre                       7.3.4        [required by patdiff]
  ∗ install camlimages                 5.0.1        [required by sauvola-bench]
  ∗ install jsonm-bench                1.0
  ∗ install js_of_ocaml                2.5          [required by js_of_ocaml-bench]
  ∗ install ppx_variants_conv          v0.11.1      [required by bin_prot, ppx_jane]
  ∗ install uri                        2.2.0        [required by cohttp]
  ∗ install ppx_custom_printf          v0.11.0      [required by bin_prot, ppx_jane]
  ∗ install ppx_bench                  v0.11.0      [required by ppx_jane]
  ∗ install ppx_sexp_value             v0.11.0      [required by ppx_jane]
  ∗ install ppx_sexp_message           v0.11.0      [required by core_kernel]
  ∗ install ppx_fail                   v0.11.0      [required by ppx_jane]
  ∗ install ppx_hash                   v0.11.1      [required by core_kernel]
  ∗ install ppx_assert                 v0.11.0      [required by core_kernel, core]
  ∗ install ppx_fields_conv            v0.11.0      [required by cohttp]
  ∗ install sauvola-bench              1.0
  ∗ install js_of_ocaml-bench          1.0
  ∗ install ppx_base                   v0.11.0      [required by core_kernel, sexp_pretty]
  ∗ install ppx_expect                 v0.11.1      [required by ppx_jane]
  ∗ install cohttp                     1.2.0        [required by cohttp-bench]
  ∗ install bin_prot                   v0.11.0      [required by core_extended]
  ∗ install sexp_pretty                v0.11.0      [required by expect_test_helpers]
  ∗ install ppx_bin_prot               v0.11.1      [required by ppx_jane]
  ∗ install ppx_jane                   v0.11.0      [required by core_bench, async, patdiff]
  ∗ install splittable_random          v0.11.0      [required by core_kernel]
  ∗ install core_kernel                v0.11.1      [required by core_extended, patience_diff]
  ∗ install textutils_kernel           v0.11.0      [required by textutils]
  ∗ install re2                        v0.11.0      [required by patdiff]
  ∗ install protocol_version_header    v0.11.0      [required by async_rpc_kernel]
  ∗ install patience_diff              v0.11.0      [required by patdiff]
  ∗ install expect_test_helpers_kernel v0.11.0      [required by expect_test_helpers]
  ∗ install core                       v0.11.3      [required by core-micro-bench, async-echo-bench, async-rpc-bench, core-sequence-bench]
  ∗ install async_kernel               v0.11.1      [required by async]
  ∗ install textutils                  v0.11.0      [required by core_bench]
  ∗ install core-sequence-bench        1.0
  ∗ install async_unix                 v0.11.0      [required by async]
  ∗ install async_rpc_kernel           v0.11.0      [required by async_extra]
  ∗ install core_extended              v0.11.0      [required by core_bench, patdiff]
  ∗ install async_extra                v0.11.1      [required by async]
  ∗ install core_bench                 v0.11.0      [required by core-micro-bench]
  ∗ install async                      v0.11.0      [required by thread-bench, chameneos-bench, async-echo-bench, etc.]
  ∗ install core-micro-bench           1.0
  ∗ install valet-bench                1.0
  ∗ install thread-bench               1.0
  ∗ install expect_test_helpers        v0.11.0      [required by patdiff]
  ∗ install cohttp-bench               1.0
  ∗ install chameneos-bench            1.0
  ∗ install async-rpc-bench            1.0
  ∗ install async-echo-bench           1.0
  ∗ install patdiff                    v0.11.0      [required by patdiff-bench]
  ∗ install patdiff-bench              1.0
===== ∗ 112 =====

<><> Gathering sources ><><><><><><><><><><><><><><><><><><><><><><><><><><><><>
[async.v0.11.0] found in cache
[async_extra.v0.11.1] found in cache
[async_kernel.v0.11.1] found in cache
[async_rpc_kernel.v0.11.0] found in cache
[async_unix.v0.11.0] found in cache
[base.v0.11.1] found in cache
[base64.2.3.0] found in cache
[bin_prot.v0.11.0] found in cache
[biniou.1.2.0] found in cache
[camlimages.5.0.1] found in cache
[camlp4.4.07+1] found in cache
[async-echo-bench.1.0] synchronised from git+https://github.com/AltGr/ocaml-benchs
[cmdliner.1.0.3] found in cache
[cohttp.1.2.0] found in cache
[async-rpc-bench.1.0] synchronised from git+https://github.com/AltGr/ocaml-benchs
[configurator.v0.11.0] found in cache
[coq.8.4.6~camlp4] found in cache
[core.v0.11.3] found in cache
[chameneos-bench.1.0] synchronised from git+https://github.com/AltGr/ocaml-benchs
[core_bench.v0.11.0] found in cache
[core_extended.v0.11.0] found in cache
[cohttp-bench.1.0] synchronised from git+https://github.com/AltGr/ocaml-benchs
[core_kernel.v0.11.1] found in cache
[cppo.1.6.5] found in cache
[easy-format.1.3.1] found in cache
[expect_test_helpers.v0.11.0] found in cache
[expect_test_helpers_kernel.v0.11.0] found in cache
[fieldslib.v0.11.0] found in cache
[frama-c.9.1] found in cache
[jane-street-headers.v0.11.0] found in cache
[core-micro-bench.1.0] synchronised from git+https://github.com/AltGr/ocaml-benchs
[js_of_ocaml.2.5] found in cache
[jsonm.1.0.1] found in cache
[lablgtk.2.18.7] found in cache
[lwt.3.3.0] found in cache
[menhir.20181113] found in cache
[ocaml-compiler-libs.v0.11.0] found in cache
[ocaml-migrate-parsetree.1.1.0] found in cache
[ocamlbuild.0.12.0] found in cache
[ocamlgraph.1.8.8] found in cache
[ocplib-endian.0.8] found in cache
[octavius.1.2.0] found in cache
[parsexp.v0.11.0] found in cache
[patdiff.v0.11.0] found in cache
[patience_diff.v0.11.0] found in cache
[pcre.7.3.4] found in cache
[ppx_assert.v0.11.0] found in cache
[ppx_base.v0.11.0] found in cache
[ppx_bench.v0.11.0] found in cache
[ppx_bin_prot.v0.11.1] found in cache
[ppx_compare.v0.11.1] found in cache
[ppx_custom_printf.v0.11.0] found in cache
[ppx_derivers.1.0] found in cache
[ppx_enumerate.v0.11.1] found in cache
[ppx_expect.v0.11.1] found in cache
[ppx_fail.v0.11.0] found in cache
[ppx_fields_conv.v0.11.0] found in cache
[ppx_hash.v0.11.1] found in cache
[ppx_here.v0.11.0] found in cache
[ppx_inline_test.v0.11.0] found in cache
[ppx_jane.v0.11.0] found in cache
[ppx_js_style.v0.11.0] found in cache
[ppx_let.v0.11.0] found in cache
[ppx_optcomp.v0.11.0] found in cache
[ppx_optional.v0.11.0] found in cache
[ppx_pipebang.v0.11.0] found in cache
[ppx_sexp_conv.v0.11.2] found in cache
[ppx_sexp_message.v0.11.0] found in cache
[ppx_sexp_value.v0.11.0] found in cache
[ppx_tools_versioned.5.2.1] found in cache
[ppx_typerep_conv.v0.11.1] found in cache
[ppx_variants_conv.v0.11.1] found in cache
[ppxlib.0.5.0] found in cache
[protocol_version_header.v0.11.0] found in cache
[re.1.8.0] found in cache
[re2.v0.11.0] found in cache
[react.1.2.0] found in cache
[result.1.3] found in cache
[sexp_pretty.v0.11.0] found in cache
[sexplib.v0.11.0] found in cache
[sexplib0.v0.11.0] found in cache
[spawn.v0.12.0] found in cache
[splittable_random.v0.11.0] found in cache
[stdio.v0.11.0] found in cache
[stringext.1.5.0] found in cache
[textutils.v0.11.0] found in cache
[textutils_kernel.v0.11.0] found in cache
[sauvola-bench.1.0] synchronised from git+https://github.com/AltGr/ocaml-benchs
[topkg.1.0.0] found in cache
[typerep.v0.11.0] found in cache
[uchar.0.0.2] found in cache
[uri.2.2.0] found in cache
[uuidm.0.9.5] found in cache
[uutf.1.0.1] found in cache
[thread-bench.1.0] synchronised from git+https://github.com/AltGr/ocaml-benchs
[variantslib.v0.11.0] found in cache
[yojson.1.6.0] found in cache
[valet-bench.1.0] synchronised from git+https://github.com/AltGr/ocaml-benchs
[yojson-bench.1.0] synchronised from git+https://github.com/AltGr/ocaml-benchs
[nbcodec.1.0] synchronised from git://github.com/dbuenzli/nbcodec

<><> Processing actions <><><><><><><><><><><><><><><><><><><><><><><><><><><><>
[ERROR] The compilation of conf-gnomecanvas failed at "/root/.opam/opam-init/hooks/sandbox.sh build pkg-config libgnomecanvas-2.0".
[ERROR] The compilation of conf-gtksourceview failed at "/root/.opam/opam-init/hooks/sandbox.sh build pkg-config --short-errors --print-errors gtksourceview-2.0".
[ERROR] The compilation of cmdliner failed at "/root/.opam/opam-init/hooks/sandbox.sh build make all PREFIX=/root/.opam/4.08.0+optim_local_tailcalls+flambda+bench".
[ERROR] The compilation of dune failed at "/root/.opam/opam-init/hooks/sandbox.sh build ocaml bootstrap.ml".
[ERROR] The compilation of ocamlbuild failed at "/root/.opam/opam-init/hooks/sandbox.sh build make check-if-preinstalled all opam-install".

#=== ERROR while compiling ocamlbuild.0.12.0 ==================================#
# context              2.0.0 | linux/x86_64 |  | https://opam.ocaml.org/#83021a6f
# path                 ~/.opam/4.08.0+optim_local_tailcalls+flambda+bench/.opam-switch/build/ocamlbuild.0.12.0
# command              ~/.opam/opam-init/hooks/sandbox.sh build make check-if-preinstalled all opam-install
# exit-code            2
# env-file             ~/.opam/log/ocamlbuild-5262-e3d79a.env
# output-file          ~/.opam/log/ocamlbuild-5262-e3d79a.out
### output ###
# [...]
# File "src/solver.ml", line 43, characters 31-32:
# 43 |   if is_logging 4 then dprintf 4 "==%a> %a" pp_repeat (depth, "==") Resource.print target;
#                                     ^
# Error: This expression has type int but an expression was expected of type
#          ('a -> 'b -> 'c -> 'd -> 'e -> 'f, Format.formatter, unit,
#           Format.formatter -> unit)
#          format4 =
#            ('a -> 'b -> 'c -> 'd -> 'e -> 'f, Format.formatter, unit, 
#             unit, unit, Format.formatter -> unit)
#            CamlinternalFormatBasics.format6
# Makefile:422: recipe for target 'src/solver.cmo' failed
# make: *** [src/solver.cmo] Error 2


#=== ERROR while compiling dune.1.2.1 =========================================#
# context              2.0.0 | linux/x86_64 |  | pinned(https://github.com/ocaml/dune/releases/download/1.2.1/dune-1.2.1.tbz)
# path                 ~/.opam/4.08.0+optim_local_tailcalls+flambda+bench/.opam-switch/build/dune.1.2.1
# command              ~/.opam/opam-init/hooks/sandbox.sh build ocaml bootstrap.ml
# exit-code            2
# env-file             ~/.opam/log/dune-5262-c4933c.env
# output-file          ~/.opam/log/dune-5262-c4933c.out
### output ###
# Use Stdlib instead.
# [...]
# If you need to stay compatible with OCaml < 4.07, you can use the 
# stdlib-shims library: https://github.com/ocaml/stdlib-shims
# File "src/stdune/caml/result.mli", line 6, characters 7-17:
# Alert deprecated: module Stdlib.Pervasives
# Use Stdlib instead.
# 
# If you need to stay compatible with OCaml < 4.07, you can use the 
# stdlib-shims library: https://github.com/ocaml/stdlib-shims
# File "src/stdune/list.ml", line 3, characters 0-18:
# Error: Multiple definition of the type name t.
#        Names must be unique in a given structure or signature.


#=== ERROR while compiling conf-gtksourceview.2 ===============================#
# context              2.0.0 | linux/x86_64 |  | https://opam.ocaml.org/#83021a6f
# path                 ~/.opam/4.08.0+optim_local_tailcalls+flambda+bench/.opam-switch/build/conf-gtksourceview.2
# command              ~/.opam/opam-init/hooks/sandbox.sh build pkg-config --short-errors --print-errors gtksourceview-2.0
# exit-code            1
# env-file             ~/.opam/log/conf-gtksourceview-5262-44572d.env
# output-file          ~/.opam/log/conf-gtksourceview-5262-44572d.out
### output ###
# No package 'gtksourceview-2.0' found


#=== ERROR while compiling conf-gnomecanvas.2 =================================#
# context              2.0.0 | linux/x86_64 |  | https://opam.ocaml.org/#83021a6f
# path                 ~/.opam/4.08.0+optim_local_tailcalls+flambda+bench/.opam-switch/build/conf-gnomecanvas.2
# command              ~/.opam/opam-init/hooks/sandbox.sh build pkg-config libgnomecanvas-2.0
# exit-code            1
# env-file             ~/.opam/log/conf-gnomecanvas-5262-b2c72e.env
# output-file          ~/.opam/log/conf-gnomecanvas-5262-b2c72e.out


#=== ERROR while compiling cmdliner.1.0.3 =====================================#
# context              2.0.0 | linux/x86_64 |  | https://opam.ocaml.org/#83021a6f
# path                 ~/.opam/4.08.0+optim_local_tailcalls+flambda+bench/.opam-switch/build/cmdliner.1.0.3
# command              ~/.opam/opam-init/hooks/sandbox.sh build make all PREFIX=/root/.opam/4.08.0+optim_local_tailcalls+flambda+bench
# exit-code            2
# env-file             ~/.opam/log/cmdliner-5262-80dce8.env
# output-file          ~/.opam/log/cmdliner-5262-80dce8.out
### output ###
# Error: This expression has type
# [...]
#           | `Exn of exn * Printexc.raw_backtrace
#           | `Help of Cmdliner_manpage.format * string option
#           | `Parse of string
#           | `Std_help of Manpage.format
#           | `Std_version ])
#          Pervasives.result
#        but an expression was expected of type
#          ('b, [> `Std_help of 'c ]) Stdlib.result
# exited with 2: 'ocamlc.opt' '-g' '-bin-annot' '-safe-string' '-w' '-3' 'cmdliner_suggest.mli' 'cmdliner_suggest.ml' 'cmdliner_trie.mli' 'cmdliner_manpage.mli' 'cmdliner_trie.ml' 'cmdliner_base.mli' 'cmdliner_info.mli' 'cmdliner_base.ml' 'cmdliner.mli' 'cmdliner_cline.mli' 'cmdliner_docgen.mli' 'cmdliner_term.mli' 'cmdliner_manpage.ml' 'cmdliner_arg.mli' 'cmdliner_info.ml' 'cmdliner_msg.mli' '[...]
# Makefile:44: recipe for target 'build-byte' failed
# make: *** [build-byte] Error 1



<><> Error report <><><><><><><><><><><><><><><><><><><><><><><><><><><><><><><>
┌─ The following actions failed
│ λ build cmdliner           1.0.3
│ λ build conf-gnomecanvas   2
│ λ build conf-gtksourceview 2
│ λ build dune               1.2.1
│ λ build ocamlbuild         0.12.0
└─ 
╶─ No changes have been performed

The packages you requested declare the following system dependencies. Please make sure they are installed before retrying:
    libgnomecanvas2-dev libgtksourceview2.0-dev


=== UPGRADING SWITCH 4.08.0+trunk+bench ==
+opam remove --yes --switch 4.08.0+trunk+bench
[WARNING] Running as root is not recommended
Nothing to do.
+opam list --base --short --switch 4.08.0+trunk+bench
[WARNING] Running as root is not recommended
+opam pin add dune 1.2.1 --yes --switch 4.08.0+trunk+bench
[WARNING] Running as root is not recommended
[NOTE] Pinning unchanged
dune is now pinned to version 1.2.1

The following actions will be performed:
  ↘ downgrade camlpdf    2.2.1 to 1.7.1
  ∗ install   dune       1.2.1*
  ↘ downgrade cpdf       2.2.1 to 1.7   [uses camlpdf]
  ↻ recompile cpdf-bench 1.0            [uses cpdf]
===== ∗ 1   ↻ 1   ↘ 2 =====

<><> Gathering sources ><><><><><><><><><><><><><><><><><><><><><><><><><><><><>
[camlpdf.1.7.1] found in cache
[cpdf.1.7] found in cache

<><> Processing actions <><><><><><><><><><><><><><><><><><><><><><><><><><><><>
[ERROR] The compilation of camlpdf failed at "/root/.opam/opam-init/hooks/sandbox.sh build make".
[ERROR] The compilation of dune failed at "/root/.opam/opam-init/hooks/sandbox.sh build ocaml bootstrap.ml".

#=== ERROR while compiling dune.1.2.1 =========================================#
# context              2.0.0 | linux/x86_64 |  | pinned(https://github.com/ocaml/dune/releases/download/1.2.1/dune-1.2.1.tbz)
# path                 ~/.opam/4.08.0+trunk+bench/.opam-switch/build/dune.1.2.1
# command              ~/.opam/opam-init/hooks/sandbox.sh build ocaml bootstrap.ml
# exit-code            2
# env-file             ~/.opam/log/dune-6452-d8a4ae.env
# output-file          ~/.opam/log/dune-6452-d8a4ae.out
### output ###
# Use Stdlib instead.
# [...]
# If you need to stay compatible with OCaml < 4.07, you can use the 
# stdlib-shims library: https://github.com/ocaml/stdlib-shims
# File "src/stdune/caml/result.mli", line 6, characters 7-17:
# Alert deprecated: module Stdlib.Pervasives
# Use Stdlib instead.
# 
# If you need to stay compatible with OCaml < 4.07, you can use the 
# stdlib-shims library: https://github.com/ocaml/stdlib-shims
# File "src/stdune/list.ml", line 3, characters 0-18:
# Error: Multiple definition of the type name t.
#        Names must be unique in a given structure or signature.


#=== ERROR while compiling camlpdf.1.7.1 ======================================#
# context              2.0.0 | linux/x86_64 |  | https://opam.ocaml.org/#83021a6f
# path                 ~/.opam/4.08.0+trunk+bench/.opam-switch/build/camlpdf.1.7.1
# command              ~/.opam/opam-init/hooks/sandbox.sh build make
# exit-code            2
# env-file             ~/.opam/log/camlpdf-6452-c61e7b.env
# output-file          ~/.opam/log/camlpdf-6452-c61e7b.out
### output ###
# miniz.c:2440:28: warning: always_inline function might not be inlinable [-Wattributes]
# [...]
# miniz.c:2432:28: warning: always_inline function might not be inlinable [-Wattributes]
#  static MZ_FORCEINLINE void tdefl_record_literal(tdefl_compressor *d, mz_uint8 lit)
#                             ^~~~~~~~~~~~~~~~~~~~
# miniz.c:2230:28: warning: always_inline function might not be inlinable [-Wattributes]
#  static MZ_FORCEINLINE void tdefl_find_match(tdefl_compressor *d, mz_uint lookahead_pos, mz_uint max_dist, mz_uint max_match_len, mz_uint *pMatch_dist, mz_uint *pMatch_len)
#                             ^~~~~~~~~~~~~~~~
# OCamlMakefile:1132: recipe for target 'flatestubs.o' failed
# make[1]: *** [flatestubs.o] Error 2
# make[1]: Leaving directory '/root/.opam/4.08.0+trunk+bench/.opam-switch/build/camlpdf.1.7.1'
# OCamlMakefile:801: recipe for target 'native-code-library' failed
# make: *** [native-code-library] Error 2



<><> Error report <><><><><><><><><><><><><><><><><><><><><><><><><><><><><><><>
┌─ The following actions failed
│ λ build camlpdf 1.7.1
│ λ build dune    1.2.1
└─ 
╶─ No changes have been performed
[NOTE] Pinning command successful, but your installed packages may be out of sync.
+opam upgrade --ignore-constraints-on=ocaml almabench-bench async-echo-bench async-rpc-bench bdd-bench chameneos-bench cohttp-bench compcert-bench coq-bench core-micro-bench core-sequence-bench cpdf-bench frama-c-bench js_of_ocaml-bench jsonm-bench kb-bench lexifi-g2pp-bench menhir-bench minilight-bench nbcodec-bench numerical-analysis-bench patdiff-bench sauvola-bench sequence-bench thread-bench valet-bench yojson-bench --best-effort --yes --switch 4.08.0+trunk+bench --json /root/logs/operf/2019-02-04-0900/4.08.0+trunk+bench.json --skip-updates
[WARNING] Running as root is not recommended
async-echo-bench, async-rpc-bench, chameneos-bench, cohttp-bench, compcert-bench, coq-bench, core-micro-bench, core-sequence-bench, frama-c-bench, js_of_ocaml-bench, jsonm-bench, menhir-bench, nbcodec-bench, patdiff-bench, sauvola-bench, thread-bench, valet-bench and yojson-bench are not installed. Install them? [Y/n] y
The following actions will be performed:
  ∗ install cmdliner                   1.0.3        [required by js_of_ocaml]
  ∗ install ocamlbuild                 0.12.0       [required by react, nbcodec, coq, etc.]
  ∗ install conf-gtksourceview         2            [required by frama-c]
  ∗ install conf-gnomecanvas           2            [required by frama-c]
  ∗ install dune                       1.2.1*       [required by cohttp, yojson]
  ∗ install uuidm                      0.9.5        [required by valet-bench]
  ∗ install uchar                      0.0.2        [required by jsonm]
  ∗ install react                      1.2.0        [required by valet-bench]
  ∗ install nbcodec                    1.0          [required by nbcodec-bench]
  ∗ install menhir                     20181113     [required by menhir-bench]
  ∗ install camlp4                     4.07+1       [required by frama-c, lwt, coq, js_of_ocaml]
  ∗ install lablgtk                    2.18.7       [required by frama-c, camlimages]
  ∗ install jbuilder                   transition   [required by patdiff, lwt, async, etc.]
  ∗ install base64                     2.3.0        [required by cohttp]
  ∗ install nbcodec-bench              1.0
  ∗ install menhir-bench               1.0
  ∗ install coq                        8.4.6~camlp4 [required by coq-bench]
  ∗ install ocamlgraph                 1.8.8        [required by frama-c]
  ∗ install stringext                  1.5.0        [required by cohttp]
  ∗ install spawn                      v0.12.0      [required by core]
  ∗ install sexplib0                   v0.11.0      [required by cohttp]
  ∗ install result                     1.3          [required by lwt]
  ∗ install re                         1.8.0        [required by cohttp, core_bench]
  ∗ install ppx_derivers               1.0          [required by ppxlib]
  ∗ install octavius                   1.2.0        [required by ppx_js_style]
  ∗ install ocaml-compiler-libs        v0.11.0      [required by ppxlib]
  ∗ install jane-street-headers        v0.11.0      [required by core_kernel]
  ∗ install easy-format                1.3.1        [required by yojson]
  ∗ install cppo                       1.6.5        [required by ocplib-endian, lwt, camlimages, yojson]
  ∗ install coq-bench                  1.0
  ∗ install frama-c                    9.1          [required by frama-c-bench]
  ∗ install parsexp                    v0.11.0      [required by sexplib]
  ∗ install base                       v0.11.1      [required by pcre]
  ∗ install topkg                      1.0.0        [required by jsonm]
  ∗ install ocaml-migrate-parsetree    1.1.0        [required by core_bench, async, lwt, patdiff]
  ∗ install biniou                     1.2.0        [required by yojson]
  ∗ install ocplib-endian              0.8          [required by valet-bench]
  ∗ install frama-c-bench              1.0
  ∗ install sexplib                    v0.11.0      [required by patdiff]
  ∗ install typerep                    v0.11.0      [required by core_kernel]
  ∗ install stdio                      v0.11.0      [required by pcre]
  ∗ install uutf                       1.0.1        [required by jsonm]
  ∗ install ppx_tools_versioned        5.2.1        [required by lwt]
  ∗ install yojson                     1.6.0        [required by yojson-bench]
  ∗ install ppxlib                     0.5.0        [required by core]
  ∗ install configurator               v0.11.0      [required by camlimages]
  ∗ install jsonm                      1.0.1        [required by jsonm-bench]
  ∗ install lwt                        3.3.0        [required by thread-bench, chameneos-bench, cohttp-bench, valet-bench]                 For the PPX, please install package lwt_ppx
                                                                                                                                           For the Camlp4 syntax, please install package lwt_camlp4
                                                                                                                                           For Lwt_log and Lwt_daemon, please install package lwt_log
  ∗ install yojson-bench               1.0
  ∗ install variantslib                v0.11.0      [required by core_kernel]
  ∗ install ppx_typerep_conv           v0.11.1      [required by ppx_jane]
  ∗ install ppx_sexp_conv              v0.11.2      [required by cohttp]
  ∗ install ppx_pipebang               v0.11.0      [required by ppx_jane]
  ∗ install ppx_optional               v0.11.0      [required by ppx_jane]
  ∗ install ppx_optcomp                v0.11.0      [required by ppx_jane]
  ∗ install ppx_let                    v0.11.0      [required by ppx_jane]
  ∗ install ppx_js_style               v0.11.0      [required by ppx_base]
  ∗ install ppx_inline_test            v0.11.0      [required by core_kernel]
  ∗ install ppx_here                   v0.11.0      [required by ppx_assert, ppx_jane]
  ∗ install ppx_enumerate              v0.11.1      [required by ppx_base]
  ∗ install ppx_compare                v0.11.1      [required by ppx_assert, bin_prot, ppx_base]
  ∗ install fieldslib                  v0.11.0      [required by cohttp]
  ∗ install pcre                       7.3.4        [required by patdiff]
  ∗ install camlimages                 5.0.1        [required by sauvola-bench]
  ∗ install jsonm-bench                1.0
  ∗ install js_of_ocaml                2.5          [required by js_of_ocaml-bench]
  ∗ install ppx_variants_conv          v0.11.1      [required by bin_prot, ppx_jane]
  ∗ install uri                        2.2.0        [required by cohttp]
  ∗ install ppx_custom_printf          v0.11.0      [required by bin_prot, ppx_jane]
  ∗ install ppx_bench                  v0.11.0      [required by ppx_jane]
  ∗ install ppx_sexp_value             v0.11.0      [required by ppx_jane]
  ∗ install ppx_sexp_message           v0.11.0      [required by core_kernel]
  ∗ install ppx_fail                   v0.11.0      [required by ppx_jane]
  ∗ install ppx_hash                   v0.11.1      [required by core_kernel]
  ∗ install ppx_assert                 v0.11.0      [required by core_kernel, core]
  ∗ install ppx_fields_conv            v0.11.0      [required by cohttp]
  ∗ install sauvola-bench              1.0
  ∗ install js_of_ocaml-bench          1.0
  ∗ install ppx_base                   v0.11.0      [required by core_kernel, sexp_pretty]
  ∗ install ppx_expect                 v0.11.1      [required by ppx_jane]
  ∗ install cohttp                     1.2.0        [required by cohttp-bench]
  ∗ install bin_prot                   v0.11.0      [required by core_extended]
  ∗ install sexp_pretty                v0.11.0      [required by expect_test_helpers]
  ∗ install ppx_bin_prot               v0.11.1      [required by ppx_jane]
  ∗ install ppx_jane                   v0.11.0      [required by core_bench, async, patdiff]
  ∗ install splittable_random          v0.11.0      [required by core_kernel]
  ∗ install core_kernel                v0.11.1      [required by core_extended, patience_diff]
  ∗ install textutils_kernel           v0.11.0      [required by textutils]
  ∗ install re2                        v0.11.0      [required by patdiff]
  ∗ install protocol_version_header    v0.11.0      [required by async_rpc_kernel]
  ∗ install patience_diff              v0.11.0      [required by patdiff]
  ∗ install expect_test_helpers_kernel v0.11.0      [required by expect_test_helpers]
  ∗ install core                       v0.11.3      [required by core-micro-bench, async-echo-bench, async-rpc-bench, core-sequence-bench]
  ∗ install async_kernel               v0.11.1      [required by async]
  ∗ install textutils                  v0.11.0      [required by core_bench]
  ∗ install core-sequence-bench        1.0
  ∗ install async_unix                 v0.11.0      [required by async]
  ∗ install async_rpc_kernel           v0.11.0      [required by async_extra]
  ∗ install core_extended              v0.11.0      [required by core_bench, patdiff]
  ∗ install async_extra                v0.11.1      [required by async]
  ∗ install core_bench                 v0.11.0      [required by core-micro-bench]
  ∗ install async                      v0.11.0      [required by thread-bench, chameneos-bench, async-echo-bench, etc.]
  ∗ install core-micro-bench           1.0
  ∗ install valet-bench                1.0
  ∗ install thread-bench               1.0
  ∗ install expect_test_helpers        v0.11.0      [required by patdiff]
  ∗ install cohttp-bench               1.0
  ∗ install chameneos-bench            1.0
  ∗ install async-rpc-bench            1.0
  ∗ install async-echo-bench           1.0
  ∗ install patdiff                    v0.11.0      [required by patdiff-bench]
  ∗ install patdiff-bench              1.0
===== ∗ 112 =====

<><> Gathering sources ><><><><><><><><><><><><><><><><><><><><><><><><><><><><>
[async.v0.11.0] found in cache
[async_extra.v0.11.1] found in cache
[async_kernel.v0.11.1] found in cache
[async_rpc_kernel.v0.11.0] found in cache
[async_unix.v0.11.0] found in cache
[base.v0.11.1] found in cache
[base64.2.3.0] found in cache
[bin_prot.v0.11.0] found in cache
[biniou.1.2.0] found in cache
[camlimages.5.0.1] found in cache
[camlp4.4.07+1] found in cache
[async-echo-bench.1.0] synchronised from git+https://github.com/AltGr/ocaml-benchs
[cmdliner.1.0.3] found in cache
[async-rpc-bench.1.0] synchronised from git+https://github.com/AltGr/ocaml-benchs
[cohttp.1.2.0] found in cache
[configurator.v0.11.0] found in cache
[coq.8.4.6~camlp4] found in cache
[core.v0.11.3] found in cache
[chameneos-bench.1.0] synchronised from git+https://github.com/AltGr/ocaml-benchs
[core_bench.v0.11.0] found in cache
[core_extended.v0.11.0] found in cache
[core_kernel.v0.11.1] found in cache
[cohttp-bench.1.0] synchronised from git+https://github.com/AltGr/ocaml-benchs
[cppo.1.6.5] found in cache
[easy-format.1.3.1] found in cache
[expect_test_helpers.v0.11.0] found in cache
[expect_test_helpers_kernel.v0.11.0] found in cache
[fieldslib.v0.11.0] found in cache
[frama-c.9.1] found in cache
[jane-street-headers.v0.11.0] found in cache
[core-micro-bench.1.0] synchronised from git+https://github.com/AltGr/ocaml-benchs
[js_of_ocaml.2.5] found in cache
[jsonm.1.0.1] found in cache
[lablgtk.2.18.7] found in cache
[lwt.3.3.0] found in cache
[menhir.20181113] found in cache
[ocaml-compiler-libs.v0.11.0] found in cache
[ocaml-migrate-parsetree.1.1.0] found in cache
[ocamlbuild.0.12.0] found in cache
[ocamlgraph.1.8.8] found in cache
[ocplib-endian.0.8] found in cache
[octavius.1.2.0] found in cache
[parsexp.v0.11.0] found in cache
[patdiff.v0.11.0] found in cache
[patience_diff.v0.11.0] found in cache
[pcre.7.3.4] found in cache
[ppx_assert.v0.11.0] found in cache
[ppx_base.v0.11.0] found in cache
[ppx_bench.v0.11.0] found in cache
[ppx_bin_prot.v0.11.1] found in cache
[ppx_compare.v0.11.1] found in cache
[ppx_custom_printf.v0.11.0] found in cache
[ppx_derivers.1.0] found in cache
[ppx_enumerate.v0.11.1] found in cache
[ppx_expect.v0.11.1] found in cache
[ppx_fail.v0.11.0] found in cache
[ppx_fields_conv.v0.11.0] found in cache
[ppx_hash.v0.11.1] found in cache
[ppx_here.v0.11.0] found in cache
[ppx_inline_test.v0.11.0] found in cache
[ppx_jane.v0.11.0] found in cache
[ppx_js_style.v0.11.0] found in cache
[ppx_let.v0.11.0] found in cache
[ppx_optcomp.v0.11.0] found in cache
[ppx_optional.v0.11.0] found in cache
[ppx_pipebang.v0.11.0] found in cache
[ppx_sexp_conv.v0.11.2] found in cache
[ppx_sexp_message.v0.11.0] found in cache
[ppx_sexp_value.v0.11.0] found in cache
[ppx_tools_versioned.5.2.1] found in cache
[ppx_typerep_conv.v0.11.1] found in cache
[ppx_variants_conv.v0.11.1] found in cache
[ppxlib.0.5.0] found in cache
[protocol_version_header.v0.11.0] found in cache
[re.1.8.0] found in cache
[re2.v0.11.0] found in cache
[react.1.2.0] found in cache
[result.1.3] found in cache
[sexp_pretty.v0.11.0] found in cache
[sexplib.v0.11.0] found in cache
[sexplib0.v0.11.0] found in cache
[spawn.v0.12.0] found in cache
[splittable_random.v0.11.0] found in cache
[stdio.v0.11.0] found in cache
[stringext.1.5.0] found in cache
[textutils.v0.11.0] found in cache
[textutils_kernel.v0.11.0] found in cache
[sauvola-bench.1.0] synchronised from git+https://github.com/AltGr/ocaml-benchs
[topkg.1.0.0] found in cache
[typerep.v0.11.0] found in cache
[uchar.0.0.2] found in cache
[uri.2.2.0] found in cache
[uuidm.0.9.5] found in cache
[uutf.1.0.1] found in cache
[thread-bench.1.0] synchronised from git+https://github.com/AltGr/ocaml-benchs
[variantslib.v0.11.0] found in cache
[yojson.1.6.0] found in cache
[valet-bench.1.0] synchronised from git+https://github.com/AltGr/ocaml-benchs
[yojson-bench.1.0] synchronised from git+https://github.com/AltGr/ocaml-benchs
[nbcodec.1.0] synchronised from git://github.com/dbuenzli/nbcodec

<><> Processing actions <><><><><><><><><><><><><><><><><><><><><><><><><><><><>
[ERROR] The compilation of conf-gnomecanvas failed at "/root/.opam/opam-init/hooks/sandbox.sh build pkg-config libgnomecanvas-2.0".
[ERROR] The compilation of conf-gtksourceview failed at "/root/.opam/opam-init/hooks/sandbox.sh build pkg-config --short-errors --print-errors gtksourceview-2.0".
[ERROR] The compilation of cmdliner failed at "/root/.opam/opam-init/hooks/sandbox.sh build make all PREFIX=/root/.opam/4.08.0+trunk+bench".
[ERROR] The compilation of dune failed at "/root/.opam/opam-init/hooks/sandbox.sh build ocaml bootstrap.ml".
[ERROR] The compilation of ocamlbuild failed at "/root/.opam/opam-init/hooks/sandbox.sh build make check-if-preinstalled all opam-install".

#=== ERROR while compiling ocamlbuild.0.12.0 ==================================#
# context              2.0.0 | linux/x86_64 |  | https://opam.ocaml.org/#83021a6f
# path                 ~/.opam/4.08.0+trunk+bench/.opam-switch/build/ocamlbuild.0.12.0
# command              ~/.opam/opam-init/hooks/sandbox.sh build make check-if-preinstalled all opam-install
# exit-code            2
# env-file             ~/.opam/log/ocamlbuild-6898-e3d79a.env
# output-file          ~/.opam/log/ocamlbuild-6898-e3d79a.out
### output ###
# [...]
# File "src/solver.ml", line 43, characters 31-32:
# 43 |   if is_logging 4 then dprintf 4 "==%a> %a" pp_repeat (depth, "==") Resource.print target;
#                                     ^
# Error: This expression has type int but an expression was expected of type
#          ('a -> 'b -> 'c -> 'd -> 'e -> 'f, Format.formatter, unit,
#           Format.formatter -> unit)
#          format4 =
#            ('a -> 'b -> 'c -> 'd -> 'e -> 'f, Format.formatter, unit, 
#             unit, unit, Format.formatter -> unit)
#            CamlinternalFormatBasics.format6
# Makefile:422: recipe for target 'src/solver.cmo' failed
# make: *** [src/solver.cmo] Error 2


#=== ERROR while compiling dune.1.2.1 =========================================#
# context              2.0.0 | linux/x86_64 |  | pinned(https://github.com/ocaml/dune/releases/download/1.2.1/dune-1.2.1.tbz)
# path                 ~/.opam/4.08.0+trunk+bench/.opam-switch/build/dune.1.2.1
# command              ~/.opam/opam-init/hooks/sandbox.sh build ocaml bootstrap.ml
# exit-code            2
# env-file             ~/.opam/log/dune-6898-c4933c.env
# output-file          ~/.opam/log/dune-6898-c4933c.out
### output ###
# Use Stdlib instead.
# [...]
# If you need to stay compatible with OCaml < 4.07, you can use the 
# stdlib-shims library: https://github.com/ocaml/stdlib-shims
# File "src/stdune/caml/result.mli", line 6, characters 7-17:
# Alert deprecated: module Stdlib.Pervasives
# Use Stdlib instead.
# 
# If you need to stay compatible with OCaml < 4.07, you can use the 
# stdlib-shims library: https://github.com/ocaml/stdlib-shims
# File "src/stdune/list.ml", line 3, characters 0-18:
# Error: Multiple definition of the type name t.
#        Names must be unique in a given structure or signature.


#=== ERROR while compiling conf-gtksourceview.2 ===============================#
# context              2.0.0 | linux/x86_64 |  | https://opam.ocaml.org/#83021a6f
# path                 ~/.opam/4.08.0+trunk+bench/.opam-switch/build/conf-gtksourceview.2
# command              ~/.opam/opam-init/hooks/sandbox.sh build pkg-config --short-errors --print-errors gtksourceview-2.0
# exit-code            1
# env-file             ~/.opam/log/conf-gtksourceview-6898-44572d.env
# output-file          ~/.opam/log/conf-gtksourceview-6898-44572d.out
### output ###
# No package 'gtksourceview-2.0' found


#=== ERROR while compiling conf-gnomecanvas.2 =================================#
# context              2.0.0 | linux/x86_64 |  | https://opam.ocaml.org/#83021a6f
# path                 ~/.opam/4.08.0+trunk+bench/.opam-switch/build/conf-gnomecanvas.2
# command              ~/.opam/opam-init/hooks/sandbox.sh build pkg-config libgnomecanvas-2.0
# exit-code            1
# env-file             ~/.opam/log/conf-gnomecanvas-6898-b2c72e.env
# output-file          ~/.opam/log/conf-gnomecanvas-6898-b2c72e.out


#=== ERROR while compiling cmdliner.1.0.3 =====================================#
# context              2.0.0 | linux/x86_64 |  | https://opam.ocaml.org/#83021a6f
# path                 ~/.opam/4.08.0+trunk+bench/.opam-switch/build/cmdliner.1.0.3
# command              ~/.opam/opam-init/hooks/sandbox.sh build make all PREFIX=/root/.opam/4.08.0+trunk+bench
# exit-code            2
# env-file             ~/.opam/log/cmdliner-6898-80dce8.env
# output-file          ~/.opam/log/cmdliner-6898-80dce8.out
### output ###
# Error: This expression has type
# [...]
#           | `Exn of exn * Printexc.raw_backtrace
#           | `Help of Cmdliner_manpage.format * string option
#           | `Parse of string
#           | `Std_help of Manpage.format
#           | `Std_version ])
#          Pervasives.result
#        but an expression was expected of type
#          ('b, [> `Std_help of 'c ]) Stdlib.result
# exited with 2: 'ocamlc.opt' '-g' '-bin-annot' '-safe-string' '-w' '-3' 'cmdliner_suggest.mli' 'cmdliner_suggest.ml' 'cmdliner_trie.mli' 'cmdliner_manpage.mli' 'cmdliner_trie.ml' 'cmdliner_base.mli' 'cmdliner_info.mli' 'cmdliner_base.ml' 'cmdliner.mli' 'cmdliner_cline.mli' 'cmdliner_docgen.mli' 'cmdliner_term.mli' 'cmdliner_manpage.ml' 'cmdliner_arg.mli' 'cmdliner_info.ml' 'cmdliner_msg.mli' '[...]
# Makefile:44: recipe for target 'build-byte' failed
# make: *** [build-byte] Error 1



<><> Error report <><><><><><><><><><><><><><><><><><><><><><><><><><><><><><><>
┌─ The following actions failed
│ λ build cmdliner           1.0.3
│ λ build conf-gnomecanvas   2
│ λ build conf-gtksourceview 2
│ λ build dune               1.2.1
│ λ build ocamlbuild         0.12.0
└─ 
╶─ No changes have been performed

The packages you requested declare the following system dependencies. Please make sure they are installed before retrying:
    libgnomecanvas2-dev libgtksourceview2.0-dev


=== UPGRADING SWITCH 4.08.0+trunk+flambda+bench ==
+opam remove --yes --switch 4.08.0+trunk+flambda+bench
[WARNING] Running as root is not recommended
Nothing to do.
+opam list --base --short --switch 4.08.0+trunk+flambda+bench
[WARNING] Running as root is not recommended
+opam pin add dune 1.2.1 --yes --switch 4.08.0+trunk+flambda+bench
[WARNING] Running as root is not recommended
[NOTE] Pinning unchanged
dune is now pinned to version 1.2.1

The following actions will be performed:
  ↘ downgrade camlpdf    2.2.1 to 1.7.1
  ∗ install   dune       1.2.1*
  ↘ downgrade cpdf       2.2.1 to 1.7   [uses camlpdf]
  ↻ recompile cpdf-bench 1.0            [uses cpdf]
===== ∗ 1   ↻ 1   ↘ 2 =====

<><> Gathering sources ><><><><><><><><><><><><><><><><><><><><><><><><><><><><>
[camlpdf.1.7.1] found in cache
[cpdf.1.7] found in cache

<><> Processing actions <><><><><><><><><><><><><><><><><><><><><><><><><><><><>
[ERROR] The compilation of camlpdf failed at "/root/.opam/opam-init/hooks/sandbox.sh build make".
[ERROR] The compilation of dune failed at "/root/.opam/opam-init/hooks/sandbox.sh build ocaml bootstrap.ml".

#=== ERROR while compiling dune.1.2.1 =========================================#
# context              2.0.0 | linux/x86_64 |  | pinned(https://github.com/ocaml/dune/releases/download/1.2.1/dune-1.2.1.tbz)
# path                 ~/.opam/4.08.0+trunk+flambda+bench/.opam-switch/build/dune.1.2.1
# command              ~/.opam/opam-init/hooks/sandbox.sh build ocaml bootstrap.ml
# exit-code            2
# env-file             ~/.opam/log/dune-8100-d8a4ae.env
# output-file          ~/.opam/log/dune-8100-d8a4ae.out
### output ###
# Use Stdlib instead.
# [...]
# If you need to stay compatible with OCaml < 4.07, you can use the 
# stdlib-shims library: https://github.com/ocaml/stdlib-shims
# File "src/stdune/caml/result.mli", line 6, characters 7-17:
# Alert deprecated: module Stdlib.Pervasives
# Use Stdlib instead.
# 
# If you need to stay compatible with OCaml < 4.07, you can use the 
# stdlib-shims library: https://github.com/ocaml/stdlib-shims
# File "src/stdune/list.ml", line 3, characters 0-18:
# Error: Multiple definition of the type name t.
#        Names must be unique in a given structure or signature.


#=== ERROR while compiling camlpdf.1.7.1 ======================================#
# context              2.0.0 | linux/x86_64 |  | https://opam.ocaml.org/#83021a6f
# path                 ~/.opam/4.08.0+trunk+flambda+bench/.opam-switch/build/camlpdf.1.7.1
# command              ~/.opam/opam-init/hooks/sandbox.sh build make
# exit-code            2
# env-file             ~/.opam/log/camlpdf-8100-c61e7b.env
# output-file          ~/.opam/log/camlpdf-8100-c61e7b.out
### output ###
# miniz.c:2440:28: warning: always_inline function might not be inlinable [-Wattributes]
# [...]
# miniz.c:2432:28: warning: always_inline function might not be inlinable [-Wattributes]
#  static MZ_FORCEINLINE void tdefl_record_literal(tdefl_compressor *d, mz_uint8 lit)
#                             ^~~~~~~~~~~~~~~~~~~~
# miniz.c:2230:28: warning: always_inline function might not be inlinable [-Wattributes]
#  static MZ_FORCEINLINE void tdefl_find_match(tdefl_compressor *d, mz_uint lookahead_pos, mz_uint max_dist, mz_uint max_match_len, mz_uint *pMatch_dist, mz_uint *pMatch_len)
#                             ^~~~~~~~~~~~~~~~
# OCamlMakefile:1132: recipe for target 'flatestubs.o' failed
# make[1]: *** [flatestubs.o] Error 2
# make[1]: Leaving directory '/root/.opam/4.08.0+trunk+flambda+bench/.opam-switch/build/camlpdf.1.7.1'
# OCamlMakefile:801: recipe for target 'native-code-library' failed
# make: *** [native-code-library] Error 2



<><> Error report <><><><><><><><><><><><><><><><><><><><><><><><><><><><><><><>
┌─ The following actions failed
│ λ build camlpdf 1.7.1
│ λ build dune    1.2.1
└─ 
╶─ No changes have been performed
[NOTE] Pinning command successful, but your installed packages may be out of sync.
+opam upgrade --ignore-constraints-on=ocaml almabench-bench async-echo-bench async-rpc-bench bdd-bench chameneos-bench cohttp-bench compcert-bench coq-bench core-micro-bench core-sequence-bench cpdf-bench frama-c-bench js_of_ocaml-bench jsonm-bench kb-bench lexifi-g2pp-bench menhir-bench minilight-bench nbcodec-bench numerical-analysis-bench patdiff-bench sauvola-bench sequence-bench thread-bench valet-bench yojson-bench --best-effort --yes --switch 4.08.0+trunk+flambda+bench --json /root/logs/operf/2019-02-04-0900/4.08.0+trunk+flambda+bench.json --skip-updates
[WARNING] Running as root is not recommended
async-echo-bench, async-rpc-bench, chameneos-bench, cohttp-bench, compcert-bench, coq-bench, core-micro-bench, core-sequence-bench, frama-c-bench, js_of_ocaml-bench, jsonm-bench, menhir-bench, nbcodec-bench, patdiff-bench, sauvola-bench, thread-bench, valet-bench and yojson-bench are not installed. Install them? [Y/n] y
The following actions will be performed:
  ∗ install cmdliner                   1.0.3        [required by js_of_ocaml]
  ∗ install ocamlbuild                 0.12.0       [required by react, nbcodec, coq, etc.]
  ∗ install conf-gtksourceview         2            [required by frama-c]
  ∗ install conf-gnomecanvas           2            [required by frama-c]
  ∗ install dune                       1.2.1*       [required by cohttp, yojson]
  ∗ install uuidm                      0.9.5        [required by valet-bench]
  ∗ install uchar                      0.0.2        [required by jsonm]
  ∗ install react                      1.2.0        [required by valet-bench]
  ∗ install nbcodec                    1.0          [required by nbcodec-bench]
  ∗ install menhir                     20181113     [required by menhir-bench]
  ∗ install camlp4                     4.07+1       [required by frama-c, lwt, coq, js_of_ocaml]
  ∗ install lablgtk                    2.18.7       [required by frama-c, camlimages]
  ∗ install jbuilder                   transition   [required by patdiff, lwt, async, etc.]
  ∗ install base64                     2.3.0        [required by cohttp]
  ∗ install nbcodec-bench              1.0
  ∗ install menhir-bench               1.0
  ∗ install coq                        8.4.6~camlp4 [required by coq-bench]
  ∗ install ocamlgraph                 1.8.8        [required by frama-c]
  ∗ install stringext                  1.5.0        [required by cohttp]
  ∗ install spawn                      v0.12.0      [required by core]
  ∗ install sexplib0                   v0.11.0      [required by cohttp]
  ∗ install result                     1.3          [required by lwt]
  ∗ install re                         1.8.0        [required by cohttp, core_bench]
  ∗ install ppx_derivers               1.0          [required by ppxlib]
  ∗ install octavius                   1.2.0        [required by ppx_js_style]
  ∗ install ocaml-compiler-libs        v0.11.0      [required by ppxlib]
  ∗ install jane-street-headers        v0.11.0      [required by core_kernel]
  ∗ install easy-format                1.3.1        [required by yojson]
  ∗ install cppo                       1.6.5        [required by ocplib-endian, lwt, camlimages, yojson]
  ∗ install coq-bench                  1.0
  ∗ install frama-c                    9.1          [required by frama-c-bench]
  ∗ install parsexp                    v0.11.0      [required by sexplib]
  ∗ install base                       v0.11.1      [required by pcre]
  ∗ install topkg                      1.0.0        [required by jsonm]
  ∗ install ocaml-migrate-parsetree    1.1.0        [required by core_bench, async, lwt, patdiff]
  ∗ install biniou                     1.2.0        [required by yojson]
  ∗ install ocplib-endian              0.8          [required by valet-bench]
  ∗ install frama-c-bench              1.0
  ∗ install sexplib                    v0.11.0      [required by patdiff]
  ∗ install typerep                    v0.11.0      [required by core_kernel]
  ∗ install stdio                      v0.11.0      [required by pcre]
  ∗ install uutf                       1.0.1        [required by jsonm]
  ∗ install ppx_tools_versioned        5.2.1        [required by lwt]
  ∗ install yojson                     1.6.0        [required by yojson-bench]
  ∗ install ppxlib                     0.5.0        [required by core]
  ∗ install configurator               v0.11.0      [required by camlimages]
  ∗ install jsonm                      1.0.1        [required by jsonm-bench]
  ∗ install lwt                        3.3.0        [required by thread-bench, chameneos-bench, cohttp-bench, valet-bench]                 For the PPX, please install package lwt_ppx
                                                                                                                                           For the Camlp4 syntax, please install package lwt_camlp4
                                                                                                                                           For Lwt_log and Lwt_daemon, please install package lwt_log
  ∗ install yojson-bench               1.0
  ∗ install variantslib                v0.11.0      [required by core_kernel]
  ∗ install ppx_typerep_conv           v0.11.1      [required by ppx_jane]
  ∗ install ppx_sexp_conv              v0.11.2      [required by cohttp]
  ∗ install ppx_pipebang               v0.11.0      [required by ppx_jane]
  ∗ install ppx_optional               v0.11.0      [required by ppx_jane]
  ∗ install ppx_optcomp                v0.11.0      [required by ppx_jane]
  ∗ install ppx_let                    v0.11.0      [required by ppx_jane]
  ∗ install ppx_js_style               v0.11.0      [required by ppx_base]
  ∗ install ppx_inline_test            v0.11.0      [required by core_kernel]
  ∗ install ppx_here                   v0.11.0      [required by ppx_assert, ppx_jane]
  ∗ install ppx_enumerate              v0.11.1      [required by ppx_base]
  ∗ install ppx_compare                v0.11.1      [required by ppx_assert, bin_prot, ppx_base]
  ∗ install fieldslib                  v0.11.0      [required by cohttp]
  ∗ install pcre                       7.3.4        [required by patdiff]
  ∗ install camlimages                 5.0.1        [required by sauvola-bench]
  ∗ install jsonm-bench                1.0
  ∗ install js_of_ocaml                2.5          [required by js_of_ocaml-bench]
  ∗ install ppx_variants_conv          v0.11.1      [required by bin_prot, ppx_jane]
  ∗ install uri                        2.2.0        [required by cohttp]
  ∗ install ppx_custom_printf          v0.11.0      [required by bin_prot, ppx_jane]
  ∗ install ppx_bench                  v0.11.0      [required by ppx_jane]
  ∗ install ppx_sexp_value             v0.11.0      [required by ppx_jane]
  ∗ install ppx_sexp_message           v0.11.0      [required by core_kernel]
  ∗ install ppx_fail                   v0.11.0      [required by ppx_jane]
  ∗ install ppx_hash                   v0.11.1      [required by core_kernel]
  ∗ install ppx_assert                 v0.11.0      [required by core_kernel, core]
  ∗ install ppx_fields_conv            v0.11.0      [required by cohttp]
  ∗ install sauvola-bench              1.0
  ∗ install js_of_ocaml-bench          1.0
  ∗ install ppx_base                   v0.11.0      [required by core_kernel, sexp_pretty]
  ∗ install ppx_expect                 v0.11.1      [required by ppx_jane]
  ∗ install cohttp                     1.2.0        [required by cohttp-bench]
  ∗ install bin_prot                   v0.11.0      [required by core_extended]
  ∗ install sexp_pretty                v0.11.0      [required by expect_test_helpers]
  ∗ install ppx_bin_prot               v0.11.1      [required by ppx_jane]
  ∗ install ppx_jane                   v0.11.0      [required by core_bench, async, patdiff]
  ∗ install splittable_random          v0.11.0      [required by core_kernel]
  ∗ install core_kernel                v0.11.1      [required by core_extended, patience_diff]
  ∗ install textutils_kernel           v0.11.0      [required by textutils]
  ∗ install re2                        v0.11.0      [required by patdiff]
  ∗ install protocol_version_header    v0.11.0      [required by async_rpc_kernel]
  ∗ install patience_diff              v0.11.0      [required by patdiff]
  ∗ install expect_test_helpers_kernel v0.11.0      [required by expect_test_helpers]
  ∗ install core                       v0.11.3      [required by core-micro-bench, async-echo-bench, async-rpc-bench, core-sequence-bench]
  ∗ install async_kernel               v0.11.1      [required by async]
  ∗ install textutils                  v0.11.0      [required by core_bench]
  ∗ install core-sequence-bench        1.0
  ∗ install async_unix                 v0.11.0      [required by async]
  ∗ install async_rpc_kernel           v0.11.0      [required by async_extra]
  ∗ install core_extended              v0.11.0      [required by core_bench, patdiff]
  ∗ install async_extra                v0.11.1      [required by async]
  ∗ install core_bench                 v0.11.0      [required by core-micro-bench]
  ∗ install async                      v0.11.0      [required by thread-bench, chameneos-bench, async-echo-bench, etc.]
  ∗ install core-micro-bench           1.0
  ∗ install valet-bench                1.0
  ∗ install thread-bench               1.0
  ∗ install expect_test_helpers        v0.11.0      [required by patdiff]
  ∗ install cohttp-bench               1.0
  ∗ install chameneos-bench            1.0
  ∗ install async-rpc-bench            1.0
  ∗ install async-echo-bench           1.0
  ∗ install patdiff                    v0.11.0      [required by patdiff-bench]
  ∗ install patdiff-bench              1.0
===== ∗ 112 =====

<><> Gathering sources ><><><><><><><><><><><><><><><><><><><><><><><><><><><><>
[async.v0.11.0] found in cache
[async_extra.v0.11.1] found in cache
[async_kernel.v0.11.1] found in cache
[async_rpc_kernel.v0.11.0] found in cache
[async_unix.v0.11.0] found in cache
[base.v0.11.1] found in cache
[base64.2.3.0] found in cache
[bin_prot.v0.11.0] found in cache
[biniou.1.2.0] found in cache
[camlimages.5.0.1] found in cache
[camlp4.4.07+1] found in cache
[async-echo-bench.1.0] synchronised from git+https://github.com/AltGr/ocaml-benchs
[cmdliner.1.0.3] found in cache
[cohttp.1.2.0] found in cache
[async-rpc-bench.1.0] synchronised from git+https://github.com/AltGr/ocaml-benchs
[configurator.v0.11.0] found in cache
[coq.8.4.6~camlp4] found in cache
[core.v0.11.3] found in cache
[chameneos-bench.1.0] synchronised from git+https://github.com/AltGr/ocaml-benchs
[core_bench.v0.11.0] found in cache
[core_extended.v0.11.0] found in cache
[cohttp-bench.1.0] synchronised from git+https://github.com/AltGr/ocaml-benchs
[core_kernel.v0.11.1] found in cache
[cppo.1.6.5] found in cache
[easy-format.1.3.1] found in cache
[expect_test_helpers.v0.11.0] found in cache
[expect_test_helpers_kernel.v0.11.0] found in cache
[fieldslib.v0.11.0] found in cache
[frama-c.9.1] found in cache
[jane-street-headers.v0.11.0] found in cache
[js_of_ocaml.2.5] found in cache
[core-micro-bench.1.0] synchronised from git+https://github.com/AltGr/ocaml-benchs
[jsonm.1.0.1] found in cache
[lablgtk.2.18.7] found in cache
[lwt.3.3.0] found in cache
[menhir.20181113] found in cache
[ocaml-compiler-libs.v0.11.0] found in cache
[ocaml-migrate-parsetree.1.1.0] found in cache
[ocamlbuild.0.12.0] found in cache
[ocamlgraph.1.8.8] found in cache
[ocplib-endian.0.8] found in cache
[octavius.1.2.0] found in cache
[parsexp.v0.11.0] found in cache
[patdiff.v0.11.0] found in cache
[patience_diff.v0.11.0] found in cache
[pcre.7.3.4] found in cache
[ppx_assert.v0.11.0] found in cache
[ppx_base.v0.11.0] found in cache
[ppx_bench.v0.11.0] found in cache
[ppx_bin_prot.v0.11.1] found in cache
[ppx_compare.v0.11.1] found in cache
[ppx_custom_printf.v0.11.0] found in cache
[ppx_derivers.1.0] found in cache
[ppx_enumerate.v0.11.1] found in cache
[ppx_expect.v0.11.1] found in cache
[ppx_fail.v0.11.0] found in cache
[ppx_fields_conv.v0.11.0] found in cache
[ppx_hash.v0.11.1] found in cache
[ppx_here.v0.11.0] found in cache
[ppx_inline_test.v0.11.0] found in cache
[ppx_jane.v0.11.0] found in cache
[ppx_js_style.v0.11.0] found in cache
[ppx_let.v0.11.0] found in cache
[ppx_optcomp.v0.11.0] found in cache
[ppx_optional.v0.11.0] found in cache
[ppx_pipebang.v0.11.0] found in cache
[ppx_sexp_conv.v0.11.2] found in cache
[ppx_sexp_message.v0.11.0] found in cache
[ppx_sexp_value.v0.11.0] found in cache
[ppx_tools_versioned.5.2.1] found in cache
[ppx_typerep_conv.v0.11.1] found in cache
[ppx_variants_conv.v0.11.1] found in cache
[ppxlib.0.5.0] found in cache
[protocol_version_header.v0.11.0] found in cache
[re.1.8.0] found in cache
[re2.v0.11.0] found in cache
[react.1.2.0] found in cache
[result.1.3] found in cache
[sexp_pretty.v0.11.0] found in cache
[sexplib.v0.11.0] found in cache
[sexplib0.v0.11.0] found in cache
[spawn.v0.12.0] found in cache
[splittable_random.v0.11.0] found in cache
[stdio.v0.11.0] found in cache
[stringext.1.5.0] found in cache
[textutils.v0.11.0] found in cache
[textutils_kernel.v0.11.0] found in cache
[sauvola-bench.1.0] synchronised from git+https://github.com/AltGr/ocaml-benchs
[topkg.1.0.0] found in cache
[typerep.v0.11.0] found in cache
[uchar.0.0.2] found in cache
[uri.2.2.0] found in cache
[uuidm.0.9.5] found in cache
[uutf.1.0.1] found in cache
[thread-bench.1.0] synchronised from git+https://github.com/AltGr/ocaml-benchs
[variantslib.v0.11.0] found in cache
[yojson.1.6.0] found in cache
[yojson-bench.1.0] synchronised from git+https://github.com/AltGr/ocaml-benchs
[valet-bench.1.0] synchronised from git+https://github.com/AltGr/ocaml-benchs
[nbcodec.1.0] synchronised from git://github.com/dbuenzli/nbcodec

<><> Processing actions <><><><><><><><><><><><><><><><><><><><><><><><><><><><>
[ERROR] The compilation of conf-gnomecanvas failed at "/root/.opam/opam-init/hooks/sandbox.sh build pkg-config libgnomecanvas-2.0".
[ERROR] The compilation of conf-gtksourceview failed at "/root/.opam/opam-init/hooks/sandbox.sh build pkg-config --short-errors --print-errors gtksourceview-2.0".
[ERROR] The compilation of cmdliner failed at "/root/.opam/opam-init/hooks/sandbox.sh build make all PREFIX=/root/.opam/4.08.0+trunk+flambda+bench".
[ERROR] The compilation of dune failed at "/root/.opam/opam-init/hooks/sandbox.sh build ocaml bootstrap.ml".
[ERROR] The compilation of ocamlbuild failed at "/root/.opam/opam-init/hooks/sandbox.sh build make check-if-preinstalled all opam-install".

#=== ERROR while compiling ocamlbuild.0.12.0 ==================================#
# context              2.0.0 | linux/x86_64 |  | https://opam.ocaml.org/#83021a6f
# path                 ~/.opam/4.08.0+trunk+flambda+bench/.opam-switch/build/ocamlbuild.0.12.0
# command              ~/.opam/opam-init/hooks/sandbox.sh build make check-if-preinstalled all opam-install
# exit-code            2
# env-file             ~/.opam/log/ocamlbuild-8547-e3d79a.env
# output-file          ~/.opam/log/ocamlbuild-8547-e3d79a.out
### output ###
# [...]
# File "src/solver.ml", line 43, characters 31-32:
# 43 |   if is_logging 4 then dprintf 4 "==%a> %a" pp_repeat (depth, "==") Resource.print target;
#                                     ^
# Error: This expression has type int but an expression was expected of type
#          ('a -> 'b -> 'c -> 'd -> 'e -> 'f, Format.formatter, unit,
#           Format.formatter -> unit)
#          format4 =
#            ('a -> 'b -> 'c -> 'd -> 'e -> 'f, Format.formatter, unit, 
#             unit, unit, Format.formatter -> unit)
#            CamlinternalFormatBasics.format6
# Makefile:422: recipe for target 'src/solver.cmo' failed
# make: *** [src/solver.cmo] Error 2


#=== ERROR while compiling dune.1.2.1 =========================================#
# context              2.0.0 | linux/x86_64 |  | pinned(https://github.com/ocaml/dune/releases/download/1.2.1/dune-1.2.1.tbz)
# path                 ~/.opam/4.08.0+trunk+flambda+bench/.opam-switch/build/dune.1.2.1
# command              ~/.opam/opam-init/hooks/sandbox.sh build ocaml bootstrap.ml
# exit-code            2
# env-file             ~/.opam/log/dune-8547-c4933c.env
# output-file          ~/.opam/log/dune-8547-c4933c.out
### output ###
# Use Stdlib instead.
# [...]
# If you need to stay compatible with OCaml < 4.07, you can use the 
# stdlib-shims library: https://github.com/ocaml/stdlib-shims
# File "src/stdune/caml/result.mli", line 6, characters 7-17:
# Alert deprecated: module Stdlib.Pervasives
# Use Stdlib instead.
# 
# If you need to stay compatible with OCaml < 4.07, you can use the 
# stdlib-shims library: https://github.com/ocaml/stdlib-shims
# File "src/stdune/list.ml", line 3, characters 0-18:
# Error: Multiple definition of the type name t.
#        Names must be unique in a given structure or signature.


#=== ERROR while compiling conf-gtksourceview.2 ===============================#
# context              2.0.0 | linux/x86_64 |  | https://opam.ocaml.org/#83021a6f
# path                 ~/.opam/4.08.0+trunk+flambda+bench/.opam-switch/build/conf-gtksourceview.2
# command              ~/.opam/opam-init/hooks/sandbox.sh build pkg-config --short-errors --print-errors gtksourceview-2.0
# exit-code            1
# env-file             ~/.opam/log/conf-gtksourceview-8547-44572d.env
# output-file          ~/.opam/log/conf-gtksourceview-8547-44572d.out
### output ###
# No package 'gtksourceview-2.0' found


#=== ERROR while compiling conf-gnomecanvas.2 =================================#
# context              2.0.0 | linux/x86_64 |  | https://opam.ocaml.org/#83021a6f
# path                 ~/.opam/4.08.0+trunk+flambda+bench/.opam-switch/build/conf-gnomecanvas.2
# command              ~/.opam/opam-init/hooks/sandbox.sh build pkg-config libgnomecanvas-2.0
# exit-code            1
# env-file             ~/.opam/log/conf-gnomecanvas-8547-b2c72e.env
# output-file          ~/.opam/log/conf-gnomecanvas-8547-b2c72e.out


#=== ERROR while compiling cmdliner.1.0.3 =====================================#
# context              2.0.0 | linux/x86_64 |  | https://opam.ocaml.org/#83021a6f
# path                 ~/.opam/4.08.0+trunk+flambda+bench/.opam-switch/build/cmdliner.1.0.3
# command              ~/.opam/opam-init/hooks/sandbox.sh build make all PREFIX=/root/.opam/4.08.0+trunk+flambda+bench
# exit-code            2
# env-file             ~/.opam/log/cmdliner-8547-80dce8.env
# output-file          ~/.opam/log/cmdliner-8547-80dce8.out
### output ###
# Error: This expression has type
# [...]
#           | `Exn of exn * Printexc.raw_backtrace
#           | `Help of Cmdliner_manpage.format * string option
#           | `Parse of string
#           | `Std_help of Manpage.format
#           | `Std_version ])
#          Pervasives.result
#        but an expression was expected of type
#          ('b, [> `Std_help of 'c ]) Stdlib.result
# exited with 2: 'ocamlc.opt' '-g' '-bin-annot' '-safe-string' '-w' '-3' 'cmdliner_suggest.mli' 'cmdliner_suggest.ml' 'cmdliner_trie.mli' 'cmdliner_manpage.mli' 'cmdliner_trie.ml' 'cmdliner_base.mli' 'cmdliner_info.mli' 'cmdliner_base.ml' 'cmdliner.mli' 'cmdliner_cline.mli' 'cmdliner_docgen.mli' 'cmdliner_term.mli' 'cmdliner_manpage.ml' 'cmdliner_arg.mli' 'cmdliner_info.ml' 'cmdliner_msg.mli' '[...]
# Makefile:44: recipe for target 'build-byte' failed
# make: *** [build-byte] Error 1



<><> Error report <><><><><><><><><><><><><><><><><><><><><><><><><><><><><><><>
┌─ The following actions failed
│ λ build cmdliner           1.0.3
│ λ build conf-gnomecanvas   2
│ λ build conf-gtksourceview 2
│ λ build dune               1.2.1
│ λ build ocamlbuild         0.12.0
└─ 
╶─ No changes have been performed

The packages you requested declare the following system dependencies. Please make sure they are installed before retrying:
    libgnomecanvas2-dev libgtksourceview2.0-dev


===== OPAM UPGRADE DONE in 330s =====

+opam config env --switch operf
[WARNING] Running as root is not recommended
+opam show ocaml-variants --switch 4.06.1+multicore+bench --field source-hash
[WARNING] Running as root is not recommended
+opam config env --switch 4.06.1+multicore+bench
[WARNING] Running as root is not recommended
[NOTE] To make opam select the switch 4.06.1+multicore+bench in the current shell, add --set-switch or set OPAMSWITCH
+opam pin --switch 4.06.1+multicore+bench
[WARNING] Running as root is not recommended
+opam show ocaml-variants --switch 4.06.1+multicore-lazy+bench --field source-hash
[WARNING] Running as root is not recommended
+opam config env --switch 4.06.1+multicore-lazy+bench
[WARNING] Running as root is not recommended
[NOTE] To make opam select the switch 4.06.1+multicore-lazy+bench in the current shell, add --set-switch or set OPAMSWITCH
+opam pin --switch 4.06.1+multicore-lazy+bench
[WARNING] Running as root is not recommended
+opam show ocaml-variants --switch 4.06.1+trunk+bench --field source-hash
[WARNING] Running as root is not recommended
+opam config env --switch 4.06.1+trunk+bench
[WARNING] Running as root is not recommended
[NOTE] To make opam select the switch 4.06.1+trunk+bench in the current shell, add --set-switch or set OPAMSWITCH
+opam pin --switch 4.06.1+trunk+bench
[WARNING] Running as root is not recommended
+opam show ocaml-variants --switch 4.08.0+optim_local_tailcalls+bench --field source-hash
[WARNING] Running as root is not recommended
+opam config env --switch 4.08.0+optim_local_tailcalls+bench
[WARNING] Running as root is not recommended
[NOTE] To make opam select the switch 4.08.0+optim_local_tailcalls+bench in the current shell, add --set-switch or set OPAMSWITCH
+opam pin --switch 4.08.0+optim_local_tailcalls+bench
[WARNING] Running as root is not recommended
+opam show ocaml-variants --switch 4.08.0+optim_local_tailcalls+flambda+bench --field source-hash
[WARNING] Running as root is not recommended
+opam config env --switch 4.08.0+optim_local_tailcalls+flambda+bench
[WARNING] Running as root is not recommended
[NOTE] To make opam select the switch 4.08.0+optim_local_tailcalls+flambda+bench in the current shell, add --set-switch or set OPAMSWITCH
+opam pin --switch 4.08.0+optim_local_tailcalls+flambda+bench
[WARNING] Running as root is not recommended
+opam show ocaml-variants --switch 4.08.0+trunk+bench --field source-hash
[WARNING] Running as root is not recommended
+opam config env --switch 4.08.0+trunk+bench
[WARNING] Running as root is not recommended
[NOTE] To make opam select the switch 4.08.0+trunk+bench in the current shell, add --set-switch or set OPAMSWITCH
+opam pin --switch 4.08.0+trunk+bench
[WARNING] Running as root is not recommended
+opam show ocaml-variants --switch 4.08.0+trunk+flambda+bench --field source-hash
[WARNING] Running as root is not recommended
+opam config env --switch 4.08.0+trunk+flambda+bench
[WARNING] Running as root is not recommended
[NOTE] To make opam select the switch 4.08.0+trunk+flambda+bench in the current shell, add --set-switch or set OPAMSWITCH
+opam pin --switch 4.08.0+trunk+flambda+bench
[WARNING] Running as root is not recommended
wall: cannot get tty name: Inappropriate ioctl for device

=== BENCH START ===
[WARNING] Running as root is not recommended
[WARNING] Running as root is not recommended
[WARNING] Running as root is not recommended
Running benchmarks installed in 4.06.1+multicore+bench...
Running benchmark sequence (compiled with OCaml 4.06.1+multicore+bench)... 6 times.
Running benchmark sequence-cps (compiled with OCaml 4.06.1+multicore+bench)... 4 times.
Running benchmark cpdf-reformat (compiled with OCaml 4.06.1+multicore+bench)... 3 times.
Running benchmark cpdf-squeeze (compiled with OCaml 4.06.1+multicore+bench)... 3 times.
Running benchmark cpdf-merge (compiled with OCaml 4.06.1+multicore+bench)... 3 times.
Running benchmark cpdf-transform (compiled with OCaml 4.06.1+multicore+bench)... 3 times.
Running benchmark almabench (compiled with OCaml 4.06.1+multicore+bench)... 3 times.
[WARNING] Running as root is not recommended
diff: /root/.cache/operf/macro/almabench/operf.output: No such file or directory
Command return code 2:
  diff -q /root/.opam/4.06.1+multicore+bench/share/almabench-bench/almabench-bench.output /root/.cache/operf/macro/almabench/operf.output 
Running benchmark kb (compiled with OCaml 4.06.1+multicore+bench)... 10 times.
Running benchmark kb-no-exc (compiled with OCaml 4.06.1+multicore+bench)... 15 times.
Running benchmark bdd (compiled with OCaml 4.06.1+multicore+bench)... 21 times.
Running benchmark numal-k-means (compiled with OCaml 4.06.1+multicore+bench)... 46 times.
Running benchmark numal-simple_access (compiled with OCaml 4.06.1+multicore+bench)... 2 times.
Running benchmark numal-naive-multilayer (compiled with OCaml 4.06.1+multicore+bench)... 3 times.
Running benchmark numal-qr-decomposition (compiled with OCaml 4.06.1+multicore+bench)... 4 times.
Running benchmark numal-rnd_access (compiled with OCaml 4.06.1+multicore+bench)... 4 times.
Running benchmark numal-fft (compiled with OCaml 4.06.1+multicore+bench)... 3 times.
Running benchmark numal-durand-kerner-aberth (compiled with OCaml 4.06.1+multicore+bench)... 50 times.
Running benchmark numal-lu-decomposition (compiled with OCaml 4.06.1+multicore+bench)... 6 times.
Running benchmark numal-levinson-durbin (compiled with OCaml 4.06.1+multicore+bench)... 3 times.
Running benchmark minilight (compiled with OCaml 4.06.1+multicore+bench)... 3 times.
[WARNING] Running as root is not recommended
Running benchmark menhir-sysver (compiled with OCaml 4.06.1+multicore+bench)... 3 times.
Running benchmark menhir-standard (compiled with OCaml 4.06.1+multicore+bench)... 345 times.
[WARNING] Running as root is not recommended
Command return code 1:
  diff -q /root/.opam/4.06.1+multicore+bench/share/menhir-bench/yacc-output.ml /root/.opam/4.06.1+multicore+bench/share/menhir-bench/yacc-parser.ml 
Running benchmark menhir-sql (compiled with OCaml 4.06.1+multicore+bench)... 4 times.
Running benchmark menhir-fancy (compiled with OCaml 4.06.1+multicore+bench)... 267 times.
[WARNING] Running as root is not recommended
Command return code 1:
  diff -q /root/.opam/4.06.1+multicore+bench/share/menhir-bench/fancy-output.ml /root/.opam/4.06.1+multicore+bench/share/menhir-bench/fancy-parser.ml 
Running benchmark menhir-list-errors (compiled with OCaml 4.06.1+multicore+bench)... 3 times.
Running benchmark jsontrip-sample (compiled with OCaml 4.06.1+multicore+bench)... 225 times.
Running benchmark setrip-smallbuf (compiled with OCaml 4.06.1+multicore+bench)... 6 times.
Running benchmark setrip (compiled with OCaml 4.06.1+multicore+bench)... 6 times.
Running benchmark lexifi-g2pp (compiled with OCaml 4.06.1+multicore+bench)... 2 times.
[WARNING] Running as root is not recommended
diff: /root/.cache/operf/macro/lexifi-g2pp/operf.output: No such file or directory
Command return code 2:
  diff -q /root/.opam/4.06.1+multicore+bench/share/lexifi-g2pp-bench/lexifi-g2pp-bench.output /root/.cache/operf/macro/lexifi-g2pp/operf.output 
[WARNING] Running as root is not recommended
[WARNING] Running as root is not recommended
[WARNING] Running as root is not recommended
Running benchmarks installed in 4.06.1+multicore-lazy+bench...
Running benchmark sequence (compiled with OCaml 4.06.1+multicore-lazy+bench)... 6 times.
Running benchmark sequence-cps (compiled with OCaml 4.06.1+multicore-lazy+bench)... 4 times.
Running benchmark cpdf-reformat (compiled with OCaml 4.06.1+multicore-lazy+bench)... Running benchmark cpdf-squeeze (compiled with OCaml 4.06.1+multicore-lazy+bench)... 3 times.
Running benchmark cpdf-merge (compiled with OCaml 4.06.1+multicore-lazy+bench)... Running benchmark cpdf-transform (compiled with OCaml 4.06.1+multicore-lazy+bench)... 3 times.
Running benchmark almabench (compiled with OCaml 4.06.1+multicore-lazy+bench)... 3 times.
[WARNING] Running as root is not recommended
diff: /root/.cache/operf/macro/almabench/operf.output: No such file or directory
Command return code 2:
  diff -q /root/.opam/4.06.1+multicore-lazy+bench/share/almabench-bench/almabench-bench.output /root/.cache/operf/macro/almabench/operf.output 
Running benchmark kb (compiled with OCaml 4.06.1+multicore-lazy+bench)... 10 times.
Running benchmark kb-no-exc (compiled with OCaml 4.06.1+multicore-lazy+bench)... Running benchmark bdd (compiled with OCaml 4.06.1+multicore-lazy+bench)... 21 times.
Running benchmark numal-k-means (compiled with OCaml 4.06.1+multicore-lazy+bench)... 46 times.
Running benchmark numal-simple_access (compiled with OCaml 4.06.1+multicore-lazy+bench)... 3 times.
Running benchmark numal-naive-multilayer (compiled with OCaml 4.06.1+multicore-lazy+bench)... 2 times.
Running benchmark numal-qr-decomposition (compiled with OCaml 4.06.1+multicore-lazy+bench)... 4 times.
Running benchmark numal-rnd_access (compiled with OCaml 4.06.1+multicore-lazy+bench)... 3 times.
Running benchmark numal-fft (compiled with OCaml 4.06.1+multicore-lazy+bench)... 3 times.
Running benchmark numal-durand-kerner-aberth (compiled with OCaml 4.06.1+multicore-lazy+bench)... 50 times.
Running benchmark numal-lu-decomposition (compiled with OCaml 4.06.1+multicore-lazy+bench)... 6 times.
Running benchmark numal-levinson-durbin (compiled with OCaml 4.06.1+multicore-lazy+bench)... 3 times.
Running benchmark minilight (compiled with OCaml 4.06.1+multicore-lazy+bench)... 2 times.
[WARNING] Running as root is not recommended
Running benchmark menhir-sysver (compiled with OCaml 4.06.1+multicore-lazy+bench)... Running benchmark menhir-standard (compiled with OCaml 4.06.1+multicore-lazy+bench)... 419 times.
[WARNING] Running as root is not recommended
Command return code 1:
  diff -q /root/.opam/4.06.1+multicore-lazy+bench/share/menhir-bench/yacc-output.ml /root/.opam/4.06.1+multicore-lazy+bench/share/menhir-bench/yacc-parser.ml 
Running benchmark menhir-sql (compiled with OCaml 4.06.1+multicore-lazy+bench)... Running benchmark menhir-fancy (compiled with OCaml 4.06.1+multicore-lazy+bench)... 266 times.
[WARNING] Running as root is not recommended
Command return code 1:
  diff -q /root/.opam/4.06.1+multicore-lazy+bench/share/menhir-bench/fancy-output.ml /root/.opam/4.06.1+multicore-lazy+bench/share/menhir-bench/fancy-parser.ml 
Running benchmark menhir-list-errors (compiled with OCaml 4.06.1+multicore-lazy+bench)... Running benchmark jsontrip-sample (compiled with OCaml 4.06.1+multicore-lazy+bench)... 226 times.
Running benchmark setrip-smallbuf (compiled with OCaml 4.06.1+multicore-lazy+bench)... 6 times.
Running benchmark setrip (compiled with OCaml 4.06.1+multicore-lazy+bench)... 6 times.
Running benchmark lexifi-g2pp (compiled with OCaml 4.06.1+multicore-lazy+bench)... 3 times.
[WARNING] Running as root is not recommended
diff: /root/.cache/operf/macro/lexifi-g2pp/operf.output: No such file or directory
Command return code 2:
  diff -q /root/.opam/4.06.1+multicore-lazy+bench/share/lexifi-g2pp-bench/lexifi-g2pp-bench.output /root/.cache/operf/macro/lexifi-g2pp/operf.output 
[WARNING] Running as root is not recommended
[WARNING] Running as root is not recommended
[WARNING] Running as root is not recommended
Running benchmarks installed in 4.06.1+trunk+bench...
Running benchmark sequence (compiled with OCaml 4.06.1+trunk+bench)... 6 times.
Running benchmark sequence-cps (compiled with OCaml 4.06.1+trunk+bench)... 6 times.
Running benchmark patdiff (compiled with OCaml 4.06.1+trunk+bench)... 19 times.
Skipping core-sequence-cps (No binary at path "/root/.opam/4.06.1+trunk+bench/bin/sequence-cps-bench")
Skipping core-sequence (No binary at path "/root/.opam/4.06.1+trunk+bench/bin/sequence-bench")
Running benchmark cpdf-reformat (compiled with OCaml 4.06.1+trunk+bench)... 3 times.
Running benchmark cpdf-squeeze (compiled with OCaml 4.06.1+trunk+bench)... 2 times.
Running benchmark cpdf-merge (compiled with OCaml 4.06.1+trunk+bench)... 3 times.
Running benchmark cpdf-transform (compiled with OCaml 4.06.1+trunk+bench)... 2 times.
Running benchmark almabench (compiled with OCaml 4.06.1+trunk+bench)... 3 times.
[WARNING] Running as root is not recommended
diff: /root/.cache/operf/macro/almabench/operf.output: No such file or directory
Command return code 2:
  diff -q /root/.opam/4.06.1+trunk+bench/share/almabench-bench/almabench-bench.output /root/.cache/operf/macro/almabench/operf.output 
Running benchmark kb (compiled with OCaml 4.06.1+trunk+bench)... 11 times.
Running benchmark kb-no-exc (compiled with OCaml 4.06.1+trunk+bench)... 15 times.
Running benchmark bdd (compiled with OCaml 4.06.1+trunk+bench)... 22 times.
Running benchmark numal-k-means (compiled with OCaml 4.06.1+trunk+bench)... 53 times.
Running benchmark numal-simple_access (compiled with OCaml 4.06.1+trunk+bench)... 2 times.
Running benchmark numal-naive-multilayer (compiled with OCaml 4.06.1+trunk+bench)... 2 times.
Running benchmark numal-qr-decomposition (compiled with OCaml 4.06.1+trunk+bench)... 4 times.
Running benchmark numal-rnd_access (compiled with OCaml 4.06.1+trunk+bench)... 2 times.
Running benchmark numal-fft (compiled with OCaml 4.06.1+trunk+bench)... 3 times.
Running benchmark numal-durand-kerner-aberth (compiled with OCaml 4.06.1+trunk+bench)... 53 times.
Running benchmark numal-lu-decomposition (compiled with OCaml 4.06.1+trunk+bench)... 7 times.
Running benchmark numal-levinson-durbin (compiled with OCaml 4.06.1+trunk+bench)... 3 times.
Running benchmark minilight (compiled with OCaml 4.06.1+trunk+bench)... 2 times.
[WARNING] Running as root is not recommended
Running benchmark menhir-sysver (compiled with OCaml 4.06.1+trunk+bench)... 2 times.
Running benchmark menhir-standard (compiled with OCaml 4.06.1+trunk+bench)... 485 times.
[WARNING] Running as root is not recommended
Command return code 1:
  diff -q /root/.opam/4.06.1+trunk+bench/share/menhir-bench/yacc-output.ml /root/.opam/4.06.1+trunk+bench/share/menhir-bench/yacc-parser.ml 
Running benchmark menhir-sql (compiled with OCaml 4.06.1+trunk+bench)... 4 times.
Running benchmark menhir-fancy (compiled with OCaml 4.06.1+trunk+bench)... 364 times.
[WARNING] Running as root is not recommended
Command return code 1:
  diff -q /root/.opam/4.06.1+trunk+bench/share/menhir-bench/fancy-output.ml /root/.opam/4.06.1+trunk+bench/share/menhir-bench/fancy-parser.ml 
Running benchmark menhir-list-errors (compiled with OCaml 4.06.1+trunk+bench)... 3 times.
Running benchmark jsontrip-sample (compiled with OCaml 4.06.1+trunk+bench)... 277 times.
Running benchmark setrip-smallbuf (compiled with OCaml 4.06.1+trunk+bench)... 6 times.
Running benchmark setrip (compiled with OCaml 4.06.1+trunk+bench)... 6 times.
Running benchmark lexifi-g2pp (compiled with OCaml 4.06.1+trunk+bench)... 3 times.
[WARNING] Running as root is not recommended
diff: /root/.cache/operf/macro/lexifi-g2pp/operf.output: No such file or directory
Command return code 2:
  diff -q /root/.opam/4.06.1+trunk+bench/share/lexifi-g2pp-bench/lexifi-g2pp-bench.output /root/.cache/operf/macro/lexifi-g2pp/operf.output 
[WARNING] Running as root is not recommended
[WARNING] Running as root is not recommended
[WARNING] Running as root is not recommended
Running benchmarks installed in 4.08.0+optim_local_tailcalls+bench...
Running benchmark sequence (compiled with OCaml 4.08.0+optim_local_tailcalls+bench)... 6 times.
Running benchmark sequence-cps (compiled with OCaml 4.08.0+optim_local_tailcalls+bench)... 9 times.
Running benchmark cpdf-reformat (compiled with OCaml 4.08.0+optim_local_tailcalls+bench)... 3 times.
Running benchmark cpdf-squeeze (compiled with OCaml 4.08.0+optim_local_tailcalls+bench)... 3 times.
Running benchmark cpdf-merge (compiled with OCaml 4.08.0+optim_local_tailcalls+bench)... 3 times.
Running benchmark cpdf-transform (compiled with OCaml 4.08.0+optim_local_tailcalls+bench)... 3 times.
Running benchmark almabench (compiled with OCaml 4.08.0+optim_local_tailcalls+bench)... 3 times.
[WARNING] Running as root is not recommended
diff: /root/.cache/operf/macro/almabench/operf.output: No such file or directory
Command return code 2:
  diff -q /root/.opam/4.08.0+optim_local_tailcalls+bench/share/almabench-bench/almabench-bench.output /root/.cache/operf/macro/almabench/operf.output 
Running benchmark kb (compiled with OCaml 4.08.0+optim_local_tailcalls+bench)... 11 times.
Running benchmark kb-no-exc (compiled with OCaml 4.08.0+optim_local_tailcalls+bench)... 15 times.
Running benchmark bdd (compiled with OCaml 4.08.0+optim_local_tailcalls+bench)... 22 times.
Running benchmark numal-k-means (compiled with OCaml 4.08.0+optim_local_tailcalls+bench)... 51 times.
Running benchmark numal-simple_access (compiled with OCaml 4.08.0+optim_local_tailcalls+bench)... 2 times.
Running benchmark numal-naive-multilayer (compiled with OCaml 4.08.0+optim_local_tailcalls+bench)... 2 times.
Running benchmark numal-qr-decomposition (compiled with OCaml 4.08.0+optim_local_tailcalls+bench)... 4 times.
Running benchmark numal-rnd_access (compiled with OCaml 4.08.0+optim_local_tailcalls+bench)... 3 times.
Running benchmark numal-fft (compiled with OCaml 4.08.0+optim_local_tailcalls+bench)... 2 times.
Running benchmark numal-durand-kerner-aberth (compiled with OCaml 4.08.0+optim_local_tailcalls+bench)... 53 times.
Running benchmark numal-lu-decomposition (compiled with OCaml 4.08.0+optim_local_tailcalls+bench)... 7 times.
Running benchmark numal-levinson-durbin (compiled with OCaml 4.08.0+optim_local_tailcalls+bench)... 3 times.
Running benchmark minilight (compiled with OCaml 4.08.0+optim_local_tailcalls+bench)... 3 times.
[WARNING] Running as root is not recommended
Running benchmark lexifi-g2pp (compiled with OCaml 4.08.0+optim_local_tailcalls+bench)... 3 times.
[WARNING] Running as root is not recommended
diff: /root/.cache/operf/macro/lexifi-g2pp/operf.output: No such file or directory
Command return code 2:
  diff -q /root/.opam/4.08.0+optim_local_tailcalls+bench/share/lexifi-g2pp-bench/lexifi-g2pp-bench.output /root/.cache/operf/macro/lexifi-g2pp/operf.output 
[WARNING] Running as root is not recommended
[WARNING] Running as root is not recommended
[WARNING] Running as root is not recommended
Running benchmarks installed in 4.08.0+optim_local_tailcalls+flambda+bench...
Running benchmark sequence (compiled with OCaml 4.08.0+optim_local_tailcalls+flambda+bench)... 8 times.
Running benchmark sequence-cps (compiled with OCaml 4.08.0+optim_local_tailcalls+flambda+bench)... 6 times.
Running benchmark cpdf-reformat (compiled with OCaml 4.08.0+optim_local_tailcalls+flambda+bench)... 3 times.
Running benchmark cpdf-squeeze (compiled with OCaml 4.08.0+optim_local_tailcalls+flambda+bench)... 3 times.
Running benchmark cpdf-merge (compiled with OCaml 4.08.0+optim_local_tailcalls+flambda+bench)... 4 times.
Running benchmark cpdf-transform (compiled with OCaml 4.08.0+optim_local_tailcalls+flambda+bench)... 3 times.
Running benchmark almabench (compiled with OCaml 4.08.0+optim_local_tailcalls+flambda+bench)... 5 times.
[WARNING] Running as root is not recommended
diff: /root/.cache/operf/macro/almabench/operf.output: No such file or directory
Command return code 2:
  diff -q /root/.opam/4.08.0+optim_local_tailcalls+flambda+bench/share/almabench-bench/almabench-bench.output /root/.cache/operf/macro/almabench/operf.output 
Running benchmark kb (compiled with OCaml 4.08.0+optim_local_tailcalls+flambda+bench)... 11 times.
Running benchmark kb-no-exc (compiled with OCaml 4.08.0+optim_local_tailcalls+flambda+bench)... 15 times.
Running benchmark bdd (compiled with OCaml 4.08.0+optim_local_tailcalls+flambda+bench)... 21 times.
Running benchmark numal-k-means (compiled with OCaml 4.08.0+optim_local_tailcalls+flambda+bench)... 55 times.
Running benchmark numal-simple_access (compiled with OCaml 4.08.0+optim_local_tailcalls+flambda+bench)... 3 times.
Running benchmark numal-naive-multilayer (compiled with OCaml 4.08.0+optim_local_tailcalls+flambda+bench)... 3 times.
Running benchmark numal-qr-decomposition (compiled with OCaml 4.08.0+optim_local_tailcalls+flambda+bench)... 4 times.
Running benchmark numal-rnd_access (compiled with OCaml 4.08.0+optim_local_tailcalls+flambda+bench)... 2 times.
Running benchmark numal-fft (compiled with OCaml 4.08.0+optim_local_tailcalls+flambda+bench)... 3 times.
Running benchmark numal-durand-kerner-aberth (compiled with OCaml 4.08.0+optim_local_tailcalls+flambda+bench)... 53 times.
Running benchmark numal-lu-decomposition (compiled with OCaml 4.08.0+optim_local_tailcalls+flambda+bench)... 8 times.
Running benchmark numal-levinson-durbin (compiled with OCaml 4.08.0+optim_local_tailcalls+flambda+bench)... 3 times.
Running benchmark minilight (compiled with OCaml 4.08.0+optim_local_tailcalls+flambda+bench)... 3 times.
[WARNING] Running as root is not recommended
Running benchmark lexifi-g2pp (compiled with OCaml 4.08.0+optim_local_tailcalls+flambda+bench)... 2 times.
[WARNING] Running as root is not recommended
diff: /root/.cache/operf/macro/lexifi-g2pp/operf.output: No such file or directory
Command return code 2:
  diff -q /root/.opam/4.08.0+optim_local_tailcalls+flambda+bench/share/lexifi-g2pp-bench/lexifi-g2pp-bench.output /root/.cache/operf/macro/lexifi-g2pp/operf.output 
[WARNING] Running as root is not recommended
[WARNING] Running as root is not recommended
[WARNING] Running as root is not recommended
Running benchmarks installed in 4.08.0+trunk+bench...
Running benchmark sequence (compiled with OCaml 4.08.0+trunk+bench)... 6 times.
Running benchmark sequence-cps (compiled with OCaml 4.08.0+trunk+bench)... 6 times.
Running benchmark cpdf-reformat (compiled with OCaml 4.08.0+trunk+bench)... 3 times.
Running benchmark cpdf-squeeze (compiled with OCaml 4.08.0+trunk+bench)... 3 times.
Running benchmark cpdf-merge (compiled with OCaml 4.08.0+trunk+bench)... 2 times.
Running benchmark cpdf-transform (compiled with OCaml 4.08.0+trunk+bench)... 3 times.
Running benchmark almabench (compiled with OCaml 4.08.0+trunk+bench)... 9 times.
[WARNING] Running as root is not recommended
diff: /root/.cache/operf/macro/almabench/operf.output: No such file or directory
Command return code 2:
  diff -q /root/.opam/4.08.0+trunk+bench/share/almabench-bench/almabench-bench.output /root/.cache/operf/macro/almabench/operf.output 
Running benchmark kb (compiled with OCaml 4.08.0+trunk+bench)... 11 times.
Running benchmark kb-no-exc (compiled with OCaml 4.08.0+trunk+bench)... 15 times.
Running benchmark bdd (compiled with OCaml 4.08.0+trunk+bench)... 22 times.
Running benchmark numal-k-means (compiled with OCaml 4.08.0+trunk+bench)... 51 times.
Running benchmark numal-simple_access (compiled with OCaml 4.08.0+trunk+bench)... 3 times.
Running benchmark numal-naive-multilayer (compiled with OCaml 4.08.0+trunk+bench)... 2 times.
Running benchmark numal-qr-decomposition (compiled with OCaml 4.08.0+trunk+bench)... 4 times.
Running benchmark numal-rnd_access (compiled with OCaml 4.08.0+trunk+bench)... 2 times.
Running benchmark numal-fft (compiled with OCaml 4.08.0+trunk+bench)... 3 times.
Running benchmark numal-durand-kerner-aberth (compiled with OCaml 4.08.0+trunk+bench)... 53 times.
Running benchmark numal-lu-decomposition (compiled with OCaml 4.08.0+trunk+bench)... 7 times.
Running benchmark numal-levinson-durbin (compiled with OCaml 4.08.0+trunk+bench)... 3 times.
Running benchmark minilight (compiled with OCaml 4.08.0+trunk+bench)... 3 times.
[WARNING] Running as root is not recommended
Running benchmark lexifi-g2pp (compiled with OCaml 4.08.0+trunk+bench)... 3 times.
[WARNING] Running as root is not recommended
diff: /root/.cache/operf/macro/lexifi-g2pp/operf.output: No such file or directory
Command return code 2:
  diff -q /root/.opam/4.08.0+trunk+bench/share/lexifi-g2pp-bench/lexifi-g2pp-bench.output /root/.cache/operf/macro/lexifi-g2pp/operf.output 
[WARNING] Running as root is not recommended
[WARNING] Running as root is not recommended
[WARNING] Running as root is not recommended
Running benchmarks installed in 4.08.0+trunk+flambda+bench...
Running benchmark sequence (compiled with OCaml 4.08.0+trunk+flambda+bench)... 8 times.
Running benchmark sequence-cps (compiled with OCaml 4.08.0+trunk+flambda+bench)... 6 times.
Running benchmark cpdf-reformat (compiled with OCaml 4.08.0+trunk+flambda+bench)... 3 times.
Running benchmark cpdf-squeeze (compiled with OCaml 4.08.0+trunk+flambda+bench)... 2 times.
Running benchmark cpdf-merge (compiled with OCaml 4.08.0+trunk+flambda+bench)... 2 times.
Running benchmark cpdf-transform (compiled with OCaml 4.08.0+trunk+flambda+bench)... 2 times.
Running benchmark almabench (compiled with OCaml 4.08.0+trunk+flambda+bench)... 5 times.
[WARNING] Running as root is not recommended
diff: /root/.cache/operf/macro/almabench/operf.output: No such file or directory
Command return code 2:
  diff -q /root/.opam/4.08.0+trunk+flambda+bench/share/almabench-bench/almabench-bench.output /root/.cache/operf/macro/almabench/operf.output 
Running benchmark kb (compiled with OCaml 4.08.0+trunk+flambda+bench)... 11 times.
Running benchmark kb-no-exc (compiled with OCaml 4.08.0+trunk+flambda+bench)... 15 times.
Running benchmark bdd (compiled with OCaml 4.08.0+trunk+flambda+bench)... 20 times.
Running benchmark numal-k-means (compiled with OCaml 4.08.0+trunk+flambda+bench)... 55 times.
Running benchmark numal-simple_access (compiled with OCaml 4.08.0+trunk+flambda+bench)... 2 times.
Running benchmark numal-naive-multilayer (compiled with OCaml 4.08.0+trunk+flambda+bench)... 2 times.
Running benchmark numal-qr-decomposition (compiled with OCaml 4.08.0+trunk+flambda+bench)... 4 times.
Running benchmark numal-rnd_access (compiled with OCaml 4.08.0+trunk+flambda+bench)... 2 times.
Running benchmark numal-fft (compiled with OCaml 4.08.0+trunk+flambda+bench)... 3 times.
Running benchmark numal-durand-kerner-aberth (compiled with OCaml 4.08.0+trunk+flambda+bench)... 54 times.
Running benchmark numal-lu-decomposition (compiled with OCaml 4.08.0+trunk+flambda+bench)... 8 times.
Running benchmark numal-levinson-durbin (compiled with OCaml 4.08.0+trunk+flambda+bench)... 3 times.
Running benchmark minilight (compiled with OCaml 4.08.0+trunk+flambda+bench)... 3 times.
[WARNING] Running as root is not recommended
Running benchmark lexifi-g2pp (compiled with OCaml 4.08.0+trunk+flambda+bench)... 3 times.
[WARNING] Running as root is not recommended
diff: /root/.cache/operf/macro/lexifi-g2pp/operf.output: No such file or directory
Command return code 2:
  diff -q /root/.opam/4.08.0+trunk+flambda+bench/share/lexifi-g2pp-bench/lexifi-g2pp-bench.output /root/.cache/operf/macro/lexifi-g2pp/operf.output 
+opam config exec --switch operf -- operf-macro summarize --no-normalize -b csv
[WARNING] Running as root is not recommended
