<!DOCTYPE html>
<html>
<head>
  <title>Bench build results</title>
  <script src="http://www.kryogenix.org/code/browser/sorttable/sorttable.js"></script>
  <style type="text/css"><!--
     div {padding:3ex;}
     pre {padding:1ex;border:1px solid grey;background-color:#eee;}
     table {border-collapse:collapse;margin:auto;}
     thead {position:-webkit-sticky;position:-moz-sticky;position:sticky;top:0;}
     tfoot {position:-webkit-sticky;position:-moz-sticky;position:sticky;bottom:0;}
     thead th {background-color:#dde;}
         td {text-align: right;}
     tr:nth-child(odd) {background-color:#eef;}
     th, td {padding:2ex; border:1px solid #e0e0e0;}
     .logs {display:none;}
     .logs:target {display:block;position:fixed;top:5%;left:5%;right:5%;bottom:5%;border:1px solid black;background-color:white;overflow:scroll;z-index:10;}
     .close {display:block;position:fixed;top:7%;right:7%;}
     a:target {background-color:#e0e000;}
  --></style>
</head><body>
<div>
<table class="sortable">
<thead>
  <tr><th>Package</th><th>4.06.1+trunk+bench</th><th>4.06.1+multicore+bench</th><th>4.06.1+trunk+bench time (s)</th><th>4.06.1+multicore+bench time (s)</th></tr>
</thead>
<tbody>
  <tr><th id="alt-ergo.2.2.0">alt-ergo.2.2.0</th><td><a id="4.06.1+trunk+bench:alt-ergo.2.2.0" title="Failed dependencies: camlzip.1.07, conf-gnomecanvas.2, conf-gtksourceview.2">Aborted</a></td><td><a id="4.06.1+multicore+bench:alt-ergo.2.2.0" title="Failed dependencies: camlzip.1.07, conf-gnomecanvas.2, conf-gtksourceview.2, zarith.1.7">Aborted</a></td><td>0.000</td><td>0.000</td></tr>
  <tr><th id="async.v0.11.0">async.v0.11.0</th><td><a id="4.06.1+trunk+bench:async.v0.11.0">-</a></td><td><a id="4.06.1+multicore+bench:async.v0.11.0" title="Failed dependencies: ocaml-migrate-parsetree.1.0.11, spawn.v0.12.0">Aborted</a></td><td>-</td><td>0.000</td></tr>
  <tr><th id="async-echo-bench.1.0">async-echo-bench.1.0</th><td><a id="4.06.1+trunk+bench:async-echo-bench.1.0" href="#log-4.06.1+trunk+bench-async-echo-bench-1.0">Failure (2)</a></td><td><a id="4.06.1+multicore+bench:async-echo-bench.1.0" title="Failed dependencies: ocaml-migrate-parsetree.1.0.11, spawn.v0.12.0">Aborted</a></td><td>0.551</td><td>0.000</td></tr>
  <tr><th id="async-rpc-bench.1.0">async-rpc-bench.1.0</th><td><a id="4.06.1+trunk+bench:async-rpc-bench.1.0" href="#log-4.06.1+trunk+bench-async-rpc-bench-1.0">Failure (2)</a></td><td><a id="4.06.1+multicore+bench:async-rpc-bench.1.0" title="Failed dependencies: ocaml-migrate-parsetree.1.0.11, spawn.v0.12.0">Aborted</a></td><td>0.517</td><td>0.000</td></tr>
  <tr><th id="async_extra.v0.11.1">async_extra.v0.11.1</th><td><a id="4.06.1+trunk+bench:async_extra.v0.11.1">-</a></td><td><a id="4.06.1+multicore+bench:async_extra.v0.11.1" title="Failed dependencies: ocaml-migrate-parsetree.1.0.11, spawn.v0.12.0">Aborted</a></td><td>-</td><td>0.000</td></tr>
  <tr><th id="async_kernel.v0.11.1">async_kernel.v0.11.1</th><td><a id="4.06.1+trunk+bench:async_kernel.v0.11.1">-</a></td><td><a id="4.06.1+multicore+bench:async_kernel.v0.11.1" title="Failed dependencies: ocaml-migrate-parsetree.1.0.11">Aborted</a></td><td>-</td><td>0.000</td></tr>
  <tr><th id="async_rpc_kernel.v0.11.0">async_rpc_kernel.v0.11.0</th><td><a id="4.06.1+trunk+bench:async_rpc_kernel.v0.11.0">-</a></td><td><a id="4.06.1+multicore+bench:async_rpc_kernel.v0.11.0" title="Failed dependencies: ocaml-migrate-parsetree.1.0.11">Aborted</a></td><td>-</td><td>0.000</td></tr>
  <tr><th id="async_unix.v0.11.0">async_unix.v0.11.0</th><td><a id="4.06.1+trunk+bench:async_unix.v0.11.0">-</a></td><td><a id="4.06.1+multicore+bench:async_unix.v0.11.0" title="Failed dependencies: ocaml-migrate-parsetree.1.0.11, spawn.v0.12.0">Aborted</a></td><td>-</td><td>0.000</td></tr>
  <tr><th id="bin_prot.v0.11.0">bin_prot.v0.11.0</th><td><a id="4.06.1+trunk+bench:bin_prot.v0.11.0">-</a></td><td><a id="4.06.1+multicore+bench:bin_prot.v0.11.0" title="Failed dependencies: ocaml-migrate-parsetree.1.0.11">Aborted</a></td><td>-</td><td>0.000</td></tr>
  <tr><th id="camlimages.5.0.1">camlimages.5.0.1</th><td><a id="4.06.1+trunk+bench:camlimages.5.0.1" title="Failed dependencies: conf-gnomecanvas.2, conf-gtksourceview.2">Aborted</a></td><td><a id="4.06.1+multicore+bench:camlimages.5.0.1" title="Failed dependencies: conf-gnomecanvas.2, conf-gtksourceview.2">Aborted</a></td><td>0.000</td><td>0.000</td></tr>
  <tr><th id="camlpdf.2.2.1">camlpdf.2.2.1</th><td><a id="4.06.1+trunk+bench:camlpdf.2.2.1">-</a></td><td><a id="4.06.1+multicore+bench:camlpdf.2.2.1" href="#log-4.06.1+multicore+bench-camlpdf-2.2.1">Failure (2)</a></td><td>-</td><td>3.638</td></tr>
  <tr><th id="camlzip.1.07">camlzip.1.07</th><td><a id="4.06.1+trunk+bench:camlzip.1.07" href="#log-4.06.1+trunk+bench-camlzip-1.07">Failure (2)</a></td><td><a id="4.06.1+multicore+bench:camlzip.1.07" href="#log-4.06.1+multicore+bench-camlzip-1.07">Failure (2)</a></td><td>0.376</td><td>0.292</td></tr>
  <tr><th id="chameneos-bench.1.0">chameneos-bench.1.0</th><td><a id="4.06.1+trunk+bench:chameneos-bench.1.0" href="#log-4.06.1+trunk+bench-chameneos-bench-1.0">Failure (2)</a></td><td><a id="4.06.1+multicore+bench:chameneos-bench.1.0" title="Failed dependencies: lwt.4.1.0, ocaml-migrate-parsetree.1.0.11, spawn.v0.12.0">Aborted</a></td><td>1.012</td><td>0.000</td></tr>
  <tr><th id="cohttp.1.0.0">cohttp.1.0.0</th><td><a id="4.06.1+trunk+bench:cohttp.1.0.0">-</a></td><td><a id="4.06.1+multicore+bench:cohttp.1.0.0" title="Failed dependencies: ocaml-migrate-parsetree.1.0.11">Aborted</a></td><td>-</td><td>0.000</td></tr>
  <tr><th id="cohttp-bench.1.0">cohttp-bench.1.0</th><td><a id="4.06.1+trunk+bench:cohttp-bench.1.0" href="#log-4.06.1+trunk+bench-cohttp-bench-1.0">Failure (2)</a></td><td><a id="4.06.1+multicore+bench:cohttp-bench.1.0" title="Failed dependencies: lwt.4.1.0, ocaml-migrate-parsetree.1.0.11, spawn.v0.12.0">Aborted</a></td><td>0.428</td><td>0.000</td></tr>
  <tr><th id="conf-gnomecanvas.2">conf-gnomecanvas.2</th><td><a id="4.06.1+trunk+bench:conf-gnomecanvas.2" href="#log-4.06.1+trunk+bench-conf-gnomecanvas-2">Failure (1)</a></td><td><a id="4.06.1+multicore+bench:conf-gnomecanvas.2" href="#log-4.06.1+multicore+bench-conf-gnomecanvas-2">Failure (1)</a></td><td>0.181</td><td>0.111</td></tr>
  <tr><th id="conf-gtksourceview.2">conf-gtksourceview.2</th><td><a id="4.06.1+trunk+bench:conf-gtksourceview.2" href="#log-4.06.1+trunk+bench-conf-gtksourceview-2">Failure (1)</a></td><td><a id="4.06.1+multicore+bench:conf-gtksourceview.2" href="#log-4.06.1+multicore+bench-conf-gtksourceview-2">Failure (1)</a></td><td>0.183</td><td>0.114</td></tr>
  <tr><th id="conf-libpcre.1">conf-libpcre.1</th><td><a id="4.06.1+trunk+bench:conf-libpcre.1" href="#log-4.06.1+trunk+bench-conf-libpcre-1">Failure (1)</a></td><td><a id="4.06.1+multicore+bench:conf-libpcre.1" href="#log-4.06.1+multicore+bench-conf-libpcre-1">Failure (1)</a></td><td>0.309</td><td>0.477</td></tr>
  <tr><th id="core.v0.11.2">core.v0.11.2</th><td><a id="4.06.1+trunk+bench:core.v0.11.2">-</a></td><td><a id="4.06.1+multicore+bench:core.v0.11.2" title="Failed dependencies: ocaml-migrate-parsetree.1.0.11, spawn.v0.12.0">Aborted</a></td><td>-</td><td>0.000</td></tr>
  <tr><th id="core-micro-bench.1.0">core-micro-bench.1.0</th><td><a id="4.06.1+trunk+bench:core-micro-bench.1.0" href="#log-4.06.1+trunk+bench-core-micro-bench-1.0">Failure (2)</a></td><td><a id="4.06.1+multicore+bench:core-micro-bench.1.0" title="Failed dependencies: ocaml-migrate-parsetree.1.0.11, spawn.v0.12.0">Aborted</a></td><td>0.403</td><td>0.000</td></tr>
  <tr><th id="core-sequence-bench.1.0">core-sequence-bench.1.0</th><td><a id="4.06.1+trunk+bench:core-sequence-bench.1.0">-</a></td><td><a id="4.06.1+multicore+bench:core-sequence-bench.1.0" title="Failed dependencies: ocaml-migrate-parsetree.1.0.11, spawn.v0.12.0">Aborted</a></td><td>-</td><td>0.000</td></tr>
  <tr><th id="core_bench.v0.11.0">core_bench.v0.11.0</th><td><a id="4.06.1+trunk+bench:core_bench.v0.11.0">-</a></td><td><a id="4.06.1+multicore+bench:core_bench.v0.11.0" title="Failed dependencies: ocaml-migrate-parsetree.1.0.11, spawn.v0.12.0">Aborted</a></td><td>-</td><td>0.000</td></tr>
  <tr><th id="core_extended.v0.11.0">core_extended.v0.11.0</th><td><a id="4.06.1+trunk+bench:core_extended.v0.11.0">-</a></td><td><a id="4.06.1+multicore+bench:core_extended.v0.11.0" title="Failed dependencies: ocaml-migrate-parsetree.1.0.11, spawn.v0.12.0">Aborted</a></td><td>-</td><td>0.000</td></tr>
  <tr><th id="core_kernel.v0.11.1">core_kernel.v0.11.1</th><td><a id="4.06.1+trunk+bench:core_kernel.v0.11.1">-</a></td><td><a id="4.06.1+multicore+bench:core_kernel.v0.11.1" title="Failed dependencies: ocaml-migrate-parsetree.1.0.11">Aborted</a></td><td>-</td><td>0.000</td></tr>
  <tr><th id="cpdf.2.2.1">cpdf.2.2.1</th><td><a id="4.06.1+trunk+bench:cpdf.2.2.1">-</a></td><td><a id="4.06.1+multicore+bench:cpdf.2.2.1" title="Failed dependencies: camlpdf.2.2.1">Aborted</a></td><td>-</td><td>0.000</td></tr>
  <tr><th id="cpdf-bench.1.0">cpdf-bench.1.0</th><td><a id="4.06.1+trunk+bench:cpdf-bench.1.0">-</a></td><td><a id="4.06.1+multicore+bench:cpdf-bench.1.0" title="Failed dependencies: camlpdf.2.2.1">Aborted</a></td><td>-</td><td>0.000</td></tr>
  <tr><th id="expect_test_helpers.v0.11.0">expect_test_helpers.v0.11.0</th><td><a id="4.06.1+trunk+bench:expect_test_helpers.v0.11.0">-</a></td><td><a id="4.06.1+multicore+bench:expect_test_helpers.v0.11.0" title="Failed dependencies: ocaml-migrate-parsetree.1.0.11, spawn.v0.12.0">Aborted</a></td><td>-</td><td>0.000</td></tr>
  <tr><th id="expect_test_helpers_kernel.v0.11.0">expect_test_helpers_kernel.v0.11.0</th><td><a id="4.06.1+trunk+bench:expect_test_helpers_kernel.v0.11.0">-</a></td><td><a id="4.06.1+multicore+bench:expect_test_helpers_kernel.v0.11.0" title="Failed dependencies: ocaml-migrate-parsetree.1.0.11">Aborted</a></td><td>-</td><td>0.000</td></tr>
  <tr><th id="fieldslib.v0.11.0">fieldslib.v0.11.0</th><td><a id="4.06.1+trunk+bench:fieldslib.v0.11.0">-</a></td><td><a id="4.06.1+multicore+bench:fieldslib.v0.11.0" title="Failed dependencies: ocaml-migrate-parsetree.1.0.11">Aborted</a></td><td>-</td><td>0.000</td></tr>
  <tr><th id="frama-c.20180502">frama-c.20180502</th><td><a id="4.06.1+trunk+bench:frama-c.20180502" title="Failed dependencies: camlzip.1.07, conf-gnomecanvas.2, conf-gtksourceview.2">Aborted</a></td><td><a id="4.06.1+multicore+bench:frama-c.20180502" title="Failed dependencies: camlzip.1.07, conf-gnomecanvas.2, conf-gtksourceview.2, zarith.1.7">Aborted</a></td><td>0.000</td><td>0.000</td></tr>
  <tr><th id="frama-c-bench.1.0">frama-c-bench.1.0</th><td><a id="4.06.1+trunk+bench:frama-c-bench.1.0" title="Failed dependencies: camlzip.1.07, conf-gnomecanvas.2, conf-gtksourceview.2">Aborted</a></td><td><a id="4.06.1+multicore+bench:frama-c-bench.1.0" title="Failed dependencies: camlzip.1.07, conf-gnomecanvas.2, conf-gtksourceview.2, zarith.1.7">Aborted</a></td><td>0.000</td><td>0.000</td></tr>
  <tr><th id="lablgtk.2.18.6">lablgtk.2.18.6</th><td><a id="4.06.1+trunk+bench:lablgtk.2.18.6" title="Failed dependencies: conf-gnomecanvas.2, conf-gtksourceview.2">Aborted</a></td><td><a id="4.06.1+multicore+bench:lablgtk.2.18.6" title="Failed dependencies: conf-gnomecanvas.2, conf-gtksourceview.2">Aborted</a></td><td>0.000</td><td>0.000</td></tr>
  <tr><th id="lwt.4.1.0">lwt.4.1.0</th><td><a id="4.06.1+trunk+bench:lwt.4.1.0">-</a></td><td><a id="4.06.1+multicore+bench:lwt.4.1.0" href="#log-4.06.1+multicore+bench-lwt-4.1.0">Failure (1)</a></td><td>-</td><td>8.944</td></tr>
  <tr><th id="numerical-analysis-bench.1.0">numerical-analysis-bench.1.0</th><td><a id="4.06.1+trunk+bench:numerical-analysis-bench.1.0">-</a></td><td><a id="4.06.1+multicore+bench:numerical-analysis-bench.1.0" href="#log-4.06.1+multicore+bench-numerical-analysis-bench-1.0">Failure (2)</a></td><td>-</td><td>8.269</td></tr>
  <tr><th id="ocaml-migrate-parsetree.1.0.11">ocaml-migrate-parsetree.1.0.11</th><td><a id="4.06.1+trunk+bench:ocaml-migrate-parsetree.1.0.11">-</a></td><td><a id="4.06.1+multicore+bench:ocaml-migrate-parsetree.1.0.11" href="#log-4.06.1+multicore+bench-ocaml-migrate-parsetree-1.0.11">Failure (1)</a></td><td>-</td><td>4.571</td></tr>
  <tr><th id="ocamlgraph.1.8.8">ocamlgraph.1.8.8</th><td><a id="4.06.1+trunk+bench:ocamlgraph.1.8.8" title="Failed dependencies: conf-gnomecanvas.2, conf-gtksourceview.2">Aborted</a></td><td><a id="4.06.1+multicore+bench:ocamlgraph.1.8.8" title="Failed dependencies: conf-gnomecanvas.2, conf-gtksourceview.2">Aborted</a></td><td>0.000</td><td>0.000</td></tr>
  <tr><th id="patdiff.v0.11.0">patdiff.v0.11.0</th><td><a id="4.06.1+trunk+bench:patdiff.v0.11.0" title="Failed dependencies: conf-libpcre.1">Aborted</a></td><td><a id="4.06.1+multicore+bench:patdiff.v0.11.0" title="Failed dependencies: conf-libpcre.1, ocaml-migrate-parsetree.1.0.11, spawn.v0.12.0">Aborted</a></td><td>0.000</td><td>0.000</td></tr>
  <tr><th id="patdiff-bench.1.0">patdiff-bench.1.0</th><td><a id="4.06.1+trunk+bench:patdiff-bench.1.0" title="Failed dependencies: conf-libpcre.1">Aborted</a></td><td><a id="4.06.1+multicore+bench:patdiff-bench.1.0" title="Failed dependencies: conf-libpcre.1, ocaml-migrate-parsetree.1.0.11, spawn.v0.12.0">Aborted</a></td><td>0.000</td><td>0.000</td></tr>
  <tr><th id="patience_diff.v0.11.0">patience_diff.v0.11.0</th><td><a id="4.06.1+trunk+bench:patience_diff.v0.11.0">-</a></td><td><a id="4.06.1+multicore+bench:patience_diff.v0.11.0" title="Failed dependencies: ocaml-migrate-parsetree.1.0.11">Aborted</a></td><td>-</td><td>0.000</td></tr>
  <tr><th id="pcre.7.3.4">pcre.7.3.4</th><td><a id="4.06.1+trunk+bench:pcre.7.3.4" title="Failed dependencies: conf-libpcre.1">Aborted</a></td><td><a id="4.06.1+multicore+bench:pcre.7.3.4" title="Failed dependencies: conf-libpcre.1">Aborted</a></td><td>0.000</td><td>0.000</td></tr>
  <tr><th id="ppx_assert.v0.11.0">ppx_assert.v0.11.0</th><td><a id="4.06.1+trunk+bench:ppx_assert.v0.11.0">-</a></td><td><a id="4.06.1+multicore+bench:ppx_assert.v0.11.0" title="Failed dependencies: ocaml-migrate-parsetree.1.0.11">Aborted</a></td><td>-</td><td>0.000</td></tr>
  <tr><th id="ppx_base.v0.11.0">ppx_base.v0.11.0</th><td><a id="4.06.1+trunk+bench:ppx_base.v0.11.0">-</a></td><td><a id="4.06.1+multicore+bench:ppx_base.v0.11.0" title="Failed dependencies: ocaml-migrate-parsetree.1.0.11">Aborted</a></td><td>-</td><td>0.000</td></tr>
  <tr><th id="ppx_bench.v0.11.0">ppx_bench.v0.11.0</th><td><a id="4.06.1+trunk+bench:ppx_bench.v0.11.0">-</a></td><td><a id="4.06.1+multicore+bench:ppx_bench.v0.11.0" title="Failed dependencies: ocaml-migrate-parsetree.1.0.11">Aborted</a></td><td>-</td><td>0.000</td></tr>
  <tr><th id="ppx_bin_prot.v0.11.1">ppx_bin_prot.v0.11.1</th><td><a id="4.06.1+trunk+bench:ppx_bin_prot.v0.11.1">-</a></td><td><a id="4.06.1+multicore+bench:ppx_bin_prot.v0.11.1" title="Failed dependencies: ocaml-migrate-parsetree.1.0.11">Aborted</a></td><td>-</td><td>0.000</td></tr>
  <tr><th id="ppx_compare.v0.11.1">ppx_compare.v0.11.1</th><td><a id="4.06.1+trunk+bench:ppx_compare.v0.11.1">-</a></td><td><a id="4.06.1+multicore+bench:ppx_compare.v0.11.1" title="Failed dependencies: ocaml-migrate-parsetree.1.0.11">Aborted</a></td><td>-</td><td>0.000</td></tr>
  <tr><th id="ppx_custom_printf.v0.11.0">ppx_custom_printf.v0.11.0</th><td><a id="4.06.1+trunk+bench:ppx_custom_printf.v0.11.0">-</a></td><td><a id="4.06.1+multicore+bench:ppx_custom_printf.v0.11.0" title="Failed dependencies: ocaml-migrate-parsetree.1.0.11">Aborted</a></td><td>-</td><td>0.000</td></tr>
  <tr><th id="ppx_enumerate.v0.11.1">ppx_enumerate.v0.11.1</th><td><a id="4.06.1+trunk+bench:ppx_enumerate.v0.11.1">-</a></td><td><a id="4.06.1+multicore+bench:ppx_enumerate.v0.11.1" title="Failed dependencies: ocaml-migrate-parsetree.1.0.11">Aborted</a></td><td>-</td><td>0.000</td></tr>
  <tr><th id="ppx_expect.v0.11.0">ppx_expect.v0.11.0</th><td><a id="4.06.1+trunk+bench:ppx_expect.v0.11.0">-</a></td><td><a id="4.06.1+multicore+bench:ppx_expect.v0.11.0" title="Failed dependencies: ocaml-migrate-parsetree.1.0.11">Aborted</a></td><td>-</td><td>0.000</td></tr>
  <tr><th id="ppx_fail.v0.11.0">ppx_fail.v0.11.0</th><td><a id="4.06.1+trunk+bench:ppx_fail.v0.11.0">-</a></td><td><a id="4.06.1+multicore+bench:ppx_fail.v0.11.0" title="Failed dependencies: ocaml-migrate-parsetree.1.0.11">Aborted</a></td><td>-</td><td>0.000</td></tr>
  <tr><th id="ppx_fields_conv.v0.11.0">ppx_fields_conv.v0.11.0</th><td><a id="4.06.1+trunk+bench:ppx_fields_conv.v0.11.0">-</a></td><td><a id="4.06.1+multicore+bench:ppx_fields_conv.v0.11.0" title="Failed dependencies: ocaml-migrate-parsetree.1.0.11">Aborted</a></td><td>-</td><td>0.000</td></tr>
  <tr><th id="ppx_hash.v0.11.1">ppx_hash.v0.11.1</th><td><a id="4.06.1+trunk+bench:ppx_hash.v0.11.1">-</a></td><td><a id="4.06.1+multicore+bench:ppx_hash.v0.11.1" title="Failed dependencies: ocaml-migrate-parsetree.1.0.11">Aborted</a></td><td>-</td><td>0.000</td></tr>
  <tr><th id="ppx_here.v0.11.0">ppx_here.v0.11.0</th><td><a id="4.06.1+trunk+bench:ppx_here.v0.11.0">-</a></td><td><a id="4.06.1+multicore+bench:ppx_here.v0.11.0" title="Failed dependencies: ocaml-migrate-parsetree.1.0.11">Aborted</a></td><td>-</td><td>0.000</td></tr>
  <tr><th id="ppx_inline_test.v0.11.0">ppx_inline_test.v0.11.0</th><td><a id="4.06.1+trunk+bench:ppx_inline_test.v0.11.0">-</a></td><td><a id="4.06.1+multicore+bench:ppx_inline_test.v0.11.0" title="Failed dependencies: ocaml-migrate-parsetree.1.0.11">Aborted</a></td><td>-</td><td>0.000</td></tr>
  <tr><th id="ppx_jane.v0.11.0">ppx_jane.v0.11.0</th><td><a id="4.06.1+trunk+bench:ppx_jane.v0.11.0">-</a></td><td><a id="4.06.1+multicore+bench:ppx_jane.v0.11.0" title="Failed dependencies: ocaml-migrate-parsetree.1.0.11">Aborted</a></td><td>-</td><td>0.000</td></tr>
  <tr><th id="ppx_js_style.v0.11.0">ppx_js_style.v0.11.0</th><td><a id="4.06.1+trunk+bench:ppx_js_style.v0.11.0">-</a></td><td><a id="4.06.1+multicore+bench:ppx_js_style.v0.11.0" title="Failed dependencies: ocaml-migrate-parsetree.1.0.11">Aborted</a></td><td>-</td><td>0.000</td></tr>
  <tr><th id="ppx_let.v0.11.0">ppx_let.v0.11.0</th><td><a id="4.06.1+trunk+bench:ppx_let.v0.11.0">-</a></td><td><a id="4.06.1+multicore+bench:ppx_let.v0.11.0" title="Failed dependencies: ocaml-migrate-parsetree.1.0.11">Aborted</a></td><td>-</td><td>0.000</td></tr>
  <tr><th id="ppx_optcomp.v0.11.0">ppx_optcomp.v0.11.0</th><td><a id="4.06.1+trunk+bench:ppx_optcomp.v0.11.0">-</a></td><td><a id="4.06.1+multicore+bench:ppx_optcomp.v0.11.0" title="Failed dependencies: ocaml-migrate-parsetree.1.0.11">Aborted</a></td><td>-</td><td>0.000</td></tr>
  <tr><th id="ppx_optional.v0.11.0">ppx_optional.v0.11.0</th><td><a id="4.06.1+trunk+bench:ppx_optional.v0.11.0">-</a></td><td><a id="4.06.1+multicore+bench:ppx_optional.v0.11.0" title="Failed dependencies: ocaml-migrate-parsetree.1.0.11">Aborted</a></td><td>-</td><td>0.000</td></tr>
  <tr><th id="ppx_pipebang.v0.11.0">ppx_pipebang.v0.11.0</th><td><a id="4.06.1+trunk+bench:ppx_pipebang.v0.11.0">-</a></td><td><a id="4.06.1+multicore+bench:ppx_pipebang.v0.11.0" title="Failed dependencies: ocaml-migrate-parsetree.1.0.11">Aborted</a></td><td>-</td><td>0.000</td></tr>
  <tr><th id="ppx_sexp_conv.v0.11.2">ppx_sexp_conv.v0.11.2</th><td><a id="4.06.1+trunk+bench:ppx_sexp_conv.v0.11.2">-</a></td><td><a id="4.06.1+multicore+bench:ppx_sexp_conv.v0.11.2" title="Failed dependencies: ocaml-migrate-parsetree.1.0.11">Aborted</a></td><td>-</td><td>0.000</td></tr>
  <tr><th id="ppx_sexp_message.v0.11.0">ppx_sexp_message.v0.11.0</th><td><a id="4.06.1+trunk+bench:ppx_sexp_message.v0.11.0">-</a></td><td><a id="4.06.1+multicore+bench:ppx_sexp_message.v0.11.0" title="Failed dependencies: ocaml-migrate-parsetree.1.0.11">Aborted</a></td><td>-</td><td>0.000</td></tr>
  <tr><th id="ppx_sexp_value.v0.11.0">ppx_sexp_value.v0.11.0</th><td><a id="4.06.1+trunk+bench:ppx_sexp_value.v0.11.0">-</a></td><td><a id="4.06.1+multicore+bench:ppx_sexp_value.v0.11.0" title="Failed dependencies: ocaml-migrate-parsetree.1.0.11">Aborted</a></td><td>-</td><td>0.000</td></tr>
  <tr><th id="ppx_typerep_conv.v0.11.1">ppx_typerep_conv.v0.11.1</th><td><a id="4.06.1+trunk+bench:ppx_typerep_conv.v0.11.1">-</a></td><td><a id="4.06.1+multicore+bench:ppx_typerep_conv.v0.11.1" title="Failed dependencies: ocaml-migrate-parsetree.1.0.11">Aborted</a></td><td>-</td><td>0.000</td></tr>
  <tr><th id="ppx_variants_conv.v0.11.1">ppx_variants_conv.v0.11.1</th><td><a id="4.06.1+trunk+bench:ppx_variants_conv.v0.11.1">-</a></td><td><a id="4.06.1+multicore+bench:ppx_variants_conv.v0.11.1" title="Failed dependencies: ocaml-migrate-parsetree.1.0.11">Aborted</a></td><td>-</td><td>0.000</td></tr>
  <tr><th id="ppxlib.0.3.0">ppxlib.0.3.0</th><td><a id="4.06.1+trunk+bench:ppxlib.0.3.0">-</a></td><td><a id="4.06.1+multicore+bench:ppxlib.0.3.0" title="Failed dependencies: ocaml-migrate-parsetree.1.0.11">Aborted</a></td><td>-</td><td>0.000</td></tr>
  <tr><th id="protocol_version_header.v0.11.0">protocol_version_header.v0.11.0</th><td><a id="4.06.1+trunk+bench:protocol_version_header.v0.11.0">-</a></td><td><a id="4.06.1+multicore+bench:protocol_version_header.v0.11.0" title="Failed dependencies: ocaml-migrate-parsetree.1.0.11">Aborted</a></td><td>-</td><td>0.000</td></tr>
  <tr><th id="re2.v0.11.0">re2.v0.11.0</th><td><a id="4.06.1+trunk+bench:re2.v0.11.0">-</a></td><td><a id="4.06.1+multicore+bench:re2.v0.11.0" title="Failed dependencies: ocaml-migrate-parsetree.1.0.11">Aborted</a></td><td>-</td><td>0.000</td></tr>
  <tr><th id="sauvola-bench.1.0">sauvola-bench.1.0</th><td><a id="4.06.1+trunk+bench:sauvola-bench.1.0" title="Failed dependencies: conf-gnomecanvas.2, conf-gtksourceview.2">Aborted</a></td><td><a id="4.06.1+multicore+bench:sauvola-bench.1.0" title="Failed dependencies: conf-gnomecanvas.2, conf-gtksourceview.2">Aborted</a></td><td>0.000</td><td>0.000</td></tr>
  <tr><th id="sexp_pretty.v0.11.0">sexp_pretty.v0.11.0</th><td><a id="4.06.1+trunk+bench:sexp_pretty.v0.11.0">-</a></td><td><a id="4.06.1+multicore+bench:sexp_pretty.v0.11.0" title="Failed dependencies: ocaml-migrate-parsetree.1.0.11">Aborted</a></td><td>-</td><td>0.000</td></tr>
  <tr><th id="spawn.v0.12.0">spawn.v0.12.0</th><td><a id="4.06.1+trunk+bench:spawn.v0.12.0">-</a></td><td><a id="4.06.1+multicore+bench:spawn.v0.12.0" href="#log-4.06.1+multicore+bench-spawn-v0.12.0">Failure (1)</a></td><td>-</td><td>0.672</td></tr>
  <tr><th id="splittable_random.v0.11.0">splittable_random.v0.11.0</th><td><a id="4.06.1+trunk+bench:splittable_random.v0.11.0">-</a></td><td><a id="4.06.1+multicore+bench:splittable_random.v0.11.0" title="Failed dependencies: ocaml-migrate-parsetree.1.0.11">Aborted</a></td><td>-</td><td>0.000</td></tr>
  <tr><th id="textutils.v0.11.0">textutils.v0.11.0</th><td><a id="4.06.1+trunk+bench:textutils.v0.11.0">-</a></td><td><a id="4.06.1+multicore+bench:textutils.v0.11.0" title="Failed dependencies: ocaml-migrate-parsetree.1.0.11, spawn.v0.12.0">Aborted</a></td><td>-</td><td>0.000</td></tr>
  <tr><th id="textutils_kernel.v0.11.0">textutils_kernel.v0.11.0</th><td><a id="4.06.1+trunk+bench:textutils_kernel.v0.11.0">-</a></td><td><a id="4.06.1+multicore+bench:textutils_kernel.v0.11.0" title="Failed dependencies: ocaml-migrate-parsetree.1.0.11">Aborted</a></td><td>-</td><td>0.000</td></tr>
  <tr><th id="thread-bench.1.0">thread-bench.1.0</th><td><a id="4.06.1+trunk+bench:thread-bench.1.0" href="#log-4.06.1+trunk+bench-thread-bench-1.0">Failure (2)</a></td><td><a id="4.06.1+multicore+bench:thread-bench.1.0" title="Failed dependencies: lwt.4.1.0, ocaml-migrate-parsetree.1.0.11, spawn.v0.12.0">Aborted</a></td><td>1.201</td><td>0.000</td></tr>
  <tr><th id="uri.1.9.7">uri.1.9.7</th><td><a id="4.06.1+trunk+bench:uri.1.9.7">-</a></td><td><a id="4.06.1+multicore+bench:uri.1.9.7" title="Failed dependencies: ocaml-migrate-parsetree.1.0.11">Aborted</a></td><td>-</td><td>0.000</td></tr>
  <tr><th id="variantslib.v0.11.0">variantslib.v0.11.0</th><td><a id="4.06.1+trunk+bench:variantslib.v0.11.0">-</a></td><td><a id="4.06.1+multicore+bench:variantslib.v0.11.0" title="Failed dependencies: ocaml-migrate-parsetree.1.0.11">Aborted</a></td><td>-</td><td>0.000</td></tr>
  <tr><th id="yojson-bench.1.0">yojson-bench.1.0</th><td><a id="4.06.1+trunk+bench:yojson-bench.1.0" href="#log-4.06.1+trunk+bench-yojson-bench-1.0">Failure (2)</a></td><td><a id="4.06.1+multicore+bench:yojson-bench.1.0" href="#log-4.06.1+multicore+bench-yojson-bench-1.0">Failure (2)</a></td><td>0.378</td><td>0.488</td></tr>
  <tr><th id="zarith.1.7">zarith.1.7</th><td><a id="4.06.1+trunk+bench:zarith.1.7">-</a></td><td><a id="4.06.1+multicore+bench:zarith.1.7" href="#log-4.06.1+multicore+bench-zarith-1.7">Failure (2)</a></td><td>-</td><td>1.528</td></tr>
</tbody>
</table></div><div class="logs" id="log-4.06.1+multicore+bench-zarith-1.7">
  <a class="close" href="#close">Close</a>
  <h3>Error on zarith.1.7 (4.06.1+multicore+bench)</h3>
  <p>Command: <pre>~/.opam/opam-init/hooks/sandbox.sh build make</pre></p>
  <h4>Output</h4><pre>project.mak:138: depend: No such file or directory
./z_pp.pl x86_64
Name "main::extra" used only once: possible typo at ./z_pp.pl line 29.
found assembly file caml_z_x86_64.S
  found abs
  found add
  found div
  found divexact
  found logand
  found lognot
  found logor
  found logxor
  found mul
  found neg
  found pred
  found rem
  found shift_left
  found shift_right
  found sub
  found succ
ocamldep -native  z.ml q.ml big_int_Z.ml z.mli q.mli big_int_Z.mli > depend
ocamlc   -c z.mli
ocamlc   -c z.ml
ocamlc   -c q.mli
ocamlc   -c q.ml
ocamlc   -c big_int_Z.mli
ocamlc   -c big_int_Z.ml
ocamlmklib -failsafe -o zarith z.cmo q.cmo big_int_Z.cmo -lgmp
gcc -DZ_OCAML_HASH -DZ_OCAML_COMPARE_EXT -DHAS_GMP -DZ_ELF -DZ_DOT_LABEL_PREFIX     -c -o caml_z_x86_64.o caml_z_x86_64.S
ocamlc -ccopt "-I/home/kc/.opam/4.06.1+multicore+bench/lib/ocaml  -DZ_OCAML_HASH -DZ_OCAML_COMPARE_EXT -DHAS_GMP -DZ_ELF -DZ_DOT_LABEL_PREFIX  -O3 -Wall -Wextra " -c caml_z.c
caml_z.c: In function ‘ml_z_raise_overflow’:
caml_z.c:413:24: warning: implicit declaration of function ‘caml_named_value’; did you mean ‘caml_named_root’? [-Wimplicit-function-declaration]
   caml_raise_constant(*caml_named_value("ml_z_overflow"));
                        ^~~~~~~~~~~~~~~~
                        caml_named_root
caml_z.c:413:23: error: invalid type argument of unary ‘*’ (have ‘int’)
   caml_raise_constant(*caml_named_value("ml_z_overflow"));
                       ^~~~~~~~~~~~~~~~~~~~~~~~~~~~~~~~~~
caml_z.c: In function ‘ml_z_tdiv_qr’:
caml_z.c:1465:14: error: lvalue required as left operand of assignment
   Field(p,0) = q;
              ^
caml_z.c:1466:14: error: lvalue required as left operand of assignment
   Field(p,1) = r;
              ^
caml_z.c: In function ‘ml_z_div_rem’:
caml_z.c:1485:18: error: lvalue required as left operand of assignment
       Field(p,0) = Val_long(q);
                  ^
caml_z.c:1486:18: error: lvalue required as left operand of assignment
       Field(p,1) = Val_long(r);
                  ^
caml_z.c: In function ‘ml_z_sqrt_rem’:
caml_z.c:1727:14: error: lvalue required as left operand of assignment
   Field(p,0) = r;
              ^
caml_z.c:1728:14: error: lvalue required as left operand of assignment
   Field(p,1) = s;
              ^
caml_z.c: In function ‘ml_z_gcdext_intern’:
caml_z.c:1840:16: error: lvalue required as left operand of assignment
     Field(p,2) = Val_true;
                ^
caml_z.c:1848:16: error: lvalue required as left operand of assignment
     Field(p,2) = Val_false;
                ^
caml_z.c:1857:14: error: lvalue required as left operand of assignment
   Field(p,0) = r;
              ^
caml_z.c:1858:14: error: lvalue required as left operand of assignment
   Field(p,1) = s;
              ^
caml_z.c: At top level:
caml_z.c:2995:3: warning: initialization from incompatible pointer type [-Wincompatible-pointer-types]
   ml_z_custom_deserialize,
   ^~~~~~~~~~~~~~~~~~~~~~~
caml_z.c:2995:3: note: (near initialization for ‘ml_z_custom_ops.deserialize’)
project.mak:129: recipe for target 'caml_z.o' failed
make: *** [caml_z.o] Error 2</pre>
</div>
<div class="logs" id="log-4.06.1+multicore+bench-yojson-bench-1.0">
  <a class="close" href="#close">Close</a>
  <h3>Error on yojson-bench.1.0 (4.06.1+multicore+bench)</h3>
  <p>Command: <pre>~/.opam/opam-init/hooks/sandbox.sh build make -C yojson</pre></p>
  <h4>Output</h4><pre>make: Entering directory '/home/kc/.opam/4.06.1+multicore+bench/.opam-switch/build/yojson-bench.1.0/yojson'
ocamlfind ocamlopt -I `ocamlfind query yojson` -o ydump_bench -package easy-format,biniou -linkpkg yojson.cmx yojson_biniou.cmx ydump.ml
gcc: error: /home/kc/.opam/4.06.1+multicore+bench/lib/yojson/yojson_biniou.o: No such file or directory
gcc: error: /home/kc/.opam/4.06.1+multicore+bench/lib/yojson/yojson.o: No such file or directory
File "caml_startup", line 1:
Error: Error during linking
Makefile:6: recipe for target 'all' failed
make: *** [all] Error 2
make: Leaving directory '/home/kc/.opam/4.06.1+multicore+bench/.opam-switch/build/yojson-bench.1.0/yojson'</pre>
</div>
<div class="logs" id="log-4.06.1+trunk+bench-yojson-bench-1.0">
  <a class="close" href="#close">Close</a>
  <h3>Error on yojson-bench.1.0 (4.06.1+trunk+bench)</h3>
  <p>Command: <pre>~/.opam/opam-init/hooks/sandbox.sh build make -C yojson</pre></p>
  <h4>Output</h4><pre>make: Entering directory '/home/kc/.opam/4.06.1+trunk+bench/.opam-switch/build/yojson-bench.1.0/yojson'
ocamlfind ocamlopt -I `ocamlfind query yojson` -o ydump_bench -package easy-format,biniou -linkpkg yojson.cmx yojson_biniou.cmx ydump.ml
gcc: error: /home/kc/.opam/4.06.1+trunk+bench/lib/yojson/yojson_biniou.o: No such file or directory
gcc: error: /home/kc/.opam/4.06.1+trunk+bench/lib/yojson/yojson.o: No such file or directory
File "caml_startup", line 1:
Error: Error during linking
Makefile:6: recipe for target 'all' failed
make: *** [all] Error 2
make: Leaving directory '/home/kc/.opam/4.06.1+trunk+bench/.opam-switch/build/yojson-bench.1.0/yojson'</pre>
</div>
<div class="logs" id="log-4.06.1+trunk+bench-thread-bench-1.0">
  <a class="close" href="#close">Close</a>
  <h3>Error on thread-bench.1.0 (4.06.1+trunk+bench)</h3>
  <p>Command: <pre>~/.opam/opam-init/hooks/sandbox.sh build make -C thread</pre></p>
  <h4>Output</h4><pre>make: Entering directory '/home/kc/.opam/4.06.1+trunk+bench/.opam-switch/build/thread-bench.1.0/thread'
ocamlfind ocamlopt -package lwt.unix -linkpkg -o thread_sleep_lwt thread_sleep_lwt.ml
ocamlfind: [WARNING] Package `threads': Linking problems may arise because of the missing -thread or -vmthread switch
ocamlfind ocamlopt -package lwt.unix -linkpkg -o thread_ring_lwt_mvar thread_ring_lwt_mvar.ml
ocamlfind: [WARNING] Package `threads': Linking problems may arise because of the missing -thread or -vmthread switch
ocamlfind ocamlopt -package lwt.unix -linkpkg -o thread_ring_lwt_stream thread_ring_lwt_stream.ml
ocamlfind: [WARNING] Package `threads': Linking problems may arise because of the missing -thread or -vmthread switch
ocamlfind ocamlopt -thread -package async -linkpkg -o thread_sleep_async thread_sleep_async.ml
File "thread_sleep_async.ml", line 1, characters 5-13:
Warning 3: deprecated: module Core.Std
[since 2017-02] Use Core. The Std sub-module is no longer needed
File "thread_sleep_async.ml", line 2, characters 5-14:
Error: Unbound module Async.Std
Makefile:10: recipe for target 'thread_sleep_async' failed
make: *** [thread_sleep_async] Error 2
make: Leaving directory '/home/kc/.opam/4.06.1+trunk+bench/.opam-switch/build/thread-bench.1.0/thread'</pre>
</div>
<div class="logs" id="log-4.06.1+multicore+bench-spawn-v0.12.0">
  <a class="close" href="#close">Close</a>
  <h3>Error on spawn.v0.12.0 (4.06.1+multicore+bench)</h3>
  <p>Command: <pre>~/.opam/opam-init/hooks/sandbox.sh build jbuilder build -p spawn -j 4</pre></p>
  <h4>Output</h4><pre>      ocamlc src/spawn_stubs.o (exit 2)
(cd _build/default/src &amp;&amp; /home/kc/.opam/4.06.1+multicore+bench/bin/ocamlc.opt -g -I /home/kc/.opam/4.06.1+multicore+bench/lib/ocaml/threads -ccopt -g -o spawn_stubs.o spawn_stubs.c)
spawn_stubs.c: In function ‘spawn_pipe’:
spawn_stubs.c:88:17: error: lvalue required as left operand of assignment
   Field(res, 0) = Val_int(fd[0]);
                 ^
spawn_stubs.c:89:17: error: lvalue required as left operand of assignment
   Field(res, 1) = Val_int(fd[1]);
                 ^
spawn_stubs.c: In function ‘subprocess_failure’:
spawn_stubs.c:158:3: warning: ignoring return value of ‘write’, declared with attribute warn_unused_result [-Wunused-result]
   write(failure_fd, &amp;failure, sizeof(failure));
   ^~~~~~~~~~~~~~~~~~~~~~~~~~~~~~~~~~~~~~~~~~~~</pre>
</div>
<div class="logs" id="log-4.06.1+multicore+bench-ocaml-migrate-parsetree-1.0.11">
  <a class="close" href="#close">Close</a>
  <h3>Error on ocaml-migrate-parsetree.1.0.11 (4.06.1+multicore+bench)</h3>
  <p>Command: <pre>~/.opam/opam-init/hooks/sandbox.sh build jbuilder build -p ocaml-migrate-parsetree -j 4</pre></p>
  <h4>Output</h4><pre>      ocamlc src/.migrate_parsetree.objs/ast_406.{cmi,cmo,cmt} (exit 2)
(cd _build/default &amp;&amp; /home/kc/.opam/4.06.1+multicore+bench/bin/ocamlc.opt -w -40 -open Result -g -bin-annot -I src/.migrate_parsetree.objs -I /home/kc/.opam/4.06.1+multicore+bench/lib/ocaml/compiler-libs -I /home/kc/.opam/4.06.1+multicore+bench/lib/result -no-alias-deps -o src/.migrate_parsetree.objs/ast_406.cmo -c -impl src/ast_406.pp.ml)
File "src/ast_406.ml", line 237, characters 2-1773:
Error: This variant or record definition does not match that of type
         Parsetree.pattern_desc
       Fields number 17 have different names, Ppat_effect and Ppat_extension.</pre>
</div>
<div class="logs" id="log-4.06.1+multicore+bench-numerical-analysis-bench-1.0">
  <a class="close" href="#close">Close</a>
  <h3>Error on numerical-analysis-bench.1.0 (4.06.1+multicore+bench)</h3>
  <p>Command: <pre>~/.opam/opam-init/hooks/sandbox.sh build make</pre></p>
  <h4>Output</h4><pre>ulimit -s 98304; ocamlopt.opt  -I simple_access `ocamldep.opt -sort simple_access/*.ml` main_nogcstats.ml -o simple_access.opt
ulimit -s 98304; ocamlopt.opt  -I lu-decomposition `ocamldep.opt -sort lu-decomposition/*.ml` main_nogcstats.ml -o lu-decomposition.opt
ulimit -s 98304; ocamlopt.opt  -I fft `ocamldep.opt -sort fft/*.ml` main_nogcstats.ml -o fft.opt
ulimit -s 98304; ocamlopt.opt  -I rnd_access `ocamldep.opt -sort rnd_access/*.ml` main_nogcstats.ml -o rnd_access.opt
ulimit -s 98304; ocamlopt.opt  -I k-means `ocamldep.opt -sort k-means/*.ml` main_nogcstats.ml -o k-means.opt
Fatal error: exception Stack overflow
Makefile:20: recipe for target 'k-means.opt' failed
make: *** [k-means.opt] Error 2</pre>
</div>
<div class="logs" id="log-4.06.1+multicore+bench-lwt-4.1.0">
  <a class="close" href="#close">Close</a>
  <h3>Error on lwt.4.1.0 (4.06.1+multicore+bench)</h3>
  <p>Command: <pre>~/.opam/opam-init/hooks/sandbox.sh build jbuilder build -p lwt -j 4</pre></p>
  <h4>Output</h4><pre>      ocamlc src/unix/.lwt_unix.objs/lwt_fmt.{cmi,cmti}
File "src/unix/lwt_fmt.mli", line 42, characters 23-69:
Warning 50: ambiguous documentation comment
    discover src/unix/lwt_config.{h,ml},src/unix/unix_c_flags.sexp,src/unix/unix_c_library_flags.sexp
found config var ext_obj: ...................... .o
found config var default_executable_name: ...... a.out
found config var ccomp_type: ................... cc
found config var system: ....................... linux
found config var os_type: ...................... Unix
found config var use_libev: .................... false
not checking for pkg-config
not checking for libev
testing for pthread: ........................... available
testing for eventfd: ........................... available
testing for fd passing: ........................ available
testing for sched_getcpu: ...................... available
testing for affinity getting/setting: .......... available
testing for credentials getting (Linux): ....... available
testing for credentials getting (NetBSD): ...... unavailable
testing for credentials getting (OpenBSD): ..... unavailable
testing for credentials getting (FreeBSD): ..... unavailable
testing for credentials getting (getpeereid): .. unavailable
testing for fdatasync: ......................... available
testing for netdb_reentrant: ................... unavailable
testing for reentrant gethost*: ................ available
testing for nanosecond stat support: ........... *tim.tv_nsec
testing for BSD mincore: ....................... unavailable
      ocamlc src/unix/lwt_unix_stubs.o (exit 2)
(cd _build/default/src/unix &amp;&amp; /home/kc/.opam/4.06.1+multicore+bench/bin/ocamlc.opt -g -I /home/kc/.opam/4.06.1+multicore+bench/lib/bytes -I /home/kc/.opam/4.06.1+multicore+bench/lib/ocaml/threads -I /home/kc/.opam/4.06.1+multicore+bench/lib/result -I ../core -ccopt -I. -o lwt_unix_stubs.o lwt_unix_stubs.c)
lwt_unix_stubs.c: In function ‘lwt_unix_not_available’:
lwt_unix_stubs.c:107:24: warning: implicit declaration of function ‘caml_named_value’; did you mean ‘caml_named_root’? [-Wimplicit-function-declaration]
   caml_raise_with_arg(*caml_named_value("lwt:not-available"),
                        ^~~~~~~~~~~~~~~~
                        caml_named_root
lwt_unix_stubs.c:107:23: error: invalid type argument of unary ‘*’ (have ‘int’)
   caml_raise_with_arg(*caml_named_value("lwt:not-available"),
                       ^~~~~~~~~~~~~~~~~~~~~~~~~~~~~~~~~~~~~~
lwt_unix_stubs.c: In function ‘lwt_unix_recv_notifications’:
lwt_unix_stubs.c:573:22: error: lvalue required as left operand of assignment
     Field(result, i) = Val_long(notifications[i]);
                      ^
lwt_unix_stubs.c: In function ‘lwt_unix_not_available’:
lwt_unix_stubs.c:109:1: warning: ‘noreturn’ function does return
 }
 ^
      ocamlc src/unix/unix_bytes_recvfrom.o (exit 2)
(cd _build/default/src/unix &amp;&amp; /home/kc/.opam/4.06.1+multicore+bench/bin/ocamlc.opt -g -I /home/kc/.opam/4.06.1+multicore+bench/lib/bytes -I /home/kc/.opam/4.06.1+multicore+bench/lib/ocaml/threads -I /home/kc/.opam/4.06.1+multicore+bench/lib/result -I ../core -ccopt -I. -o unix_bytes_recvfrom.o unix_bytes_recvfrom.c)
unix_bytes_recvfrom.c: In function ‘lwt_unix_bytes_recvfrom’:
unix_bytes_recvfrom.c:36:22: error: lvalue required as left operand of assignment
     Field(result, 0) = Val_int(ret);
                      ^
unix_bytes_recvfrom.c:37:22: error: lvalue required as left operand of assignment
     Field(result, 1) = address;
                      ^
      ocamlc src/unix/unix_get_affinity.o (exit 2)
(cd _build/default/src/unix &amp;&amp; /home/kc/.opam/4.06.1+multicore+bench/bin/ocamlc.opt -g -I /home/kc/.opam/4.06.1+multicore+bench/lib/bytes -I /home/kc/.opam/4.06.1+multicore+bench/lib/ocaml/threads -I /home/kc/.opam/4.06.1+multicore+bench/lib/result -I ../core -ccopt -I. -o unix_get_affinity.o unix_get_affinity.c)
unix_get_affinity.c: In function ‘lwt_unix_get_affinity’:
unix_get_affinity.c:34:28: error: lvalue required as left operand of assignment
             Field(node, 0) = Val_int(i);
                            ^
unix_get_affinity.c:35:28: error: lvalue required as left operand of assignment
             Field(node, 1) = list;
                            ^
      ocamlc src/unix/unix_get_network_information_utils.o (exit 2)
(cd _build/default/src/unix &amp;&amp; /home/kc/.opam/4.06.1+multicore+bench/bin/ocamlc.opt -g -I /home/kc/.opam/4.06.1+multicore+bench/lib/bytes -I /home/kc/.opam/4.06.1+multicore+bench/lib/ocaml/threads -I /home/kc/.opam/4.06.1+multicore+bench/lib/result -I ../core -ccopt -I. -o unix_get_network_information_utils.o unix_get_network_information_utils.c)
unix_get_network_information_utils.c: In function ‘alloc_host_entry’:
unix_get_network_information_utils.c:143:19: error: lvalue required as left operand of assignment
     Field(res, 0) = name;
                   ^
unix_get_network_information_utils.c:144:19: error: lvalue required as left operand of assignment
     Field(res, 1) = aliases;
                   ^
unix_get_network_information_utils.c:147:27: error: lvalue required as left operand of assignment
             Field(res, 2) = Val_int(0);
                           ^
unix_get_network_information_utils.c:150:27: error: lvalue required as left operand of assignment
             Field(res, 2) = Val_int(1);
                           ^
unix_get_network_information_utils.c:153:27: error: lvalue required as left operand of assignment
             Field(res, 2) = Val_int(2);
                           ^
unix_get_network_information_utils.c:156:19: error: lvalue required as left operand of assignment
     Field(res, 3) = addr_list;
                   ^
      ocamlc src/unix/unix_get_pw_gr_nam_id_job.o (exit 2)
(cd _build/default/src/unix &amp;&amp; /home/kc/.opam/4.06.1+multicore+bench/bin/ocamlc.opt -g -I /home/kc/.opam/4.06.1+multicore+bench/lib/bytes -I /home/kc/.opam/4.06.1+multicore+bench/lib/ocaml/threads -I /home/kc/.opam/4.06.1+multicore+bench/lib/result -I ../core -ccopt -I. -o unix_get_pw_gr_nam_id_job.o unix_get_pw_gr_nam_id_job.c)
unix_get_pw_gr_nam_id_job.c: In function ‘alloc_passwd_entry’:
unix_get_pw_gr_nam_id_job.c:41:19: error: lvalue required as left operand of assignment
     Field(res, 0) = name;
                   ^
unix_get_pw_gr_nam_id_job.c:42:19: error: lvalue required as left operand of assignment
     Field(res, 1) = passwd;
                   ^
unix_get_pw_gr_nam_id_job.c:43:19: error: lvalue required as left operand of assignment
     Field(res, 2) = Val_int(entry->pw_uid);
                   ^
unix_get_pw_gr_nam_id_job.c:44:19: error: lvalue required as left operand of assignment
     Field(res, 3) = Val_int(entry->pw_gid);
                   ^
unix_get_pw_gr_nam_id_job.c:45:19: error: lvalue required as left operand of assignment
     Field(res, 4) = gecos;
                   ^
unix_get_pw_gr_nam_id_job.c:46:19: error: lvalue required as left operand of assignment
     Field(res, 5) = dir;
                   ^
unix_get_pw_gr_nam_id_job.c:47:19: error: lvalue required as left operand of assignment
     Field(res, 6) = shell;
                   ^
unix_get_pw_gr_nam_id_job.c: In function ‘alloc_group_entry’:
unix_get_pw_gr_nam_id_job.c:62:19: error: lvalue required as left operand of assignment
     Field(res, 0) = name;
                   ^
unix_get_pw_gr_nam_id_job.c:63:19: error: lvalue required as left operand of assignment
     Field(res, 1) = pass;
                   ^
unix_get_pw_gr_nam_id_job.c:64:19: error: lvalue required as left operand of assignment
     Field(res, 2) = Val_int(entry->gr_gid);
                   ^
unix_get_pw_gr_nam_id_job.c:65:19: error: lvalue required as left operand of assignment
     Field(res, 3) = mem;
                   ^
      ocamlc src/unix/unix_getaddrinfo_job.o (exit 2)
(cd _build/default/src/unix &amp;&amp; /home/kc/.opam/4.06.1+multicore+bench/bin/ocamlc.opt -g -I /home/kc/.opam/4.06.1+multicore+bench/lib/bytes -I /home/kc/.opam/4.06.1+multicore+bench/lib/ocaml/threads -I /home/kc/.opam/4.06.1+multicore+bench/lib/result -I ../core -ccopt -I. -o unix_getaddrinfo_job.o unix_getaddrinfo_job.c)
unix_getaddrinfo_job.c: In function ‘convert_addrinfo’:
unix_getaddrinfo_job.c:54:20: error: lvalue required as left operand of assignment
     Field(vres, 0) = cst_to_constr(a->ai_family, socket_domain_table, 3, 0);
                    ^
unix_getaddrinfo_job.c:55:20: error: lvalue required as left operand of assignment
     Field(vres, 1) = cst_to_constr(a->ai_socktype, socket_type_table, 4, 0);
                    ^
unix_getaddrinfo_job.c:56:20: error: lvalue required as left operand of assignment
     Field(vres, 2) = Val_int(a->ai_protocol);
                    ^
unix_getaddrinfo_job.c:57:20: error: lvalue required as left operand of assignment
     Field(vres, 3) = vaddr;
                    ^
unix_getaddrinfo_job.c:58:20: error: lvalue required as left operand of assignment
     Field(vres, 4) = vcanonname;
                    ^
unix_getaddrinfo_job.c: In function ‘result_getaddrinfo’:
unix_getaddrinfo_job.c:79:25: error: lvalue required as left operand of assignment
             Field(v, 0) = e;
                         ^
unix_getaddrinfo_job.c:80:25: error: lvalue required as left operand of assignment
             Field(v, 1) = vres;
                         ^
      ocamlc src/unix/unix_getnameinfo_job.o (exit 2)
(cd _build/default/src/unix &amp;&amp; /home/kc/.opam/4.06.1+multicore+bench/bin/ocamlc.opt -g -I /home/kc/.opam/4.06.1+multicore+bench/lib/bytes -I /home/kc/.opam/4.06.1+multicore+bench/lib/ocaml/threads -I /home/kc/.opam/4.06.1+multicore+bench/lib/result -I ../core -ccopt -I. -o unix_getnameinfo_job.o unix_getnameinfo_job.c)
unix_getnameinfo_job.c: In function ‘result_getnameinfo’:
unix_getnameinfo_job.c:52:24: error: lvalue required as left operand of assignment
         Field(vres, 0) = vhost;
                        ^
unix_getnameinfo_job.c:53:24: error: lvalue required as left operand of assignment
         Field(vres, 1) = vserv;
                        ^
      ocamlc src/unix/unix_getprotoby_getservby_job.o (exit 2)
(cd _build/default/src/unix &amp;&amp; /home/kc/.opam/4.06.1+multicore+bench/bin/ocamlc.opt -g -I /home/kc/.opam/4.06.1+multicore+bench/lib/bytes -I /home/kc/.opam/4.06.1+multicore+bench/lib/ocaml/threads -I /home/kc/.opam/4.06.1+multicore+bench/lib/result -I ../core -ccopt -I. -o unix_getprotoby_getservby_job.o unix_getprotoby_getservby_job.c)
unix_getprotoby_getservby_job.c: In function ‘alloc_protoent’:
unix_getprotoby_getservby_job.c:31:19: error: lvalue required as left operand of assignment
     Field(res, 0) = name;
                   ^
unix_getprotoby_getservby_job.c:32:19: error: lvalue required as left operand of assignment
     Field(res, 1) = aliases;
                   ^
unix_getprotoby_getservby_job.c:33:19: error: lvalue required as left operand of assignment
     Field(res, 2) = Val_int(entry->p_proto);
                   ^
unix_getprotoby_getservby_job.c: In function ‘alloc_servent’:
unix_getprotoby_getservby_job.c:48:19: error: lvalue required as left operand of assignment
     Field(res, 0) = name;
                   ^
unix_getprotoby_getservby_job.c:49:19: error: lvalue required as left operand of assignment
     Field(res, 1) = aliases;
                   ^
unix_getprotoby_getservby_job.c:50:19: error: lvalue required as left operand of assignment
     Field(res, 2) = Val_int(ntohs(entry->s_port));
                   ^
unix_getprotoby_getservby_job.c:51:19: error: lvalue required as left operand of assignment
     Field(res, 3) = proto;
                   ^
      ocamlc src/unix/unix_mincore.o (exit 2)
(cd _build/default/src/unix &amp;&amp; /home/kc/.opam/4.06.1+multicore+bench/bin/ocamlc.opt -g -I /home/kc/.opam/4.06.1+multicore+bench/lib/bytes -I /home/kc/.opam/4.06.1+multicore+bench/lib/ocaml/threads -I /home/kc/.opam/4.06.1+multicore+bench/lib/result -I ../core -ccopt -I. -o unix_mincore.o unix_mincore.c)
unix_mincore.c: In function ‘lwt_unix_mincore’:
unix_mincore.c:36:52: error: lvalue required as left operand of assignment
     for (i = 0; i &lt; len; i++) Field(val_states, i) = Val_bool(vec[i] &amp; 1);
                                                    ^
      ocamlc src/unix/unix_open_job.o (exit 2)
(cd _build/default/src/unix &amp;&amp; /home/kc/.opam/4.06.1+multicore+bench/bin/ocamlc.opt -g -I /home/kc/.opam/4.06.1+multicore+bench/lib/bytes -I /home/kc/.opam/4.06.1+multicore+bench/lib/ocaml/threads -I /home/kc/.opam/4.06.1+multicore+bench/lib/result -I ../core -ccopt -I. -o unix_open_job.o unix_open_job.c)
unix_open_job.c: In function ‘result_open’:
unix_open_job.c:106:22: error: lvalue required as left operand of assignment
     Field(result, 0) = Val_int(fd);
                      ^
unix_open_job.c:107:22: error: lvalue required as left operand of assignment
     Field(result, 1) = Val_bool(job->blocking);
                      ^
      ocamlc src/unix/unix_read_job.o
unix_read_job.c: In function ‘result_read’:
unix_read_job.c:48:9: warning: implicit declaration of function ‘caml_remove_generational_global_root’; did you mean ‘remove_global_root’? [-Wimplicit-function-declaration]
         caml_remove_generational_global_root(&amp;(job->string));
         ^~~~~~~~~~~~~~~~~~~~~~~~~~~~~~~~~~~~
         remove_global_root
unix_read_job.c: In function ‘lwt_unix_read_job’:
unix_read_job.c:68:5: warning: implicit declaration of function ‘caml_register_generational_global_root’; did you mean ‘register_global_root’? [-Wimplicit-function-declaration]
     caml_register_generational_global_root(&amp;(job->string));
     ^~~~~~~~~~~~~~~~~~~~~~~~~~~~~~~~~~~~~~
     register_global_root
      ocamlc src/unix/unix_readv_job.o
unix_readv_job.c: In function ‘result_readv’:
unix_readv_job.c:59:9: warning: implicit declaration of function ‘caml_remove_generational_global_root’; did you mean ‘remove_global_root’? [-Wimplicit-function-declaration]
         caml_remove_generational_global_root(&amp;read_buffer->caml_buffer);
         ^~~~~~~~~~~~~~~~~~~~~~~~~~~~~~~~~~~~
         remove_global_root
      ocamlc src/unix/unix_readv_writev_utils.o
unix_readv_writev_utils.c: In function ‘flatten_io_vectors’:
unix_readv_writev_utils.c:54:17: warning: implicit declaration of function ‘caml_register_generational_global_root’; did you mean ‘register_global_root’? [-Wimplicit-function-declaration]
                 caml_register_generational_global_root(
                 ^~~~~~~~~~~~~~~~~~~~~~~~~~~~~~~~~~~~~~
                 register_global_root
      ocamlc src/unix/unix_recvfrom.o (exit 2)
(cd _build/default/src/unix &amp;&amp; /home/kc/.opam/4.06.1+multicore+bench/bin/ocamlc.opt -g -I /home/kc/.opam/4.06.1+multicore+bench/lib/bytes -I /home/kc/.opam/4.06.1+multicore+bench/lib/ocaml/threads -I /home/kc/.opam/4.06.1+multicore+bench/lib/result -I ../core -ccopt -I. -o unix_recvfrom.o unix_recvfrom.c)
unix_recvfrom.c: In function ‘lwt_unix_recvfrom’:
unix_recvfrom.c:34:22: error: lvalue required as left operand of assignment
     Field(result, 0) = Val_int(ret);
                      ^
unix_recvfrom.c:35:22: error: lvalue required as left operand of assignment
     Field(result, 1) = address;
                      ^
      ocamlc src/unix/unix_stat_job_utils.o (exit 2)
(cd _build/default/src/unix &amp;&amp; /home/kc/.opam/4.06.1+multicore+bench/bin/ocamlc.opt -g -I /home/kc/.opam/4.06.1+multicore+bench/lib/bytes -I /home/kc/.opam/4.06.1+multicore+bench/lib/ocaml/threads -I /home/kc/.opam/4.06.1+multicore+bench/lib/result -I ../core -ccopt -I. -o unix_stat_job_utils.o unix_stat_job_utils.c)
unix_stat_job_utils.c: In function ‘copy_stat’:
unix_stat_job_utils.c:29:17: error: lvalue required as left operand of assignment
     Field(v, 0) = Val_int(buf->st_dev);
                 ^
unix_stat_job_utils.c:30:17: error: lvalue required as left operand of assignment
     Field(v, 1) = Val_int(buf->st_ino);
                 ^
unix_stat_job_utils.c:33:25: error: lvalue required as left operand of assignment
             Field(v, 2) = Val_int(0);
                         ^
unix_stat_job_utils.c:36:25: error: lvalue required as left operand of assignment
             Field(v, 2) = Val_int(1);
                         ^
unix_stat_job_utils.c:39:25: error: lvalue required as left operand of assignment
             Field(v, 2) = Val_int(2);
                         ^
unix_stat_job_utils.c:42:25: error: lvalue required as left operand of assignment
             Field(v, 2) = Val_int(3);
                         ^
unix_stat_job_utils.c:45:25: error: lvalue required as left operand of assignment
             Field(v, 2) = Val_int(4);
                         ^
unix_stat_job_utils.c:48:25: error: lvalue required as left operand of assignment
             Field(v, 2) = Val_int(5);
                         ^
unix_stat_job_utils.c:51:25: error: lvalue required as left operand of assignment
             Field(v, 2) = Val_int(6);
                         ^
unix_stat_job_utils.c:54:25: error: lvalue required as left operand of assignment
             Field(v, 2) = Val_int(0);
                         ^
unix_stat_job_utils.c:57:17: error: lvalue required as left operand of assignment
     Field(v, 3) = Val_int(buf->st_mode &amp; 07777);
                 ^
unix_stat_job_utils.c:58:17: error: lvalue required as left operand of assignment
     Field(v, 4) = Val_int(buf->st_nlink);
                 ^
unix_stat_job_utils.c:59:17: error: lvalue required as left operand of assignment
     Field(v, 5) = Val_int(buf->st_uid);
                 ^
unix_stat_job_utils.c:60:17: error: lvalue required as left operand of assignment
     Field(v, 6) = Val_int(buf->st_gid);
                 ^
unix_stat_job_utils.c:61:17: error: lvalue required as left operand of assignment
     Field(v, 7) = Val_int(buf->st_rdev);
                 ^
unix_stat_job_utils.c:62:17: error: lvalue required as left operand of assignment
     Field(v, 8) = offset;
                 ^
unix_stat_job_utils.c:63:17: error: lvalue required as left operand of assignment
     Field(v, 9) = atime;
                 ^
unix_stat_job_utils.c:64:18: error: lvalue required as left operand of assignment
     Field(v, 10) = mtime;
                  ^
unix_stat_job_utils.c:65:18: error: lvalue required as left operand of assignment
     Field(v, 11) = ctime;
                  ^
      ocamlc src/unix/unix_tcgetattr_job.o (exit 2)
(cd _build/default/src/unix &amp;&amp; /home/kc/.opam/4.06.1+multicore+bench/bin/ocamlc.opt -g -I /home/kc/.opam/4.06.1+multicore+bench/lib/bytes -I /home/kc/.opam/4.06.1+multicore+bench/lib/ocaml/threads -I /home/kc/.opam/4.06.1+multicore+bench/lib/result -I ../core -ccopt -I. -o unix_tcgetattr_job.o unix_tcgetattr_job.c)
unix_tcgetattr_job.c: In function ‘result_tcgetattr’:
unix_tcgetattr_job.c:37:43: error: lvalue required as unary ‘&amp;’ operand
     encode_terminal_status(&amp;job->termios, &amp;Field(res, 0));
                                           ^
      ocamlc src/unix/unix_tcsetattr_job.o (exit 2)
(cd _build/default/src/unix &amp;&amp; /home/kc/.opam/4.06.1+multicore+bench/bin/ocamlc.opt -g -I /home/kc/.opam/4.06.1+multicore+bench/lib/bytes -I /home/kc/.opam/4.06.1+multicore+bench/lib/ocaml/threads -I /home/kc/.opam/4.06.1+multicore+bench/lib/result -I ../core -ccopt -I. -o unix_tcsetattr_job.o unix_tcsetattr_job.c)
unix_tcsetattr_job.c: In function ‘lwt_unix_tcsetattr_job’:
unix_tcsetattr_job.c:55:27: error: lvalue required as unary ‘&amp;’ operand
     memcpy(&amp;job->termios, &amp;Field(termios, 0), NFIELDS * sizeof(value));
                           ^
      ocamlc src/unix/unix_wait4.o (exit 2)
(cd _build/default/src/unix &amp;&amp; /home/kc/.opam/4.06.1+multicore+bench/bin/ocamlc.opt -g -I /home/kc/.opam/4.06.1+multicore+bench/lib/bytes -I /home/kc/.opam/4.06.1+multicore+bench/lib/ocaml/threads -I /home/kc/.opam/4.06.1+multicore+bench/lib/result -I ../core -ccopt -I. -o unix_wait4.o unix_wait4.c)
unix_wait4.c: In function ‘alloc_process_status’:
unix_wait4.c:48:22: error: lvalue required as left operand of assignment
         Field(st, 0) = Val_int(WEXITSTATUS(status));
                      ^
unix_wait4.c:51:22: error: lvalue required as left operand of assignment
         Field(st, 0) =
                      ^
unix_wait4.c:55:22: error: lvalue required as left operand of assignment
         Field(st, 0) =
                      ^</pre>
</div>
<div class="logs" id="log-4.06.1+trunk+bench-core-micro-bench-1.0">
  <a class="close" href="#close">Close</a>
  <h3>Error on core-micro-bench.1.0 (4.06.1+trunk+bench)</h3>
  <p>Command: <pre>~/.opam/opam-init/hooks/sandbox.sh build make -C core_micro</pre></p>
  <h4>Output</h4><pre>make: Entering directory '/home/kc/.opam/4.06.1+trunk+bench/.opam-switch/build/core-micro-bench.1.0/core_micro'
ocamlbuild -use-ocamlfind runner.native
ocamlfind ocamldep -package str -package core -package core_bench.inline_benchmarks -modules runner.ml > runner.ml.depends
ocamlfind ocamlc -c -thread -package str -package core -package core_bench.inline_benchmarks -o runner.cmo runner.ml
+ ocamlfind ocamlc -c -thread -package str -package core -package core_bench.inline_benchmarks -o runner.cmo runner.ml
File "runner.ml", line 1, characters 5-13:
Warning 3: deprecated: module Core.Std
[since 2017-02] Use Core. The Std sub-module is no longer needed
File "runner.ml", line 3, characters 15-55:
Error: Unbound module Pa_bench_lib
Command exited with code 2.
Makefile:4: recipe for target 'all' failed
make: *** [all] Error 10
make: Leaving directory '/home/kc/.opam/4.06.1+trunk+bench/.opam-switch/build/core-micro-bench.1.0/core_micro'</pre>
</div>
<div class="logs" id="log-4.06.1+multicore+bench-conf-libpcre-1">
  <a class="close" href="#close">Close</a>
  <h3>Error on conf-libpcre.1 (4.06.1+multicore+bench)</h3>
  <p>Command: <pre>~/.opam/opam-init/hooks/sandbox.sh build pkg-config libpcre</pre></p>
  <h4>Output</h4><pre></pre>
</div>
<div class="logs" id="log-4.06.1+trunk+bench-conf-libpcre-1">
  <a class="close" href="#close">Close</a>
  <h3>Error on conf-libpcre.1 (4.06.1+trunk+bench)</h3>
  <p>Command: <pre>~/.opam/opam-init/hooks/sandbox.sh build pkg-config libpcre</pre></p>
  <h4>Output</h4><pre></pre>
</div>
<div class="logs" id="log-4.06.1+multicore+bench-conf-gtksourceview-2">
  <a class="close" href="#close">Close</a>
  <h3>Error on conf-gtksourceview.2 (4.06.1+multicore+bench)</h3>
  <p>Command: <pre>~/.opam/opam-init/hooks/sandbox.sh build pkg-config --short-errors --print-errors gtksourceview-2.0</pre></p>
  <h4>Output</h4><pre>No package 'gtksourceview-2.0' found</pre>
</div>
<div class="logs" id="log-4.06.1+trunk+bench-conf-gtksourceview-2">
  <a class="close" href="#close">Close</a>
  <h3>Error on conf-gtksourceview.2 (4.06.1+trunk+bench)</h3>
  <p>Command: <pre>~/.opam/opam-init/hooks/sandbox.sh build pkg-config --short-errors --print-errors gtksourceview-2.0</pre></p>
  <h4>Output</h4><pre>No package 'gtksourceview-2.0' found</pre>
</div>
<div class="logs" id="log-4.06.1+multicore+bench-conf-gnomecanvas-2">
  <a class="close" href="#close">Close</a>
  <h3>Error on conf-gnomecanvas.2 (4.06.1+multicore+bench)</h3>
  <p>Command: <pre>~/.opam/opam-init/hooks/sandbox.sh build pkg-config libgnomecanvas-2.0</pre></p>
  <h4>Output</h4><pre></pre>
</div>
<div class="logs" id="log-4.06.1+trunk+bench-conf-gnomecanvas-2">
  <a class="close" href="#close">Close</a>
  <h3>Error on conf-gnomecanvas.2 (4.06.1+trunk+bench)</h3>
  <p>Command: <pre>~/.opam/opam-init/hooks/sandbox.sh build pkg-config libgnomecanvas-2.0</pre></p>
  <h4>Output</h4><pre></pre>
</div>
<div class="logs" id="log-4.06.1+trunk+bench-cohttp-bench-1.0">
  <a class="close" href="#close">Close</a>
  <h3>Error on cohttp-bench.1.0 (4.06.1+trunk+bench)</h3>
  <p>Command: <pre>~/.opam/opam-init/hooks/sandbox.sh build make -C cohttp</pre></p>
  <h4>Output</h4><pre>make: Entering directory '/home/kc/.opam/4.06.1+trunk+bench/.opam-switch/build/cohttp-bench.1.0/cohttp'
ocamlbuild -use-ocamlfind cohttp_lwt_bench.native cohttp_async_bench.native
ocamlfind ocamldep -package lwt.unix -package cohttp.lwt -modules cohttp_lwt_bench.ml > cohttp_lwt_bench.ml.depends
+ ocamlfind ocamldep -package lwt.unix -package cohttp.lwt -modules cohttp_lwt_bench.ml > cohttp_lwt_bench.ml.depends
ocamlfind: Package `cohttp-lwt-unix' not found - required by `cohttp.lwt'
Command exited with code 2.
Makefile:6: recipe for target 'all' failed
make: *** [all] Error 10
make: Leaving directory '/home/kc/.opam/4.06.1+trunk+bench/.opam-switch/build/cohttp-bench.1.0/cohttp'</pre>
</div>
<div class="logs" id="log-4.06.1+trunk+bench-chameneos-bench-1.0">
  <a class="close" href="#close">Close</a>
  <h3>Error on chameneos-bench.1.0 (4.06.1+trunk+bench)</h3>
  <p>Command: <pre>~/.opam/opam-init/hooks/sandbox.sh build make -C chameneos-redux</pre></p>
  <h4>Output</h4><pre>make: Entering directory '/home/kc/.opam/4.06.1+trunk+bench/.opam-switch/build/chameneos-bench.1.0/chameneos-redux'
ocamlopt -bin-annot -thread unix.cmxa threads.cmxa chameneos_redux_th.ml -o chameneos_redux_th
ocamlopt -bin-annot -thread unix.cmxa threads.cmxa chameneos_redux_evtchn.ml -o chameneos_redux_evtchn
ocamlfind ocamlopt -bin-annot -package lwt.unix -linkpkg chameneos_redux_lwt.ml -o chameneos_redux_lwt
ocamlfind: [WARNING] Package `threads': Linking problems may arise because of the missing -thread or -vmthread switch
ocamlfind ocamlopt -bin-annot  -thread -package async -linkpkg chameneos_redux_async.ml -o chameneos_redux_async
File "chameneos_redux_async.ml", line 7, characters 5-13:
Warning 3: deprecated: module Core.Std
[since 2017-02] Use Core. The Std sub-module is no longer needed
File "chameneos_redux_async.ml", line 8, characters 5-14:
Error: Unbound module Async.Std
Makefile:9: recipe for target 'chameneos_redux_async' failed
make: *** [chameneos_redux_async] Error 2
make: Leaving directory '/home/kc/.opam/4.06.1+trunk+bench/.opam-switch/build/chameneos-bench.1.0/chameneos-redux'</pre>
</div>
<div class="logs" id="log-4.06.1+multicore+bench-camlzip-1.07">
  <a class="close" href="#close">Close</a>
  <h3>Error on camlzip.1.07 (4.06.1+multicore+bench)</h3>
  <p>Command: <pre>~/.opam/opam-init/hooks/sandbox.sh build make all</pre></p>
  <h4>Output</h4><pre>ocamlc -g -safe-string -c -ccopt -g   zlibstubs.c
zlibstubs.c:19:10: fatal error: zlib.h: No such file or directory
 #include &lt;zlib.h>
          ^~~~~~~~
compilation terminated.
Makefile:67: recipe for target 'zlibstubs.o' failed
make: *** [zlibstubs.o] Error 2</pre>
</div>
<div class="logs" id="log-4.06.1+trunk+bench-camlzip-1.07">
  <a class="close" href="#close">Close</a>
  <h3>Error on camlzip.1.07 (4.06.1+trunk+bench)</h3>
  <p>Command: <pre>~/.opam/opam-init/hooks/sandbox.sh build make all</pre></p>
  <h4>Output</h4><pre>ocamlc -g -safe-string -c -ccopt -g   zlibstubs.c
zlibstubs.c:19:10: fatal error: zlib.h: No such file or directory
 #include &lt;zlib.h>
          ^~~~~~~~
compilation terminated.
Makefile:67: recipe for target 'zlibstubs.o' failed
make: *** [zlibstubs.o] Error 2</pre>
</div>
<div class="logs" id="log-4.06.1+multicore+bench-camlpdf-2.2.1">
  <a class="close" href="#close">Close</a>
  <h3>Error on camlpdf.2.2.1 (4.06.1+multicore+bench)</h3>
  <p>Command: <pre>~/.opam/opam-init/hooks/sandbox.sh build make</pre></p>
  <h4>Output</h4><pre>make[1]: Entering directory '/home/kc/.opam/4.06.1+multicore+bench/.opam-switch/build/camlpdf.2.2.1'
ocamlfind ocamldep -native pdfmerge.mli > ._ncdi/pdfmerge.di
ocamlfind ocamldep -native pdftype0.mli > ._ncdi/pdftype0.di
ocamlfind ocamldep -native pdftruetype.mli > ._ncdi/pdftruetype.di
ocamlfind ocamldep -native pdftype1.mli > ._ncdi/pdftype1.di
ocamlfind ocamldep -native pdfcff.mli > ._ncdi/pdfcff.di
ocamlfind ocamldep -native pdfocg.mli > ._ncdi/pdfocg.di
ocamlfind ocamldep -native pdfdate.mli > ._ncdi/pdfdate.di
ocamlfind ocamldep -native pdfshapes.mli > ._ncdi/pdfshapes.di
ocamlfind ocamldep -native pdfgraphics.mli > ._ncdi/pdfgraphics.di
ocamlfind ocamldep -native pdfstandard14.mli > ._ncdi/pdfstandard14.di
ocamlfind ocamldep -native pdftext.mli > ._ncdi/pdftext.di
ocamlfind ocamldep -native pdfglyphlist.mli > ._ncdi/pdfglyphlist.di
ocamlfind ocamldep -native pdfafmdata.mli > ._ncdi/pdfafmdata.di
ocamlfind ocamldep -native pdfafm.mli > ._ncdi/pdfafm.di
ocamlfind ocamldep -native pdfimage.mli > ._ncdi/pdfimage.di
ocamlfind ocamldep -native pdfspace.mli > ._ncdi/pdfspace.di
ocamlfind ocamldep -native pdffun.mli > ._ncdi/pdffun.di
ocamlfind ocamldep -native pdfannot.mli > ._ncdi/pdfannot.di
ocamlfind ocamldep -native pdfpage.mli > ._ncdi/pdfpage.di
ocamlfind ocamldep -native pdfpagelabels.mli > ._ncdi/pdfpagelabels.di
ocamlfind ocamldep -native pdfmarks.mli > ._ncdi/pdfmarks.di
ocamlfind ocamldep -native pdfdest.mli > ._ncdi/pdfdest.di
ocamlfind ocamldep -native pdfops.mli > ._ncdi/pdfops.di
ocamlfind ocamldep -native pdfjpeg.mli > ._ncdi/pdfjpeg.di
ocamlfind ocamldep -native pdfread.mli > ._ncdi/pdfread.di
ocamlfind ocamldep -native pdfgenlex.mli > ._ncdi/pdfgenlex.di
ocamlfind ocamldep -native pdfwrite.mli > ._ncdi/pdfwrite.di
ocamlfind ocamldep -native pdfcodec.mli > ._ncdi/pdfcodec.di
ocamlfind ocamldep -native pdfflate.mli > ._ncdi/pdfflate.di
ocamlfind ocamldep -native pdfcrypt.mli > ._ncdi/pdfcrypt.di
ocamlfind ocamldep -native pdf.mli > ._ncdi/pdf.di
ocamlfind ocamldep -native pdfcryptprimitives.mli > ._ncdi/pdfcryptprimitives.di
ocamlfind ocamldep -native pdfpaper.mli > ._ncdi/pdfpaper.di
ocamlfind ocamldep -native pdfunits.mli > ._ncdi/pdfunits.di
ocamlfind ocamldep -native pdftransform.mli > ._ncdi/pdftransform.di
ocamlfind ocamldep -native pdfio.mli > ._ncdi/pdfio.di
ocamlfind ocamldep -native pdfutil.mli > ._ncdi/pdfutil.di
ocamlfind ocamldep pdfmerge.ml > ._d/pdfmerge.d
ocamlfind ocamldep pdftype0.ml > ._d/pdftype0.d
ocamlfind ocamldep pdftruetype.ml > ._d/pdftruetype.d
ocamlfind ocamldep pdftype1.ml > ._d/pdftype1.d
ocamlfind ocamldep pdfcff.ml > ._d/pdfcff.d
ocamlfind ocamldep pdfocg.ml > ._d/pdfocg.d
ocamlfind ocamldep pdfdate.ml > ._d/pdfdate.d
ocamlfind ocamldep pdfshapes.ml > ._d/pdfshapes.d
ocamlfind ocamldep pdfgraphics.ml > ._d/pdfgraphics.d
ocamlfind ocamldep pdfstandard14.ml > ._d/pdfstandard14.d
ocamlfind ocamldep pdftext.ml > ._d/pdftext.d
ocamlfind ocamldep pdfglyphlist.ml > ._d/pdfglyphlist.d
ocamlfind ocamldep pdfafmdata.ml > ._d/pdfafmdata.d
ocamlfind ocamldep pdfafm.ml > ._d/pdfafm.d
ocamlfind ocamldep pdfimage.ml > ._d/pdfimage.d
ocamlfind ocamldep pdfspace.ml > ._d/pdfspace.d
ocamlfind ocamldep pdffun.ml > ._d/pdffun.d
ocamlfind ocamldep pdfannot.ml > ._d/pdfannot.d
ocamlfind ocamldep pdfpage.ml > ._d/pdfpage.d
ocamlfind ocamldep pdfpagelabels.ml > ._d/pdfpagelabels.d
ocamlfind ocamldep pdfmarks.ml > ._d/pdfmarks.d
ocamlfind ocamldep pdfdest.ml > ._d/pdfdest.d
ocamlfind ocamldep pdfops.ml > ._d/pdfops.d
ocamlfind ocamldep pdfjpeg.ml > ._d/pdfjpeg.d
ocamlfind ocamldep pdfread.ml > ._d/pdfread.d
ocamlfind ocamldep pdfgenlex.ml > ._d/pdfgenlex.d
ocamlfind ocamldep pdfwrite.ml > ._d/pdfwrite.d
ocamlfind ocamldep pdfcodec.ml > ._d/pdfcodec.d
ocamlfind ocamldep pdfflate.ml > ._d/pdfflate.d
ocamlfind ocamldep pdfcrypt.ml > ._d/pdfcrypt.d
ocamlfind ocamldep pdf.ml > ._d/pdf.d
ocamlfind ocamldep pdfcryptprimitives.ml > ._d/pdfcryptprimitives.d
ocamlfind ocamldep pdfpaper.ml > ._d/pdfpaper.d
ocamlfind ocamldep pdfunits.ml > ._d/pdfunits.d
ocamlfind ocamldep pdftransform.ml > ._d/pdftransform.d
ocamlfind ocamldep pdfio.ml > ._d/pdfio.d
ocamlfind ocamldep pdfutil.ml > ._d/pdfutil.d
ocamlc -c -cc "cc" -ccopt "-fPIC  \
			-DPIC -DNATIVE_CODE   \
			    -o flatestubs.o " flatestubs.c
flatestubs.c: In function ‘camlzip_error’:
flatestubs.c:42:25: warning: implicit declaration of function ‘caml_named_value’; did you mean ‘caml_named_root’? [-Wimplicit-function-declaration]
     camlzip_error_exn = caml_named_value("Zlib.Error");
                         ^~~~~~~~~~~~~~~~
                         caml_named_root
flatestubs.c:42:23: warning: assignment makes pointer from integer without a cast [-Wint-conversion]
     camlzip_error_exn = caml_named_value("Zlib.Error");
                       ^
flatestubs.c:50:22: error: lvalue required as left operand of assignment
     Field(bucket, 0) = *camlzip_error_exn;
                      ^
flatestubs.c:51:22: error: lvalue required as left operand of assignment
     Field(bucket, 1) = s1;
                      ^
flatestubs.c:52:22: error: lvalue required as left operand of assignment
     Field(bucket, 2) = s2;
                      ^
flatestubs.c: In function ‘camlzip_deflate’:
flatestubs.c:105:17: error: lvalue required as left operand of assignment
   Field(res, 0) = Val_bool(retcode == Z_STREAM_END);
                 ^
flatestubs.c:106:17: error: lvalue required as left operand of assignment
   Field(res, 1) = Val_int(used_in);
                 ^
flatestubs.c:107:17: error: lvalue required as left operand of assignment
   Field(res, 2) = Val_int(used_out);
                 ^
flatestubs.c: In function ‘camlzip_inflate’:
flatestubs.c:154:17: error: lvalue required as left operand of assignment
   Field(res, 0) = Val_bool(retcode == Z_STREAM_END);
                 ^
flatestubs.c:155:17: error: lvalue required as left operand of assignment
   Field(res, 1) = Val_int(used_in);
                 ^
flatestubs.c:156:17: error: lvalue required as left operand of assignment
   Field(res, 2) = Val_int(used_out);
                 ^
OCamlMakefile:1132: recipe for target 'flatestubs.o' failed
make[1]: *** [flatestubs.o] Error 2
make[1]: Leaving directory '/home/kc/.opam/4.06.1+multicore+bench/.opam-switch/build/camlpdf.2.2.1'
OCamlMakefile:801: recipe for target 'native-code-library' failed
make: *** [native-code-library] Error 2</pre>
</div>
<div class="logs" id="log-4.06.1+trunk+bench-async-rpc-bench-1.0">
  <a class="close" href="#close">Close</a>
  <h3>Error on async-rpc-bench.1.0 (4.06.1+trunk+bench)</h3>
  <p>Command: <pre>~/.opam/opam-init/hooks/sandbox.sh build make -C async_rpc</pre></p>
  <h4>Output</h4><pre>make: Entering directory '/home/kc/.opam/4.06.1+trunk+bench/.opam-switch/build/async-rpc-bench.1.0/async_rpc'
ocamlfind ocamlopt -thread -syntax camlp4o -package async -package bin_prot.syntax -package core -c rpc_common.ml
ocamlfind: Package `bin_prot.syntax' not found
Makefile:12: recipe for target 'rpc_common.cmx' failed
make: *** [rpc_common.cmx] Error 2
make: Leaving directory '/home/kc/.opam/4.06.1+trunk+bench/.opam-switch/build/async-rpc-bench.1.0/async_rpc'</pre>
</div>
<div class="logs" id="log-4.06.1+trunk+bench-async-echo-bench-1.0">
  <a class="close" href="#close">Close</a>
  <h3>Error on async-echo-bench.1.0 (4.06.1+trunk+bench)</h3>
  <p>Command: <pre>~/.opam/opam-init/hooks/sandbox.sh build make -C async_echo</pre></p>
  <h4>Output</h4><pre>make: Entering directory '/home/kc/.opam/4.06.1+trunk+bench/.opam-switch/build/async-echo-bench.1.0/async_echo'
ocamlfind ocamlopt -thread -syntax camlp4o -package async -package bin_prot.syntax -package core -c echo_common.ml
ocamlfind: Package `bin_prot.syntax' not found
Makefile:20: recipe for target 'echo_common.cmx' failed
make: *** [echo_common.cmx] Error 2
make: Leaving directory '/home/kc/.opam/4.06.1+trunk+bench/.opam-switch/build/async-echo-bench.1.0/async_echo'</pre>
</div>
</body></html>
