=== SETTING UP BENCH SWITCHES AT 2018-09-19-1400 ===
+opam update --check benches
[WARNING] Running as root is not recommended

<><> Updating package repositories ><><><><><><><><><><><><><><><><><><><><><><>
[benches] synchronised from git+https://github.com/kayceesrk/ocamlbench-repo#multicore
+opam list --no-switch --has-flag compiler --repo=benches --all-versions --short
[WARNING] Running as root is not recommended
++Compilers++
ocaml-variants.4.06.1+multicore
+opam switch list -s
[WARNING] Running as root is not recommended
+opam pin add ocaml-variants 4.06.1+multicore --switch 4.06.1+multicore+bench --yes --no-action
[WARNING] Running as root is not recommended
[NOTE] Pinning unchanged
ocaml-variants is now pinned to version 4.06.1+multicore
+opam switch set-base ocaml-variants --switch 4.06.1+multicore+bench --yes
[WARNING] Running as root is not recommended
+opam switch create 4.06.1+multicore+no-effect-syntax+bench --empty --no-switch --repositories benches,default
[WARNING] Running as root is not recommended
+opam pin add ocaml-variants 4.06.1+multicore+no-effect-syntax --switch 4.06.1+multicore+no-effect-syntax+bench --yes --no-action
[WARNING] Running as root is not recommended
ocaml-variants is now pinned to version 4.06.1+multicore+no-effect-syntax
+opam switch set-base ocaml-variants --switch 4.06.1+multicore+no-effect-syntax+bench --yes
[WARNING] Running as root is not recommended
[WARNING] These packages are not installed:
          ocaml-variants.4.06.1+multicore+no-effect-syntax
Set them as compilers at the proposed versions regardless? [Y/n] y
+opam pin add ocaml-variants 4.06.1+trunk --switch 4.06.1+trunk+bench --yes --no-action
[WARNING] Running as root is not recommended
[NOTE] Pinning unchanged
ocaml-variants is now pinned to version 4.06.1+trunk
+opam switch set-base ocaml-variants --switch 4.06.1+trunk+bench --yes
[WARNING] Running as root is not recommended
+opam switch list -s
[WARNING] Running as root is not recommended
+opam remote add multicore https://github.com/ocamllabs/multicore-opam.git#bench --on-switches=4.06.1+multicore+bench,4.06.1+multicore+no-effect-syntax+bench
[WARNING] Running as root is not recommended
[multicore] synchronised from git+https://github.com/ocamllabs/multicore-opam.git#bench
[NOTE] Repository at git+https://github.com/ocamllabs/multicore-opam.git#bench doesn't define its version, assuming it's 1.2.

<><> Upgrading repositories from older opam format ><><><><><><><><><><><><><><>
Upgrading repository "multicore"...
Updated /root/.opam/repo/multicore/packages/camlpdf/camlpdf.2.2.1+multicore/opam

=== UPGRADING operf-macro at 2018-09-19-1400 ===
+opam update --check --switch operf
[WARNING] Running as root is not recommended

<><> Updating package repositories ><><><><><><><><><><><><><><><><><><><><><><>
[benches] no changes from git+https://github.com/kayceesrk/ocamlbench-repo#multicore
[default] synchronised from https://opam.ocaml.org/

<><> Upgrading repositories from older opam format ><><><><><><><><><><><><><><>
Upgrading repository "default"...
Updated /root/.opam/repo/default/packages/bamboo/bamboo.0.0.02/opam
Updated /root/.opam/repo/default/packages/beluga/beluga.0.5/opam
Updated /root/.opam/repo/default/packages/beluga/beluga.0.8/opam
Updated /root/.opam/repo/default/packages/beluga/beluga.0.8.1/opam
Updated /root/.opam/repo/default/packages/beluga/beluga.0.8.2/opam
Updated /root/.opam/repo/default/packages/bes/bes.0.9.3/opam
Updated /root/.opam/repo/default/packages/bes/bes.0.9.4.2/opam
Updated /root/.opam/repo/default/packages/core/core.v0.9.0/opam
Updated /root/.opam/repo/default/packages/core/core.v0.9.1/opam
Updated /root/.opam/repo/default/packages/core/core.v0.9.2/opam
Updated /root/.opam/repo/default/packages/core/core.v0.10.0/opam
Updated /root/.opam/repo/default/packages/core_kernel/core_kernel.v0.9.0/opam
Updated /root/.opam/repo/default/packages/core_kernel/core_kernel.v0.9.1/opam
Updated /root/.opam/repo/default/packages/ctypes/ctypes.0.1.1/opam
Updated /root/.opam/repo/default/packages/cudf/cudf.0.6.3/opam
Updated /root/.opam/repo/default/packages/cudf/cudf.0.7/opam
Updated /root/.opam/repo/default/packages/cudf/cudf.0.8/opam
Updated /root/.opam/repo/default/packages/cudf/cudf.0.9/opam
Updated /root/.opam/repo/default/packages/datakit/datakit.0.10.0/opam
Updated /root/.opam/repo/default/packages/debian-formats/debian-formats.0.1.1/opam
Updated /root/.opam/repo/default/packages/devkit/devkit.0.3/opam
Updated /root/.opam/repo/default/packages/devkit/devkit.0.4/opam
Updated /root/.opam/repo/default/packages/devkit/devkit.0.5/opam
Updated /root/.opam/repo/default/packages/dose/dose.3.1.2/opam
Updated /root/.opam/repo/default/packages/dose/dose.3.2.2/opam
Updated /root/.opam/repo/default/packages/dose/dose.3.2.2+opam/opam
Updated /root/.opam/repo/default/packages/dose/dose.3.3/opam
Updated /root/.opam/repo/default/packages/dose/dose.3.4.1/opam
Updated /root/.opam/repo/default/packages/dose/dose.3.4.2/opam
Updated /root/.opam/repo/default/packages/dose3/dose3.4.3/opam
Updated /root/.opam/repo/default/packages/dose3/dose3.5.0/opam
Updated /root/.opam/repo/default/packages/dose3/dose3.5.0.1/opam
Updated /root/.opam/repo/default/packages/eliom/eliom.5.0.0/opam
Updated /root/.opam/repo/default/packages/eliom/eliom.6.0.0/opam
Updated /root/.opam/repo/default/packages/eliom/eliom.6.1.0/opam
Updated /root/.opam/repo/default/packages/eliom/eliom.6.2.0/opam
Updated /root/.opam/repo/default/packages/extprot/extprot.1.1.1/opam
Updated /root/.opam/repo/default/packages/extprot/extprot.1.1.2/opam
Updated /root/.opam/repo/default/packages/extprot/extprot.1.2.0/opam
Updated /root/.opam/repo/default/packages/extprot/extprot.1.5.0/opam
Updated /root/.opam/repo/default/packages/gapi-ocaml/gapi-ocaml.0.3.5/opam
Updated /root/.opam/repo/default/packages/gapi-ocaml/gapi-ocaml.0.3.6/opam
Updated /root/.opam/repo/default/packages/gdbprofiler/gdbprofiler.0.1/opam
Updated /root/.opam/repo/default/packages/google-drive-ocamlfuse/google-drive-ocamlfuse.0.5.25/opam
Updated /root/.opam/repo/default/packages/gpr/gpr.1.2.2/opam
Updated /root/.opam/repo/default/packages/javalib/javalib.2.2.2/opam
Updated /root/.opam/repo/default/packages/javalib/javalib.2.3/opam
Updated /root/.opam/repo/default/packages/javalib/javalib.2.3a/opam
Updated /root/.opam/repo/default/packages/jemalloc/jemalloc.0.1/opam
Updated /root/.opam/repo/default/packages/lwt/lwt.2.4.6/opam
Updated /root/.opam/repo/default/packages/lwt/lwt.2.4.7/opam
Updated /root/.opam/repo/default/packages/lwt/lwt.2.4.8/opam
Updated /root/.opam/repo/default/packages/lwt/lwt.2.5.0/opam
Updated /root/.opam/repo/default/packages/lwt/lwt.2.5.1/opam
Updated /root/.opam/repo/default/packages/lwt/lwt.2.5.2/opam
Updated /root/.opam/repo/default/packages/lwt/lwt.2.6.0/opam
Updated /root/.opam/repo/default/packages/lwt/lwt.2.7.0/opam
Updated /root/.opam/repo/default/packages/lwt/lwt.3.0.0/opam
Updated /root/.opam/repo/default/packages/minilight/minilight.1.6/opam
Updated /root/.opam/repo/default/packages/mirage/mirage.0.9.1/opam
Updated /root/.opam/repo/default/packages/mirage/mirage.0.9.2/opam
Updated /root/.opam/repo/default/packages/mirage/mirage.0.9.3/opam
Updated /root/.opam/repo/default/packages/mirage/mirage.0.9.4/opam
Updated /root/.opam/repo/default/packages/mirage/mirage.0.9.5/opam
Updated /root/.opam/repo/default/packages/mirage/mirage.0.9.6/opam
Updated /root/.opam/repo/default/packages/mirage/mirage.0.9.7/opam
Updated /root/.opam/repo/default/packages/mirage/mirage.0.9.8/opam
Updated /root/.opam/repo/default/packages/mirage-block-unix/mirage-block-unix.1.2.1/opam
Updated /root/.opam/repo/default/packages/mirage-block-unix/mirage-block-unix.1.2.2/opam
Updated /root/.opam/repo/default/packages/mirage-net/mirage-net.0.9.1/opam
Updated /root/.opam/repo/default/packages/mirage-net/mirage-net.0.9.2/opam
Updated /root/.opam/repo/default/packages/mirage-net/mirage-net.0.9.3/opam
Updated /root/.opam/repo/default/packages/mirage-net/mirage-net.0.9.4/opam
Updated /root/.opam/repo/default/packages/mld/mld.0.1/opam
Updated /root/.opam/repo/default/packages/mld/mld.0.2/opam
Updated /root/.opam/repo/default/packages/msgpack/msgpack.1.0.0/opam
Updated /root/.opam/repo/default/packages/nocrypto/nocrypto.0.4.0/opam
Updated /root/.opam/repo/default/packages/nocrypto/nocrypto.0.5.0/opam
Updated /root/.opam/repo/default/packages/nocrypto/nocrypto.0.5.1/opam
Updated /root/.opam/repo/default/packages/nocrypto/nocrypto.0.5.2/opam
Updated /root/.opam/repo/default/packages/oasis2opam/oasis2opam.0.1/opam
Updated /root/.opam/repo/default/packages/oasis2opam/oasis2opam.0.2/opam
Updated /root/.opam/repo/default/packages/oasis2opam/oasis2opam.0.2.1/opam
Updated /root/.opam/repo/default/packages/oasis2opam/oasis2opam.0.2.2/opam
Updated /root/.opam/repo/default/packages/oasis2opam/oasis2opam.0.2.3/opam
Updated /root/.opam/repo/default/packages/oasis2opam/oasis2opam.0.2.4/opam
Updated /root/.opam/repo/default/packages/oasis2opam/oasis2opam.0.2.5/opam
Updated /root/.opam/repo/default/packages/oasis2opam/oasis2opam.0.2.6/opam
Updated /root/.opam/repo/default/packages/oasis2opam/oasis2opam.0.2.7/opam
Updated /root/.opam/repo/default/packages/oasis2opam/oasis2opam.0.3.0/opam
Updated /root/.opam/repo/default/packages/oasis2opam/oasis2opam.0.3.1/opam
Updated /root/.opam/repo/default/packages/oasis2opam/oasis2opam.0.3.2/opam
Updated /root/.opam/repo/default/packages/oasis2opam/oasis2opam.0.3.3/opam
Updated /root/.opam/repo/default/packages/oasis2opam/oasis2opam.0.3.4/opam
Updated /root/.opam/repo/default/packages/oasis2opam/oasis2opam.0.3.5/opam
Updated /root/.opam/repo/default/packages/oasis2opam/oasis2opam.0.3.6/opam
Updated /root/.opam/repo/default/packages/oasis2opam/oasis2opam.0.7/opam
Updated /root/.opam/repo/default/packages/oasis2opam/oasis2opam.0.8/opam
Updated /root/.opam/repo/default/packages/ocsigenserver/ocsigenserver.2.2.0/opam
Updated /root/.opam/repo/default/packages/ocsigenserver/ocsigenserver.2.3.1/opam
Updated /root/.opam/repo/default/packages/ocsigenserver/ocsigenserver.2.4.0/opam
Updated /root/.opam/repo/default/packages/ocsigenserver/ocsigenserver.2.5/opam
Updated /root/.opam/repo/default/packages/ocsigenserver/ocsigenserver.2.6/opam
Updated /root/.opam/repo/default/packages/ocsigenserver/ocsigenserver.2.7/opam
Updated /root/.opam/repo/default/packages/ocsigenserver/ocsigenserver.2.8/opam
Updated /root/.opam/repo/default/packages/ocsigenserver/ocsigenserver.2.9/opam
Updated /root/.opam/repo/default/packages/ocveralls/ocveralls.0.3.2/opam
Updated /root/.opam/repo/default/packages/ocveralls/ocveralls.0.3.3/opam
Updated /root/.opam/repo/default/packages/ocveralls/ocveralls.0.3.4/opam
Updated /root/.opam/repo/default/packages/opam-lock/opam-lock.0.1/opam
Updated /root/.opam/repo/default/packages/opam-publish/opam-publish.0.3.5/opam
Updated /root/.opam/repo/default/packages/opam-publish/opam-publish.2.0.0~beta/opam
Updated /root/.opam/repo/default/packages/opam-publish/opam-publish.2.0.0/opam
Updated /root/.opam/repo/default/packages/pgsolver/pgsolver.4.1/opam
Updated /root/.opam/repo/default/packages/qfs/qfs.0.5/opam
Updated /root/.opam/repo/default/packages/qfs/qfs.0.6/opam
Updated /root/.opam/repo/default/packages/radare2/radare2.0.0.1/opam
Updated /root/.opam/repo/default/packages/solo5-kernel-virtio/solo5-kernel-virtio.0.2.1/opam
Updated /root/.opam/repo/default/packages/solo5-kernel-virtio/solo5-kernel-virtio.0.2.2/opam
Updated /root/.opam/repo/default/packages/solo5-kernel-virtio/solo5-kernel-virtio.0.2.2-1/opam
Updated /root/.opam/repo/default/packages/sqlexpr/sqlexpr.0.3.0/opam
Updated /root/.opam/repo/default/packages/sqlexpr/sqlexpr.0.5.5/opam
Updated /root/.opam/repo/default/packages/sqlexpr/sqlexpr.0.6.1/opam
Updated /root/.opam/repo/default/packages/sqlexpr/sqlexpr.0.7.1/opam
Updated /root/.opam/repo/default/packages/sqlexpr/sqlexpr.0.8.0/opam
Updated /root/.opam/repo/default/packages/sqlgg/sqlgg.0.2.4/opam
Updated /root/.opam/repo/default/packages/sqlgg/sqlgg.0.2.5/opam
Updated /root/.opam/repo/default/packages/sqlgg/sqlgg.0.3.0/opam
Updated /root/.opam/repo/default/packages/sqlgg/sqlgg.0.4.3/opam
Updated /root/.opam/repo/default/packages/sqlgg/sqlgg.0.4.4/opam
Updated /root/.opam/repo/default/packages/TCSLib/TCSLib.0.2/opam
Updated /root/.opam/repo/default/packages/TCSLib/TCSLib.0.3/opam
Updated /root/.opam/repo/default/packages/touist/touist.3.4.0/opam
Updated /root/.opam/repo/default/packages/touist/touist.3.4.1/opam
Updated /root/.opam/repo/default/packages/zephyrus/zephyrus.0.1/opam
Updated /root/.opam/repo/default/packages/zstd/zstd.0.1/opam
Updated /root/.opam/repo/default/packages/zstd/zstd.0.2/opam

<><> Synchronising development packages <><><><><><><><><><><><><><><><><><><><>
[operf-macro.0.2] no changes from git://github.com/kayceesrk/operf-macro#opam2
[nbcodec.1.0] no changes from git://github.com/dbuenzli/nbcodec
[frama-c.20170501] no changes from git+https://github.com/kayceesrk/Frama-C-snapshot
[perf.0.1] no changes from git://github.com/kayceesrk/ocaml-perf
+opam upgrade --check --yes operf-macro --switch operf --json /root/logs/operf/2018-09-19-1400/operf.json
[WARNING] Running as root is not recommended

<><> Synchronising pinned packages ><><><><><><><><><><><><><><><><><><><><><><>
[operf-macro.0.2] no changes from git://github.com/kayceesrk/operf-macro#opam2

+opam list --required-by all-bench --short --column name
[WARNING] Running as root is not recommended
++Benches++
almabench-bench
+opam list --no-switch --short --column name *-bench
[WARNING] Running as root is not recommended
++All Benches++

+opam update --check --dev --switch 4.06.1+multicore+bench
[WARNING] Running as root is not recommended

<><> Synchronising development packages <><><><><><><><><><><><><><><><><><><><>
[almabench-bench.1.0] no changes from git+https://github.com/AltGr/ocaml-benchs
[bdd-bench.1.0] no changes from git+https://github.com/AltGr/ocaml-benchs
[frama-c.20170501] no changes from git+https://github.com/kayceesrk/Frama-C-snapshot
[nbcodec.1.0] no changes from git://github.com/dbuenzli/nbcodec
[lexifi-g2pp-bench.1.0] no changes from git+https://github.com/AltGr/ocaml-benchs
[kb-bench.1.0] no changes from git+https://github.com/AltGr/ocaml-benchs
[ocaml-variants.4.06.1+multicore] no changes from git://github.com/ocamllabs/ocaml-multicore
[sequence-bench.1.0] no changes from git+https://github.com/AltGr/ocaml-benchs
+opam update --check --dev --switch 4.06.1+multicore+no-effect-syntax+bench
[WARNING] Running as root is not recommended

<><> Synchronising development packages <><><><><><><><><><><><><><><><><><><><>
[ocaml-variants.4.06.1+multicore+no-effect-syntax] synchronised from git://github.com/ocamllabs/ocaml-multicore#no-effect-syntax
+opam update --check --dev --switch 4.06.1+trunk+bench
[WARNING] Running as root is not recommended

<><> Synchronising development packages <><><><><><><><><><><><><><><><><><><><>
[bdd-bench.1.0] no changes from git+https://github.com/AltGr/ocaml-benchs
[almabench-bench.1.0] no changes from git+https://github.com/AltGr/ocaml-benchs
[frama-c.20170501] no changes from git+https://github.com/kayceesrk/Frama-C-snapshot
[nbcodec.1.0] no changes from git://github.com/dbuenzli/nbcodec
[lexifi-g2pp-bench.1.0] no changes from git+https://github.com/AltGr/ocaml-benchs
[kb-bench.1.0] no changes from git+https://github.com/AltGr/ocaml-benchs
[sequence-bench.1.0] no changes from git+https://github.com/AltGr/ocaml-benchs
[sauvola-bench.1.0] no changes from git+https://github.com/AltGr/ocaml-benchs
[ocaml-variants.4.06.1+trunk] no changes from git://github.com/ocaml/ocaml#81dc8e8

=== UPGRADING SWITCH 4.06.1+multicore+bench ==
+opam remove --yes --switch 4.06.1+multicore+bench
[WARNING] Running as root is not recommended
Nothing to do.
+opam list --base --short --switch 4.06.1+multicore+bench
[WARNING] Running as root is not recommended
+opam upgrade --all almabench-bench async-echo-bench async-rpc-bench bdd-bench chameneos-bench cohttp-bench compcert-bench coq-bench core-micro-bench core-sequence-bench cpdf-bench frama-c-bench js_of_ocaml-bench jsonm-bench kb-bench lexifi-g2pp-bench menhir-bench minilight-bench nbcodec-bench numerical-analysis-bench patdiff-bench sauvola-bench sequence-bench thread-bench valet-bench yojson-bench --best-effort --yes --switch 4.06.1+multicore+bench --json /root/logs/operf/2018-09-19-1400/4.06.1+multicore+bench.json
[WARNING] Running as root is not recommended
async-echo-bench, async-rpc-bench, chameneos-bench, cohttp-bench, compcert-bench, coq-bench, core-micro-bench, core-sequence-bench, frama-c-bench, js_of_ocaml-bench, patdiff-bench, sauvola-bench, thread-bench, valet-bench and yojson-bench are not installed. Install them? [Y/n] y
The following actions will be performed:
  ∗ install   spawn                      v0.12.0        [required by core]
  ∗ install   yojson-bench               1.0
  ∗ install   pcre                       7.3.4          [required by patdiff]
  ∗ install   camlimages                 5.0.1          [required by sauvola-bench]
  ∗ install   ocaml-migrate-parsetree    1.0.11         [required by core_bench, async, patdiff]
  ↻ recompile minilight                  1.6            [upstream changes]
  ↘ downgrade cpdf                       2.2.1 to 2.1.1 [required by cpdf-bench]
  ∗ install   zarith                     1.7            [required by frama-c]
  ∗ install   lwt                        4.1.0          [required by cohttp-bench, chameneos-bench, thread-bench]                              For the PPX, please install package lwt_ppx
                                                                                                                                               For Lwt_log and Lwt_daemon, please install package lwt_log
  ∗ install   sauvola-bench              1.0
  ∗ install   ppxlib                     0.3.0          [required by core]
  ↻ recompile minilight-bench            1.0
  ↻ recompile cpdf-bench                 1.0
  ∗ install   frama-c                    20170501*      [required by frama-c-bench]                                                            Why3 can be used by the WP plug-in for running additional automatic solvers
                                                                                                                                               Coq can be used with the WP plug-in for proving interactively proof obligations
  ∗ install   variantslib                v0.11.0        [required by core_kernel]
  ∗ install   ppx_typerep_conv           v0.11.1        [required by ppx_jane]
  ∗ install   ppx_sexp_conv              v0.11.2        [required by cohttp]
  ∗ install   ppx_pipebang               v0.11.0        [required by ppx_jane]
  ∗ install   ppx_optional               v0.11.0        [required by ppx_jane]
  ∗ install   ppx_optcomp                v0.11.0        [required by ppx_jane]
  ∗ install   ppx_let                    v0.11.0        [required by ppx_jane]
  ∗ install   ppx_js_style               v0.11.0        [required by ppx_base]
  ∗ install   ppx_inline_test            v0.11.0        [required by core_kernel]
  ∗ install   ppx_here                   v0.11.0        [required by ppx_assert, ppx_jane]
  ∗ install   ppx_enumerate              v0.11.1        [required by ppx_base]
  ∗ install   ppx_compare                v0.11.1        [required by ppx_assert, bin_prot, ppx_base]
  ∗ install   fieldslib                  v0.11.0        [required by cohttp]
  ∗ install   frama-c-bench              1.0
  ∗ install   ppx_variants_conv          v0.11.1        [required by bin_prot, ppx_jane]
  ∗ install   uri                        1.9.7          [required by cohttp]
  ∗ install   ppx_custom_printf          v0.11.0        [required by bin_prot, ppx_jane]
  ∗ install   ppx_bench                  v0.11.0        [required by ppx_jane]
  ∗ install   ppx_sexp_value             v0.11.0        [required by ppx_jane]
  ∗ install   ppx_sexp_message           v0.11.0        [required by core_kernel]
  ∗ install   ppx_fail                   v0.11.0        [required by ppx_jane]
  ∗ install   ppx_hash                   v0.11.1        [required by core_kernel]
  ∗ install   ppx_assert                 v0.11.0        [required by core_kernel, core]
  ∗ install   ppx_fields_conv            v0.11.0        [required by cohttp]
  ∗ install   ppx_base                   v0.11.0        [required by core_kernel, sexp_pretty]
  ∗ install   ppx_expect                 v0.11.0        [required by ppx_jane]
  ∗ install   cohttp                     1.0.0          [required by cohttp-bench]
  ∗ install   bin_prot                   v0.11.0        [required by core_extended]
  ∗ install   sexp_pretty                v0.11.0        [required by expect_test_helpers]
  ∗ install   ppx_bin_prot               v0.11.1        [required by ppx_jane]
  ∗ install   ppx_jane                   v0.11.0        [required by core_bench, async, patdiff]
  ∗ install   splittable_random          v0.11.0        [required by core_kernel]
  ∗ install   core_kernel                v0.11.1        [required by core_extended, patience_diff]
  ∗ install   textutils_kernel           v0.11.0        [required by textutils]
  ∗ install   re2                        v0.11.0        [required by patdiff]
  ∗ install   protocol_version_header    v0.11.0        [required by async_rpc_kernel]
  ∗ install   patience_diff              v0.11.0        [required by patdiff]
  ∗ install   expect_test_helpers_kernel v0.11.0        [required by expect_test_helpers]
  ∗ install   core                       v0.11.3        [required by core-micro-bench, async-echo-bench, async-rpc-bench, core-sequence-bench]
  ∗ install   async_kernel               v0.11.1        [required by async]
  ∗ install   textutils                  v0.11.0        [required by core_bench]
  ∗ install   core-sequence-bench        1.0
  ∗ install   async_unix                 v0.11.0        [required by async]
  ∗ install   async_rpc_kernel           v0.11.0        [required by async_extra]
  ∗ install   core_extended              v0.11.0        [required by core_bench, patdiff]
  ∗ install   async_extra                v0.11.1        [required by async]
  ∗ install   core_bench                 v0.11.0        [required by core-micro-bench]
  ∗ install   async                      v0.11.0        [required by cohttp-bench, async-rpc-bench, async-echo-bench, etc.]
  ∗ install   core-micro-bench           1.0
  ∗ install   thread-bench               1.0
  ∗ install   expect_test_helpers        v0.11.0        [required by patdiff]
  ∗ install   cohttp-bench               1.0
  ∗ install   chameneos-bench            1.0
  ∗ install   async-rpc-bench            1.0
  ∗ install   async-echo-bench           1.0
  ∗ install   patdiff                    v0.11.0        [required by patdiff-bench]
  ∗ install   patdiff-bench              1.0
===== ∗ 67   ↻ 3   ↘ 1 =====

<><> Gathering sources ><><><><><><><><><><><><><><><><><><><><><><><><><><><><>
[async.v0.11.0] found in cache
[async_extra.v0.11.1] found in cache
[async_kernel.v0.11.1] found in cache
[async_rpc_kernel.v0.11.0] found in cache
[async_unix.v0.11.0] found in cache
[bin_prot.v0.11.0] found in cache
[camlimages.5.0.1] found in cache
[async-echo-bench.1.0] synchronised from git+https://github.com/AltGr/ocaml-benchs
[cohttp.1.0.0] found in cache
[async-rpc-bench.1.0] synchronised from git+https://github.com/AltGr/ocaml-benchs
[core.v0.11.3] found in cache
[chameneos-bench.1.0] synchronised from git+https://github.com/AltGr/ocaml-benchs
[core_bench.v0.11.0] found in cache
[core_extended.v0.11.0] found in cache
[core_kernel.v0.11.1] found in cache
[cpdf.2.1.1] found in cache
[expect_test_helpers.v0.11.0] found in cache
[expect_test_helpers_kernel.v0.11.0] found in cache
[fieldslib.v0.11.0] found in cache
[cohttp-bench.1.0] synchronised from git+https://github.com/AltGr/ocaml-benchs
[lwt.4.1.0] found in cache
[minilight.1.6] found in cache
[ocaml-migrate-parsetree.1.0.11] found in cache
[patdiff.v0.11.0] found in cache
[patience_diff.v0.11.0] found in cache
[pcre.7.3.4] found in cache
[ppx_assert.v0.11.0] found in cache
[core-micro-bench.1.0] synchronised from git+https://github.com/AltGr/ocaml-benchs
[ppx_base.v0.11.0] found in cache
[ppx_bench.v0.11.0] found in cache
[ppx_bin_prot.v0.11.1] found in cache
[ppx_compare.v0.11.1] found in cache
[ppx_custom_printf.v0.11.0] found in cache
[ppx_enumerate.v0.11.1] found in cache
[ppx_expect.v0.11.0] found in cache
[ppx_fail.v0.11.0] found in cache
[ppx_fields_conv.v0.11.0] found in cache
[ppx_hash.v0.11.1] found in cache
[ppx_here.v0.11.0] found in cache
[ppx_inline_test.v0.11.0] found in cache
[ppx_jane.v0.11.0] found in cache
[ppx_js_style.v0.11.0] found in cache
[ppx_let.v0.11.0] found in cache
[ppx_optcomp.v0.11.0] found in cache
[ppx_optional.v0.11.0] found in cache
[ppx_pipebang.v0.11.0] found in cache
[ppx_sexp_conv.v0.11.2] found in cache
[ppx_sexp_message.v0.11.0] found in cache
[ppx_sexp_value.v0.11.0] found in cache
[ppx_typerep_conv.v0.11.1] found in cache
[ppx_variants_conv.v0.11.1] found in cache
[ppxlib.0.3.0] found in cache
[protocol_version_header.v0.11.0] found in cache
[re2.v0.11.0] found in cache
[sexp_pretty.v0.11.0] found in cache
[spawn.v0.12.0] found in cache
[splittable_random.v0.11.0] found in cache
[textutils.v0.11.0] found in cache
[textutils_kernel.v0.11.0] found in cache
[uri.1.9.7] found in cache
[variantslib.v0.11.0] found in cache
[sauvola-bench.1.0] synchronised from git+https://github.com/AltGr/ocaml-benchs
[zarith.1.7] found in cache
[thread-bench.1.0] synchronised from git+https://github.com/AltGr/ocaml-benchs
[yojson-bench.1.0] synchronised from git+https://github.com/AltGr/ocaml-benchs

<><> Processing actions <><><><><><><><><><><><><><><><><><><><><><><><><><><><>
[ERROR] The compilation of spawn failed at "/root/.opam/opam-init/hooks/sandbox.sh build jbuilder build -p spawn -j 7".
⊘ removed   minilight-bench.1.0
⊘ removed   minilight.1.6
[ERROR] The compilation of pcre failed at "/root/.opam/opam-init/hooks/sandbox.sh build jbuilder build -p pcre -j 7".
∗ installed minilight.1.6
∗ installed minilight-bench.1.0
[ERROR] The compilation of camlimages failed at "/root/.opam/opam-init/hooks/sandbox.sh build jbuilder build -p camlimages -j 7".
[ERROR] The compilation of cpdf failed at "/root/.opam/opam-init/hooks/sandbox.sh build make".
[ERROR] The compilation of yojson-bench failed at "/root/.opam/opam-init/hooks/sandbox.sh build make -C yojson".
[ERROR] The compilation of ocaml-migrate-parsetree failed at "/root/.opam/opam-init/hooks/sandbox.sh build jbuilder build -p ocaml-migrate-parsetree -j 7".
[ERROR] The compilation of zarith failed at "/root/.opam/opam-init/hooks/sandbox.sh build make".
[ERROR] The compilation of lwt failed at "/root/.opam/opam-init/hooks/sandbox.sh build jbuilder build -p lwt -j 7".

#=== ERROR while compiling zarith.1.7 =========================================#
# context              2.0.0 | linux/x86_64 |  | https://opam.ocaml.org/#7485eb3a
# path                 ~/.opam/4.06.1+multicore+bench/.opam-switch/build/zarith.1.7
# command              ~/.opam/opam-init/hooks/sandbox.sh build make
# exit-code            2
# env-file             ~/.opam/log/zarith-28213-ec169f.env
# output-file          ~/.opam/log/zarith-28213-ec169f.out
### output ###
# caml_z.c:1857:14: error: lvalue required as left operand of assignment
# [...]
#               ^
# caml_z.c:1858:14: error: lvalue required as left operand of assignment
#    Field(p,1) = s;
#               ^
# caml_z.c: At top level:
# caml_z.c:2995:3: warning: initialization from incompatible pointer type [-Wincompatible-pointer-types]
#    ml_z_custom_deserialize,
#    ^~~~~~~~~~~~~~~~~~~~~~~
# caml_z.c:2995:3: note: (near initialization for ‘ml_z_custom_ops.deserialize’)
# project.mak:129: recipe for target 'caml_z.o' failed
# make: *** [caml_z.o] Error 2


#=== ERROR while compiling yojson-bench.1.0 ===================================#
# context              2.0.0 | linux/x86_64 |  | git+https://github.com/kayceesrk/ocamlbench-repo#multicore
# path                 ~/.opam/4.06.1+multicore+bench/.opam-switch/build/yojson-bench.1.0
# command              ~/.opam/opam-init/hooks/sandbox.sh build make -C yojson
# exit-code            2
# env-file             ~/.opam/log/yojson-bench-28213-fed2e6.env
# output-file          ~/.opam/log/yojson-bench-28213-fed2e6.out
### output ###
# make: Entering directory '/root/.opam/4.06.1+multicore+bench/.opam-switch/build/yojson-bench.1.0/yojson'
# ocamlfind ocamlopt -I `ocamlfind query yojson` -o ydump_bench -package easy-format,biniou -linkpkg yojson.cmx yojson_biniou.cmx ydump.ml
# gcc: error: /root/.opam/4.06.1+multicore+bench/lib/yojson/yojson_biniou.o: No such file or directory
# gcc: error: /root/.opam/4.06.1+multicore+bench/lib/yojson/yojson.o: No such file or directory
# File "caml_startup", line 1:
# Error: Error during linking
# Makefile:6: recipe for target 'all' failed
# make: *** [all] Error 2
# make: Leaving directory '/root/.opam/4.06.1+multicore+bench/.opam-switch/build/yojson-bench.1.0/yojson'


#=== ERROR while compiling spawn.v0.12.0 ======================================#
# context              2.0.0 | linux/x86_64 |  | https://opam.ocaml.org/#7485eb3a
# path                 ~/.opam/4.06.1+multicore+bench/.opam-switch/build/spawn.v0.12.0
# command              ~/.opam/opam-init/hooks/sandbox.sh build jbuilder build -p spawn -j 7
# exit-code            1
# env-file             ~/.opam/log/spawn-28213-019b4a.env
# output-file          ~/.opam/log/spawn-28213-019b4a.out
### output ###
# [...]
# (cd _build/default/src && /root/.opam/4.06.1+multicore+bench/bin/ocamlc.opt -g -I /root/.opam/4.06.1+multicore+bench/lib/ocaml/threads -ccopt -g -o spawn_stubs.o spawn_stubs.c)
# spawn_stubs.c: In function ‘spawn_pipe’:
# spawn_stubs.c:88:17: error: lvalue required as left operand of assignment
#    Field(res, 0) = Val_int(fd[0]);
#                  ^
# spawn_stubs.c:89:17: error: lvalue required as left operand of assignment
#    Field(res, 1) = Val_int(fd[1]);
#                  ^
# spawn_stubs.c: In function ‘subprocess_failure’:
# spawn_stubs.c:158:3: warning: ignoring return value of ‘write’, declared with attribute warn_unused_result [-Wunused-result]
#    write(failure_fd, &failure, sizeof(failure));
#    ^~~~~~~~~~~~~~~~~~~~~~~~~~~~~~~~~~~~~~~~~~~~


#=== ERROR while compiling pcre.7.3.4 =========================================#
# context              2.0.0 | linux/x86_64 |  | https://opam.ocaml.org/#7485eb3a
# path                 ~/.opam/4.06.1+multicore+bench/.opam-switch/build/pcre.7.3.4
# command              ~/.opam/opam-init/hooks/sandbox.sh build jbuilder build -p pcre -j 7
# exit-code            1
# env-file             ~/.opam/log/pcre-28213-7d8df8.env
# output-file          ~/.opam/log/pcre-28213-7d8df8.out
### output ###
#     ocamlopt src/config/discover.exe (exit 2)
# (cd _build/default && /root/.opam/4.06.1+multicore+bench/bin/ocamlopt.opt -w -40 -w -9 -strict-sequence -principal -short-paths -g -o src/config/discover.exe -I /root/.opam/4.06.1+multicore+bench/lib/base -I /root/.opam/4.06.1+multicore+bench/lib/base/caml -I /root/.opam/4.06.1+multicore+bench/lib/base/shadow_stdlib -I /root/.opam/4.06.1+multicore+bench/lib/configurator -I /root/.opam/4.06.1+[...]
# /root/.opam/4.06.1+multicore+bench/lib/base/libbase_stubs.a(exn_stubs.o): In function `Base_clear_caml_backtrace_pos':
# /root/.opam/4.06.1+multicore+bench/.opam-switch/build/base.v0.11.1/_build/default/src/exn_stubs.c:6: undefined reference to `caml_backtrace_pos'
# collect2: error: ld returned 1 exit status
# File "caml_startup", line 1:
# Error: Error during linking


#=== ERROR while compiling ocaml-migrate-parsetree.1.0.11 =====================#
# context              2.0.0 | linux/x86_64 |  | https://opam.ocaml.org/#7485eb3a
# path                 ~/.opam/4.06.1+multicore+bench/.opam-switch/build/ocaml-migrate-parsetree.1.0.11
# command              ~/.opam/opam-init/hooks/sandbox.sh build jbuilder build -p ocaml-migrate-parsetree -j 7
# exit-code            1
# env-file             ~/.opam/log/ocaml-migrate-parsetree-28213-6c9270.env
# output-file          ~/.opam/log/ocaml-migrate-parsetree-28213-6c9270.out
### output ###
#       ocamlc src/.migrate_parsetree.objs/ast_406.{cmi,cmo,cmt} (exit 2)
# (cd _build/default && /root/.opam/4.06.1+multicore+bench/bin/ocamlc.opt -w -40 -open Result -g -bin-annot -I src/.migrate_parsetree.objs -I src/.migrate_parsetree.objs/.private -I /root/.opam/4.06.1+multicore+bench/lib/ocaml/compiler-libs -I /root/.opam/4.06.1+multicore+bench/lib/result -no-alias-deps -o src/.migrate_parsetree.objs/ast_406.cmo -c -impl src/ast_406.pp.ml)
# File "src/ast_406.ml", line 237, characters 2-1773:
# Error: This variant or record definition does not match that of type
#          Parsetree.pattern_desc
#        Fields number 17 have different names, Ppat_effect and Ppat_extension.


#=== ERROR while compiling lwt.4.1.0 ==========================================#
# context              2.0.0 | linux/x86_64 |  | https://opam.ocaml.org/#7485eb3a
# path                 ~/.opam/4.06.1+multicore+bench/.opam-switch/build/lwt.4.1.0
# command              ~/.opam/opam-init/hooks/sandbox.sh build jbuilder build -p lwt -j 7
# exit-code            1
# env-file             ~/.opam/log/lwt-28213-322141.env
# output-file          ~/.opam/log/lwt-28213-322141.out
### output ###
# unix_tcsetattr_job.c:55:27: error: lvalue required as unary ‘&’ operand
# [...]
# (cd _build/default/src/unix && /root/.opam/4.06.1+multicore+bench/bin/ocamlc.opt -g -I /root/.opam/4.06.1+multicore+bench/lib/bytes -I /root/.opam/4.06.1+multicore+bench/lib/ocaml/threads -I /root/.opam/4.06.1+multicore+bench/lib/result -I ../core -ccopt -I. -o unix_wait4.o unix_wait4.c)
# unix_wait4.c: In function ‘alloc_process_status’:
# unix_wait4.c:48:22: error: lvalue required as left operand of assignment
#          Field(st, 0) = Val_int(WEXITSTATUS(status));
#                       ^
# unix_wait4.c:51:22: error: lvalue required as left operand of assignment
#          Field(st, 0) =
#                       ^
# unix_wait4.c:55:22: error: lvalue required as left operand of assignment
#          Field(st, 0) =
#                       ^


#=== ERROR while compiling cpdf.2.1.1 =========================================#
# context              2.0.0 | linux/x86_64 |  | https://opam.ocaml.org/#7485eb3a
# path                 ~/.opam/4.06.1+multicore+bench/.opam-switch/build/cpdf.2.1.1
# command              ~/.opam/opam-init/hooks/sandbox.sh build make
# exit-code            2
# env-file             ~/.opam/log/cpdf-28213-f802f4.env
# output-file          ~/.opam/log/cpdf-28213-f802f4.out
### output ###
# [...]
# ocamlfind ocamlc -package camlpdf -c -annot cpdf.mli
# ocamlfind ocamlopt -package camlpdf -c -annot -g cpdf.ml
# File "cpdf.ml", line 1525, characters 30-57:
# Error: This expression has type
#          (string, string) Hashtbl.t * (int, int) Hashtbl.t *
#          (int * int, int) Hashtbl.t * (string, int) Hashtbl.t
#        but an expression was expected of type 'weak2 * 'weak3 * 'weak4
# OCamlMakefile:1076: recipe for target 'cpdf.cmx' failed
# make[1]: *** [cpdf.cmx] Error 2
# make[1]: Leaving directory '/root/.opam/4.06.1+multicore+bench/.opam-switch/build/cpdf.2.1.1'
# OCamlMakefile:777: recipe for target 'native-code' failed
# make: *** [native-code] Error 2


#=== ERROR while compiling camlimages.5.0.1 ===================================#
# context              2.0.0 | linux/x86_64 |  | https://opam.ocaml.org/#7485eb3a
# path                 ~/.opam/4.06.1+multicore+bench/.opam-switch/build/camlimages.5.0.1
# command              ~/.opam/opam-init/hooks/sandbox.sh build jbuilder build -p camlimages -j 7
# exit-code            1
# env-file             ~/.opam/log/camlimages-28213-626917.env
# output-file          ~/.opam/log/camlimages-28213-626917.out
### output ###
# [...]
# [2016-09] this element comes from the stdlib distributed with OCaml.
# Instead of raising [Not_found], consider using [raise_s] with an informative error
# message.  If code needs to distinguish [Not_found] from other exceptions, please change
# it to handle both [Not_found] and [Not_found_s].  Then, instead of raising [Not_found],
# raise [Not_found_s] with an informative error message.
#     ocamlopt config/ciconfig.exe (exit 2)
# (cd _build/default && /root/.opam/4.06.1+multicore+bench/bin/ocamlopt.opt -w -40 -w -6 -g -o config/ciconfig.exe -I /root/.opam/4.06.1+multicore+bench/lib/base -I /root/.opam/4.06.1+multicore+bench/lib/base/caml -I /root/.opam/4.06.1+multicore+bench/lib/base/shadow_stdlib -I /root/.opam/4.06.1+multicore+bench/lib/configurator -I /root/.opam/4.06.1+multicore+bench/lib/findlib -I /root/.opam/4.[...]
# /root/.opam/4.06.1+multicore+bench/lib/base/libbase_stubs.a(exn_stubs.o): In function `Base_clear_caml_backtrace_pos':
# /root/.opam/4.06.1+multicore+bench/.opam-switch/build/base.v0.11.1/_build/default/src/exn_stubs.c:6: undefined reference to `caml_backtrace_pos'
# collect2: error: ld returned 1 exit status
# File "caml_startup", line 1:
# Error: Error during linking



<><> Error report <><><><><><><><><><><><><><><><><><><><><><><><><><><><><><><>
┌─ The following actions failed
│ λ build camlimages              5.0.1
│ λ build cpdf                    2.1.1
│ λ build lwt                     4.1.0
│ λ build ocaml-migrate-parsetree 1.0.11
│ λ build pcre                    7.3.4
│ λ build spawn                   v0.12.0
│ λ build yojson-bench            1.0
│ λ build zarith                  1.7
└─ 
┌─ The following changes have been performed (the rest was aborted)
│ ↻ recompile minilight       1.6
│ ↻ recompile minilight-bench 1.0
└─ 

=== UPGRADING SWITCH 4.06.1+multicore+no-effect-syntax+bench ==
+opam remove --yes --switch 4.06.1+multicore+no-effect-syntax+bench
[WARNING] Running as root is not recommended
Nothing to do.
+opam list --base --short --switch 4.06.1+multicore+no-effect-syntax+bench
[WARNING] Running as root is not recommended
+opam upgrade --all almabench-bench async-echo-bench async-rpc-bench bdd-bench chameneos-bench cohttp-bench compcert-bench coq-bench core-micro-bench core-sequence-bench cpdf-bench frama-c-bench js_of_ocaml-bench jsonm-bench kb-bench lexifi-g2pp-bench menhir-bench minilight-bench nbcodec-bench numerical-analysis-bench patdiff-bench sauvola-bench sequence-bench thread-bench valet-bench yojson-bench --best-effort --yes --switch 4.06.1+multicore+no-effect-syntax+bench --json /root/logs/operf/2018-09-19-1400/4.06.1+multicore+no-effect-syntax+bench.json
[WARNING] Running as root is not recommended
almabench-bench, async-echo-bench, async-rpc-bench, bdd-bench, chameneos-bench, cohttp-bench, compcert-bench, coq-bench, core-micro-bench, core-sequence-bench, cpdf-bench, frama-c-bench, js_of_ocaml-bench, jsonm-bench, kb-bench, lexifi-g2pp-bench, menhir-bench, minilight-bench, nbcodec-bench, numerical-analysis-bench, patdiff-bench, sauvola-bench, sequence-bench, thread-bench, valet-bench and yojson-bench are not installed. Install them? [Y/n] y
The following actions will be performed:
  ∗ install base-threads               base                               [required by lwt]
  ∗ install ocaml-variants             4.06.1+multicore+no-effect-syntax* [required by ocaml]
  ∗ install base-unix                  base                               [required by lwt, camlimages]
  ∗ install ocaml                      4.06.1                             [required by thread-bench, sauvola-bench, numerical-analysis-bench, etc.]
  ∗ install sequence-bench             1.0
  ∗ install ocamlbuild                 0.12.0                             [required by nbcodec]
  ∗ install numerical-analysis-bench   1.0
  ∗ install minilight                  1.6                                [required by minilight-bench]
  ∗ install lexifi-g2pp-bench          1.0
  ∗ install kb-bench                   1.0
  ∗ install json-bench-data            1.0                                [required by jsonm-bench, yojson-bench]
  ∗ install dune                       1.2.1                              [required by jbuilder, ocaml-migrate-parsetree]
  ∗ install conf-which                 1                                  [required by conf-autoconf, biniou]
  ∗ install conf-pkg-config            1.1                                [required by conf-gtksourceview, conf-libpcre]
  ∗ install conf-perl                  1                                  [required by zarith]
  ∗ install conf-m4                    1                                  [required by ocamlfind]
  ∗ install conf-gnomecanvas           2                                  [required by frama-c]
  ∗ install conf-gmp                   1                                  [required by zarith]
  ∗ install bdd-bench                  1.0
  ∗ install almabench-bench            1.0
  ∗ install uchar                      0.0.2                              [required by jsonm]
  ∗ install minilight-bench            1.0
  ∗ install jbuilder                   transition                         [required by patdiff, cohttp, async, etc.]
  ∗ install conf-autoconf              0.1                                [required by frama-c]
  ∗ install conf-libpcre               1                                  [required by pcre]
  ∗ install conf-gtksourceview         2                                  [required by frama-c]
  ∗ install ocamlfind                  1.8.0                              [required by nbcodec, cpdf, lwt, etc.]
  ∗ install spawn                      v0.12.0                            [required by core]
  ∗ install sexplib0                   v0.11.0                            [required by base, sexplib]
  ∗ install result                     1.3                                [required by lwt]
  ∗ install re                         1.7.3                              [required by cohttp, core_bench]
  ∗ install ppx_derivers               1.0                                [required by ppxlib]
  ∗ install ocaml-compiler-libs        v0.11.0                            [required by ppxlib]
  ∗ install jane-street-headers        v0.11.0                            [required by core_kernel]
  ∗ install easy-format                1.3.1                              [required by yojson]
  ∗ install cppo                       1.6.5                              [required by lwt, camlimages]
  ∗ install zarith                     1.7                                [required by frama-c]
  ∗ install octavius                   1.2.0                              [required by ppx_js_style]
  ∗ install num                        1.1                                [required by alt-ergo]
  ∗ install nbcodec                    1.0                                [required by nbcodec-bench]
  ∗ install menhir                     20180905                           [required by menhir-bench]
  ∗ install lablgtk                    2.18.6                             [required by frama-c, camlimages]
  ∗ install camlzip                    1.07                               [required by alt-ergo]
  ∗ install camlpdf                    2.2.1+multicore                    [required by cpdf]
  ∗ install base-bytes                 base                               [required by cohttp]
  ∗ install parsexp                    v0.11.0                            [required by sexplib]
  ∗ install base                       v0.11.1                            [required by pcre]
  ∗ install topkg                      0.9.1                              [required by jsonm]
  ∗ install ocaml-migrate-parsetree    1.0.11                             [required by core_bench, async, patdiff]
  ∗ install biniou                     1.2.0                              [required by yojson]
  ∗ install lwt                        4.1.0                              [required by cohttp-bench, chameneos-bench, thread-bench]                              For the PPX, please install package lwt_ppx
                                                                                                                                                                 For Lwt_log and Lwt_daemon, please install package lwt_log
  ∗ install ocplib-simplex             0.4                                [required by alt-ergo]
  ∗ install nbcodec-bench              1.0
  ∗ install psmt2-frontend             0.1                                [required by alt-ergo]
  ∗ install menhir-bench               1.0
  ∗ install ocamlgraph                 1.8.8                              [required by frama-c]
  ∗ install cpdf                       2.1.1                              [required by cpdf-bench]
  ∗ install stringext                  1.5.0                              [required by cohttp]
  ∗ install base64                     2.2.0                              [required by cohttp]
  ∗ install sexplib                    v0.11.0                            [required by cohttp, patdiff]
  ∗ install typerep                    v0.11.0                            [required by core_kernel]
  ∗ install stdio                      v0.11.0                            [required by pcre]
  ∗ install uutf                       1.0.1                              [required by jsonm]
  ∗ install yojson                     1.4.1                              [required by yojson-bench]
  ∗ install alt-ergo                   2.2.0                              [required by frama-c]
  ∗ install cpdf-bench                 1.0
  ∗ install ppxlib                     0.3.0                              [required by core]
  ∗ install configurator               v0.11.0                            [required by camlimages]
  ∗ install jsonm                      1.0.1                              [required by jsonm-bench]
  ∗ install yojson-bench               1.0
  ∗ install frama-c                    20180502                           [required by frama-c-bench]                                                            Why3 can be used by the WP plug-in for running additional automatic solvers
                                                                                                                                                                 Coq can be used with the WP plug-in for proving interactively proof obligations
                                                                                                                                                                 Alt-Ergo Graphical Interface can be used by the WP plug-in
  ∗ install variantslib                v0.11.0                            [required by core_kernel]
  ∗ install ppx_typerep_conv           v0.11.1                            [required by ppx_jane]
  ∗ install ppx_sexp_conv              v0.11.2                            [required by cohttp]
  ∗ install ppx_pipebang               v0.11.0                            [required by ppx_jane]
  ∗ install ppx_optional               v0.11.0                            [required by ppx_jane]
  ∗ install ppx_optcomp                v0.11.0                            [required by ppx_jane]
  ∗ install ppx_let                    v0.11.0                            [required by ppx_jane]
  ∗ install ppx_js_style               v0.11.0                            [required by ppx_base]
  ∗ install ppx_inline_test            v0.11.0                            [required by core_kernel]
  ∗ install ppx_here                   v0.11.0                            [required by ppx_assert, ppx_jane]
  ∗ install ppx_enumerate              v0.11.1                            [required by ppx_base]
  ∗ install ppx_compare                v0.11.1                            [required by ppx_assert, bin_prot, ppx_base]
  ∗ install fieldslib                  v0.11.0                            [required by cohttp]
  ∗ install pcre                       7.3.4                              [required by patdiff]
  ∗ install camlimages                 5.0.1                              [required by sauvola-bench]
  ∗ install jsonm-bench                1.0
  ∗ install frama-c-bench              1.0
  ∗ install ppx_variants_conv          v0.11.1                            [required by bin_prot, ppx_jane]
  ∗ install uri                        1.9.7                              [required by cohttp]
  ∗ install ppx_custom_printf          v0.11.0                            [required by bin_prot, ppx_jane]
  ∗ install ppx_bench                  v0.11.0                            [required by ppx_jane]
  ∗ install ppx_sexp_value             v0.11.0                            [required by ppx_jane]
  ∗ install ppx_sexp_message           v0.11.0                            [required by core_kernel]
  ∗ install ppx_fail                   v0.11.0                            [required by ppx_jane]
  ∗ install ppx_hash                   v0.11.1                            [required by core_kernel]
  ∗ install ppx_assert                 v0.11.0                            [required by core_kernel, core]
  ∗ install ppx_fields_conv            v0.11.0                            [required by cohttp]
  ∗ install sauvola-bench              1.0
  ∗ install ppx_base                   v0.11.0                            [required by core_kernel, sexp_pretty]
  ∗ install ppx_expect                 v0.11.0                            [required by ppx_jane]
  ∗ install cohttp                     1.0.0                              [required by cohttp-bench]
  ∗ install bin_prot                   v0.11.0                            [required by core_extended]
  ∗ install sexp_pretty                v0.11.0                            [required by expect_test_helpers]
  ∗ install ppx_bin_prot               v0.11.1                            [required by ppx_jane]
  ∗ install ppx_jane                   v0.11.0                            [required by core_bench, async, patdiff]
  ∗ install splittable_random          v0.11.0                            [required by core_kernel]
  ∗ install core_kernel                v0.11.1                            [required by core_extended, patience_diff]
  ∗ install textutils_kernel           v0.11.0                            [required by textutils]
  ∗ install re2                        v0.11.0                            [required by patdiff]
  ∗ install protocol_version_header    v0.11.0                            [required by async_rpc_kernel]
  ∗ install patience_diff              v0.11.0                            [required by patdiff]
  ∗ install expect_test_helpers_kernel v0.11.0                            [required by expect_test_helpers]
  ∗ install core                       v0.11.3                            [required by core-micro-bench, async-echo-bench, async-rpc-bench, core-sequence-bench]
  ∗ install async_kernel               v0.11.1                            [required by async]
  ∗ install textutils                  v0.11.0                            [required by core_bench]
  ∗ install core-sequence-bench        1.0
  ∗ install async_unix                 v0.11.0                            [required by async]
  ∗ install async_rpc_kernel           v0.11.0                            [required by async_extra]
  ∗ install core_extended              v0.11.0                            [required by core_bench, patdiff]
  ∗ install async_extra                v0.11.1                            [required by async]
  ∗ install core_bench                 v0.11.0                            [required by core-micro-bench]
  ∗ install async                      v0.11.0                            [required by cohttp-bench, async-rpc-bench, async-echo-bench, etc.]
  ∗ install core-micro-bench           1.0
  ∗ install thread-bench               1.0
  ∗ install expect_test_helpers        v0.11.0                            [required by patdiff]
  ∗ install cohttp-bench               1.0
  ∗ install chameneos-bench            1.0
  ∗ install async-rpc-bench            1.0
  ∗ install async-echo-bench           1.0
  ∗ install patdiff                    v0.11.0                            [required by patdiff-bench]
  ∗ install patdiff-bench              1.0
===== ∗ 132 =====

<><> Gathering sources ><><><><><><><><><><><><><><><><><><><><><><><><><><><><>
[alt-ergo.2.2.0] found in cache
[async.v0.11.0] found in cache
[almabench-bench.1.0] synchronised from git+https://github.com/AltGr/ocaml-benchs
[async_extra.v0.11.1] found in cache
[async_kernel.v0.11.1] found in cache
[async_rpc_kernel.v0.11.0] found in cache
[async-echo-bench.1.0] synchronised from git+https://github.com/AltGr/ocaml-benchs
[async_unix.v0.11.0] found in cache
[async-rpc-bench.1.0] synchronised from git+https://github.com/AltGr/ocaml-benchs
[base.v0.11.1] found in cache
[base64.2.2.0] found in cache
[bin_prot.v0.11.0] found in cache
[biniou.1.2.0] found in cache
[camlimages.5.0.1] found in cache
[camlpdf.2.2.1+multicore] found in cache
[camlzip.1.07] found in cache
[cohttp.1.0.0] found in cache
[bdd-bench.1.0] synchronised from git+https://github.com/AltGr/ocaml-benchs
[configurator.v0.11.0] found in cache
[core.v0.11.3] found in cache
[chameneos-bench.1.0] synchronised from git+https://github.com/AltGr/ocaml-benchs
[cohttp-bench.1.0] synchronised from git+https://github.com/AltGr/ocaml-benchs
[core_bench.v0.11.0] found in cache
[core_extended.v0.11.0] found in cache
[core_kernel.v0.11.1] found in cache
[cpdf.2.1.1] found in cache
[cppo.1.6.5] found in cache
[dune.1.2.1] found in cache
[easy-format.1.3.1] found in cache
[expect_test_helpers.v0.11.0] found in cache
[expect_test_helpers_kernel.v0.11.0] found in cache
[fieldslib.v0.11.0] found in cache
[frama-c.20180502] found in cache
[jane-street-headers.v0.11.0] found in cache
[jsonm.1.0.1] found in cache
[lablgtk.2.18.6] found in cache
[core-micro-bench.1.0] synchronised from git+https://github.com/AltGr/ocaml-benchs
[lwt.4.1.0] found in cache
[menhir.20180905] found in cache
[minilight.1.6] found in cache
[kb-bench.1.0] synchronised from git+https://github.com/AltGr/ocaml-benchs
[num.1.1] found in cache
[numerical-analysis-bench.1.0] found in cache
[ocaml-compiler-libs.v0.11.0] found in cache
[ocaml-migrate-parsetree.1.0.11] found in cache
[ocamlbuild.0.12.0] found in cache
[ocamlfind.1.8.0] found in cache
[ocamlgraph.1.8.8] found in cache
[ocplib-simplex.0.4] found in cache
[octavius.1.2.0] found in cache
[parsexp.v0.11.0] found in cache
[patdiff.v0.11.0] found in cache
[patience_diff.v0.11.0] found in cache
[pcre.7.3.4] found in cache
[lexifi-g2pp-bench.1.0] synchronised from git+https://github.com/AltGr/ocaml-benchs
[ppx_assert.v0.11.0] found in cache
[ppx_base.v0.11.0] found in cache
[ppx_bench.v0.11.0] found in cache
[ppx_bin_prot.v0.11.1] found in cache
[ppx_compare.v0.11.1] found in cache
[ppx_custom_printf.v0.11.0] found in cache
[ppx_derivers.1.0] found in cache
[ppx_enumerate.v0.11.1] found in cache
[ppx_expect.v0.11.0] found in cache
[ppx_fail.v0.11.0] found in cache
[ppx_fields_conv.v0.11.0] found in cache
[ppx_hash.v0.11.1] found in cache
[ppx_here.v0.11.0] found in cache
[ppx_inline_test.v0.11.0] found in cache
[ppx_jane.v0.11.0] found in cache
[ppx_js_style.v0.11.0] found in cache
[ppx_let.v0.11.0] found in cache
[ppx_optcomp.v0.11.0] found in cache
[ppx_optional.v0.11.0] found in cache
[ppx_pipebang.v0.11.0] found in cache
[ppx_sexp_conv.v0.11.2] found in cache
[ppx_sexp_message.v0.11.0] found in cache
[ppx_sexp_value.v0.11.0] found in cache
[ppx_typerep_conv.v0.11.1] found in cache
[ppx_variants_conv.v0.11.1] found in cache
[ppxlib.0.3.0] found in cache
[protocol_version_header.v0.11.0] found in cache
[psmt2-frontend.0.1] found in cache
[re.1.7.3] found in cache
[re2.v0.11.0] found in cache
[result.1.3] found in cache
[sauvola-bench.1.0] synchronised from git+https://github.com/AltGr/ocaml-benchs
[sexp_pretty.v0.11.0] found in cache
[sequence-bench.1.0] synchronised from git+https://github.com/AltGr/ocaml-benchs
[sexplib.v0.11.0] found in cache
[sexplib0.v0.11.0] found in cache
[spawn.v0.12.0] found in cache
[splittable_random.v0.11.0] found in cache
[stdio.v0.11.0] found in cache
[stringext.1.5.0] found in cache
[textutils.v0.11.0] found in cache
[textutils_kernel.v0.11.0] found in cache
[topkg.0.9.1] found in cache
[typerep.v0.11.0] found in cache
[uchar.0.0.2] found in cache
[uri.1.9.7] found in cache
[uutf.1.0.1] found in cache
[variantslib.v0.11.0] found in cache
[yojson.1.4.1] found in cache
[thread-bench.1.0] synchronised from git+https://github.com/AltGr/ocaml-benchs
[zarith.1.7] found in cache
[yojson-bench.1.0] synchronised from git+https://github.com/AltGr/ocaml-benchs
[nbcodec.1.0] synchronised from git://github.com/dbuenzli/nbcodec

<><> Processing actions <><><><><><><><><><><><><><><><><><><><><><><><><><><><>
∗ installed base-threads.base
∗ installed base-unix.base
∗ installed ocaml-variants.4.06.1+multicore+no-effect-syntax
∗ installed ocaml.4.06.1
[ERROR] The compilation of conf-gnomecanvas failed at "/root/.opam/opam-init/hooks/sandbox.sh build pkg-config libgnomecanvas-2.0".
∗ installed almabench-bench.1.0
∗ installed bdd-bench.1.0
∗ installed conf-gmp.1
∗ installed conf-m4.1
∗ installed conf-perl.1
∗ installed conf-pkg-config.1.1
∗ installed conf-which.1
∗ installed conf-libpcre.1
∗ installed json-bench-data.1.0
∗ installed kb-bench.1.0
∗ installed lexifi-g2pp-bench.1.0
∗ installed minilight.1.6
∗ installed minilight-bench.1.0
∗ installed sequence-bench.1.0
[ERROR] The compilation of conf-gtksourceview failed at "/root/.opam/opam-init/hooks/sandbox.sh build pkg-config --short-errors --print-errors gtksourceview-2.0".
∗ installed conf-autoconf.0.1
∗ installed ocamlfind.1.8.0
[ERROR] The compilation of camlzip failed at "/root/.opam/opam-init/hooks/sandbox.sh build make all".
∗ installed base-bytes.base
∗ installed ocamlbuild.0.12.0
[ERROR] The compilation of zarith failed at "/root/.opam/opam-init/hooks/sandbox.sh build make".
∗ installed num.1.1
∗ installed nbcodec.1.0
∗ installed nbcodec-bench.1.0
∗ installed uchar.0.0.2
∗ installed ocplib-simplex.0.4
∗ installed dune.1.2.1
∗ installed jbuilder.transition
[ERROR] The compilation of spawn failed at "/root/.opam/opam-init/hooks/sandbox.sh build jbuilder build -p spawn -j 7".
∗ installed base64.2.2.0
∗ installed camlpdf.2.2.1+multicore
∗ installed cppo.1.6.5
∗ installed easy-format.1.3.1
∗ installed jane-street-headers.v0.11.0
∗ installed ocaml-compiler-libs.v0.11.0
∗ installed octavius.1.2.0
∗ installed ppx_derivers.1.0
∗ installed re.1.7.3
∗ installed result.1.3
[ERROR] The compilation of cpdf failed at "/root/.opam/opam-init/hooks/sandbox.sh build make".
∗ installed menhir.20180905
∗ installed biniou.1.2.0
∗ installed menhir-bench.1.0
∗ installed sexplib0.v0.11.0
[ERROR] The compilation of ocaml-migrate-parsetree failed at "/root/.opam/opam-init/hooks/sandbox.sh build jbuilder build -p ocaml-migrate-parsetree -j 7".
∗ installed stringext.1.5.0
∗ installed yojson.1.4.1
∗ installed numerical-analysis-bench.1.0
∗ installed topkg.0.9.1
[ERROR] The compilation of lwt failed at "/root/.opam/opam-init/hooks/sandbox.sh build jbuilder build -p lwt -j 7".
∗ installed parsexp.v0.11.0
[ERROR] The compilation of yojson-bench failed at "/root/.opam/opam-init/hooks/sandbox.sh build make -C yojson".
∗ installed uutf.1.0.1
∗ installed sexplib.v0.11.0
∗ installed base.v0.11.1
∗ installed psmt2-frontend.0.1
∗ installed jsonm.1.0.1
∗ installed jsonm-bench.1.0
∗ installed stdio.v0.11.0
∗ installed typerep.v0.11.0
∗ installed configurator.v0.11.0
[ERROR] The compilation of pcre failed at "/root/.opam/opam-init/hooks/sandbox.sh build jbuilder build -p pcre -j 7".

#=== ERROR while compiling zarith.1.7 =========================================#
# context              2.0.0 | linux/x86_64 |  | https://opam.ocaml.org/#7485eb3a
# path                 ~/.opam/4.06.1+multicore+no-effect-syntax+bench/.opam-switch/build/zarith.1.7
# command              ~/.opam/opam-init/hooks/sandbox.sh build make
# exit-code            2
# env-file             ~/.opam/log/zarith-30680-894f50.env
# output-file          ~/.opam/log/zarith-30680-894f50.out
### output ###
# caml_z.c:1857:14: error: lvalue required as left operand of assignment
# [...]
#               ^
# caml_z.c:1858:14: error: lvalue required as left operand of assignment
#    Field(p,1) = s;
#               ^
# caml_z.c: At top level:
# caml_z.c:2995:3: warning: initialization from incompatible pointer type [-Wincompatible-pointer-types]
#    ml_z_custom_deserialize,
#    ^~~~~~~~~~~~~~~~~~~~~~~
# caml_z.c:2995:3: note: (near initialization for ‘ml_z_custom_ops.deserialize’)
# project.mak:129: recipe for target 'caml_z.o' failed
# make: *** [caml_z.o] Error 2


#=== ERROR while compiling yojson-bench.1.0 ===================================#
# context              2.0.0 | linux/x86_64 |  | git+https://github.com/kayceesrk/ocamlbench-repo#multicore
# path                 ~/.opam/4.06.1+multicore+no-effect-syntax+bench/.opam-switch/build/yojson-bench.1.0
# command              ~/.opam/opam-init/hooks/sandbox.sh build make -C yojson
# exit-code            2
# env-file             ~/.opam/log/yojson-bench-30680-9c8842.env
# output-file          ~/.opam/log/yojson-bench-30680-9c8842.out
### output ###
# make: Entering directory '/root/.opam/4.06.1+multicore+no-effect-syntax+bench/.opam-switch/build/yojson-bench.1.0/yojson'
# ocamlfind ocamlopt -I `ocamlfind query yojson` -o ydump_bench -package easy-format,biniou -linkpkg yojson.cmx yojson_biniou.cmx ydump.ml
# gcc: error: /root/.opam/4.06.1+multicore+no-effect-syntax+bench/lib/yojson/yojson_biniou.o: No such file or directory
# gcc: error: /root/.opam/4.06.1+multicore+no-effect-syntax+bench/lib/yojson/yojson.o: No such file or directory
# File "caml_startup", line 1:
# Error: Error during linking
# Makefile:6: recipe for target 'all' failed
# make: *** [all] Error 2
# make: Leaving directory '/root/.opam/4.06.1+multicore+no-effect-syntax+bench/.opam-switch/build/yojson-bench.1.0/yojson'


#=== ERROR while compiling spawn.v0.12.0 ======================================#
# context              2.0.0 | linux/x86_64 |  | https://opam.ocaml.org/#7485eb3a
# path                 ~/.opam/4.06.1+multicore+no-effect-syntax+bench/.opam-switch/build/spawn.v0.12.0
# command              ~/.opam/opam-init/hooks/sandbox.sh build jbuilder build -p spawn -j 7
# exit-code            1
# env-file             ~/.opam/log/spawn-30680-be22d5.env
# output-file          ~/.opam/log/spawn-30680-be22d5.out
### output ###
# [...]
# (cd _build/default/src && /root/.opam/4.06.1+multicore+no-effect-syntax+bench/bin/ocamlc.opt -g -I /root/.opam/4.06.1+multicore+no-effect-syntax+bench/lib/ocaml/threads -ccopt -g -o spawn_stubs.o spawn_stubs.c)
# spawn_stubs.c: In function ‘spawn_pipe’:
# spawn_stubs.c:88:17: error: lvalue required as left operand of assignment
#    Field(res, 0) = Val_int(fd[0]);
#                  ^
# spawn_stubs.c:89:17: error: lvalue required as left operand of assignment
#    Field(res, 1) = Val_int(fd[1]);
#                  ^
# spawn_stubs.c: In function ‘subprocess_failure’:
# spawn_stubs.c:158:3: warning: ignoring return value of ‘write’, declared with attribute warn_unused_result [-Wunused-result]
#    write(failure_fd, &failure, sizeof(failure));
#    ^~~~~~~~~~~~~~~~~~~~~~~~~~~~~~~~~~~~~~~~~~~~


#=== ERROR while compiling pcre.7.3.4 =========================================#
# context              2.0.0 | linux/x86_64 |  | https://opam.ocaml.org/#7485eb3a
# path                 ~/.opam/4.06.1+multicore+no-effect-syntax+bench/.opam-switch/build/pcre.7.3.4
# command              ~/.opam/opam-init/hooks/sandbox.sh build jbuilder build -p pcre -j 7
# exit-code            1
# env-file             ~/.opam/log/pcre-30680-65c702.env
# output-file          ~/.opam/log/pcre-30680-65c702.out
### output ###
#     ocamlopt src/config/discover.exe (exit 2)
# (cd _build/default && /root/.opam/4.06.1+multicore+no-effect-syntax+bench/bin/ocamlopt.opt -w -40 -w -9 -strict-sequence -principal -short-paths -g -o src/config/discover.exe -I /root/.opam/4.06.1+multicore+no-effect-syntax+bench/lib/base -I /root/.opam/4.06.1+multicore+no-effect-syntax+bench/lib/base/caml -I /root/.opam/4.06.1+multicore+no-effect-syntax+bench/lib/base/shadow_stdlib -I /root/[...]
# /root/.opam/4.06.1+multicore+no-effect-syntax+bench/lib/base/libbase_stubs.a(exn_stubs.o): In function `Base_clear_caml_backtrace_pos':
# /root/.opam/4.06.1+multicore+no-effect-syntax+bench/.opam-switch/build/base.v0.11.1/_build/default/src/exn_stubs.c:6: undefined reference to `caml_backtrace_pos'
# collect2: error: ld returned 1 exit status
# File "caml_startup", line 1:
# Error: Error during linking


#=== ERROR while compiling ocaml-migrate-parsetree.1.0.11 =====================#
# context              2.0.0 | linux/x86_64 |  | https://opam.ocaml.org/#7485eb3a
# path                 ~/.opam/4.06.1+multicore+no-effect-syntax+bench/.opam-switch/build/ocaml-migrate-parsetree.1.0.11
# command              ~/.opam/opam-init/hooks/sandbox.sh build jbuilder build -p ocaml-migrate-parsetree -j 7
# exit-code            1
# env-file             ~/.opam/log/ocaml-migrate-parsetree-30680-72c19f.env
# output-file          ~/.opam/log/ocaml-migrate-parsetree-30680-72c19f.out
### output ###
#       ocamlc src/.migrate_parsetree.objs/ast_406.{cmi,cmo,cmt} (exit 2)
# (cd _build/default && /root/.opam/4.06.1+multicore+no-effect-syntax+bench/bin/ocamlc.opt -w -40 -open Result -g -bin-annot -I src/.migrate_parsetree.objs -I src/.migrate_parsetree.objs/.private -I /root/.opam/4.06.1+multicore+no-effect-syntax+bench/lib/ocaml/compiler-libs -I /root/.opam/4.06.1+multicore+no-effect-syntax+bench/lib/result -no-alias-deps -o src/.migrate_parsetree.objs/ast_406.cm[...]
# File "src/ast_406.ml", line 2959, characters 2-121:
# Error: This variant or record definition does not match that of type
#          Outcometree.out_ext_status
#        The field Oext_effect is only present in the original definition.


#=== ERROR while compiling lwt.4.1.0 ==========================================#
# context              2.0.0 | linux/x86_64 |  | https://opam.ocaml.org/#7485eb3a
# path                 ~/.opam/4.06.1+multicore+no-effect-syntax+bench/.opam-switch/build/lwt.4.1.0
# command              ~/.opam/opam-init/hooks/sandbox.sh build jbuilder build -p lwt -j 7
# exit-code            1
# env-file             ~/.opam/log/lwt-30680-983831.env
# output-file          ~/.opam/log/lwt-30680-983831.out
### output ###
# unix_tcsetattr_job.c:55:27: error: lvalue required as unary ‘&’ operand
# [...]
# (cd _build/default/src/unix && /root/.opam/4.06.1+multicore+no-effect-syntax+bench/bin/ocamlc.opt -g -I /root/.opam/4.06.1+multicore+no-effect-syntax+bench/lib/bytes -I /root/.opam/4.06.1+multicore+no-effect-syntax+bench/lib/ocaml/threads -I /root/.opam/4.06.1+multicore+no-effect-syntax+bench/lib/result -I ../core -ccopt -I. -o unix_wait4.o unix_wait4.c)
# unix_wait4.c: In function ‘alloc_process_status’:
# unix_wait4.c:48:22: error: lvalue required as left operand of assignment
#          Field(st, 0) = Val_int(WEXITSTATUS(status));
#                       ^
# unix_wait4.c:51:22: error: lvalue required as left operand of assignment
#          Field(st, 0) =
#                       ^
# unix_wait4.c:55:22: error: lvalue required as left operand of assignment
#          Field(st, 0) =
#                       ^


#=== ERROR while compiling cpdf.2.1.1 =========================================#
# context              2.0.0 | linux/x86_64 |  | https://opam.ocaml.org/#7485eb3a
# path                 ~/.opam/4.06.1+multicore+no-effect-syntax+bench/.opam-switch/build/cpdf.2.1.1
# command              ~/.opam/opam-init/hooks/sandbox.sh build make
# exit-code            2
# env-file             ~/.opam/log/cpdf-30680-bb0b3a.env
# output-file          ~/.opam/log/cpdf-30680-bb0b3a.out
### output ###
# [...]
# ocamlfind ocamlc -package camlpdf -c -annot cpdf.mli
# ocamlfind ocamlopt -package camlpdf -c -annot -g cpdf.ml
# File "cpdf.ml", line 1525, characters 30-57:
# Error: This expression has type
#          (string, string) Hashtbl.t * (int, int) Hashtbl.t *
#          (int * int, int) Hashtbl.t * (string, int) Hashtbl.t
#        but an expression was expected of type 'weak2 * 'weak3 * 'weak4
# OCamlMakefile:1076: recipe for target 'cpdf.cmx' failed
# make[1]: *** [cpdf.cmx] Error 2
# make[1]: Leaving directory '/root/.opam/4.06.1+multicore+no-effect-syntax+bench/.opam-switch/build/cpdf.2.1.1'
# OCamlMakefile:777: recipe for target 'native-code' failed
# make: *** [native-code] Error 2


#=== ERROR while compiling conf-gtksourceview.2 ===============================#
# context              2.0.0 | linux/x86_64 |  | https://opam.ocaml.org/#7485eb3a
# path                 ~/.opam/4.06.1+multicore+no-effect-syntax+bench/.opam-switch/build/conf-gtksourceview.2
# command              ~/.opam/opam-init/hooks/sandbox.sh build pkg-config --short-errors --print-errors gtksourceview-2.0
# exit-code            1
# env-file             ~/.opam/log/conf-gtksourceview-30680-9592a3.env
# output-file          ~/.opam/log/conf-gtksourceview-30680-9592a3.out
### output ###
# No package 'gtksourceview-2.0' found


#=== ERROR while compiling conf-gnomecanvas.2 =================================#
# context              2.0.0 | linux/x86_64 |  | https://opam.ocaml.org/#7485eb3a
# path                 ~/.opam/4.06.1+multicore+no-effect-syntax+bench/.opam-switch/build/conf-gnomecanvas.2
# command              ~/.opam/opam-init/hooks/sandbox.sh build pkg-config libgnomecanvas-2.0
# exit-code            1
# env-file             ~/.opam/log/conf-gnomecanvas-30680-7681ba.env
# output-file          ~/.opam/log/conf-gnomecanvas-30680-7681ba.out


#=== ERROR while compiling camlzip.1.07 =======================================#
# context              2.0.0 | linux/x86_64 |  | https://opam.ocaml.org/#7485eb3a
# path                 ~/.opam/4.06.1+multicore+no-effect-syntax+bench/.opam-switch/build/camlzip.1.07
# command              ~/.opam/opam-init/hooks/sandbox.sh build make all
# exit-code            2
# env-file             ~/.opam/log/camlzip-30680-418381.env
# output-file          ~/.opam/log/camlzip-30680-418381.out
### output ###
# [...]
# zlibstubs.c: In function ‘camlzip_inflate’:
# zlibstubs.c:163:17: error: lvalue required as left operand of assignment
#    Field(res, 0) = Val_bool(retcode == Z_STREAM_END);
#                  ^
# zlibstubs.c:164:17: error: lvalue required as left operand of assignment
#    Field(res, 1) = Val_int(used_in);
#                  ^
# zlibstubs.c:165:17: error: lvalue required as left operand of assignment
#    Field(res, 2) = Val_int(used_out);
#                  ^
# Makefile:67: recipe for target 'zlibstubs.o' failed
# make: *** [zlibstubs.o] Error 2



<><> Error report <><><><><><><><><><><><><><><><><><><><><><><><><><><><><><><>
┌─ The following actions failed
│ λ build camlzip                 1.07
│ λ build conf-gnomecanvas        2
│ λ build conf-gtksourceview      2
│ λ build cpdf                    2.1.1
│ λ build lwt                     4.1.0
│ λ build ocaml-migrate-parsetree 1.0.11
│ λ build pcre                    7.3.4
│ λ build spawn                   v0.12.0
│ λ build yojson-bench            1.0
│ λ build zarith                  1.7
└─ 
┌─ The following changes have been performed (the rest was aborted)
│ ∗ install almabench-bench          1.0
│ ∗ install base                     v0.11.1
│ ∗ install base-bytes               base
│ ∗ install base-threads             base
│ ∗ install base-unix                base
│ ∗ install base64                   2.2.0
│ ∗ install bdd-bench                1.0
│ ∗ install biniou                   1.2.0
│ ∗ install camlpdf                  2.2.1+multicore
│ ∗ install conf-autoconf            0.1
│ ∗ install conf-gmp                 1
│ ∗ install conf-libpcre             1
│ ∗ install conf-m4                  1
│ ∗ install conf-perl                1
│ ∗ install conf-pkg-config          1.1
│ ∗ install conf-which               1
│ ∗ install configurator             v0.11.0
│ ∗ install cppo                     1.6.5
│ ∗ install dune                     1.2.1
│ ∗ install easy-format              1.3.1
│ ∗ install jane-street-headers      v0.11.0
│ ∗ install jbuilder                 transition
│ ∗ install json-bench-data          1.0
│ ∗ install jsonm                    1.0.1
│ ∗ install jsonm-bench              1.0
│ ∗ install kb-bench                 1.0
│ ∗ install lexifi-g2pp-bench        1.0
│ ∗ install menhir                   20180905
│ ∗ install menhir-bench             1.0
│ ∗ install minilight                1.6
│ ∗ install minilight-bench          1.0
│ ∗ install nbcodec                  1.0
│ ∗ install nbcodec-bench            1.0
│ ∗ install num                      1.1
│ ∗ install numerical-analysis-bench 1.0
│ ∗ install ocaml                    4.06.1
│ ∗ install ocaml-compiler-libs      v0.11.0
│ ∗ install ocaml-variants           4.06.1+multicore+no-effect-syntax
│ ∗ install ocamlbuild               0.12.0
│ ∗ install ocamlfind                1.8.0
│ ∗ install ocplib-simplex           0.4
│ ∗ install octavius                 1.2.0
│ ∗ install parsexp                  v0.11.0
│ ∗ install ppx_derivers             1.0
│ ∗ install psmt2-frontend           0.1
│ ∗ install re                       1.7.3
│ ∗ install result                   1.3
│ ∗ install sequence-bench           1.0
│ ∗ install sexplib                  v0.11.0
│ ∗ install sexplib0                 v0.11.0
│ ∗ install stdio                    v0.11.0
│ ∗ install stringext                1.5.0
│ ∗ install topkg                    0.9.1
│ ∗ install typerep                  v0.11.0
│ ∗ install uchar                    0.0.2
│ ∗ install uutf                     1.0.1
│ ∗ install yojson                   1.4.1
└─ 

<><> jbuilder.transition installed successfully <><><><><><><><><><><><><><><><>
=> Jbuilder has been renamed and the jbuilder package is now a transition package. Use the dune package instead.

The packages you requested declare the following system dependencies. Please make sure they are installed before retrying:
    libgnomecanvas2-dev libgtksourceview2.0-dev zlib1g-dev


The former state can be restored with:
    /usr/local/bin/opam switch import "/root/.opam/4.06.1+multicore+no-effect-syntax+bench/.opam-switch/backup/state-20180919140041.export"

=== UPGRADING SWITCH 4.06.1+trunk+bench ==
+opam remove --yes --switch 4.06.1+trunk+bench
[WARNING] Running as root is not recommended
Nothing to do.
+opam list --base --short --switch 4.06.1+trunk+bench
[WARNING] Running as root is not recommended
+opam upgrade --all almabench-bench async-echo-bench async-rpc-bench bdd-bench chameneos-bench cohttp-bench compcert-bench coq-bench core-micro-bench core-sequence-bench cpdf-bench frama-c-bench js_of_ocaml-bench jsonm-bench kb-bench lexifi-g2pp-bench menhir-bench minilight-bench nbcodec-bench numerical-analysis-bench patdiff-bench sauvola-bench sequence-bench thread-bench valet-bench yojson-bench --best-effort --yes --switch 4.06.1+trunk+bench --json /root/logs/operf/2018-09-19-1400/4.06.1+trunk+bench.json
[WARNING] Running as root is not recommended
async-echo-bench, async-rpc-bench, chameneos-bench, cohttp-bench, compcert-bench, coq-bench, core-micro-bench, js_of_ocaml-bench, thread-bench, valet-bench and yojson-bench are not installed. Install them? [Y/n] y
The following actions will be performed:
  ∗ install   async-rpc-bench  1.0
  ∗ install   yojson-bench     1.0
  ∗ install   async-echo-bench 1.0
  ↻ recompile minilight        1.6            [upstream changes]
  ∗ install   thread-bench     1.0
  ↘ downgrade cpdf             2.2.1 to 2.1.1 [required by cpdf-bench]
  ∗ install   chameneos-bench  1.0
  ∗ install   core-micro-bench 1.0
  ∗ install   cohttp-bench     1.0
  ↻ recompile minilight-bench  1.0
  ↻ recompile cpdf-bench       1.0
===== ∗ 7   ↻ 3   ↘ 1 =====

<><> Gathering sources ><><><><><><><><><><><><><><><><><><><><><><><><><><><><>
[async-echo-bench.1.0] synchronised from git+https://github.com/AltGr/ocaml-benchs
[chameneos-bench.1.0] synchronised from git+https://github.com/AltGr/ocaml-benchs
[async-rpc-bench.1.0] synchronised from git+https://github.com/AltGr/ocaml-benchs
[cpdf.2.1.1] found in cache
[minilight.1.6] found in cache
[cohttp-bench.1.0] synchronised from git+https://github.com/AltGr/ocaml-benchs
[core-micro-bench.1.0] synchronised from git+https://github.com/AltGr/ocaml-benchs
[thread-bench.1.0] synchronised from git+https://github.com/AltGr/ocaml-benchs
[yojson-bench.1.0] synchronised from git+https://github.com/AltGr/ocaml-benchs

<><> Processing actions <><><><><><><><><><><><><><><><><><><><><><><><><><><><>
[ERROR] The compilation of async-echo-bench failed at "/root/.opam/opam-init/hooks/sandbox.sh build make -C async_echo".
[ERROR] The compilation of async-rpc-bench failed at "/root/.opam/opam-init/hooks/sandbox.sh build make -C async_rpc".
[ERROR] The compilation of cohttp-bench failed at "/root/.opam/opam-init/hooks/sandbox.sh build make -C cohttp".
[ERROR] The compilation of core-micro-bench failed at "/root/.opam/opam-init/hooks/sandbox.sh build make -C core_micro".
[ERROR] The compilation of chameneos-bench failed at "/root/.opam/opam-init/hooks/sandbox.sh build make -C chameneos-redux".
[ERROR] The compilation of yojson-bench failed at "/root/.opam/opam-init/hooks/sandbox.sh build make -C yojson".
[NOTE] While removing minilight-bench.1.0: not removing non-empty directories:
         - share/minilight-bench

⊘ removed   minilight-bench.1.0
⊘ removed   minilight.1.6
∗ installed minilight.1.6
∗ installed minilight-bench.1.0
[ERROR] The compilation of cpdf failed at "/root/.opam/opam-init/hooks/sandbox.sh build make".
[ERROR] The compilation of thread-bench failed at "/root/.opam/opam-init/hooks/sandbox.sh build make -C thread".

#=== ERROR while compiling yojson-bench.1.0 ===================================#
# context              2.0.0 | linux/x86_64 |  | git+https://github.com/kayceesrk/ocamlbench-repo#multicore
# path                 ~/.opam/4.06.1+trunk+bench/.opam-switch/build/yojson-bench.1.0
# command              ~/.opam/opam-init/hooks/sandbox.sh build make -C yojson
# exit-code            2
# env-file             ~/.opam/log/yojson-bench-21807-4748d7.env
# output-file          ~/.opam/log/yojson-bench-21807-4748d7.out
### output ###
# make: Entering directory '/root/.opam/4.06.1+trunk+bench/.opam-switch/build/yojson-bench.1.0/yojson'
# ocamlfind ocamlopt -I `ocamlfind query yojson` -o ydump_bench -package easy-format,biniou -linkpkg yojson.cmx yojson_biniou.cmx ydump.ml
# gcc: error: /root/.opam/4.06.1+trunk+bench/lib/yojson/yojson_biniou.o: No such file or directory
# gcc: error: /root/.opam/4.06.1+trunk+bench/lib/yojson/yojson.o: No such file or directory
# File "caml_startup", line 1:
# Error: Error during linking
# Makefile:6: recipe for target 'all' failed
# make: *** [all] Error 2
# make: Leaving directory '/root/.opam/4.06.1+trunk+bench/.opam-switch/build/yojson-bench.1.0/yojson'


#=== ERROR while compiling thread-bench.1.0 ===================================#
# context              2.0.0 | linux/x86_64 |  | git+https://github.com/kayceesrk/ocamlbench-repo#multicore
# path                 ~/.opam/4.06.1+trunk+bench/.opam-switch/build/thread-bench.1.0
# command              ~/.opam/opam-init/hooks/sandbox.sh build make -C thread
# exit-code            2
# env-file             ~/.opam/log/thread-bench-21807-a398ce.env
# output-file          ~/.opam/log/thread-bench-21807-a398ce.out
### output ###
# [...]
# ocamlfind: [WARNING] Package `threads': Linking problems may arise because of the missing -thread or -vmthread switch
# ocamlfind ocamlopt -package lwt.unix -linkpkg -o thread_ring_lwt_stream thread_ring_lwt_stream.ml
# ocamlfind: [WARNING] Package `threads': Linking problems may arise because of the missing -thread or -vmthread switch
# ocamlfind ocamlopt -thread -package async -linkpkg -o thread_sleep_async thread_sleep_async.ml
# File "thread_sleep_async.ml", line 1, characters 5-13:
# Warning 3: deprecated: module Core.Std
# [since 2017-02] Use Core. The Std sub-module is no longer needed
# File "thread_sleep_async.ml", line 2, characters 5-14:
# Error: Unbound module Async.Std
# Makefile:10: recipe for target 'thread_sleep_async' failed
# make: *** [thread_sleep_async] Error 2
# make: Leaving directory '/root/.opam/4.06.1+trunk+bench/.opam-switch/build/thread-bench.1.0/thread'


#=== ERROR while compiling cpdf.2.1.1 =========================================#
# context              2.0.0 | linux/x86_64 |  | https://opam.ocaml.org/#7485eb3a
# path                 ~/.opam/4.06.1+trunk+bench/.opam-switch/build/cpdf.2.1.1
# command              ~/.opam/opam-init/hooks/sandbox.sh build make
# exit-code            2
# env-file             ~/.opam/log/cpdf-21807-268fea.env
# output-file          ~/.opam/log/cpdf-21807-268fea.out
### output ###
# [...]
# ocamlfind ocamlc -package camlpdf -c -annot cpdf.mli
# ocamlfind ocamlopt -package camlpdf -c -annot -g cpdf.ml
# File "cpdf.ml", line 1525, characters 30-57:
# Error: This expression has type
#          (string, string) Hashtbl.t * (int, int) Hashtbl.t *
#          (int * int, int) Hashtbl.t * (string, int) Hashtbl.t
#        but an expression was expected of type 'weak2 * 'weak3 * 'weak4
# OCamlMakefile:1076: recipe for target 'cpdf.cmx' failed
# make[1]: *** [cpdf.cmx] Error 2
# make[1]: Leaving directory '/root/.opam/4.06.1+trunk+bench/.opam-switch/build/cpdf.2.1.1'
# OCamlMakefile:777: recipe for target 'native-code' failed
# make: *** [native-code] Error 2


#=== ERROR while compiling core-micro-bench.1.0 ===============================#
# context              2.0.0 | linux/x86_64 |  | git+https://github.com/kayceesrk/ocamlbench-repo#multicore
# path                 ~/.opam/4.06.1+trunk+bench/.opam-switch/build/core-micro-bench.1.0
# command              ~/.opam/opam-init/hooks/sandbox.sh build make -C core_micro
# exit-code            2
# env-file             ~/.opam/log/core-micro-bench-21807-3bd1cf.env
# output-file          ~/.opam/log/core-micro-bench-21807-3bd1cf.out
### output ###
# [...]
# ocamlfind ocamldep -package str -package core -package core_bench.inline_benchmarks -modules runner.ml > runner.ml.depends
# ocamlfind ocamlc -c -thread -package str -package core -package core_bench.inline_benchmarks -o runner.cmo runner.ml
# + ocamlfind ocamlc -c -thread -package str -package core -package core_bench.inline_benchmarks -o runner.cmo runner.ml
# File "runner.ml", line 1, characters 5-13:
# Warning 3: deprecated: module Core.Std
# [since 2017-02] Use Core. The Std sub-module is no longer needed
# File "runner.ml", line 3, characters 15-55:
# Error: Unbound module Pa_bench_lib
# Command exited with code 2.
# Makefile:4: recipe for target 'all' failed
# make: *** [all] Error 10
# make: Leaving directory '/root/.opam/4.06.1+trunk+bench/.opam-switch/build/core-micro-bench.1.0/core_micro'


#=== ERROR while compiling cohttp-bench.1.0 ===================================#
# context              2.0.0 | linux/x86_64 |  | git+https://github.com/kayceesrk/ocamlbench-repo#multicore
# path                 ~/.opam/4.06.1+trunk+bench/.opam-switch/build/cohttp-bench.1.0
# command              ~/.opam/opam-init/hooks/sandbox.sh build make -C cohttp
# exit-code            2
# env-file             ~/.opam/log/cohttp-bench-21807-d18c27.env
# output-file          ~/.opam/log/cohttp-bench-21807-d18c27.out
### output ###
# make: Entering directory '/root/.opam/4.06.1+trunk+bench/.opam-switch/build/cohttp-bench.1.0/cohttp'
# ocamlbuild -use-ocamlfind cohttp_lwt_bench.native cohttp_async_bench.native
# ocamlfind ocamldep -package lwt.unix -package cohttp.lwt -modules cohttp_lwt_bench.ml > cohttp_lwt_bench.ml.depends
# + ocamlfind ocamldep -package lwt.unix -package cohttp.lwt -modules cohttp_lwt_bench.ml > cohttp_lwt_bench.ml.depends
# ocamlfind: Package `cohttp-lwt-unix' not found - required by `cohttp.lwt'
# Command exited with code 2.
# Makefile:6: recipe for target 'all' failed
# make: *** [all] Error 10
# make: Leaving directory '/root/.opam/4.06.1+trunk+bench/.opam-switch/build/cohttp-bench.1.0/cohttp'


#=== ERROR while compiling chameneos-bench.1.0 ================================#
# context              2.0.0 | linux/x86_64 |  | git+https://github.com/kayceesrk/ocamlbench-repo#multicore
# path                 ~/.opam/4.06.1+trunk+bench/.opam-switch/build/chameneos-bench.1.0
# command              ~/.opam/opam-init/hooks/sandbox.sh build make -C chameneos-redux
# exit-code            2
# env-file             ~/.opam/log/chameneos-bench-21807-f6c0a8.env
# output-file          ~/.opam/log/chameneos-bench-21807-f6c0a8.out
### output ###
# [...]
# ocamlopt -bin-annot -thread unix.cmxa threads.cmxa chameneos_redux_evtchn.ml -o chameneos_redux_evtchn
# ocamlfind ocamlopt -bin-annot -package lwt.unix -linkpkg chameneos_redux_lwt.ml -o chameneos_redux_lwt
# ocamlfind: [WARNING] Package `threads': Linking problems may arise because of the missing -thread or -vmthread switch
# ocamlfind ocamlopt -bin-annot  -thread -package async -linkpkg chameneos_redux_async.ml -o chameneos_redux_async
# File "chameneos_redux_async.ml", line 7, characters 5-13:
# Warning 3: deprecated: module Core.Std
# [since 2017-02] Use Core. The Std sub-module is no longer needed
# File "chameneos_redux_async.ml", line 8, characters 5-14:
# Error: Unbound module Async.Std
# Makefile:9: recipe for target 'chameneos_redux_async' failed
# make: *** [chameneos_redux_async] Error 2
# make: Leaving directory '/root/.opam/4.06.1+trunk+bench/.opam-switch/build/chameneos-bench.1.0/chameneos-redux'


#=== ERROR while compiling async-rpc-bench.1.0 ================================#
# context              2.0.0 | linux/x86_64 |  | git+https://github.com/kayceesrk/ocamlbench-repo#multicore
# path                 ~/.opam/4.06.1+trunk+bench/.opam-switch/build/async-rpc-bench.1.0
# command              ~/.opam/opam-init/hooks/sandbox.sh build make -C async_rpc
# exit-code            2
# env-file             ~/.opam/log/async-rpc-bench-21807-5dd0bd.env
# output-file          ~/.opam/log/async-rpc-bench-21807-5dd0bd.out
### output ###
# make: Entering directory '/root/.opam/4.06.1+trunk+bench/.opam-switch/build/async-rpc-bench.1.0/async_rpc'
# ocamlfind ocamlopt -thread -syntax camlp4o -package async -package bin_prot.syntax -package core -c rpc_common.ml
# ocamlfind: Package `bin_prot.syntax' not found
# Makefile:12: recipe for target 'rpc_common.cmx' failed
# make: *** [rpc_common.cmx] Error 2
# make: Leaving directory '/root/.opam/4.06.1+trunk+bench/.opam-switch/build/async-rpc-bench.1.0/async_rpc'


#=== ERROR while compiling async-echo-bench.1.0 ===============================#
# context              2.0.0 | linux/x86_64 |  | git+https://github.com/kayceesrk/ocamlbench-repo#multicore
# path                 ~/.opam/4.06.1+trunk+bench/.opam-switch/build/async-echo-bench.1.0
# command              ~/.opam/opam-init/hooks/sandbox.sh build make -C async_echo
# exit-code            2
# env-file             ~/.opam/log/async-echo-bench-21807-09b4f7.env
# output-file          ~/.opam/log/async-echo-bench-21807-09b4f7.out
### output ###
# make: Entering directory '/root/.opam/4.06.1+trunk+bench/.opam-switch/build/async-echo-bench.1.0/async_echo'
# ocamlfind ocamlopt -thread -syntax camlp4o -package async -package bin_prot.syntax -package core -c echo_common.ml
# ocamlfind: Package `bin_prot.syntax' not found
# Makefile:20: recipe for target 'echo_common.cmx' failed
# make: *** [echo_common.cmx] Error 2
# make: Leaving directory '/root/.opam/4.06.1+trunk+bench/.opam-switch/build/async-echo-bench.1.0/async_echo'



<><> Error report <><><><><><><><><><><><><><><><><><><><><><><><><><><><><><><>
┌─ The following actions failed
│ λ build async-echo-bench 1.0
│ λ build async-rpc-bench  1.0
│ λ build chameneos-bench  1.0
│ λ build cohttp-bench     1.0
│ λ build core-micro-bench 1.0
│ λ build cpdf             2.1.1
│ λ build thread-bench     1.0
│ λ build yojson-bench     1.0
└─ 
┌─ The following changes have been performed (the rest was aborted)
│ ↻ recompile minilight       1.6
│ ↻ recompile minilight-bench 1.0
└─ 

===== OPAM UPGRADE DONE in 331s =====

+opam config env --switch operf
[WARNING] Running as root is not recommended
System load detected, waiting to run bench (retrying in 5 minutes)
wall: cannot get tty name: Inappropriate ioctl for device
+opam show ocaml-variants --switch 4.06.1+multicore+bench --field source-hash
[WARNING] Running as root is not recommended
+opam config env --switch 4.06.1+multicore+bench
[WARNING] Running as root is not recommended
[NOTE] To make opam select the switch 4.06.1+multicore+bench in the current shell, add --set-switch or set OPAMSWITCH
+opam pin --switch 4.06.1+multicore+bench
[WARNING] Running as root is not recommended
+opam show ocaml-variants --switch 4.06.1+multicore+no-effect-syntax+bench --field source-hash
[WARNING] Running as root is not recommended
+opam config env --switch 4.06.1+multicore+no-effect-syntax+bench
[WARNING] Running as root is not recommended
[NOTE] To make opam select the switch 4.06.1+multicore+no-effect-syntax+bench in the current shell, add --set-switch or set OPAMSWITCH
+opam pin --switch 4.06.1+multicore+no-effect-syntax+bench
[WARNING] Running as root is not recommended
+opam show ocaml-variants --switch 4.06.1+trunk+bench --field source-hash
[WARNING] Running as root is not recommended
+opam config env --switch 4.06.1+trunk+bench
[WARNING] Running as root is not recommended
[NOTE] To make opam select the switch 4.06.1+trunk+bench in the current shell, add --set-switch or set OPAMSWITCH
+opam pin --switch 4.06.1+trunk+bench
[WARNING] Running as root is not recommended
wall: cannot get tty name: Inappropriate ioctl for device

=== BENCH START ===
[WARNING] Running as root is not recommended
[WARNING] Running as root is not recommended
[WARNING] Running as root is not recommended
Running benchmarks installed in 4.06.1+multicore+bench...
Running benchmark sequence (compiled with OCaml 4.06.1+multicore+bench)... 6 times.
Running benchmark sequence-cps (compiled with OCaml 4.06.1+multicore+bench)... 5 times.
Running benchmark cpdf-reformat (compiled with OCaml 4.06.1+multicore+bench)... Running benchmark cpdf-squeeze (compiled with OCaml 4.06.1+multicore+bench)... 2 times.
Running benchmark cpdf-merge (compiled with OCaml 4.06.1+multicore+bench)... Running benchmark cpdf-transform (compiled with OCaml 4.06.1+multicore+bench)... 2 times.
Running benchmark almabench (compiled with OCaml 4.06.1+multicore+bench)... 4 times.
[WARNING] Running as root is not recommended
diff: /root/.cache/operf/macro/almabench/operf.output: No such file or directory
Command return code 2:
  diff -q /root/.opam/4.06.1+multicore+bench/share/almabench-bench/almabench-bench.output /root/.cache/operf/macro/almabench/operf.output 
Running benchmark kb (compiled with OCaml 4.06.1+multicore+bench)... 10 times.
Running benchmark kb-no-exc (compiled with OCaml 4.06.1+multicore+bench)... Running benchmark bdd (compiled with OCaml 4.06.1+multicore+bench)... 21 times.
Running benchmark numal-k-means (compiled with OCaml 4.06.1+multicore+bench)... 46 times.
Running benchmark numal-simple_access (compiled with OCaml 4.06.1+multicore+bench)... 4 times.
Running benchmark numal-naive-multilayer (compiled with OCaml 4.06.1+multicore+bench)... 3 times.
Running benchmark numal-qr-decomposition (compiled with OCaml 4.06.1+multicore+bench)... 4 times.
Running benchmark numal-rnd_access (compiled with OCaml 4.06.1+multicore+bench)... 4 times.
Running benchmark numal-fft (compiled with OCaml 4.06.1+multicore+bench)... 2 times.
Running benchmark numal-durand-kerner-aberth (compiled with OCaml 4.06.1+multicore+bench)... 50 times.
Running benchmark numal-lu-decomposition (compiled with OCaml 4.06.1+multicore+bench)... 6 times.
Running benchmark numal-levinson-durbin (compiled with OCaml 4.06.1+multicore+bench)... 3 times.
Running benchmark minilight (compiled with OCaml 4.06.1+multicore+bench)... 2 times.
[WARNING] Running as root is not recommended
Running benchmark menhir-sysver (compiled with OCaml 4.06.1+multicore+bench)... Running benchmark menhir-standard (compiled with OCaml 4.06.1+multicore+bench)... 408 times.
[WARNING] Running as root is not recommended
Command return code 1:
  diff -q /root/.opam/4.06.1+multicore+bench/share/menhir-bench/yacc-output.ml /root/.opam/4.06.1+multicore+bench/share/menhir-bench/yacc-parser.ml 
Running benchmark menhir-sql (compiled with OCaml 4.06.1+multicore+bench)... Running benchmark menhir-fancy (compiled with OCaml 4.06.1+multicore+bench)... 265 times.
[WARNING] Running as root is not recommended
Command return code 1:
  diff -q /root/.opam/4.06.1+multicore+bench/share/menhir-bench/fancy-output.ml /root/.opam/4.06.1+multicore+bench/share/menhir-bench/fancy-parser.ml 
Running benchmark menhir-list-errors (compiled with OCaml 4.06.1+multicore+bench)... Running benchmark jsontrip-sample (compiled with OCaml 4.06.1+multicore+bench)... 225 times.
Running benchmark setrip-smallbuf (compiled with OCaml 4.06.1+multicore+bench)... 6 times.
Running benchmark setrip (compiled with OCaml 4.06.1+multicore+bench)... 6 times.
Running benchmark lexifi-g2pp (compiled with OCaml 4.06.1+multicore+bench)... 3 times.
[WARNING] Running as root is not recommended
diff: /root/.cache/operf/macro/lexifi-g2pp/operf.output: No such file or directory
Command return code 2:
  diff -q /root/.opam/4.06.1+multicore+bench/share/lexifi-g2pp-bench/lexifi-g2pp-bench.output /root/.cache/operf/macro/lexifi-g2pp/operf.output 
[WARNING] Running as root is not recommended
[WARNING] Running as root is not recommended
[WARNING] Running as root is not recommended
Running benchmarks installed in 4.06.1+multicore+no-effect-syntax+bench...
Running benchmark sequence (compiled with OCaml 4.06.1+multicore+no-effect-syntax+bench)... 6 times.
Running benchmark sequence-cps (compiled with OCaml 4.06.1+multicore+no-effect-syntax+bench)... 6 times.
Running benchmark almabench (compiled with OCaml 4.06.1+multicore+no-effect-syntax+bench)... 3 times.
[WARNING] Running as root is not recommended
diff: /root/.cache/operf/macro/almabench/operf.output: No such file or directory
Command return code 2:
  diff -q /root/.opam/4.06.1+multicore+no-effect-syntax+bench/share/almabench-bench/almabench-bench.output /root/.cache/operf/macro/almabench/operf.output 
Running benchmark kb (compiled with OCaml 4.06.1+multicore+no-effect-syntax+bench)... 10 times.
Running benchmark kb-no-exc (compiled with OCaml 4.06.1+multicore+no-effect-syntax+bench)... Running benchmark bdd (compiled with OCaml 4.06.1+multicore+no-effect-syntax+bench)... 21 times.
Running benchmark numal-k-means (compiled with OCaml 4.06.1+multicore+no-effect-syntax+bench)... 46 times.
Running benchmark numal-simple_access (compiled with OCaml 4.06.1+multicore+no-effect-syntax+bench)... 4 times.
Running benchmark numal-naive-multilayer (compiled with OCaml 4.06.1+multicore+no-effect-syntax+bench)... 2 times.
Running benchmark numal-qr-decomposition (compiled with OCaml 4.06.1+multicore+no-effect-syntax+bench)... 4 times.
Running benchmark numal-rnd_access (compiled with OCaml 4.06.1+multicore+no-effect-syntax+bench)... 2 times.
Running benchmark numal-fft (compiled with OCaml 4.06.1+multicore+no-effect-syntax+bench)... 3 times.
Running benchmark numal-durand-kerner-aberth (compiled with OCaml 4.06.1+multicore+no-effect-syntax+bench)... 50 times.
Running benchmark numal-lu-decomposition (compiled with OCaml 4.06.1+multicore+no-effect-syntax+bench)... 6 times.
Running benchmark numal-levinson-durbin (compiled with OCaml 4.06.1+multicore+no-effect-syntax+bench)... 3 times.
Running benchmark minilight (compiled with OCaml 4.06.1+multicore+no-effect-syntax+bench)... 3 times.
[WARNING] Running as root is not recommended
Running benchmark menhir-sysver (compiled with OCaml 4.06.1+multicore+no-effect-syntax+bench)... Running benchmark menhir-standard (compiled with OCaml 4.06.1+multicore+no-effect-syntax+bench)... 349 times.
[WARNING] Running as root is not recommended
Command return code 1:
  diff -q /root/.opam/4.06.1+multicore+no-effect-syntax+bench/share/menhir-bench/yacc-output.ml /root/.opam/4.06.1+multicore+no-effect-syntax+bench/share/menhir-bench/yacc-parser.ml 
Running benchmark menhir-sql (compiled with OCaml 4.06.1+multicore+no-effect-syntax+bench)... Running benchmark menhir-fancy (compiled with OCaml 4.06.1+multicore+no-effect-syntax+bench)... 264 times.
[WARNING] Running as root is not recommended
Command return code 1:
  diff -q /root/.opam/4.06.1+multicore+no-effect-syntax+bench/share/menhir-bench/fancy-output.ml /root/.opam/4.06.1+multicore+no-effect-syntax+bench/share/menhir-bench/fancy-parser.ml 
Running benchmark menhir-list-errors (compiled with OCaml 4.06.1+multicore+no-effect-syntax+bench)... Running benchmark jsontrip-sample (compiled with OCaml 4.06.1+multicore+no-effect-syntax+bench)... 224 times.
Running benchmark setrip-smallbuf (compiled with OCaml 4.06.1+multicore+no-effect-syntax+bench)... 6 times.
Running benchmark setrip (compiled with OCaml 4.06.1+multicore+no-effect-syntax+bench)... 6 times.
Running benchmark lexifi-g2pp (compiled with OCaml 4.06.1+multicore+no-effect-syntax+bench)... 3 times.
[WARNING] Running as root is not recommended
diff: /root/.cache/operf/macro/lexifi-g2pp/operf.output: No such file or directory
Command return code 2:
  diff -q /root/.opam/4.06.1+multicore+no-effect-syntax+bench/share/lexifi-g2pp-bench/lexifi-g2pp-bench.output /root/.cache/operf/macro/lexifi-g2pp/operf.output 
[WARNING] Running as root is not recommended
[WARNING] Running as root is not recommended
[WARNING] Running as root is not recommended
Running benchmarks installed in 4.06.1+trunk+bench...
Running benchmark sequence (compiled with OCaml 4.06.1+trunk+bench)... 6 times.
Running benchmark sequence-cps (compiled with OCaml 4.06.1+trunk+bench)... 6 times.
Running benchmark patdiff (compiled with OCaml 4.06.1+trunk+bench)... 20 times.
Skipping core-sequence-cps (No binary at path "/root/.opam/4.06.1+trunk+bench/bin/sequence-cps-bench")
Skipping core-sequence (No binary at path "/root/.opam/4.06.1+trunk+bench/bin/sequence-bench")
Running benchmark cpdf-reformat (compiled with OCaml 4.06.1+trunk+bench)... 4 times.
Running benchmark cpdf-squeeze (compiled with OCaml 4.06.1+trunk+bench)... 3 times.
Running benchmark cpdf-merge (compiled with OCaml 4.06.1+trunk+bench)... 3 times.
Running benchmark cpdf-transform (compiled with OCaml 4.06.1+trunk+bench)... 2 times.
Running benchmark almabench (compiled with OCaml 4.06.1+trunk+bench)... 3 times.
[WARNING] Running as root is not recommended
diff: /root/.cache/operf/macro/almabench/operf.output: No such file or directory
Command return code 2:
  diff -q /root/.opam/4.06.1+trunk+bench/share/almabench-bench/almabench-bench.output /root/.cache/operf/macro/almabench/operf.output 
Running benchmark kb (compiled with OCaml 4.06.1+trunk+bench)... 11 times.
Running benchmark kb-no-exc (compiled with OCaml 4.06.1+trunk+bench)... 15 times.
Running benchmark bdd (compiled with OCaml 4.06.1+trunk+bench)... 22 times.
Running benchmark numal-k-means (compiled with OCaml 4.06.1+trunk+bench)... 53 times.
Running benchmark numal-simple_access (compiled with OCaml 4.06.1+trunk+bench)... 3 times.
Running benchmark numal-naive-multilayer (compiled with OCaml 4.06.1+trunk+bench)... 2 times.
Running benchmark numal-qr-decomposition (compiled with OCaml 4.06.1+trunk+bench)... 4 times.
Running benchmark numal-rnd_access (compiled with OCaml 4.06.1+trunk+bench)... 2 times.
Running benchmark numal-fft (compiled with OCaml 4.06.1+trunk+bench)... 4 times.
Running benchmark numal-durand-kerner-aberth (compiled with OCaml 4.06.1+trunk+bench)... 53 times.
Running benchmark numal-lu-decomposition (compiled with OCaml 4.06.1+trunk+bench)... 7 times.
Running benchmark numal-levinson-durbin (compiled with OCaml 4.06.1+trunk+bench)... 3 times.
Running benchmark sauvola-contrast (compiled with OCaml 4.06.1+trunk+bench)... Running benchmark minilight (compiled with OCaml 4.06.1+trunk+bench)... 3 times.
[WARNING] Running as root is not recommended
Running benchmark frama-c-deflate (compiled with OCaml 4.06.1+trunk+bench)... 3 times.
Running benchmark frama-c-idct (compiled with OCaml 4.06.1+trunk+bench)... Running benchmark menhir-sysver (compiled with OCaml 4.06.1+trunk+bench)... 2 times.
Running benchmark menhir-standard (compiled with OCaml 4.06.1+trunk+bench)... 513 times.
[WARNING] Running as root is not recommended
Command return code 1:
  diff -q /root/.opam/4.06.1+trunk+bench/share/menhir-bench/yacc-output.ml /root/.opam/4.06.1+trunk+bench/share/menhir-bench/yacc-parser.ml 
Running benchmark menhir-sql (compiled with OCaml 4.06.1+trunk+bench)... 4 times.
Running benchmark menhir-fancy (compiled with OCaml 4.06.1+trunk+bench)... 380 times.
[WARNING] Running as root is not recommended
Command return code 1:
  diff -q /root/.opam/4.06.1+trunk+bench/share/menhir-bench/fancy-output.ml /root/.opam/4.06.1+trunk+bench/share/menhir-bench/fancy-parser.ml 
Running benchmark menhir-list-errors (compiled with OCaml 4.06.1+trunk+bench)... 3 times.
Running benchmark jsontrip-sample (compiled with OCaml 4.06.1+trunk+bench)... 278 times.
Running benchmark setrip-smallbuf (compiled with OCaml 4.06.1+trunk+bench)... 6 times.
Running benchmark setrip (compiled with OCaml 4.06.1+trunk+bench)... 6 times.
Running benchmark lexifi-g2pp (compiled with OCaml 4.06.1+trunk+bench)... 3 times.
[WARNING] Running as root is not recommended
diff: /root/.cache/operf/macro/lexifi-g2pp/operf.output: No such file or directory
Command return code 2:
  diff -q /root/.opam/4.06.1+trunk+bench/share/lexifi-g2pp-bench/lexifi-g2pp-bench.output /root/.cache/operf/macro/lexifi-g2pp/operf.output 
+opam config exec --switch operf -- operf-macro summarize --no-normalize -b csv
[WARNING] Running as root is not recommended
